{"C:\\Users\\Dontae-PC\\my-app\\app\\error.tsx": {"path":"C:\\Users\\Dontae-PC\\my-app\\app\\error.tsx","statementMap":{"0":{"start":{"line":3,"column":24},"end":{"line":3,"column":30}},"1":{"start":{"line":10,"column":29},"end":{"line":10,"column":38}}},"fnMap":{"0":{"name":"Error","decl":{"start":{"line":3,"column":24},"end":{"line":3,"column":30}},"loc":{"start":{"line":3,"column":105},"end":{"line":15,"column":null}}},"1":{"name":"(anonymous_2)","decl":{"start":{"line":10,"column":23},"end":{"line":10,"column":29}},"loc":{"start":{"line":10,"column":29},"end":{"line":10,"column":38}}}},"branchMap":{"0":{"loc":{"start":{"line":8,"column":9},"end":{"line":8,"column":null}},"type":"binary-expr","locations":[{"start":{"line":8,"column":9},"end":{"line":8,"column":27}},{"start":{"line":8,"column":27},"end":{"line":8,"column":null}}]}},"s":{"0":0,"1":0},"f":{"0":0,"1":0},"b":{"0":[0,0]}}
,"C:\\Users\\Dontae-PC\\my-app\\app\\global-error.tsx": {"path":"C:\\Users\\Dontae-PC\\my-app\\app\\global-error.tsx","statementMap":{"0":{"start":{"line":3,"column":24},"end":{"line":3,"column":36}},"1":{"start":{"line":4,"column":16},"end":{"line":4,"column":null}},"2":{"start":{"line":22,"column":33},"end":{"line":22,"column":42}},"3":{"start":{"line":25,"column":33},"end":{"line":25,"column":59}}},"fnMap":{"0":{"name":"GlobalError","decl":{"start":{"line":3,"column":24},"end":{"line":3,"column":36}},"loc":{"start":{"line":3,"column":111},"end":{"line":32,"column":null}}},"1":{"name":"(anonymous_2)","decl":{"start":{"line":22,"column":27},"end":{"line":22,"column":33}},"loc":{"start":{"line":22,"column":33},"end":{"line":22,"column":42}}},"2":{"name":"(anonymous_3)","decl":{"start":{"line":25,"column":27},"end":{"line":25,"column":33}},"loc":{"start":{"line":25,"column":33},"end":{"line":25,"column":59}}}},"branchMap":{"0":{"loc":{"start":{"line":11,"column":11},"end":{"line":11,"column":null}},"type":"binary-expr","locations":[{"start":{"line":11,"column":11},"end":{"line":11,"column":29}},{"start":{"line":11,"column":29},"end":{"line":11,"column":null}}]},"1":{"loc":{"start":{"line":13,"column":9},"end":{"line":13,"column":18}},"type":"binary-expr","locations":[{"start":{"line":13,"column":9},"end":{"line":13,"column":18}},{"start":{"line":13,"column":18},"end":{"line":13,"column":null}}]}},"s":{"0":0,"1":0,"2":0,"3":0},"f":{"0":0,"1":0,"2":0},"b":{"0":[0,0],"1":[0,0]}}
,"C:\\Users\\Dontae-PC\\my-app\\app\\layout.tsx": {"path":"C:\\Users\\Dontae-PC\\my-app\\app\\layout.tsx","statementMap":{"0":{"start":{"line":14,"column":24},"end":{"line":14,"column":35}},"1":{"start":{"line":6,"column":13},"end":{"line":6,"column":23}},"2":{"start":{"line":8,"column":13},"end":{"line":8,"column":26}},"3":{"start":{"line":10,"column":13},"end":{"line":10,"column":24}},"4":{"start":{"line":7,"column":13},"end":{"line":7,"column":26}},"5":{"start":{"line":1,"column":25},"end":{"line":1,"column":null}},"6":{"start":{"line":2,"column":21},"end":{"line":2,"column":null}},"7":{"start":{"line":3,"column":29},"end":{"line":3,"column":null}},"8":{"start":{"line":6,"column":23},"end":{"line":6,"column":null}},"9":{"start":{"line":7,"column":26},"end":{"line":7,"column":null}},"10":{"start":{"line":8,"column":26},"end":{"line":8,"column":null}},"11":{"start":{"line":10,"column":24},"end":{"line":10,"column":null}},"12":{"start":{"line":12,"column":19},"end":{"line":12,"column":null}}},"fnMap":{"0":{"name":"RootLayout","decl":{"start":{"line":14,"column":24},"end":{"line":14,"column":35}},"loc":{"start":{"line":14,"column":78},"end":{"line":49,"column":null}}}},"branchMap":{"0":{"loc":{"start":{"line":25,"column":9},"end":{"line":25,"column":null}},"type":"binary-expr","locations":[{"start":{"line":25,"column":9},"end":{"line":25,"column":null}}]}},"s":{"0":0,"1":0,"2":0,"3":0,"4":0,"5":0,"6":0,"7":0,"8":0,"9":0,"10":0,"11":0,"12":0},"f":{"0":0},"b":{"0":[0]}}
,"C:\\Users\\Dontae-PC\\my-app\\app\\page.tsx": {"path":"C:\\Users\\Dontae-PC\\my-app\\app\\page.tsx","statementMap":{"0":{"start":{"line":6,"column":24},"end":{"line":6,"column":null}},"1":{"start":{"line":1,"column":13},"end":{"line":1,"column":23}},"2":{"start":{"line":2,"column":13},"end":{"line":2,"column":26}},"3":{"start":{"line":4,"column":29},"end":{"line":4,"column":null}},"4":{"start":{"line":1,"column":23},"end":{"line":1,"column":null}},"5":{"start":{"line":2,"column":26},"end":{"line":2,"column":null}}},"fnMap":{"0":{"name":"Home","decl":{"start":{"line":6,"column":24},"end":{"line":6,"column":null}},"loc":{"start":{"line":6,"column":24},"end":{"line":25,"column":null}}}},"branchMap":{"0":{"loc":{"start":{"line":18,"column":9},"end":{"line":18,"column":null}},"type":"binary-expr","locations":[{"start":{"line":18,"column":9},"end":{"line":18,"column":null}}]}},"s":{"0":0,"1":0,"2":0,"3":0,"4":0,"5":0},"f":{"0":0},"b":{"0":[0]}}
,"C:\\Users\\Dontae-PC\\my-app\\app\\adapters\\clientService.ts": {"path":"C:\\Users\\Dontae-PC\\my-app\\app\\adapters\\clientService.ts","statementMap":{"0":{"start":{"line":60,"column":22},"end":{"line":60,"column":36}},"1":{"start":{"line":56,"column":22},"end":{"line":56,"column":null}},"2":{"start":{"line":65,"column":22},"end":{"line":65,"column":35}},"3":{"start":{"line":5,"column":22},"end":{"line":5,"column":null}},"4":{"start":{"line":8,"column":18},"end":{"line":48,"column":null}},"5":{"start":{"line":50,"column":2},"end":{"line":53,"column":null}},"6":{"start":{"line":50,"column":32},"end":{"line":53,"column":null}},"7":{"start":{"line":57,"column":2},"end":{"line":57,"column":null}},"8":{"start":{"line":61,"column":18},"end":{"line":61,"column":null}},"9":{"start":{"line":62,"column":2},"end":{"line":62,"column":null}},"10":{"start":{"line":62,"column":32},"end":{"line":62,"column":53}}},"fnMap":{"0":{"name":"listClients","decl":{"start":{"line":5,"column":22},"end":{"line":5,"column":null}},"loc":{"start":{"line":5,"column":22},"end":{"line":54,"column":null}}},"1":{"name":"(anonymous_6)","decl":{"start":{"line":50,"column":21},"end":{"line":50,"column":32}},"loc":{"start":{"line":50,"column":32},"end":{"line":53,"column":null}}},"2":{"name":"getClientsWithFullName","decl":{"start":{"line":56,"column":22},"end":{"line":56,"column":null}},"loc":{"start":{"line":56,"column":22},"end":{"line":58,"column":null}}},"3":{"name":"getClientById","decl":{"start":{"line":60,"column":22},"end":{"line":60,"column":36}},"loc":{"start":{"line":60,"column":46},"end":{"line":63,"column":null}}},"4":{"name":"(anonymous_9)","decl":{"start":{"line":62,"column":22},"end":{"line":62,"column":32}},"loc":{"start":{"line":62,"column":32},"end":{"line":62,"column":53}}},"5":{"name":"inviteClient","decl":{"start":{"line":65,"column":22},"end":{"line":65,"column":35}},"loc":{"start":{"line":69,"column":1},"end":{"line":80,"column":null}}}},"branchMap":{"0":{"loc":{"start":{"line":62,"column":9},"end":{"line":62,"column":null}},"type":"binary-expr","locations":[{"start":{"line":62,"column":9},"end":{"line":62,"column":53}},{"start":{"line":62,"column":53},"end":{"line":62,"column":null}}]}},"s":{"0":0,"1":0,"2":0,"3":0,"4":0,"5":0,"6":0,"7":0,"8":0,"9":0,"10":0},"f":{"0":0,"1":0,"2":0,"3":0,"4":0,"5":0},"b":{"0":[0,0]}}
,"C:\\Users\\Dontae-PC\\my-app\\app\\adapters\\progressService.ts": {"path":"C:\\Users\\Dontae-PC\\my-app\\app\\adapters\\progressService.ts","statementMap":{"0":{"start":{"line":154,"column":22},"end":{"line":154,"column":44}},"1":{"start":{"line":60,"column":22},"end":{"line":60,"column":null}},"2":{"start":{"line":246,"column":22},"end":{"line":246,"column":39}},"3":{"start":{"line":69,"column":19},"end":{"line":69,"column":30}},"4":{"start":{"line":71,"column":25},"end":{"line":79,"column":null}},"5":{"start":{"line":81,"column":33},"end":{"line":96,"column":null}},"6":{"start":{"line":98,"column":30},"end":{"line":123,"column":null}},"7":{"start":{"line":125,"column":44},"end":{"line":144,"column":null}},"8":{"start":{"line":146,"column":2},"end":{"line":151,"column":null}},"9":{"start":{"line":163,"column":25},"end":{"line":171,"column":null}},"10":{"start":{"line":173,"column":33},"end":{"line":188,"column":null}},"11":{"start":{"line":190,"column":30},"end":{"line":215,"column":null}},"12":{"start":{"line":217,"column":44},"end":{"line":236,"column":null}},"13":{"start":{"line":238,"column":2},"end":{"line":243,"column":null}}},"fnMap":{"0":{"name":"getProgressSummary","decl":{"start":{"line":60,"column":22},"end":{"line":60,"column":null}},"loc":{"start":{"line":60,"column":22},"end":{"line":152,"column":null}}},"1":{"name":"getClientProgressData","decl":{"start":{"line":154,"column":22},"end":{"line":154,"column":44}},"loc":{"start":{"line":154,"column":60},"end":{"line":244,"column":null}}},"2":{"name":"logProgressEntry","decl":{"start":{"line":246,"column":22},"end":{"line":246,"column":39}},"loc":{"start":{"line":255,"column":1},"end":{"line":266,"column":null}}}},"branchMap":{},"s":{"0":0,"1":0,"2":0,"3":0,"4":0,"5":0,"6":0,"7":0,"8":0,"9":0,"10":0,"11":0,"12":0,"13":0},"f":{"0":0,"1":0,"2":0},"b":{}}
,"C:\\Users\\Dontae-PC\\my-app\\app\\adapters\\sessionService.ts": {"path":"C:\\Users\\Dontae-PC\\my-app\\app\\adapters\\sessionService.ts","statementMap":{"0":{"start":{"line":66,"column":22},"end":{"line":66,"column":36}},"1":{"start":{"line":118,"column":22},"end":{"line":118,"column":36}},"2":{"start":{"line":61,"column":22},"end":{"line":61,"column":37}},"3":{"start":{"line":3,"column":22},"end":{"line":3,"column":null}},"4":{"start":{"line":129,"column":22},"end":{"line":129,"column":33}},"5":{"start":{"line":97,"column":22},"end":{"line":97,"column":36}},"6":{"start":{"line":6,"column":2},"end":{"line":58,"column":null}},"7":{"start":{"line":62,"column":19},"end":{"line":62,"column":null}},"8":{"start":{"line":63,"column":2},"end":{"line":63,"column":null}},"9":{"start":{"line":63,"column":34},"end":{"line":63,"column":56}},"10":{"start":{"line":71,"column":30},"end":{"line":87,"column":null}},"11":{"start":{"line":94,"column":2},"end":{"line":94,"column":null}},"12":{"start":{"line":108,"column":26},"end":{"line":108,"column":null}},"13":{"start":{"line":109,"column":2},"end":{"line":109,"column":null}},"14":{"start":{"line":109,"column":24},"end":{"line":109,"column":null}},"15":{"start":{"line":111,"column":2},"end":{"line":115,"column":null}}},"fnMap":{"0":{"name":"listSessions","decl":{"start":{"line":3,"column":22},"end":{"line":3,"column":null}},"loc":{"start":{"line":3,"column":22},"end":{"line":59,"column":null}}},"1":{"name":"getSessionById","decl":{"start":{"line":61,"column":22},"end":{"line":61,"column":37}},"loc":{"start":{"line":61,"column":47},"end":{"line":64,"column":null}}},"2":{"name":"(anonymous_9)","decl":{"start":{"line":63,"column":23},"end":{"line":63,"column":34}},"loc":{"start":{"line":63,"column":34},"end":{"line":63,"column":56}}},"3":{"name":"createSession","decl":{"start":{"line":66,"column":22},"end":{"line":66,"column":36}},"loc":{"start":{"line":66,"column":58},"end":{"line":95,"column":null}}},"4":{"name":"updateSession","decl":{"start":{"line":97,"column":22},"end":{"line":97,"column":36}},"loc":{"start":{"line":97,"column":70},"end":{"line":116,"column":null}}},"5":{"name":"deleteSession","decl":{"start":{"line":118,"column":22},"end":{"line":118,"column":36}},"loc":{"start":{"line":118,"column":47},"end":{"line":127,"column":null}}},"6":{"name":"updateRSVP","decl":{"start":{"line":129,"column":22},"end":{"line":129,"column":33}},"loc":{"start":{"line":129,"column":104},"end":{"line":138,"column":null}}}},"branchMap":{"0":{"loc":{"start":{"line":63,"column":9},"end":{"line":63,"column":null}},"type":"binary-expr","locations":[{"start":{"line":63,"column":9},"end":{"line":63,"column":56}},{"start":{"line":63,"column":56},"end":{"line":63,"column":null}}]},"1":{"loc":{"start":{"line":74,"column":11},"end":{"line":74,"column":null}},"type":"binary-expr","locations":[{"start":{"line":74,"column":11},"end":{"line":74,"column":21}},{"start":{"line":74,"column":25},"end":{"line":74,"column":null}}]},"2":{"loc":{"start":{"line":75,"column":10},"end":{"line":75,"column":null}},"type":"binary-expr","locations":[{"start":{"line":75,"column":10},"end":{"line":75,"column":19}},{"start":{"line":75,"column":23},"end":{"line":75,"column":null}}]},"3":{"loc":{"start":{"line":76,"column":14},"end":{"line":76,"column":null}},"type":"binary-expr","locations":[{"start":{"line":76,"column":14},"end":{"line":76,"column":27}},{"start":{"line":76,"column":31},"end":{"line":76,"column":null}}]},"4":{"loc":{"start":{"line":77,"column":17},"end":{"line":77,"column":null}},"type":"binary-expr","locations":[{"start":{"line":77,"column":17},"end":{"line":77,"column":33}},{"start":{"line":77,"column":37},"end":{"line":77,"column":null}}]},"5":{"loc":{"start":{"line":78,"column":22},"end":{"line":78,"column":null}},"type":"binary-expr","locations":[{"start":{"line":78,"column":22},"end":{"line":78,"column":43}},{"start":{"line":78,"column":47},"end":{"line":78,"column":null}}]},"6":{"loc":{"start":{"line":79,"column":22},"end":{"line":79,"column":null}},"type":"binary-expr","locations":[{"start":{"line":79,"column":22},"end":{"line":79,"column":43}},{"start":{"line":79,"column":47},"end":{"line":79,"column":null}}]},"7":{"loc":{"start":{"line":82,"column":15},"end":{"line":82,"column":null}},"type":"binary-expr","locations":[{"start":{"line":82,"column":15},"end":{"line":82,"column":29}},{"start":{"line":82,"column":33},"end":{"line":82,"column":null}}]},"8":{"loc":{"start":{"line":83,"column":13},"end":{"line":83,"column":null}},"type":"binary-expr","locations":[{"start":{"line":83,"column":13},"end":{"line":83,"column":25}},{"start":{"line":83,"column":29},"end":{"line":83,"column":null}}]},"9":{"loc":{"start":{"line":84,"column":14},"end":{"line":84,"column":null}},"type":"binary-expr","locations":[{"start":{"line":84,"column":14},"end":{"line":84,"column":27}},{"start":{"line":84,"column":31},"end":{"line":84,"column":null}}]},"10":{"loc":{"start":{"line":85,"column":17},"end":{"line":85,"column":null}},"type":"binary-expr","locations":[{"start":{"line":85,"column":17},"end":{"line":85,"column":33}},{"start":{"line":85,"column":37},"end":{"line":85,"column":null}}]},"11":{"loc":{"start":{"line":86,"column":11},"end":{"line":86,"column":null}},"type":"binary-expr","locations":[{"start":{"line":86,"column":11},"end":{"line":86,"column":21}},{"start":{"line":86,"column":25},"end":{"line":86,"column":null}}]},"12":{"loc":{"start":{"line":109,"column":2},"end":{"line":109,"column":null}},"type":"if","locations":[{"start":{"line":109,"column":2},"end":{"line":109,"column":null}},{"start":{},"end":{}}]}},"s":{"0":0,"1":0,"2":0,"3":0,"4":0,"5":0,"6":0,"7":0,"8":0,"9":0,"10":0,"11":0,"12":0,"13":0,"14":0,"15":0},"f":{"0":0,"1":0,"2":0,"3":0,"4":0,"5":0,"6":0},"b":{"0":[0,0],"1":[0,0],"2":[0,0],"3":[0,0],"4":[0,0],"5":[0,0],"6":[0,0],"7":[0,0],"8":[0,0],"9":[0,0],"10":[0,0],"11":[0,0],"12":[0,0]}}
,"C:\\Users\\Dontae-PC\\my-app\\app\\api\\admin\\flags\\route.ts": {"path":"C:\\Users\\Dontae-PC\\my-app\\app\\api\\admin\\flags\\route.ts","statementMap":{"0":{"start":{"line":49,"column":22},"end":{"line":49,"column":26}},"1":{"start":{"line":5,"column":22},"end":{"line":5,"column":26}},"2":{"start":{"line":1,"column":42},"end":{"line":1,"column":null}},"3":{"start":{"line":2,"column":35},"end":{"line":2,"column":null}},"4":{"start":{"line":3,"column":33},"end":{"line":3,"column":null}},"5":{"start":{"line":6,"column":2},"end":{"line":46,"column":null}},"6":{"start":{"line":7,"column":21},"end":{"line":7,"column":null}},"7":{"start":{"line":8,"column":31},"end":{"line":8,"column":null}},"8":{"start":{"line":10,"column":4},"end":{"line":12,"column":null}},"9":{"start":{"line":11,"column":6},"end":{"line":11,"column":null}},"10":{"start":{"line":15,"column":24},"end":{"line":15,"column":null}},"11":{"start":{"line":16,"column":4},"end":{"line":18,"column":null}},"12":{"start":{"line":17,"column":6},"end":{"line":17,"column":null}},"13":{"start":{"line":20,"column":17},"end":{"line":20,"column":null}},"14":{"start":{"line":21,"column":48},"end":{"line":21,"column":null}},"15":{"start":{"line":23,"column":4},"end":{"line":28,"column":null}},"16":{"start":{"line":24,"column":6},"end":{"line":26,"column":null}},"17":{"start":{"line":30,"column":20},"end":{"line":30,"column":null}},"18":{"start":{"line":32,"column":4},"end":{"line":37,"column":null}},"19":{"start":{"line":33,"column":6},"end":{"line":35,"column":null}},"20":{"start":{"line":39,"column":4},"end":{"line":39,"column":null}},"21":{"start":{"line":41,"column":4},"end":{"line":41,"column":null}},"22":{"start":{"line":42,"column":4},"end":{"line":44,"column":null}},"23":{"start":{"line":50,"column":2},"end":{"line":95,"column":null}},"24":{"start":{"line":51,"column":21},"end":{"line":51,"column":null}},"25":{"start":{"line":52,"column":31},"end":{"line":52,"column":null}},"26":{"start":{"line":54,"column":4},"end":{"line":56,"column":null}},"27":{"start":{"line":55,"column":6},"end":{"line":55,"column":null}},"28":{"start":{"line":59,"column":24},"end":{"line":59,"column":null}},"29":{"start":{"line":60,"column":4},"end":{"line":62,"column":null}},"30":{"start":{"line":61,"column":6},"end":{"line":61,"column":null}},"31":{"start":{"line":64,"column":29},"end":{"line":64,"column":null}},"32":{"start":{"line":65,"column":21},"end":{"line":65,"column":null}},"33":{"start":{"line":67,"column":4},"end":{"line":72,"column":null}},"34":{"start":{"line":68,"column":6},"end":{"line":70,"column":null}},"35":{"start":{"line":75,"column":35},"end":{"line":79,"column":null}},"36":{"start":{"line":81,"column":4},"end":{"line":86,"column":null}},"37":{"start":{"line":82,"column":6},"end":{"line":84,"column":null}},"38":{"start":{"line":88,"column":4},"end":{"line":88,"column":null}},"39":{"start":{"line":90,"column":4},"end":{"line":90,"column":null}},"40":{"start":{"line":91,"column":4},"end":{"line":93,"column":null}}},"fnMap":{"0":{"name":"PUT","decl":{"start":{"line":5,"column":22},"end":{"line":5,"column":26}},"loc":{"start":{"line":5,"column":46},"end":{"line":47,"column":null}}},"1":{"name":"GET","decl":{"start":{"line":49,"column":22},"end":{"line":49,"column":26}},"loc":{"start":{"line":49,"column":46},"end":{"line":96,"column":null}}}},"branchMap":{"0":{"loc":{"start":{"line":10,"column":4},"end":{"line":12,"column":null}},"type":"if","locations":[{"start":{"line":10,"column":4},"end":{"line":12,"column":null}},{"start":{},"end":{}}]},"1":{"loc":{"start":{"line":16,"column":4},"end":{"line":18,"column":null}},"type":"if","locations":[{"start":{"line":16,"column":4},"end":{"line":18,"column":null}},{"start":{},"end":{}}]},"2":{"loc":{"start":{"line":23,"column":4},"end":{"line":28,"column":null}},"type":"if","locations":[{"start":{"line":23,"column":4},"end":{"line":28,"column":null}},{"start":{},"end":{}}]},"3":{"loc":{"start":{"line":23,"column":8},"end":{"line":23,"column":59}},"type":"binary-expr","locations":[{"start":{"line":23,"column":8},"end":{"line":23,"column":21}},{"start":{"line":23,"column":21},"end":{"line":23,"column":29}},{"start":{"line":23,"column":29},"end":{"line":23,"column":59}}]},"4":{"loc":{"start":{"line":30,"column":58},"end":{"line":30,"column":null}},"type":"binary-expr","locations":[{"start":{"line":30,"column":58},"end":{"line":30,"column":69}},{"start":{"line":30,"column":69},"end":{"line":30,"column":null}}]},"5":{"loc":{"start":{"line":32,"column":4},"end":{"line":37,"column":null}},"type":"if","locations":[{"start":{"line":32,"column":4},"end":{"line":37,"column":null}},{"start":{},"end":{}}]},"6":{"loc":{"start":{"line":54,"column":4},"end":{"line":56,"column":null}},"type":"if","locations":[{"start":{"line":54,"column":4},"end":{"line":56,"column":null}},{"start":{},"end":{}}]},"7":{"loc":{"start":{"line":60,"column":4},"end":{"line":62,"column":null}},"type":"if","locations":[{"start":{"line":60,"column":4},"end":{"line":62,"column":null}},{"start":{},"end":{}}]},"8":{"loc":{"start":{"line":67,"column":4},"end":{"line":72,"column":null}},"type":"if","locations":[{"start":{"line":67,"column":4},"end":{"line":72,"column":null}},{"start":{},"end":{}}]},"9":{"loc":{"start":{"line":81,"column":4},"end":{"line":86,"column":null}},"type":"if","locations":[{"start":{"line":81,"column":4},"end":{"line":86,"column":null}},{"start":{},"end":{}}]}},"s":{"0":0,"1":0,"2":0,"3":0,"4":0,"5":0,"6":0,"7":0,"8":0,"9":0,"10":0,"11":0,"12":0,"13":0,"14":0,"15":0,"16":0,"17":0,"18":0,"19":0,"20":0,"21":0,"22":0,"23":0,"24":0,"25":0,"26":0,"27":0,"28":0,"29":0,"30":0,"31":0,"32":0,"33":0,"34":0,"35":0,"36":0,"37":0,"38":0,"39":0,"40":0},"f":{"0":0,"1":0},"b":{"0":[0,0],"1":[0,0],"2":[0,0],"3":[0,0,0],"4":[0,0],"5":[0,0],"6":[0,0],"7":[0,0],"8":[0,0],"9":[0,0]}}
,"C:\\Users\\Dontae-PC\\my-app\\app\\api\\ai\\middleware.ts": {"path":"C:\\Users\\Dontae-PC\\my-app\\app\\api\\ai\\middleware.ts","statementMap":{"0":{"start":{"line":17,"column":16},"end":{"line":17,"column":38}},"1":{"start":{"line":8,"column":42},"end":{"line":8,"column":null}},"2":{"start":{"line":11,"column":29},"end":{"line":11,"column":37}},"3":{"start":{"line":12,"column":35},"end":{"line":12,"column":39}},"4":{"start":{"line":15,"column":25},"end":{"line":15,"column":null}},"5":{"start":{"line":19,"column":2},"end":{"line":21,"column":null}},"6":{"start":{"line":20,"column":4},"end":{"line":20,"column":null}},"7":{"start":{"line":23,"column":13},"end":{"line":23,"column":null}},"8":{"start":{"line":24,"column":14},"end":{"line":24,"column":null}},"9":{"start":{"line":25,"column":15},"end":{"line":25,"column":null}},"10":{"start":{"line":28,"column":2},"end":{"line":31,"column":null}},"11":{"start":{"line":29,"column":4},"end":{"line":29,"column":null}},"12":{"start":{"line":30,"column":4},"end":{"line":30,"column":null}},"13":{"start":{"line":33,"column":2},"end":{"line":33,"column":null}},"14":{"start":{"line":34,"column":2},"end":{"line":34,"column":null}},"15":{"start":{"line":36,"column":2},"end":{"line":51,"column":null}},"16":{"start":{"line":37,"column":4},"end":{"line":49,"column":null}},"17":{"start":{"line":53,"column":2},"end":{"line":53,"column":null}}},"fnMap":{"0":{"name":"aiRateLimitMiddleware","decl":{"start":{"line":17,"column":16},"end":{"line":17,"column":38}},"loc":{"start":{"line":17,"column":54},"end":{"line":54,"column":null}}}},"branchMap":{"0":{"loc":{"start":{"line":19,"column":2},"end":{"line":21,"column":null}},"type":"if","locations":[{"start":{"line":19,"column":2},"end":{"line":21,"column":null}},{"start":{},"end":{}}]},"1":{"loc":{"start":{"line":23,"column":13},"end":{"line":23,"column":null}},"type":"binary-expr","locations":[{"start":{"line":23,"column":13},"end":{"line":23,"column":86}},{"start":{"line":23,"column":86},"end":{"line":23,"column":null}}]},"2":{"loc":{"start":{"line":23,"column":14},"end":{"line":23,"column":58}},"type":"binary-expr","locations":[{"start":{"line":23,"column":14},"end":{"line":23,"column":52}},{"start":{"line":23,"column":52},"end":{"line":23,"column":58}}]},"3":{"loc":{"start":{"line":25,"column":15},"end":{"line":25,"column":null}},"type":"binary-expr","locations":[{"start":{"line":25,"column":15},"end":{"line":25,"column":43}},{"start":{"line":25,"column":43},"end":{"line":25,"column":null}}]},"4":{"loc":{"start":{"line":28,"column":2},"end":{"line":31,"column":null}},"type":"if","locations":[{"start":{"line":28,"column":2},"end":{"line":31,"column":null}},{"start":{},"end":{}}]},"5":{"loc":{"start":{"line":36,"column":2},"end":{"line":51,"column":null}},"type":"if","locations":[{"start":{"line":36,"column":2},"end":{"line":51,"column":null}},{"start":{},"end":{}}]}},"s":{"0":0,"1":0,"2":0,"3":0,"4":0,"5":0,"6":0,"7":0,"8":0,"9":0,"10":0,"11":0,"12":0,"13":0,"14":0,"15":0,"16":0,"17":0},"f":{"0":0},"b":{"0":[0,0],"1":[0,0],"2":[0,0],"3":[0,0],"4":[0,0],"5":[0,0]}}
,"C:\\Users\\Dontae-PC\\my-app\\app\\api\\ai\\tasks\\[taskName]\\route.ts": {"path":"C:\\Users\\Dontae-PC\\my-app\\app\\api\\ai\\tasks\\[taskName]\\route.ts","statementMap":{"0":{"start":{"line":21,"column":22},"end":{"line":21,"column":null}},"1":{"start":{"line":18,"column":13},"end":{"line":18,"column":23}},"2":{"start":{"line":19,"column":13},"end":{"line":19,"column":26}},"3":{"start":{"line":15,"column":13},"end":{"line":15,"column":23}},"4":{"start":{"line":8,"column":42},"end":{"line":8,"column":null}},"5":{"start":{"line":9,"column":41},"end":{"line":9,"column":null}},"6":{"start":{"line":10,"column":29},"end":{"line":10,"column":null}},"7":{"start":{"line":11,"column":34},"end":{"line":11,"column":null}},"8":{"start":{"line":12,"column":28},"end":{"line":12,"column":null}},"9":{"start":{"line":15,"column":23},"end":{"line":15,"column":null}},"10":{"start":{"line":18,"column":23},"end":{"line":18,"column":null}},"11":{"start":{"line":19,"column":26},"end":{"line":19,"column":null}},"12":{"start":{"line":25,"column":20},"end":{"line":25,"column":null}},"13":{"start":{"line":26,"column":22},"end":{"line":26,"column":null}},"14":{"start":{"line":28,"column":2},"end":{"line":103,"column":null}},"15":{"start":{"line":30,"column":4},"end":{"line":39,"column":null}},"16":{"start":{"line":31,"column":6},"end":{"line":34,"column":null}},"17":{"start":{"line":35,"column":6},"end":{"line":37,"column":null}},"18":{"start":{"line":43,"column":4},"end":{"line":50,"column":null}},"19":{"start":{"line":44,"column":6},"end":{"line":44,"column":null}},"20":{"start":{"line":46,"column":6},"end":{"line":48,"column":null}},"21":{"start":{"line":53,"column":21},"end":{"line":53,"column":null}},"22":{"start":{"line":54,"column":49},"end":{"line":54,"column":null}},"23":{"start":{"line":56,"column":4},"end":{"line":62,"column":null}},"24":{"start":{"line":57,"column":6},"end":{"line":57,"column":null}},"25":{"start":{"line":58,"column":6},"end":{"line":60,"column":null}},"26":{"start":{"line":65,"column":19},"end":{"line":65,"column":null}},"27":{"start":{"line":68,"column":4},"end":{"line":85,"column":null}},"28":{"start":{"line":69,"column":6},"end":{"line":74,"column":null}},"29":{"start":{"line":76,"column":6},"end":{"line":83,"column":null}},"30":{"start":{"line":88,"column":25},"end":{"line":88,"column":null}},"31":{"start":{"line":89,"column":4},"end":{"line":93,"column":null}},"32":{"start":{"line":95,"column":4},"end":{"line":101,"column":null}}},"fnMap":{"0":{"name":"POST","decl":{"start":{"line":21,"column":22},"end":{"line":21,"column":null}},"loc":{"start":{"line":23,"column":46},"end":{"line":104,"column":null}}}},"branchMap":{"0":{"loc":{"start":{"line":30,"column":4},"end":{"line":39,"column":null}},"type":"if","locations":[{"start":{"line":30,"column":4},"end":{"line":39,"column":null}},{"start":{},"end":{}}]},"1":{"loc":{"start":{"line":56,"column":4},"end":{"line":62,"column":null}},"type":"if","locations":[{"start":{"line":56,"column":4},"end":{"line":62,"column":null}},{"start":{},"end":{}}]},"2":{"loc":{"start":{"line":56,"column":8},"end":{"line":56,"column":28}},"type":"binary-expr","locations":[{"start":{"line":56,"column":8},"end":{"line":56,"column":21}},{"start":{"line":56,"column":21},"end":{"line":56,"column":28}}]},"3":{"loc":{"start":{"line":68,"column":4},"end":{"line":85,"column":null}},"type":"if","locations":[{"start":{"line":68,"column":4},"end":{"line":85,"column":null}},{"start":{"line":75,"column":11},"end":{"line":85,"column":null}}]},"4":{"loc":{"start":{"line":79,"column":17},"end":{"line":79,"column":null}},"type":"binary-expr","locations":[{"start":{"line":79,"column":17},"end":{"line":79,"column":29}},{"start":{"line":79,"column":33},"end":{"line":79,"column":null}}]},"5":{"loc":{"start":{"line":88,"column":25},"end":{"line":88,"column":null}},"type":"cond-expr","locations":[{"start":{"line":88,"column":50},"end":{"line":88,"column":63}},{"start":{"line":88,"column":66},"end":{"line":88,"column":null}}]}},"s":{"0":0,"1":0,"2":0,"3":0,"4":0,"5":0,"6":0,"7":0,"8":0,"9":0,"10":0,"11":0,"12":0,"13":0,"14":0,"15":0,"16":0,"17":0,"18":0,"19":0,"20":0,"21":0,"22":0,"23":0,"24":0,"25":0,"26":0,"27":0,"28":0,"29":0,"30":0,"31":0,"32":0},"f":{"0":0},"b":{"0":[0,0],"1":[0,0],"2":[0,0],"3":[0,0],"4":[0,0],"5":[0,0]}}
,"C:\\Users\\Dontae-PC\\my-app\\app\\api\\db-check\\route.ts": {"path":"C:\\Users\\Dontae-PC\\my-app\\app\\api\\db-check\\route.ts","statementMap":{"0":{"start":{"line":35,"column":13},"end":{"line":35,"column":19}},"1":{"start":{"line":9,"column":13},"end":{"line":9,"column":26}},"2":{"start":{"line":8,"column":13},"end":{"line":8,"column":23}},"3":{"start":{"line":1,"column":29},"end":{"line":1,"column":null}},"4":{"start":{"line":2,"column":40},"end":{"line":2,"column":null}},"5":{"start":{"line":3,"column":28},"end":{"line":3,"column":null}},"6":{"start":{"line":4,"column":24},"end":{"line":4,"column":null}},"7":{"start":{"line":5,"column":25},"end":{"line":5,"column":null}},"8":{"start":{"line":6,"column":27},"end":{"line":6,"column":null}},"9":{"start":{"line":8,"column":23},"end":{"line":8,"column":null}},"10":{"start":{"line":9,"column":26},"end":{"line":9,"column":null}},"11":{"start":{"line":12,"column":2},"end":{"line":32,"column":null}},"12":{"start":{"line":13,"column":21},"end":{"line":13,"column":null}},"13":{"start":{"line":15,"column":4},"end":{"line":17,"column":null}},"14":{"start":{"line":16,"column":6},"end":{"line":16,"column":null}},"15":{"start":{"line":19,"column":21},"end":{"line":19,"column":null}},"16":{"start":{"line":20,"column":28},"end":{"line":23,"column":null}},"17":{"start":{"line":25,"column":4},"end":{"line":25,"column":null}},"18":{"start":{"line":25,"column":15},"end":{"line":25,"column":null}},"19":{"start":{"line":26,"column":4},"end":{"line":26,"column":null}},"20":{"start":{"line":28,"column":4},"end":{"line":30,"column":null}},"21":{"start":{"line":29,"column":6},"end":{"line":29,"column":null}},"22":{"start":{"line":31,"column":4},"end":{"line":31,"column":null}},"23":{"start":{"line":35,"column":19},"end":{"line":35,"column":null}}},"fnMap":{"0":{"name":"GETHandler","decl":{"start":{"line":11,"column":15},"end":{"line":11,"column":null}},"loc":{"start":{"line":11,"column":15},"end":{"line":33,"column":null}}}},"branchMap":{"0":{"loc":{"start":{"line":15,"column":4},"end":{"line":17,"column":null}},"type":"if","locations":[{"start":{"line":15,"column":4},"end":{"line":17,"column":null}},{"start":{},"end":{}}]},"1":{"loc":{"start":{"line":25,"column":4},"end":{"line":25,"column":null}},"type":"if","locations":[{"start":{"line":25,"column":4},"end":{"line":25,"column":null}},{"start":{},"end":{}}]},"2":{"loc":{"start":{"line":26,"column":45},"end":{"line":26,"column":63}},"type":"binary-expr","locations":[{"start":{"line":26,"column":45},"end":{"line":26,"column":61}},{"start":{"line":26,"column":61},"end":{"line":26,"column":63}}]},"3":{"loc":{"start":{"line":28,"column":4},"end":{"line":30,"column":null}},"type":"if","locations":[{"start":{"line":28,"column":4},"end":{"line":30,"column":null}},{"start":{},"end":{}}]}},"s":{"0":0,"1":0,"2":0,"3":0,"4":0,"5":0,"6":0,"7":0,"8":0,"9":0,"10":0,"11":0,"12":0,"13":0,"14":0,"15":0,"16":0,"17":0,"18":0,"19":0,"20":0,"21":0,"22":0,"23":0},"f":{"0":0},"b":{"0":[0,0],"1":[0,0],"2":[0,0],"3":[0,0]}}
,"C:\\Users\\Dontae-PC\\my-app\\app\\api\\debug-env\\route.ts": {"path":"C:\\Users\\Dontae-PC\\my-app\\app\\api\\debug-env\\route.ts","statementMap":{"0":{"start":{"line":5,"column":22},"end":{"line":5,"column":26}},"1":{"start":{"line":1,"column":13},"end":{"line":1,"column":23}},"2":{"start":{"line":2,"column":40},"end":{"line":2,"column":null}},"3":{"start":{"line":3,"column":21},"end":{"line":3,"column":null}},"4":{"start":{"line":1,"column":23},"end":{"line":1,"column":null}},"5":{"start":{"line":6,"column":14},"end":{"line":6,"column":null}},"6":{"start":{"line":7,"column":2},"end":{"line":9,"column":null}},"7":{"start":{"line":8,"column":4},"end":{"line":8,"column":null}},"8":{"start":{"line":10,"column":14},"end":{"line":10,"column":null}},"9":{"start":{"line":11,"column":22},"end":{"line":11,"column":null}},"10":{"start":{"line":12,"column":16},"end":{"line":12,"column":null}},"11":{"start":{"line":13,"column":2},"end":{"line":17,"column":null}}},"fnMap":{"0":{"name":"GET","decl":{"start":{"line":5,"column":22},"end":{"line":5,"column":26}},"loc":{"start":{"line":5,"column":38},"end":{"line":18,"column":null}}}},"branchMap":{"0":{"loc":{"start":{"line":7,"column":2},"end":{"line":9,"column":null}},"type":"if","locations":[{"start":{"line":7,"column":2},"end":{"line":9,"column":null}},{"start":{},"end":{}}]},"1":{"loc":{"start":{"line":7,"column":7},"end":{"line":7,"column":42}},"type":"binary-expr","locations":[{"start":{"line":7,"column":7},"end":{"line":7,"column":41}},{"start":{"line":7,"column":41},"end":{"line":7,"column":42}}]},"2":{"loc":{"start":{"line":7,"column":50},"end":{"line":7,"column":78}},"type":"binary-expr","locations":[{"start":{"line":7,"column":50},"end":{"line":7,"column":73}},{"start":{"line":7,"column":77},"end":{"line":7,"column":78}}]}},"s":{"0":0,"1":0,"2":0,"3":0,"4":0,"5":0,"6":0,"7":0,"8":0,"9":0,"10":0,"11":0},"f":{"0":0},"b":{"0":[0,0],"1":[0,0],"2":[0,0]}}
,"C:\\Users\\Dontae-PC\\my-app\\app\\api\\email-smoke\\route.ts": {"path":"C:\\Users\\Dontae-PC\\my-app\\app\\api\\email-smoke\\route.ts","statementMap":{"0":{"start":{"line":3,"column":22},"end":{"line":3,"column":26}},"1":{"start":{"line":1,"column":33},"end":{"line":1,"column":null}},"2":{"start":{"line":4,"column":13},"end":{"line":4,"column":null}},"3":{"start":{"line":5,"column":12},"end":{"line":5,"column":null}},"4":{"start":{"line":6,"column":2},"end":{"line":6,"column":null}}},"fnMap":{"0":{"name":"GET","decl":{"start":{"line":3,"column":22},"end":{"line":3,"column":26}},"loc":{"start":{"line":3,"column":38},"end":{"line":7,"column":null}}}},"branchMap":{"0":{"loc":{"start":{"line":4,"column":13},"end":{"line":4,"column":null}},"type":"binary-expr","locations":[{"start":{"line":4,"column":13},"end":{"line":4,"column":56}},{"start":{"line":4,"column":56},"end":{"line":4,"column":null}}]}},"s":{"0":0,"1":0,"2":0,"3":0,"4":0},"f":{"0":0},"b":{"0":[0,0]}}
,"C:\\Users\\Dontae-PC\\my-app\\app\\api\\env-check\\route.ts": {"path":"C:\\Users\\Dontae-PC\\my-app\\app\\api\\env-check\\route.ts","statementMap":{"0":{"start":{"line":23,"column":13},"end":{"line":23,"column":19}},"1":{"start":{"line":5,"column":13},"end":{"line":5,"column":26}},"2":{"start":{"line":1,"column":29},"end":{"line":1,"column":null}},"3":{"start":{"line":2,"column":19},"end":{"line":2,"column":null}},"4":{"start":{"line":3,"column":27},"end":{"line":3,"column":null}},"5":{"start":{"line":5,"column":26},"end":{"line":5,"column":null}},"6":{"start":{"line":8,"column":14},"end":{"line":8,"column":50}},"7":{"start":{"line":9,"column":15},"end":{"line":9,"column":56}},"8":{"start":{"line":10,"column":14},"end":{"line":10,"column":51}},"9":{"start":{"line":12,"column":2},"end":{"line":20,"column":null}},"10":{"start":{"line":23,"column":19},"end":{"line":23,"column":null}}},"fnMap":{"0":{"name":"GETHandler","decl":{"start":{"line":7,"column":15},"end":{"line":7,"column":null}},"loc":{"start":{"line":7,"column":15},"end":{"line":21,"column":null}}}},"branchMap":{"0":{"loc":{"start":{"line":17,"column":14},"end":{"line":17,"column":null}},"type":"cond-expr","locations":[{"start":{"line":17,"column":20},"end":{"line":17,"column":39}},{"start":{"line":17,"column":39},"end":{"line":17,"column":null}}]},"1":{"loc":{"start":{"line":18,"column":15},"end":{"line":18,"column":null}},"type":"cond-expr","locations":[{"start":{"line":18,"column":22},"end":{"line":18,"column":41}},{"start":{"line":18,"column":41},"end":{"line":18,"column":null}}]},"2":{"loc":{"start":{"line":19,"column":18},"end":{"line":19,"column":null}},"type":"cond-expr","locations":[{"start":{"line":19,"column":24},"end":{"line":19,"column":42}},{"start":{"line":19,"column":42},"end":{"line":19,"column":null}}]}},"s":{"0":0,"1":0,"2":0,"3":0,"4":0,"5":0,"6":0,"7":0,"8":0,"9":0,"10":0},"f":{"0":0},"b":{"0":[0,0],"1":[0,0],"2":[0,0]}}
,"C:\\Users\\Dontae-PC\\my-app\\app\\api\\guardian\\backup-intent\\route.ts": {"path":"C:\\Users\\Dontae-PC\\my-app\\app\\api\\guardian\\backup-intent\\route.ts","statementMap":{"0":{"start":{"line":168,"column":22},"end":{"line":168,"column":26}},"1":{"start":{"line":13,"column":22},"end":{"line":13,"column":27}},"2":{"start":{"line":11,"column":13},"end":{"line":11,"column":23}},"3":{"start":{"line":10,"column":13},"end":{"line":10,"column":23}},"4":{"start":{"line":1,"column":29},"end":{"line":1,"column":null}},"5":{"start":{"line":2,"column":24},"end":{"line":2,"column":null}},"6":{"start":{"line":3,"column":44},"end":{"line":3,"column":null}},"7":{"start":{"line":4,"column":37},"end":{"line":4,"column":null}},"8":{"start":{"line":5,"column":81},"end":{"line":5,"column":null}},"9":{"start":{"line":6,"column":28},"end":{"line":6,"column":null}},"10":{"start":{"line":7,"column":30},"end":{"line":7,"column":null}},"11":{"start":{"line":10,"column":23},"end":{"line":10,"column":null}},"12":{"start":{"line":11,"column":23},"end":{"line":11,"column":null}},"13":{"start":{"line":14,"column":20},"end":{"line":14,"column":null}},"14":{"start":{"line":15,"column":17},"end":{"line":15,"column":null}},"15":{"start":{"line":17,"column":2},"end":{"line":162,"column":null}},"16":{"start":{"line":19,"column":21},"end":{"line":19,"column":null}},"17":{"start":{"line":20,"column":4},"end":{"line":20,"column":null}},"18":{"start":{"line":22,"column":19},"end":{"line":22,"column":null}},"19":{"start":{"line":25,"column":28},"end":{"line":25,"column":null}},"20":{"start":{"line":26,"column":4},"end":{"line":33,"column":null}},"21":{"start":{"line":27,"column":6},"end":{"line":27,"column":null}},"22":{"start":{"line":28,"column":6},"end":{"line":32,"column":null}},"23":{"start":{"line":36,"column":28},"end":{"line":39,"column":null}},"24":{"start":{"line":42,"column":4},"end":{"line":58,"column":null}},"25":{"start":{"line":43,"column":6},"end":{"line":43,"column":null}},"26":{"start":{"line":44,"column":6},"end":{"line":57,"column":null}},"27":{"start":{"line":61,"column":23},"end":{"line":61,"column":null}},"28":{"start":{"line":62,"column":4},"end":{"line":69,"column":null}},"29":{"start":{"line":63,"column":19},"end":{"line":63,"column":null}},"30":{"start":{"line":64,"column":6},"end":{"line":66,"column":null}},"31":{"start":{"line":65,"column":8},"end":{"line":65,"column":null}},"32":{"start":{"line":72,"column":25},"end":{"line":75,"column":null}},"33":{"start":{"line":77,"column":23},"end":{"line":77,"column":null}},"34":{"start":{"line":79,"column":4},"end":{"line":141,"column":null}},"35":{"start":{"line":81,"column":6},"end":{"line":85,"column":null}},"36":{"start":{"line":88,"column":6},"end":{"line":92,"column":null}},"37":{"start":{"line":95,"column":6},"end":{"line":110,"column":null}},"38":{"start":{"line":113,"column":6},"end":{"line":118,"column":null}},"39":{"start":{"line":121,"column":6},"end":{"line":125,"column":null}},"40":{"start":{"line":128,"column":6},"end":{"line":140,"column":null}},"41":{"start":{"line":144,"column":23},"end":{"line":144,"column":null}},"42":{"start":{"line":145,"column":25},"end":{"line":145,"column":null}},"43":{"start":{"line":148,"column":19},"end":{"line":148,"column":null}},"44":{"start":{"line":149,"column":4},"end":{"line":149,"column":null}},"45":{"start":{"line":152,"column":4},"end":{"line":152,"column":null}},"46":{"start":{"line":154,"column":4},"end":{"line":161,"column":null}},"47":{"start":{"line":169,"column":20},"end":{"line":169,"column":null}},"48":{"start":{"line":170,"column":17},"end":{"line":170,"column":null}},"49":{"start":{"line":172,"column":2},"end":{"line":256,"column":null}},"50":{"start":{"line":174,"column":21},"end":{"line":174,"column":null}},"51":{"start":{"line":175,"column":4},"end":{"line":175,"column":null}},"52":{"start":{"line":177,"column":19},"end":{"line":177,"column":null}},"53":{"start":{"line":180,"column":28},"end":{"line":180,"column":null}},"54":{"start":{"line":181,"column":4},"end":{"line":188,"column":null}},"55":{"start":{"line":182,"column":6},"end":{"line":182,"column":null}},"56":{"start":{"line":183,"column":6},"end":{"line":187,"column":null}},"57":{"start":{"line":191,"column":28},"end":{"line":194,"column":null}},"58":{"start":{"line":197,"column":4},"end":{"line":210,"column":null}},"59":{"start":{"line":198,"column":6},"end":{"line":198,"column":null}},"60":{"start":{"line":199,"column":6},"end":{"line":209,"column":null}},"61":{"start":{"line":213,"column":51},"end":{"line":213,"column":null}},"62":{"start":{"line":213,"column":57},"end":{"line":213,"column":null}},"63":{"start":{"line":214,"column":19},"end":{"line":214,"column":null}},"64":{"start":{"line":215,"column":25},"end":{"line":215,"column":null}},"65":{"start":{"line":217,"column":23},"end":{"line":217,"column":null}},"66":{"start":{"line":219,"column":4},"end":{"line":223,"column":null}},"67":{"start":{"line":225,"column":4},"end":{"line":239,"column":null}},"68":{"start":{"line":242,"column":23},"end":{"line":242,"column":null}},"69":{"start":{"line":243,"column":25},"end":{"line":243,"column":null}},"70":{"start":{"line":245,"column":19},"end":{"line":245,"column":null}},"71":{"start":{"line":246,"column":4},"end":{"line":246,"column":null}},"72":{"start":{"line":248,"column":4},"end":{"line":255,"column":null}}},"fnMap":{"0":{"name":"POST","decl":{"start":{"line":13,"column":22},"end":{"line":13,"column":27}},"loc":{"start":{"line":13,"column":43},"end":{"line":163,"column":null}}},"1":{"name":"GET","decl":{"start":{"line":168,"column":22},"end":{"line":168,"column":26}},"loc":{"start":{"line":168,"column":42},"end":{"line":257,"column":null}}},"2":{"name":"(anonymous_10)","decl":{"start":{"line":213,"column":57},"end":{"line":213,"column":64}},"loc":{"start":{"line":213,"column":57},"end":{"line":213,"column":null}}}},"branchMap":{"0":{"loc":{"start":{"line":26,"column":4},"end":{"line":33,"column":null}},"type":"if","locations":[{"start":{"line":26,"column":4},"end":{"line":33,"column":null}},{"start":{},"end":{}}]},"1":{"loc":{"start":{"line":39,"column":6},"end":{"line":39,"column":null}},"type":"binary-expr","locations":[{"start":{"line":39,"column":6},"end":{"line":39,"column":48}},{"start":{"line":39,"column":48},"end":{"line":39,"column":null}}]},"2":{"loc":{"start":{"line":42,"column":4},"end":{"line":58,"column":null}},"type":"if","locations":[{"start":{"line":42,"column":4},"end":{"line":58,"column":null}},{"start":{},"end":{}}]},"3":{"loc":{"start":{"line":52,"column":25},"end":{"line":52,"column":null}},"type":"binary-expr","locations":[{"start":{"line":52,"column":25},"end":{"line":52,"column":67}},{"start":{"line":52,"column":67},"end":{"line":52,"column":null}}]},"4":{"loc":{"start":{"line":64,"column":6},"end":{"line":66,"column":null}},"type":"if","locations":[{"start":{"line":64,"column":6},"end":{"line":66,"column":null}},{"start":{},"end":{}}]},"5":{"loc":{"start":{"line":64,"column":10},"end":{"line":64,"column":58}},"type":"binary-expr","locations":[{"start":{"line":64,"column":10},"end":{"line":64,"column":21}},{"start":{"line":64,"column":25},"end":{"line":64,"column":58}}]},"6":{"loc":{"start":{"line":79,"column":4},"end":{"line":141,"column":null}},"type":"if","locations":[{"start":{"line":79,"column":4},"end":{"line":141,"column":null}},{"start":{"line":111,"column":11},"end":{"line":141,"column":null}}]},"7":{"loc":{"start":{"line":113,"column":21},"end":{"line":113,"column":60}},"type":"binary-expr","locations":[{"start":{"line":113,"column":21},"end":{"line":113,"column":39}},{"start":{"line":113,"column":43},"end":{"line":113,"column":60}}]},"8":{"loc":{"start":{"line":123,"column":8},"end":{"line":123,"column":null}},"type":"binary-expr","locations":[{"start":{"line":123,"column":8},"end":{"line":123,"column":26}},{"start":{"line":123,"column":30},"end":{"line":123,"column":null}}]},"9":{"loc":{"start":{"line":145,"column":25},"end":{"line":145,"column":null}},"type":"cond-expr","locations":[{"start":{"line":145,"column":50},"end":{"line":145,"column":63}},{"start":{"line":145,"column":66},"end":{"line":145,"column":null}}]},"10":{"loc":{"start":{"line":181,"column":4},"end":{"line":188,"column":null}},"type":"if","locations":[{"start":{"line":181,"column":4},"end":{"line":188,"column":null}},{"start":{},"end":{}}]},"11":{"loc":{"start":{"line":194,"column":6},"end":{"line":194,"column":null}},"type":"binary-expr","locations":[{"start":{"line":194,"column":6},"end":{"line":194,"column":48}},{"start":{"line":194,"column":48},"end":{"line":194,"column":null}}]},"12":{"loc":{"start":{"line":197,"column":4},"end":{"line":210,"column":null}},"type":"if","locations":[{"start":{"line":197,"column":4},"end":{"line":210,"column":null}},{"start":{},"end":{}}]},"13":{"loc":{"start":{"line":207,"column":25},"end":{"line":207,"column":null}},"type":"binary-expr","locations":[{"start":{"line":207,"column":25},"end":{"line":207,"column":67}},{"start":{"line":207,"column":67},"end":{"line":207,"column":null}}]},"14":{"loc":{"start":{"line":231,"column":20},"end":{"line":231,"column":null}},"type":"binary-expr","locations":[{"start":{"line":231,"column":20},"end":{"line":231,"column":42}},{"start":{"line":231,"column":42},"end":{"line":231,"column":null}}]},"15":{"loc":{"start":{"line":233,"column":19},"end":{"line":233,"column":42}},"type":"binary-expr","locations":[{"start":{"line":233,"column":19},"end":{"line":233,"column":40}},{"start":{"line":233,"column":40},"end":{"line":233,"column":42}}]},"16":{"loc":{"start":{"line":243,"column":25},"end":{"line":243,"column":null}},"type":"cond-expr","locations":[{"start":{"line":243,"column":50},"end":{"line":243,"column":63}},{"start":{"line":243,"column":66},"end":{"line":243,"column":null}}]}},"s":{"0":0,"1":0,"2":0,"3":0,"4":0,"5":0,"6":0,"7":0,"8":0,"9":0,"10":0,"11":0,"12":0,"13":0,"14":0,"15":0,"16":0,"17":0,"18":0,"19":0,"20":0,"21":0,"22":0,"23":0,"24":0,"25":0,"26":0,"27":0,"28":0,"29":0,"30":0,"31":0,"32":0,"33":0,"34":0,"35":0,"36":0,"37":0,"38":0,"39":0,"40":0,"41":0,"42":0,"43":0,"44":0,"45":0,"46":0,"47":0,"48":0,"49":0,"50":0,"51":0,"52":0,"53":0,"54":0,"55":0,"56":0,"57":0,"58":0,"59":0,"60":0,"61":0,"62":0,"63":0,"64":0,"65":0,"66":0,"67":0,"68":0,"69":0,"70":0,"71":0,"72":0},"f":{"0":0,"1":0,"2":0},"b":{"0":[0,0],"1":[0,0],"2":[0,0],"3":[0,0],"4":[0,0],"5":[0,0],"6":[0,0],"7":[0,0],"8":[0,0],"9":[0,0],"10":[0,0],"11":[0,0],"12":[0,0],"13":[0,0],"14":[0,0],"15":[0,0],"16":[0,0]}}
,"C:\\Users\\Dontae-PC\\my-app\\app\\api\\guardian\\emergency\\route.ts": {"path":"C:\\Users\\Dontae-PC\\my-app\\app\\api\\guardian\\emergency\\route.ts","statementMap":{"0":{"start":{"line":8,"column":22},"end":{"line":8,"column":27}},"1":{"start":{"line":6,"column":13},"end":{"line":6,"column":23}},"2":{"start":{"line":5,"column":13},"end":{"line":5,"column":23}},"3":{"start":{"line":1,"column":29},"end":{"line":1,"column":null}},"4":{"start":{"line":2,"column":30},"end":{"line":2,"column":null}},"5":{"start":{"line":5,"column":23},"end":{"line":5,"column":null}},"6":{"start":{"line":6,"column":23},"end":{"line":6,"column":null}},"7":{"start":{"line":9,"column":2},"end":{"line":53,"column":null}},"8":{"start":{"line":11,"column":36},"end":{"line":11,"column":null}},"9":{"start":{"line":12,"column":4},"end":{"line":16,"column":null}},"10":{"start":{"line":13,"column":6},"end":{"line":13,"column":null}},"11":{"start":{"line":19,"column":4},"end":{"line":24,"column":null}},"12":{"start":{"line":20,"column":6},"end":{"line":22,"column":null}},"13":{"start":{"line":27,"column":19},"end":{"line":27,"column":null}},"14":{"start":{"line":29,"column":4},"end":{"line":43,"column":null}},"15":{"start":{"line":30,"column":6},"end":{"line":35,"column":null}},"16":{"start":{"line":37,"column":6},"end":{"line":42,"column":null}},"17":{"start":{"line":46,"column":4},"end":{"line":51,"column":null}}},"fnMap":{"0":{"name":"POST","decl":{"start":{"line":8,"column":22},"end":{"line":8,"column":27}},"loc":{"start":{"line":8,"column":43},"end":{"line":54,"column":null}}}},"branchMap":{"0":{"loc":{"start":{"line":19,"column":4},"end":{"line":24,"column":null}},"type":"if","locations":[{"start":{"line":19,"column":4},"end":{"line":24,"column":null}},{"start":{},"end":{}}]},"1":{"loc":{"start":{"line":19,"column":8},"end":{"line":19,"column":56}},"type":"binary-expr","locations":[{"start":{"line":19,"column":8},"end":{"line":19,"column":19}},{"start":{"line":19,"column":23},"end":{"line":19,"column":56}}]},"2":{"loc":{"start":{"line":29,"column":4},"end":{"line":43,"column":null}},"type":"if","locations":[{"start":{"line":29,"column":4},"end":{"line":43,"column":null}},{"start":{"line":36,"column":11},"end":{"line":43,"column":null}}]},"3":{"loc":{"start":{"line":49,"column":15},"end":{"line":49,"column":null}},"type":"cond-expr","locations":[{"start":{"line":49,"column":40},"end":{"line":49,"column":53}},{"start":{"line":49,"column":56},"end":{"line":49,"column":null}}]}},"s":{"0":0,"1":0,"2":0,"3":0,"4":0,"5":0,"6":0,"7":0,"8":0,"9":0,"10":0,"11":0,"12":0,"13":0,"14":0,"15":0,"16":0,"17":0},"f":{"0":0},"b":{"0":[0,0],"1":[0,0],"2":[0,0],"3":[0,0]}}
,"C:\\Users\\Dontae-PC\\my-app\\app\\api\\guardian\\health\\route.ts": {"path":"C:\\Users\\Dontae-PC\\my-app\\app\\api\\guardian\\health\\route.ts","statementMap":{"0":{"start":{"line":8,"column":22},"end":{"line":8,"column":null}},"1":{"start":{"line":6,"column":13},"end":{"line":6,"column":23}},"2":{"start":{"line":5,"column":13},"end":{"line":5,"column":23}},"3":{"start":{"line":1,"column":29},"end":{"line":1,"column":null}},"4":{"start":{"line":2,"column":51},"end":{"line":2,"column":null}},"5":{"start":{"line":5,"column":23},"end":{"line":5,"column":null}},"6":{"start":{"line":6,"column":23},"end":{"line":6,"column":null}},"7":{"start":{"line":9,"column":2},"end":{"line":76,"column":null}},"8":{"start":{"line":11,"column":19},"end":{"line":11,"column":null}},"9":{"start":{"line":12,"column":25},"end":{"line":12,"column":null}},"10":{"start":{"line":15,"column":23},"end":{"line":15,"column":null}},"11":{"start":{"line":16,"column":18},"end":{"line":16,"column":null}},"12":{"start":{"line":18,"column":4},"end":{"line":27,"column":null}},"13":{"start":{"line":19,"column":6},"end":{"line":19,"column":null}},"14":{"start":{"line":20,"column":6},"end":{"line":20,"column":null}},"15":{"start":{"line":21,"column":11},"end":{"line":27,"column":null}},"16":{"start":{"line":22,"column":6},"end":{"line":22,"column":null}},"17":{"start":{"line":23,"column":6},"end":{"line":23,"column":null}},"18":{"start":{"line":24,"column":11},"end":{"line":27,"column":null}},"19":{"start":{"line":25,"column":6},"end":{"line":25,"column":null}},"20":{"start":{"line":26,"column":6},"end":{"line":26,"column":null}},"21":{"start":{"line":30,"column":20},"end":{"line":30,"column":null}},"22":{"start":{"line":31,"column":4},"end":{"line":47,"column":null}},"23":{"start":{"line":32,"column":25},"end":{"line":32,"column":null}},"24":{"start":{"line":33,"column":18},"end":{"line":33,"column":null}},"25":{"start":{"line":34,"column":23},"end":{"line":34,"column":null}},"26":{"start":{"line":36,"column":6},"end":{"line":46,"column":null}},"27":{"start":{"line":37,"column":8},"end":{"line":37,"column":null}},"28":{"start":{"line":38,"column":13},"end":{"line":46,"column":null}},"29":{"start":{"line":39,"column":8},"end":{"line":39,"column":null}},"30":{"start":{"line":41,"column":8},"end":{"line":41,"column":null}},"31":{"start":{"line":42,"column":8},"end":{"line":45,"column":null}},"32":{"start":{"line":43,"column":10},"end":{"line":43,"column":null}},"33":{"start":{"line":44,"column":10},"end":{"line":44,"column":null}},"34":{"start":{"line":49,"column":4},"end":{"line":64,"column":null}},"35":{"start":{"line":67,"column":4},"end":{"line":74,"column":null}}},"fnMap":{"0":{"name":"GET","decl":{"start":{"line":8,"column":22},"end":{"line":8,"column":null}},"loc":{"start":{"line":8,"column":22},"end":{"line":77,"column":null}}}},"branchMap":{"0":{"loc":{"start":{"line":18,"column":4},"end":{"line":27,"column":null}},"type":"if","locations":[{"start":{"line":18,"column":4},"end":{"line":27,"column":null}},{"start":{"line":21,"column":11},"end":{"line":27,"column":null}}]},"1":{"loc":{"start":{"line":21,"column":11},"end":{"line":27,"column":null}},"type":"if","locations":[{"start":{"line":21,"column":11},"end":{"line":27,"column":null}},{"start":{"line":24,"column":11},"end":{"line":27,"column":null}}]},"2":{"loc":{"start":{"line":23,"column":39},"end":{"line":23,"column":72}},"type":"binary-expr","locations":[{"start":{"line":23,"column":39},"end":{"line":23,"column":51}},{"start":{"line":23,"column":55},"end":{"line":23,"column":72}}]},"3":{"loc":{"start":{"line":24,"column":11},"end":{"line":27,"column":null}},"type":"if","locations":[{"start":{"line":24,"column":11},"end":{"line":27,"column":null}},{"start":{},"end":{}}]},"4":{"loc":{"start":{"line":31,"column":4},"end":{"line":47,"column":null}},"type":"if","locations":[{"start":{"line":31,"column":4},"end":{"line":47,"column":null}},{"start":{},"end":{}}]},"5":{"loc":{"start":{"line":36,"column":6},"end":{"line":46,"column":null}},"type":"if","locations":[{"start":{"line":36,"column":6},"end":{"line":46,"column":null}},{"start":{"line":38,"column":13},"end":{"line":46,"column":null}}]},"6":{"loc":{"start":{"line":38,"column":13},"end":{"line":46,"column":null}},"type":"if","locations":[{"start":{"line":38,"column":13},"end":{"line":46,"column":null}},{"start":{"line":40,"column":13},"end":{"line":46,"column":null}}]},"7":{"loc":{"start":{"line":42,"column":8},"end":{"line":45,"column":null}},"type":"if","locations":[{"start":{"line":42,"column":8},"end":{"line":45,"column":null}},{"start":{},"end":{}}]},"8":{"loc":{"start":{"line":54,"column":20},"end":{"line":54,"column":null}},"type":"binary-expr","locations":[{"start":{"line":54,"column":20},"end":{"line":54,"column":42}},{"start":{"line":54,"column":42},"end":{"line":54,"column":null}}]},"9":{"loc":{"start":{"line":57,"column":19},"end":{"line":57,"column":42}},"type":"binary-expr","locations":[{"start":{"line":57,"column":19},"end":{"line":57,"column":40}},{"start":{"line":57,"column":40},"end":{"line":57,"column":42}}]},"10":{"loc":{"start":{"line":71,"column":15},"end":{"line":71,"column":null}},"type":"cond-expr","locations":[{"start":{"line":71,"column":40},"end":{"line":71,"column":53}},{"start":{"line":71,"column":56},"end":{"line":71,"column":null}}]}},"s":{"0":0,"1":0,"2":0,"3":0,"4":0,"5":0,"6":0,"7":0,"8":0,"9":0,"10":0,"11":0,"12":0,"13":0,"14":0,"15":0,"16":0,"17":0,"18":0,"19":0,"20":0,"21":0,"22":0,"23":0,"24":0,"25":0,"26":0,"27":0,"28":0,"29":0,"30":0,"31":0,"32":0,"33":0,"34":0,"35":0},"f":{"0":0},"b":{"0":[0,0],"1":[0,0],"2":[0,0],"3":[0,0],"4":[0,0],"5":[0,0],"6":[0,0],"7":[0,0],"8":[0,0],"9":[0,0],"10":[0,0]}}
,"C:\\Users\\Dontae-PC\\my-app\\app\\api\\guardian\\heartbeat\\route.ts": {"path":"C:\\Users\\Dontae-PC\\my-app\\app\\api\\guardian\\heartbeat\\route.ts","statementMap":{"0":{"start":{"line":12,"column":22},"end":{"line":12,"column":26}},"1":{"start":{"line":10,"column":13},"end":{"line":10,"column":23}},"2":{"start":{"line":9,"column":13},"end":{"line":9,"column":23}},"3":{"start":{"line":1,"column":29},"end":{"line":1,"column":null}},"4":{"start":{"line":2,"column":24},"end":{"line":2,"column":null}},"5":{"start":{"line":3,"column":44},"end":{"line":3,"column":null}},"6":{"start":{"line":4,"column":37},"end":{"line":4,"column":null}},"7":{"start":{"line":5,"column":48},"end":{"line":5,"column":null}},"8":{"start":{"line":6,"column":28},"end":{"line":6,"column":null}},"9":{"start":{"line":9,"column":23},"end":{"line":9,"column":null}},"10":{"start":{"line":10,"column":23},"end":{"line":10,"column":null}},"11":{"start":{"line":13,"column":20},"end":{"line":13,"column":null}},"12":{"start":{"line":14,"column":17},"end":{"line":14,"column":null}},"13":{"start":{"line":16,"column":2},"end":{"line":104,"column":null}},"14":{"start":{"line":18,"column":4},"end":{"line":24,"column":null}},"15":{"start":{"line":19,"column":23},"end":{"line":19,"column":null}},"16":{"start":{"line":20,"column":6},"end":{"line":20,"column":null}},"17":{"start":{"line":23,"column":6},"end":{"line":23,"column":null}},"18":{"start":{"line":26,"column":19},"end":{"line":26,"column":null}},"19":{"start":{"line":29,"column":28},"end":{"line":29,"column":null}},"20":{"start":{"line":30,"column":4},"end":{"line":37,"column":null}},"21":{"start":{"line":31,"column":6},"end":{"line":31,"column":null}},"22":{"start":{"line":32,"column":6},"end":{"line":36,"column":null}},"23":{"start":{"line":40,"column":28},"end":{"line":43,"column":null}},"24":{"start":{"line":46,"column":4},"end":{"line":62,"column":null}},"25":{"start":{"line":47,"column":6},"end":{"line":47,"column":null}},"26":{"start":{"line":48,"column":6},"end":{"line":61,"column":null}},"27":{"start":{"line":65,"column":25},"end":{"line":65,"column":null}},"28":{"start":{"line":67,"column":21},"end":{"line":76,"column":null}},"29":{"start":{"line":78,"column":4},"end":{"line":81,"column":null}},"30":{"start":{"line":83,"column":4},"end":{"line":83,"column":null}},"31":{"start":{"line":86,"column":23},"end":{"line":86,"column":null}},"32":{"start":{"line":87,"column":25},"end":{"line":87,"column":null}},"33":{"start":{"line":90,"column":19},"end":{"line":90,"column":null}},"34":{"start":{"line":91,"column":4},"end":{"line":91,"column":null}},"35":{"start":{"line":94,"column":4},"end":{"line":94,"column":null}},"36":{"start":{"line":96,"column":4},"end":{"line":103,"column":null}},"37":{"start":{"line":114,"column":71},"end":{"line":114,"column":null}},"38":{"start":{"line":117,"column":22},"end":{"line":117,"column":null}},"39":{"start":{"line":118,"column":24},"end":{"line":118,"column":null}},"40":{"start":{"line":119,"column":2},"end":{"line":122,"column":null}},"41":{"start":{"line":125,"column":17},"end":{"line":125,"column":null}},"42":{"start":{"line":126,"column":2},"end":{"line":129,"column":null}},"43":{"start":{"line":132,"column":22},"end":{"line":132,"column":37}},"44":{"start":{"line":133,"column":2},"end":{"line":136,"column":null}},"45":{"start":{"line":139,"column":19},"end":{"line":139,"column":null}},"46":{"start":{"line":139,"column":50},"end":{"line":139,"column":58}},"47":{"start":{"line":140,"column":49},"end":{"line":140,"column":null}},"48":{"start":{"line":142,"column":2},"end":{"line":146,"column":null}},"49":{"start":{"line":143,"column":4},"end":{"line":143,"column":null}},"50":{"start":{"line":144,"column":9},"end":{"line":146,"column":null}},"51":{"start":{"line":145,"column":4},"end":{"line":145,"column":null}},"52":{"start":{"line":148,"column":2},"end":{"line":148,"column":null}}},"fnMap":{"0":{"name":"GET","decl":{"start":{"line":12,"column":22},"end":{"line":12,"column":26}},"loc":{"start":{"line":12,"column":42},"end":{"line":105,"column":null}}},"1":{"name":"performHealthChecks","decl":{"start":{"line":110,"column":15},"end":{"line":110,"column":null}},"loc":{"start":{"line":110,"column":15},"end":{"line":149,"column":null}}},"2":{"name":"(anonymous_6)","decl":{"start":{"line":139,"column":45},"end":{"line":139,"column":50}},"loc":{"start":{"line":139,"column":50},"end":{"line":139,"column":58}}}},"branchMap":{"0":{"loc":{"start":{"line":30,"column":4},"end":{"line":37,"column":null}},"type":"if","locations":[{"start":{"line":30,"column":4},"end":{"line":37,"column":null}},{"start":{},"end":{}}]},"1":{"loc":{"start":{"line":43,"column":6},"end":{"line":43,"column":null}},"type":"binary-expr","locations":[{"start":{"line":43,"column":6},"end":{"line":43,"column":48}},{"start":{"line":43,"column":48},"end":{"line":43,"column":null}}]},"2":{"loc":{"start":{"line":46,"column":4},"end":{"line":62,"column":null}},"type":"if","locations":[{"start":{"line":46,"column":4},"end":{"line":62,"column":null}},{"start":{},"end":{}}]},"3":{"loc":{"start":{"line":56,"column":25},"end":{"line":56,"column":null}},"type":"binary-expr","locations":[{"start":{"line":56,"column":25},"end":{"line":56,"column":67}},{"start":{"line":56,"column":67},"end":{"line":56,"column":null}}]},"4":{"loc":{"start":{"line":87,"column":25},"end":{"line":87,"column":null}},"type":"cond-expr","locations":[{"start":{"line":87,"column":50},"end":{"line":87,"column":63}},{"start":{"line":87,"column":66},"end":{"line":87,"column":null}}]},"5":{"loc":{"start":{"line":120,"column":12},"end":{"line":120,"column":null}},"type":"cond-expr","locations":[{"start":{"line":120,"column":34},"end":{"line":120,"column":46}},{"start":{"line":120,"column":46},"end":{"line":120,"column":null}}]},"6":{"loc":{"start":{"line":120,"column":46},"end":{"line":120,"column":null}},"type":"cond-expr","locations":[{"start":{"line":120,"column":69},"end":{"line":120,"column":81}},{"start":{"line":120,"column":81},"end":{"line":120,"column":null}}]},"7":{"loc":{"start":{"line":127,"column":12},"end":{"line":127,"column":null}},"type":"cond-expr","locations":[{"start":{"line":127,"column":26},"end":{"line":127,"column":38}},{"start":{"line":127,"column":38},"end":{"line":127,"column":null}}]},"8":{"loc":{"start":{"line":142,"column":2},"end":{"line":146,"column":null}},"type":"if","locations":[{"start":{"line":142,"column":2},"end":{"line":146,"column":null}},{"start":{"line":144,"column":9},"end":{"line":146,"column":null}}]},"9":{"loc":{"start":{"line":144,"column":9},"end":{"line":146,"column":null}},"type":"if","locations":[{"start":{"line":144,"column":9},"end":{"line":146,"column":null}},{"start":{},"end":{}}]}},"s":{"0":0,"1":0,"2":0,"3":0,"4":0,"5":0,"6":0,"7":0,"8":0,"9":0,"10":0,"11":0,"12":0,"13":0,"14":0,"15":0,"16":0,"17":0,"18":0,"19":0,"20":0,"21":0,"22":0,"23":0,"24":0,"25":0,"26":0,"27":0,"28":0,"29":0,"30":0,"31":0,"32":0,"33":0,"34":0,"35":0,"36":0,"37":0,"38":0,"39":0,"40":0,"41":0,"42":0,"43":0,"44":0,"45":0,"46":0,"47":0,"48":0,"49":0,"50":0,"51":0,"52":0},"f":{"0":0,"1":0,"2":0},"b":{"0":[0,0],"1":[0,0],"2":[0,0],"3":[0,0],"4":[0,0],"5":[0,0],"6":[0,0],"7":[0,0],"8":[0,0],"9":[0,0]}}
,"C:\\Users\\Dontae-PC\\my-app\\app\\api\\guardian\\status\\route.ts": {"path":"C:\\Users\\Dontae-PC\\my-app\\app\\api\\guardian\\status\\route.ts","statementMap":{"0":{"start":{"line":8,"column":22},"end":{"line":8,"column":null}},"1":{"start":{"line":6,"column":13},"end":{"line":6,"column":23}},"2":{"start":{"line":5,"column":13},"end":{"line":5,"column":23}},"3":{"start":{"line":1,"column":29},"end":{"line":1,"column":null}},"4":{"start":{"line":2,"column":27},"end":{"line":2,"column":null}},"5":{"start":{"line":5,"column":23},"end":{"line":5,"column":null}},"6":{"start":{"line":6,"column":23},"end":{"line":6,"column":null}},"7":{"start":{"line":9,"column":2},"end":{"line":29,"column":null}},"8":{"start":{"line":10,"column":19},"end":{"line":10,"column":null}},"9":{"start":{"line":12,"column":4},"end":{"line":19,"column":null}},"10":{"start":{"line":13,"column":6},"end":{"line":13,"column":null}},"11":{"start":{"line":15,"column":6},"end":{"line":18,"column":null}},"12":{"start":{"line":22,"column":4},"end":{"line":27,"column":null}}},"fnMap":{"0":{"name":"GET","decl":{"start":{"line":8,"column":22},"end":{"line":8,"column":null}},"loc":{"start":{"line":8,"column":22},"end":{"line":30,"column":null}}}},"branchMap":{"0":{"loc":{"start":{"line":12,"column":4},"end":{"line":19,"column":null}},"type":"if","locations":[{"start":{"line":12,"column":4},"end":{"line":19,"column":null}},{"start":{"line":14,"column":11},"end":{"line":19,"column":null}}]},"1":{"loc":{"start":{"line":25,"column":15},"end":{"line":25,"column":null}},"type":"cond-expr","locations":[{"start":{"line":25,"column":40},"end":{"line":25,"column":53}},{"start":{"line":25,"column":56},"end":{"line":25,"column":null}}]}},"s":{"0":0,"1":0,"2":0,"3":0,"4":0,"5":0,"6":0,"7":0,"8":0,"9":0,"10":0,"11":0,"12":0},"f":{"0":0},"b":{"0":[0,0],"1":[0,0]}}
,"C:\\Users\\Dontae-PC\\my-app\\app\\api\\health\\route.ts": {"path":"C:\\Users\\Dontae-PC\\my-app\\app\\api\\health\\route.ts","statementMap":{"0":{"start":{"line":4,"column":22},"end":{"line":4,"column":null}},"1":{"start":{"line":2,"column":13},"end":{"line":2,"column":23}},"2":{"start":{"line":1,"column":29},"end":{"line":1,"column":null}},"3":{"start":{"line":2,"column":23},"end":{"line":2,"column":null}},"4":{"start":{"line":5,"column":2},"end":{"line":7,"column":null}}},"fnMap":{"0":{"name":"GET","decl":{"start":{"line":4,"column":22},"end":{"line":4,"column":null}},"loc":{"start":{"line":4,"column":22},"end":{"line":9,"column":null}}}},"branchMap":{"0":{"loc":{"start":{"line":6,"column":21},"end":{"line":6,"column":56}},"type":"binary-expr","locations":[{"start":{"line":6,"column":21},"end":{"line":6,"column":43}},{"start":{"line":6,"column":47},"end":{"line":6,"column":56}}]}},"s":{"0":0,"1":0,"2":0,"3":0,"4":0},"f":{"0":0},"b":{"0":[0,0]}}
,"C:\\Users\\Dontae-PC\\my-app\\app\\api\\media\\signed-download\\route.ts": {"path":"C:\\Users\\Dontae-PC\\my-app\\app\\api\\media\\signed-download\\route.ts","statementMap":{"0":{"start":{"line":35,"column":13},"end":{"line":35,"column":19}},"1":{"start":{"line":8,"column":13},"end":{"line":8,"column":26}},"2":{"start":{"line":7,"column":13},"end":{"line":7,"column":23}},"3":{"start":{"line":1,"column":29},"end":{"line":1,"column":null}},"4":{"start":{"line":2,"column":32},"end":{"line":2,"column":null}},"5":{"start":{"line":3,"column":28},"end":{"line":3,"column":null}},"6":{"start":{"line":4,"column":25},"end":{"line":4,"column":null}},"7":{"start":{"line":5,"column":27},"end":{"line":5,"column":null}},"8":{"start":{"line":7,"column":23},"end":{"line":7,"column":null}},"9":{"start":{"line":8,"column":26},"end":{"line":8,"column":null}},"10":{"start":{"line":11,"column":2},"end":{"line":32,"column":null}},"11":{"start":{"line":12,"column":31},"end":{"line":12,"column":null}},"12":{"start":{"line":14,"column":29},"end":{"line":14,"column":null}},"13":{"start":{"line":15,"column":17},"end":{"line":15,"column":null}},"14":{"start":{"line":18,"column":18},"end":{"line":18,"column":null}},"15":{"start":{"line":19,"column":22},"end":{"line":19,"column":30}},"16":{"start":{"line":20,"column":44},"end":{"line":20,"column":null}},"17":{"start":{"line":21,"column":4},"end":{"line":21,"column":null}},"18":{"start":{"line":21,"column":27},"end":{"line":21,"column":null}},"19":{"start":{"line":23,"column":28},"end":{"line":23,"column":100}},"20":{"start":{"line":24,"column":4},"end":{"line":24,"column":null}},"21":{"start":{"line":24,"column":15},"end":{"line":24,"column":null}},"22":{"start":{"line":26,"column":4},"end":{"line":26,"column":null}},"23":{"start":{"line":28,"column":4},"end":{"line":30,"column":null}},"24":{"start":{"line":29,"column":6},"end":{"line":29,"column":null}},"25":{"start":{"line":31,"column":4},"end":{"line":31,"column":null}},"26":{"start":{"line":35,"column":19},"end":{"line":35,"column":null}}},"fnMap":{"0":{"name":"GETHandler","decl":{"start":{"line":10,"column":15},"end":{"line":10,"column":26}},"loc":{"start":{"line":10,"column":38},"end":{"line":33,"column":null}}}},"branchMap":{"0":{"loc":{"start":{"line":21,"column":4},"end":{"line":21,"column":null}},"type":"if","locations":[{"start":{"line":21,"column":4},"end":{"line":21,"column":null}},{"start":{},"end":{}}]},"1":{"loc":{"start":{"line":21,"column":8},"end":{"line":21,"column":27}},"type":"binary-expr","locations":[{"start":{"line":21,"column":8},"end":{"line":21,"column":16}},{"start":{"line":21,"column":16},"end":{"line":21,"column":27}}]},"2":{"loc":{"start":{"line":24,"column":4},"end":{"line":24,"column":null}},"type":"if","locations":[{"start":{"line":24,"column":4},"end":{"line":24,"column":null}},{"start":{},"end":{}}]},"3":{"loc":{"start":{"line":28,"column":4},"end":{"line":30,"column":null}},"type":"if","locations":[{"start":{"line":28,"column":4},"end":{"line":30,"column":null}},{"start":{},"end":{}}]}},"s":{"0":0,"1":0,"2":0,"3":0,"4":0,"5":0,"6":0,"7":0,"8":0,"9":0,"10":0,"11":0,"12":0,"13":0,"14":0,"15":0,"16":0,"17":0,"18":0,"19":0,"20":0,"21":0,"22":0,"23":0,"24":0,"25":0,"26":0},"f":{"0":0},"b":{"0":[0,0],"1":[0,0],"2":[0,0],"3":[0,0]}}
,"C:\\Users\\Dontae-PC\\my-app\\app\\api\\media\\signed-upload\\route.ts": {"path":"C:\\Users\\Dontae-PC\\my-app\\app\\api\\media\\signed-upload\\route.ts","statementMap":{"0":{"start":{"line":36,"column":13},"end":{"line":36,"column":20}},"1":{"start":{"line":8,"column":13},"end":{"line":8,"column":23}},"2":{"start":{"line":1,"column":29},"end":{"line":1,"column":null}},"3":{"start":{"line":2,"column":27},"end":{"line":2,"column":null}},"4":{"start":{"line":3,"column":28},"end":{"line":3,"column":null}},"5":{"start":{"line":4,"column":25},"end":{"line":4,"column":null}},"6":{"start":{"line":5,"column":35},"end":{"line":5,"column":null}},"7":{"start":{"line":6,"column":27},"end":{"line":6,"column":null}},"8":{"start":{"line":8,"column":23},"end":{"line":8,"column":null}},"9":{"start":{"line":11,"column":2},"end":{"line":33,"column":null}},"10":{"start":{"line":12,"column":31},"end":{"line":12,"column":null}},"11":{"start":{"line":14,"column":17},"end":{"line":14,"column":null}},"12":{"start":{"line":15,"column":36},"end":{"line":15,"column":null}},"13":{"start":{"line":18,"column":44},"end":{"line":18,"column":null}},"14":{"start":{"line":19,"column":4},"end":{"line":19,"column":null}},"15":{"start":{"line":19,"column":27},"end":{"line":19,"column":null}},"16":{"start":{"line":22,"column":17},"end":{"line":22,"column":87}},"17":{"start":{"line":24,"column":28},"end":{"line":24,"column":null}},"18":{"start":{"line":25,"column":4},"end":{"line":25,"column":null}},"19":{"start":{"line":25,"column":15},"end":{"line":25,"column":null}},"20":{"start":{"line":27,"column":4},"end":{"line":27,"column":null}},"21":{"start":{"line":29,"column":4},"end":{"line":31,"column":null}},"22":{"start":{"line":30,"column":6},"end":{"line":30,"column":null}},"23":{"start":{"line":32,"column":4},"end":{"line":32,"column":null}},"24":{"start":{"line":36,"column":20},"end":{"line":36,"column":null}}},"fnMap":{"0":{"name":"POSTHandler","decl":{"start":{"line":10,"column":15},"end":{"line":10,"column":27}},"loc":{"start":{"line":10,"column":39},"end":{"line":34,"column":null}}}},"branchMap":{"0":{"loc":{"start":{"line":19,"column":4},"end":{"line":19,"column":null}},"type":"if","locations":[{"start":{"line":19,"column":4},"end":{"line":19,"column":null}},{"start":{},"end":{}}]},"1":{"loc":{"start":{"line":19,"column":8},"end":{"line":19,"column":27}},"type":"binary-expr","locations":[{"start":{"line":19,"column":8},"end":{"line":19,"column":16}},{"start":{"line":19,"column":16},"end":{"line":19,"column":27}}]},"2":{"loc":{"start":{"line":25,"column":4},"end":{"line":25,"column":null}},"type":"if","locations":[{"start":{"line":25,"column":4},"end":{"line":25,"column":null}},{"start":{},"end":{}}]},"3":{"loc":{"start":{"line":29,"column":4},"end":{"line":31,"column":null}},"type":"if","locations":[{"start":{"line":29,"column":4},"end":{"line":31,"column":null}},{"start":{},"end":{}}]}},"s":{"0":0,"1":0,"2":0,"3":0,"4":0,"5":0,"6":0,"7":0,"8":0,"9":0,"10":0,"11":0,"12":0,"13":0,"14":0,"15":0,"16":0,"17":0,"18":0,"19":0,"20":0,"21":0,"22":0,"23":0,"24":0},"f":{"0":0},"b":{"0":[0,0],"1":[0,0],"2":[0,0],"3":[0,0]}}
,"C:\\Users\\Dontae-PC\\my-app\\app\\api\\n8n\\reliability\\circuit-breaker\\reset\\route.ts": {"path":"C:\\Users\\Dontae-PC\\my-app\\app\\api\\n8n\\reliability\\circuit-breaker\\reset\\route.ts","statementMap":{"0":{"start":{"line":14,"column":22},"end":{"line":14,"column":27}},"1":{"start":{"line":12,"column":13},"end":{"line":12,"column":23}},"2":{"start":{"line":8,"column":42},"end":{"line":8,"column":null}},"3":{"start":{"line":9,"column":31},"end":{"line":9,"column":null}},"4":{"start":{"line":10,"column":40},"end":{"line":10,"column":null}},"5":{"start":{"line":12,"column":23},"end":{"line":12,"column":null}},"6":{"start":{"line":15,"column":2},"end":{"line":61,"column":null}},"7":{"start":{"line":16,"column":17},"end":{"line":16,"column":null}},"8":{"start":{"line":17,"column":34},"end":{"line":17,"column":null}},"9":{"start":{"line":19,"column":4},"end":{"line":24,"column":null}},"10":{"start":{"line":20,"column":6},"end":{"line":22,"column":null}},"11":{"start":{"line":27,"column":27},"end":{"line":27,"column":null}},"12":{"start":{"line":28,"column":4},"end":{"line":28,"column":null}},"13":{"start":{"line":31,"column":21},"end":{"line":31,"column":null}},"14":{"start":{"line":32,"column":31},"end":{"line":33,"column":null}},"15":{"start":{"line":35,"column":4},"end":{"line":38,"column":null}},"16":{"start":{"line":36,"column":6},"end":{"line":36,"column":null}},"17":{"start":{"line":40,"column":4},"end":{"line":40,"column":null}},"18":{"start":{"line":42,"column":21},"end":{"line":48,"column":null}},"19":{"start":{"line":50,"column":4},"end":{"line":50,"column":null}},"20":{"start":{"line":53,"column":4},"end":{"line":53,"column":null}},"21":{"start":{"line":54,"column":4},"end":{"line":59,"column":null}}},"fnMap":{"0":{"name":"POST","decl":{"start":{"line":14,"column":22},"end":{"line":14,"column":27}},"loc":{"start":{"line":14,"column":47},"end":{"line":62,"column":null}}}},"branchMap":{"0":{"loc":{"start":{"line":19,"column":4},"end":{"line":24,"column":null}},"type":"if","locations":[{"start":{"line":19,"column":4},"end":{"line":24,"column":null}},{"start":{},"end":{}}]},"1":{"loc":{"start":{"line":35,"column":4},"end":{"line":38,"column":null}},"type":"if","locations":[{"start":{"line":35,"column":4},"end":{"line":38,"column":null}},{"start":{},"end":{}}]},"2":{"loc":{"start":{"line":40,"column":75},"end":{"line":40,"column":95}},"type":"binary-expr","locations":[{"start":{"line":40,"column":75},"end":{"line":40,"column":85}},{"start":{"line":40,"column":85},"end":{"line":40,"column":95}}]},"3":{"loc":{"start":{"line":45,"column":14},"end":{"line":45,"column":null}},"type":"binary-expr","locations":[{"start":{"line":45,"column":14},"end":{"line":45,"column":24}},{"start":{"line":45,"column":24},"end":{"line":45,"column":null}}]},"4":{"loc":{"start":{"line":57,"column":17},"end":{"line":57,"column":null}},"type":"cond-expr","locations":[{"start":{"line":57,"column":42},"end":{"line":57,"column":55}},{"start":{"line":57,"column":58},"end":{"line":57,"column":null}}]}},"s":{"0":0,"1":0,"2":0,"3":0,"4":0,"5":0,"6":0,"7":0,"8":0,"9":0,"10":0,"11":0,"12":0,"13":0,"14":0,"15":0,"16":0,"17":0,"18":0,"19":0,"20":0,"21":0},"f":{"0":0},"b":{"0":[0,0],"1":[0,0],"2":[0,0],"3":[0,0],"4":[0,0]}}
,"C:\\Users\\Dontae-PC\\my-app\\app\\api\\n8n\\reliability\\dlq\\route.ts": {"path":"C:\\Users\\Dontae-PC\\my-app\\app\\api\\n8n\\reliability\\dlq\\route.ts","statementMap":{"0":{"start":{"line":90,"column":22},"end":{"line":90,"column":29}},"1":{"start":{"line":17,"column":22},"end":{"line":17,"column":26}},"2":{"start":{"line":47,"column":22},"end":{"line":47,"column":27}},"3":{"start":{"line":13,"column":13},"end":{"line":13,"column":23}},"4":{"start":{"line":10,"column":42},"end":{"line":10,"column":null}},"5":{"start":{"line":11,"column":32},"end":{"line":11,"column":null}},"6":{"start":{"line":13,"column":23},"end":{"line":13,"column":null}},"7":{"start":{"line":15,"column":12},"end":{"line":15,"column":null}},"8":{"start":{"line":18,"column":2},"end":{"line":44,"column":null}},"9":{"start":{"line":19,"column":16},"end":{"line":19,"column":null}},"10":{"start":{"line":20,"column":21},"end":{"line":20,"column":null}},"11":{"start":{"line":21,"column":18},"end":{"line":21,"column":null}},"12":{"start":{"line":23,"column":21},"end":{"line":23,"column":null}},"13":{"start":{"line":25,"column":21},"end":{"line":31,"column":null}},"14":{"start":{"line":33,"column":4},"end":{"line":33,"column":null}},"15":{"start":{"line":36,"column":4},"end":{"line":36,"column":null}},"16":{"start":{"line":37,"column":4},"end":{"line":42,"column":null}},"17":{"start":{"line":48,"column":2},"end":{"line":87,"column":null}},"18":{"start":{"line":49,"column":17},"end":{"line":49,"column":null}},"19":{"start":{"line":50,"column":35},"end":{"line":50,"column":null}},"20":{"start":{"line":52,"column":4},"end":{"line":57,"column":null}},"21":{"start":{"line":53,"column":6},"end":{"line":55,"column":null}},"22":{"start":{"line":59,"column":4},"end":{"line":76,"column":null}},"23":{"start":{"line":60,"column":22},"end":{"line":60,"column":null}},"24":{"start":{"line":62,"column":23},"end":{"line":67,"column":null}},"25":{"start":{"line":69,"column":6},"end":{"line":69,"column":null}},"26":{"start":{"line":72,"column":6},"end":{"line":74,"column":null}},"27":{"start":{"line":79,"column":4},"end":{"line":79,"column":null}},"28":{"start":{"line":80,"column":4},"end":{"line":85,"column":null}},"29":{"start":{"line":91,"column":2},"end":{"line":121,"column":null}},"30":{"start":{"line":92,"column":16},"end":{"line":92,"column":null}},"31":{"start":{"line":93,"column":22},"end":{"line":93,"column":null}},"32":{"start":{"line":95,"column":4},"end":{"line":100,"column":null}},"33":{"start":{"line":96,"column":6},"end":{"line":98,"column":null}},"34":{"start":{"line":102,"column":20},"end":{"line":102,"column":null}},"35":{"start":{"line":104,"column":21},"end":{"line":108,"column":null}},"36":{"start":{"line":110,"column":4},"end":{"line":110,"column":null}},"37":{"start":{"line":113,"column":4},"end":{"line":113,"column":null}},"38":{"start":{"line":114,"column":4},"end":{"line":119,"column":null}}},"fnMap":{"0":{"name":"GET","decl":{"start":{"line":17,"column":22},"end":{"line":17,"column":26}},"loc":{"start":{"line":17,"column":46},"end":{"line":45,"column":null}}},"1":{"name":"POST","decl":{"start":{"line":47,"column":22},"end":{"line":47,"column":27}},"loc":{"start":{"line":47,"column":47},"end":{"line":88,"column":null}}},"2":{"name":"DELETE","decl":{"start":{"line":90,"column":22},"end":{"line":90,"column":29}},"loc":{"start":{"line":90,"column":49},"end":{"line":122,"column":null}}}},"branchMap":{"0":{"loc":{"start":{"line":21,"column":27},"end":{"line":21,"column":null}},"type":"binary-expr","locations":[{"start":{"line":21,"column":27},"end":{"line":21,"column":60}},{"start":{"line":21,"column":60},"end":{"line":21,"column":null}}]},"1":{"loc":{"start":{"line":23,"column":43},"end":{"line":23,"column":66}},"type":"binary-expr","locations":[{"start":{"line":23,"column":43},"end":{"line":23,"column":55}},{"start":{"line":23,"column":55},"end":{"line":23,"column":66}}]},"2":{"loc":{"start":{"line":40,"column":17},"end":{"line":40,"column":null}},"type":"cond-expr","locations":[{"start":{"line":40,"column":42},"end":{"line":40,"column":55}},{"start":{"line":40,"column":58},"end":{"line":40,"column":null}}]},"3":{"loc":{"start":{"line":52,"column":4},"end":{"line":57,"column":null}},"type":"if","locations":[{"start":{"line":52,"column":4},"end":{"line":57,"column":null}},{"start":{},"end":{}}]},"4":{"loc":{"start":{"line":59,"column":4},"end":{"line":76,"column":null}},"type":"if","locations":[{"start":{"line":59,"column":4},"end":{"line":76,"column":null}},{"start":{"line":71,"column":11},"end":{"line":76,"column":null}}]},"5":{"loc":{"start":{"line":83,"column":17},"end":{"line":83,"column":null}},"type":"cond-expr","locations":[{"start":{"line":83,"column":42},"end":{"line":83,"column":55}},{"start":{"line":83,"column":58},"end":{"line":83,"column":null}}]},"6":{"loc":{"start":{"line":95,"column":4},"end":{"line":100,"column":null}},"type":"if","locations":[{"start":{"line":95,"column":4},"end":{"line":100,"column":null}},{"start":{},"end":{}}]},"7":{"loc":{"start":{"line":117,"column":17},"end":{"line":117,"column":null}},"type":"cond-expr","locations":[{"start":{"line":117,"column":42},"end":{"line":117,"column":55}},{"start":{"line":117,"column":58},"end":{"line":117,"column":null}}]}},"s":{"0":0,"1":0,"2":0
[...]
umn":null}},"type":"if","locations":[{"start":{"line":49,"column":4},"end":{"line":51,"column":null}},{"start":{},"end":{}}]},"1":{"loc":{"start":{"line":49,"column":8},"end":{"line":49,"column":44}},"type":"binary-expr","locations":[{"start":{"line":49,"column":8},"end":{"line":49,"column":17}},{"start":{"line":49,"column":17},"end":{"line":49,"column":44}}]},"2":{"loc":{"start":{"line":57,"column":19},"end":{"line":57,"column":null}},"type":"cond-expr","locations":[{"start":{"line":57,"column":40},"end":{"line":57,"column":70}},{"start":{"line":57,"column":70},"end":{"line":57,"column":null}}]},"3":{"loc":{"start":{"line":81,"column":16},"end":{"line":81,"column":44}},"type":"binary-expr","locations":[{"start":{"line":81,"column":16},"end":{"line":81,"column":33}},{"start":{"line":81,"column":37},"end":{"line":81,"column":44}}]},"4":{"loc":{"start":{"line":93,"column":4},"end":{"line":99,"column":null}},"type":"if","locations":[{"start":{"line":93,"column":4},"end":{"line":99,"column":null}},{"start":{},"end":{}}]},"5":{"loc":{"start":{"line":95,"column":6},"end":{"line":97,"column":null}},"type":"if","locations":[{"start":{"line":95,"column":6},"end":{"line":97,"column":null}},{"start":{},"end":{}}]},"6":{"loc":{"start":{"line":123,"column":4},"end":{"line":136,"column":null}},"type":"switch","locations":[{"start":{"line":124,"column":6},"end":{"line":125,"column":null}},{"start":{"line":127,"column":6},"end":{"line":128,"column":null}},{"start":{"line":130,"column":6},"end":{"line":131,"column":null}},{"start":{"line":133,"column":6},"end":{"line":135,"column":null}}]},"7":{"loc":{"start":{"line":125,"column":15},"end":{"line":125,"column":null}},"type":"binary-expr","locations":[{"start":{"line":125,"column":15},"end":{"line":125,"column":22}},{"start":{"line":125,"column":26},"end":{"line":125,"column":null}}]},"8":{"loc":{"start":{"line":128,"column":15},"end":{"line":128,"column":null}},"type":"cond-expr","locations":[{"start":{"line":128,"column":26},"end":{"line":128,"column":35}},{"start":{"line":128,"column":35},"end":{"line":128,"column":null}}]},"9":{"loc":{"start":{"line":128,"column":35},"end":{"line":128,"column":null}},"type":"binary-expr","locations":[{"start":{"line":128,"column":35},"end":{"line":128,"column":59}},{"start":{"line":128,"column":59},"end":{"line":128,"column":84}},{"start":{"line":128,"column":84},"end":{"line":128,"column":null}}]},"10":{"loc":{"start":{"line":131,"column":15},"end":{"line":131,"column":null}},"type":"binary-expr","locations":[{"start":{"line":131,"column":15},"end":{"line":131,"column":28}},{"start":{"line":131,"column":32},"end":{"line":131,"column":39}},{"start":{"line":131,"column":43},"end":{"line":131,"column":52}},{"start":{"line":131,"column":56},"end":{"line":131,"column":null}}]},"11":{"loc":{"start":{"line":135,"column":15},"end":{"line":135,"column":null}},"type":"binary-expr","locations":[{"start":{"line":135,"column":15},"end":{"line":135,"column":28}},{"start":{"line":135,"column":32},"end":{"line":135,"column":39}},{"start":{"line":135,"column":43},"end":{"line":135,"column":52}},{"start":{"line":135,"column":56},"end":{"line":135,"column":71}},{"start":{"line":135,"column":75},"end":{"line":135,"column":null}}]},"12":{"loc":{"start":{"line":155,"column":2},"end":{"line":162,"column":null}},"type":"if","locations":[{"start":{"line":155,"column":2},"end":{"line":162,"column":null}},{"start":{},"end":{}}]},"13":{"loc":{"start":{"line":166,"column":2},"end":{"line":169,"column":null}},"type":"if","locations":[{"start":{"line":166,"column":2},"end":{"line":169,"column":null}},{"start":{},"end":{}}]}},"s":{"0":4,"1":6,"2":3,"3":2,"4":2,"5":4,"6":4,"7":4,"8":4,"9":4,"10":0,"11":4,"12":4,"13":0,"14":0,"15":5,"16":5,"17":5,"18":5,"19":5,"20":5,"21":0,"22":0,"23":0,"24":5,"25":0,"26":0,"27":10,"28":10,"29":10,"30":9,"31":1,"32":2,"33":2,"34":4,"35":1,"36":1,"37":4,"38":4,"39":2,"40":2,"41":2,"42":2,"43":2,"44":2},"f":{"0":4,"1":5,"2":10,"3":4},"b":{"0":[0,4],"1":[4,4],"2":[0,4],"3":[5,0],"4":[0,5],"5":[0,0],"6":[1,2,2,4],"7":[1,0],"8":[1,1],"9":[1,0,0],"10":[2,1,1,1],"11":[4,4,2,2,2],"12":[2,2],"13":[2,0]}}
,"C:\\Users\\Dontae-PC\\my-app\\lib\\webhooks\\index.ts": {"path":"C:\\Users\\Dontae-PC\\my-app\\lib\\webhooks\\index.ts","statementMap":{"0":{"start":{"line":164,"column":16},"end":{"line":164,"column":null}},"1":{"start":{"line":143,"column":16},"end":{"line":143,"column":null}},"2":{"start":{"line":122,"column":16},"end":{"line":122,"column":null}},"3":{"start":{"line":46,"column":16},"end":{"line":46,"column":null}},"4":{"start":{"line":8,"column":42},"end":{"line":8,"column":null}},"5":{"start":{"line":9,"column":67},"end":{"line":9,"column":null}},"6":{"start":{"line":10,"column":57},"end":{"line":10,"column":null}},"7":{"start":{"line":50,"column":2},"end":{"line":116,"column":null}},"8":{"start":{"line":51,"column":4},"end":{"line":115,"column":null}},"9":{"start":{"line":53,"column":25},"end":{"line":55,"column":null}},"10":{"start":{"line":57,"column":6},"end":{"line":63,"column":null}},"11":{"start":{"line":58,"column":8},"end":{"line":58,"column":null}},"12":{"start":{"line":59,"column":8},"end":{"line":61,"column":null}},"13":{"start":{"line":66,"column":32},"end":{"line":66,"column":null}},"14":{"start":{"line":68,"column":6},"end":{"line":79,"column":null}},"15":{"start":{"line":69,"column":8},"end":{"line":69,"column":null}},"16":{"start":{"line":82,"column":28},"end":{"line":82,"column":null}},"17":{"start":{"line":83,"column":19},"end":{"line":83,"column":null}},"18":{"start":{"line":86,"column":6},"end":{"line":93,"column":null}},"19":{"start":{"line":87,"column":8},"end":{"line":87,"column":null}},"20":{"start":{"line":89,"column":8},"end":{"line":91,"column":null}},"21":{"start":{"line":95,"column":38},"end":{"line":100,"column":null}},"22":{"start":{"line":103,"column":6},"end":{"line":103,"column":null}},"23":{"start":{"line":106,"column":6},"end":{"line":106,"column":null}},"24":{"start":{"line":107,"column":6},"end":{"line":113,"column":null}},"25":{"start":{"line":127,"column":2},"end":{"line":137,"column":null}},"26":{"start":{"line":148,"column":2},"end":{"line":158,"column":null}},"27":{"start":{"line":174,"column":2},"end":{"line":184,"column":null}}},"fnMap":{"0":{"name":"withVerifiedWebhook","decl":{"start":{"line":46,"column":16},"end":{"line":46,"column":null}},"loc":{"start":{"line":48,"column":23},"end":{"line":117,"column":null}}},"1":{"name":"(anonymous_6)","decl":{"start":{"line":50,"column":9},"end":{"line":50,"column":16}},"loc":{"start":{"line":50,"column":16},"end":{"line":116,"column":null}}},"2":{"name":"withStripeWebhook","decl":{"start":{"line":122,"column":16},"end":{"line":122,"column":null}},"loc":{"start":{"line":125,"column":30},"end":{"line":138,"column":null}}},"3":{"name":"withGitHubWebhook","decl":{"start":{"line":143,"column":16},"end":{"line":143,"column":null}},"loc":{"start":{"line":146,"column":30},"end":{"line":159,"column":null}}},"4":{"name":"withGenericWebhook","decl":{"start":{"line":164,"column":16},"end":{"line":164,"column":null}},"loc":{"start":{"line":172,"column":3},"end":{"line":185,"column":null}}}},"branchMap":{"0":{"loc":{"start":{"line":53,"column":25},"end":{"line":55,"column":null}},"type":"cond-expr","locations":[{"start":{"line":54,"column":10},"end":{"line":54,"column":null}},{"start":{"line":55,"column":10},"end":{"line":55,"column":null}}]},"1":{"loc":{"start":{"line":57,"column":6},"end":{"line":63,"column":null}},"type":"if","locations":[{"start":{"line":57,"column":6},"end":{"line":63,"column":null}},{"start":{},"end":{}}]},"2":{"loc":{"start":{"line":68,"column":6},"end":{"line":79,"column":null}},"type":"if","locations":[{"start":{"line":68,"column":6},"end":{"line":79,"column":null}},{"start":{},"end":{}}]},"3":{"loc":{"start":{"line":111,"column":19},"end":{"line":111,"column":null}},"type":"cond-expr","locations":[{"start":{"line":111,"column":44},"end":{"line":111,"column":57}},{"start":{"line":111,"column":60},"end":{"line":111,"column":null}}]},"4":{"loc":{"start":{"line":124,"column":2},"end":{"line":124,"column":45}},"type":"default-arg","locations":[{"start":{"line":124,"column":22},"end":{"line":124,"column":45}}]},"5":{"loc":{"start":{"line":125,"column":2},"end":{"line":125,"column":30}},"type":"default-arg","locations":[{"start":{"line":125,"column":22},"end":{"line":125,"column":30}}]},"6":{"loc":{"start":{"line":145,"column":2},"end":{"line":145,"column":45}},"type":"default-arg","locations":[{"start":{"line":145,"column":22},"end":{"line":145,"column":45}}]},"7":{"loc":{"start":{"line":146,"column":2},"end":{"line":146,"column":30}},"type":"default-arg","locations":[{"start":{"line":146,"column":22},"end":{"line":146,"column":30}}]},"8":{"loc":{"start":{"line":182,"column":18},"end":{"line":182,"column":null}},"type":"binary-expr","locations":[{"start":{"line":182,"column":18},"end":{"line":182,"column":35}},{"start":{"line":182,"column":39},"end":{"line":182,"column":null}}]}},"s":{"0":0,"1":0,"2":0,"3":0,"4":0,"5":0,"6":0,"7":0,"8":0,"9":0,"10":0,"11":0,"12":0,"13":0,"14":0,"15":0,"16":0,"17":0,"18":0,"19":0,"20":0,"21":0,"22":0,"23":0,"24":0,"25":0,"26":0,"27":0},"f":{"0":0,"1":0,"2":0,"3":0,"4":0},"b":{"0":[0,0],"1":[0,0],"2":[0,0],"3":[0,0],"4":[0],"5":[0],"6":[0],"7":[0],"8":[0,0]}}
,"C:\\Users\\Dontae-PC\\my-app\\lib\\webhooks\\verifyHmac.ts": {"path":"C:\\Users\\Dontae-PC\\my-app\\lib\\webhooks\\verifyHmac.ts","statementMap":{"0":{"start":{"line":32,"column":16},"end":{"line":32,"column":null}},"1":{"start":{"line":119,"column":22},"end":{"line":119,"column":null}},"2":{"start":{"line":86,"column":22},"end":{"line":86,"column":null}},"3":{"start":{"line":8,"column":44},"end":{"line":8,"column":null}},"4":{"start":{"line":38,"column":2},"end":{"line":77,"column":null}},"5":{"start":{"line":39,"column":4},"end":{"line":41,"column":null}},"6":{"start":{"line":40,"column":6},"end":{"line":40,"column":null}},"7":{"start":{"line":43,"column":4},"end":{"line":45,"column":null}},"8":{"start":{"line":44,"column":6},"end":{"line":44,"column":null}},"9":{"start":{"line":48,"column":25},"end":{"line":48,"column":null}},"10":{"start":{"line":49,"column":4},"end":{"line":54,"column":null}},"11":{"start":{"line":50,"column":6},"end":{"line":52,"column":null}},"12":{"start":{"line":51,"column":8},"end":{"line":51,"column":null}},"13":{"start":{"line":53,"column":6},"end":{"line":53,"column":null}},"14":{"start":{"line":57,"column":30},"end":{"line":59,"column":null}},"15":{"start":{"line":62,"column":27},"end":{"line":62,"column":null}},"16":{"start":{"line":63,"column":27},"end":{"line":63,"column":null}},"17":{"start":{"line":65,"column":4},"end":{"line":67,"column":null}},"18":{"start":{"line":66,"column":6},"end":{"line":66,"column":null}},"19":{"start":{"line":69,"column":20},"end":{"line":69,"column":null}},"20":{"start":{"line":71,"column":4},"end":{"line":71,"column":null}},"21":{"start":{"line":73,"column":4},"end":{"line":76,"column":null}},"22":{"start":{"line":90,"column":2},"end":{"line":112,"column":null}},"23":{"start":{"line":91,"column":22},"end":{"line":91,"column":null}},"24":{"start":{"line":92,"column":19},"end":{"line":92,"column":48}},"25":{"start":{"line":94,"column":4},"end":{"line":96,"column":null}},"26":{"start":{"line":95,"column":6},"end":{"line":95,"column":null}},"27":{"start":{"line":98,"column":4},"end":{"line":100,"column":null}},"28":{"start":{"line":99,"column":6},"end":{"line":99,"column":null}},"29":{"start":{"line":103,"column":26},"end":{"line":103,"column":null}},"30":{"start":{"line":104,"column":20},"end":{"line":104,"column":null}},"31":{"start":{"line":106,"column":4},"end":{"line":106,"column":null}},"32":{"start":{"line":108,"column":4},"end":{"line":111,"column":null}},"33":{"start":{"line":123,"column":2},"end":{"line":178,"column":null}},"34":{"start":{"line":124,"column":22},"end":{"line":124,"column":null}},"35":{"start":{"line":125,"column":19},"end":{"line":125,"column":41}},"36":{"start":{"line":127,"column":4},"end":{"line":129,"column":null}},"37":{"start":{"line":128,"column":6},"end":{"line":128,"column":null}},"38":{"start":{"line":131,"column":4},"end":{"line":133,"column":null}},"39":{"start":{"line":132,"column":6},"end":{"line":132,"column":null}},"40":{"start":{"line":135,"column":26},"end":{"line":135,"column":null}},"41":{"start":{"line":136,"column":20},"end":{"line":136,"column":null}},"42":{"start":{"line":139,"column":21},"end":{"line":139,"column":null}},"43":{"start":{"line":140,"column":22},"end":{"line":140,"column":77}},"44":{"start":{"line":140,"column":42},"end":{"line":140,"column":64}},"45":{"start":{"line":141,"column":23},"end":{"line":141,"column":null}},"46":{"start":{"line":141,"column":45},"end":{"line":141,"column":67}},"47":{"start":{"line":141,"column":77},"end":{"line":141,"column":93}},"48":{"start":{"line":143,"column":4},"end":{"line":145,"column":null}},"49":{"start":{"line":144,"column":6},"end":{"line":144,"column":null}},"50":{"start":{"line":148,"column":24},"end":{"line":148,"column":null}},"51":{"start":{"line":149,"column":22},"end":{"line":149,"column":null}},"52":{"start":{"line":150,"column":4},"end":{"line":152,"column":null}},"53":{"start":{"line":151,"column":6},"end":{"line":151,"column":null}},"54":{"start":{"line":155,"column":26},"end":{"line":155,"column":51}},"55":{"start":{"line":156,"column":30},"end":{"line":158,"column":null}},"56":{"start":{"line":161,"column":27},"end":{"line":161,"column":null}},"57":{"start":{"line":162,"column":20},"end":{"line":170,"column":null}},"58":{"start":{"line":163,"column":6},"end":{"line":169,"column":null}},"59":{"start":{"line":164,"column":31},"end":{"line":164,"column":null}},"60":{"start":{"line":165,"column":8},"end":{"line":166,"column":null}},"61":{"start":{"line":168,"column":8},"end":{"line":168,"column":null}},"62":{"start":{"line":172,"column":4},"end":{"line":172,"column":null}},"63":{"start":{"line":174,"column":4},"end":{"line":177,"column":null}}},"fnMap":{"0":{"name":"verifyHmacSignature","decl":{"start":{"line":32,"column":16},"end":{"line":32,"column":null}},"loc":{"start":{"line":36,"column":17},"end":{"line":78,"column":null}}},"1":{"name":"verifyWebhookHmac","decl":{"start":{"line":86,"column":22},"end":{"line":86,"column":null}},"loc":{"start":{"line":88,"column":20},"end":{"line":113,"column":null}}},"2":{"name":"verifyStripeWebhook","decl":{"start":{"line":119,"column":22},"end":{"line":119,"column":null}},"loc":{"start":{"line":121,"column":45},"end":{"line":179,"column":null}}},"3":{"name":"(anonymous_7)","decl":{"start":{"line":140,"column":36},"end":{"line":140,"column":42}},"loc":{"start":{"line":140,"column":42},"end":{"line":140,"column":64}}},"4":{"name":"(anonymous_8)","decl":{"start":{"line":141,"column":39},"end":{"line":141,"column":45}},"loc":{"start":{"line":141,"column":45},"end":{"line":141,"column":67}}},"5":{"name":"(anonymous_9)","decl":{"start":{"line":141,"column":71},"end":{"line":141,"column":77}},"loc":{"start":{"line":141,"column":77},"end":{"line":141,"column":93}}},"6":{"name":"(anonymous_10)","decl":{"start":{"line":162,"column":36},"end":{"line":162,"column":null}},"loc":{"start":{"line":162,"column":36},"end":{"line":170,"column":null}}}},"branchMap":{"0":{"loc":{"start":{"line":39,"column":4},"end":{"line":41,"column":null}},"type":"if","locations":[{"start":{"line":39,"column":4},"end":{"line":41,"column":null}},{"start":{},"end":{}}]},"1":{"loc":{"start":{"line":43,"column":4},"end":{"line":45,"column":null}},"type":"if","locations":[{"start":{"line":43,"column":4},"end":{"line":45,"column":null}},{"start":{},"end":{}}]},"2":{"loc":{"start":{"line":49,"column":4},"end":{"line":54,"column":null}},"type":"if","locations":[{"start":{"line":49,"column":4},"end":{"line":54,"column":null}},{"start":{},"end":{}}]},"3":{"loc":{"start":{"line":50,"column":6},"end":{"line":52,"column":null}},"type":"if","locations":[{"start":{"line":50,"column":6},"end":{"line":52,"column":null}},{"start":{},"end":{}}]},"4":{"loc":{"start":{"line":65,"column":4},"end":{"line":67,"column":null}},"type":"if","locations":[{"start":{"line":65,"column":4},"end":{"line":67,"column":null}},{"start":{},"end":{}}]},"5":{"loc":{"start":{"line":71,"column":29},"end":{"line":71,"column":71}},"type":"cond-expr","locations":[{"start":{"line":71,"column":39},"end":{"line":71,"column":51}},{"start":{"line":71,"column":51},"end":{"line":71,"column":71}}]},"6":{"loc":{"start":{"line":75,"column":36},"end":{"line":75,"column":94}},"type":"cond-expr","locations":[{"start":{"line":75,"column":61},"end":{"line":75,"column":74}},{"start":{"line":75,"column":77},"end":{"line":75,"column":94}}]},"7":{"loc":{"start":{"line":94,"column":4},"end":{"line":96,"column":null}},"type":"if","locations":[{"start":{"line":94,"column":4},"end":{"line":96,"column":null}},{"start":{},"end":{}}]},"8":{"loc":{"start":{"line":98,"column":4},"end":{"line":100,"column":null}},"type":"if","locations":[{"start":{"line":98,"column":4},"end":{"line":100,"column":null}},{"start":{},"end":{}}]},"9":{"loc":{"start":{"line":110,"column":42},"end":{"line":110,"column":100}},"type":"cond-expr","locations":[{"start":{"line":110,"column":67},"end":{"line":110,"column":80}},{"start":{"line":110,"column":83},"end":{"line":110,"column":100}}]},"10":{"loc":{"start":{"line":121,"column":2},"end":{"line":121,"column":45}},"type":"default-arg","locations":[{"start":{"line":121,"column":22},"end":{"line":121,"column":45}}]},"11":{"loc":{"start":{"line":127,"column":4},"end":{"line":129,"column":null}},"type":"if","locations":[{"start":{"line":127,"column":4},"end":{"line":129,"column":null}},{"start":{},"end":{}}]},"12":{"loc":{"start":{"line":131,"column":4},"end":{"line":133,"column":null}},"type":"if","locations":[{"start":{"line":131,"column":4},"end":{"line":133,"column":null}},{"start":{},"end":{}}]},"13":{"loc":{"start":{"line":143,"column":4},"end":{"line":145,"column":null}},"type":"if","locations":[{"start":{"line":143,"column":4},"end":{"line":145,"column":null}},{"start":{},"end":{}}]},"14":{"loc":{"start":{"line":143,"column":8},"end":{"line":143,"column":47}},"type":"binary-expr","locations":[{"start":{"line":143,"column":8},"end":{"line":143,"column":22}},{"start":{"line":143,"column":22},"end":{"line":143,"column":47}}]},"15":{"loc":{"start":{"line":150,"column":4},"end":{"line":152,"column":null}},"type":"if","locations":[{"start":{"line":150,"column":4},"end":{"line":152,"column":null}},{"start":{},"end":{}}]},"16":{"loc":{"start":{"line":165,"column":15},"end":{"line":166,"column":null}},"type":"binary-expr","locations":[{"start":{"line":165,"column":15},"end":{"line":165,"column":62}},{"start":{"line":166,"column":15},"end":{"line":166,"column":null}}]},"17":{"loc":{"start":{"line":172,"column":29},"end":{"line":172,"column":78}},"type":"cond-expr","locations":[{"start":{"line":172,"column":39},"end":{"line":172,"column":51}},{"start":{"line":172,"column":51},"end":{"line":172,"column":78}}]},"18":{"loc":{"start":{"line":176,"column":43},"end":{"line":176,"column":101}},"type":"cond-expr","locations":[{"start":{"line":176,"column":68},"end":{"line":176,"column":81}},{"start":{"line":176,"column":84},"end":{"line":176,"column":101}}]}},"s":{"0":6,"1":3,"2":5,"3":2,"4":9,"5":9,"6":1,"7":8,"8":1,"9":7,"10":7,"11":6,"12":1,"13":5,"14":6,"15":6,"16":6,"17":6,"18":2,"19":4,"20":4,"21":0,"22":5,"23":5,"24":5,"25":5,"26":1,"27":4,"28":1,"29":3,"30":3,"31":3,"32":0,"33":3,"34":3,"35":3,"36":3,"37":0,"38":3,"39":0,"40":3,"41":3,"42":3,"43":3,"44":3,"45":3,"46":5,"47":2,"48":3,"49":1,"50":2,"51":2,"52":2,"53":1,"54":1,"55":1,"56":1,"57":1,"58":1,"59":1,"60":1,"61":0,"62":1,"63":0},"f":{"0":9,"1":5,"2":3,"3":3,"4":5,"5":2,"6":1},"b":{"0":[1,8],"1":[1,7],"2":[6,1],"3":[1,5],"4":[2,4],"5":[4,0],"6":[0,0],"7":[1,4],"8":[1,3],"9":[0,0],"10":[0],"11":[0,3],"12":[0,3],"13":[1,2],"14":[3,2],"15":[1,1],"16":[1,1],"17":[1,0],"18":[0,0]}}
}
