TN:
SF:app\error.tsx
FN:3,Error
FN:10,(anonymous_2)
FNF:2
FNH:0
FNDA:0,Error
FNDA:0,(anonymous_2)
DA:3,0
DA:10,0
LF:2
LH:0
BRDA:8,0,0,0
BRDA:8,0,1,0
BRF:2
BRH:0
end_of_record
TN:
SF:app\global-error.tsx
FN:3,GlobalError
FN:22,(anonymous_2)
FN:25,(anonymous_3)
FNF:3
FNH:0
FNDA:0,GlobalError
FNDA:0,(anonymous_2)
FNDA:0,(anonymous_3)
DA:3,0
DA:4,0
DA:22,0
DA:25,0
LF:4
LH:0
BRDA:11,0,0,0
BRDA:11,0,1,0
BRDA:13,1,0,0
BRDA:13,1,1,0
BRF:4
BRH:0
end_of_record
TN:
SF:app\layout.tsx
FN:14,RootLayout
FNF:1
FNH:0
FNDA:0,RootLayout
DA:1,0
DA:2,0
DA:3,0
DA:6,0
DA:7,0
DA:8,0
DA:10,0
DA:12,0
DA:14,0
LF:9
LH:0
BRDA:25,0,0,0
BRF:1
BRH:0
end_of_record
TN:
SF:app\page.tsx
FN:6,Home
FNF:1
FNH:0
FNDA:0,Home
DA:1,0
DA:2,0
DA:4,0
DA:6,0
LF:4
LH:0
BRDA:18,0,0,0
BRF:1
BRH:0
end_of_record
TN:
SF:app\adapters\clientService.ts
FN:5,listClients
FN:50,(anonymous_6)
FN:56,getClientsWithFullName
FN:60,getClientById
FN:62,(anonymous_9)
FN:65,inviteClient
FNF:6
FNH:0
FNDA:0,listClients
FNDA:0,(anonymous_6)
FNDA:0,getClientsWithFullName
FNDA:0,getClientById
FNDA:0,(anonymous_9)
FNDA:0,inviteClient
DA:5,0
DA:8,0
DA:50,0
DA:56,0
DA:57,0
DA:60,0
DA:61,0
DA:62,0
DA:65,0
LF:9
LH:0
BRDA:62,0,0,0
BRDA:62,0,1,0
BRF:2
BRH:0
end_of_record
TN:
SF:app\adapters\progressService.ts
FN:60,getProgressSummary
FN:154,getClientProgressData
FN:246,logProgressEntry
FNF:3
FNH:0
FNDA:0,getProgressSummary
FNDA:0,getClientProgressData
FNDA:0,logProgressEntry
DA:60,0
DA:69,0
DA:71,0
DA:81,0
DA:98,0
DA:125,0
DA:146,0
DA:154,0
DA:163,0
DA:173,0
DA:190,0
DA:217,0
DA:238,0
DA:246,0
LF:14
LH:0
BRF:0
BRH:0
end_of_record
TN:
SF:app\adapters\sessionService.ts
FN:3,listSessions
FN:61,getSessionById
FN:63,(anonymous_9)
FN:66,createSession
FN:97,updateSession
FN:118,deleteSession
FN:129,updateRSVP
FNF:7
FNH:0
FNDA:0,listSessions
FNDA:0,getSessionById
FNDA:0,(anonymous_9)
FNDA:0,createSession
FNDA:0,updateSession
FNDA:0,deleteSession
FNDA:0,updateRSVP
DA:3,0
DA:6,0
DA:61,0
DA:62,0
DA:63,0
DA:66,0
DA:71,0
DA:94,0
DA:97,0
DA:108,0
DA:109,0
DA:111,0
DA:118,0
DA:129,0
LF:14
LH:0
BRDA:63,0,0,0
BRDA:63,0,1,0
BRDA:74,1,0,0
BRDA:74,1,1,0
BRDA:75,2,0,0
BRDA:75,2,1,0
BRDA:76,3,0,0
BRDA:76,3,1,0
BRDA:77,4,0,0
BRDA:77,4,1,0
BRDA:78,5,0,0
BRDA:78,5,1,0
BRDA:79,6,0,0
BRDA:79,6,1,0
BRDA:82,7,0,0
BRDA:82,7,1,0
BRDA:83,8,0,0
BRDA:83,8,1,0
BRDA:84,9,0,0
BRDA:84,9,1,0
BRDA:85,10,0,0
BRDA:85,10,1,0
BRDA:86,11,0,0
BRDA:86,11,1,0
BRDA:109,12,0,0
BRDA:109,12,1,0
BRF:26
BRH:0
end_of_record
TN:
SF:app\api\admin\flags\route.ts
FN:5,PUT
FN:49,GET
FNF:2
FNH:0
FNDA:0,PUT
FNDA:0,GET
DA:1,0
DA:2,0
DA:3,0
DA:5,0
DA:6,0
DA:7,0
DA:8,0
DA:10,0
DA:11,0
DA:15,0
DA:16,0
DA:17,0
DA:20,0
DA:21,0
DA:23,0
DA:24,0
DA:30,0
DA:32,0
DA:33,0
DA:39,0
DA:41,0
DA:42,0
DA:49,0
DA:50,0
DA:51,0
DA:52,0
DA:54,0
DA:55,0
DA:59,0
DA:60,0
DA:61,0
DA:64,0
DA:65,0
DA:67,0
DA:68,0
DA:75,0
DA:81,0
DA:82,0
DA:88,0
DA:90,0
DA:91,0
LF:41
LH:0
BRDA:10,0,0,0
BRDA:10,0,1,0
BRDA:16,1,0,0
BRDA:16,1,1,0
BRDA:23,2,0,0
BRDA:23,2,1,0
BRDA:23,3,0,0
BRDA:23,3,1,0
BRDA:23,3,2,0
BRDA:30,4,0,0
BRDA:30,4,1,0
BRDA:32,5,0,0
BRDA:32,5,1,0
BRDA:54,6,0,0
BRDA:54,6,1,0
BRDA:60,7,0,0
BRDA:60,7,1,0
BRDA:67,8,0,0
BRDA:67,8,1,0
BRDA:81,9,0,0
BRDA:81,9,1,0
BRF:21
BRH:0
end_of_record
TN:
SF:app\api\ai\middleware.ts
FN:17,aiRateLimitMiddleware
FNF:1
FNH:0
FNDA:0,aiRateLimitMiddleware
DA:8,0
DA:11,0
DA:12,0
DA:15,0
DA:17,0
DA:19,0
DA:20,0
DA:23,0
DA:24,0
DA:25,0
DA:28,0
DA:29,0
DA:30,0
DA:33,0
DA:34,0
DA:36,0
DA:37,0
DA:53,0
LF:18
LH:0
BRDA:19,0,0,0
BRDA:19,0,1,0
BRDA:23,1,0,0
BRDA:23,1,1,0
BRDA:23,2,0,0
BRDA:23,2,1,0
BRDA:25,3,0,0
BRDA:25,3,1,0
BRDA:28,4,0,0
BRDA:28,4,1,0
BRDA:36,5,0,0
BRDA:36,5,1,0
BRF:12
BRH:0
end_of_record
TN:
SF:app\api\ai\tasks\[taskName]\route.ts
FN:21,POST
FNF:1
FNH:0
FNDA:0,POST
DA:8,0
DA:9,0
DA:10,0
DA:11,0
DA:12,0
DA:15,0
DA:18,0
DA:19,0
DA:21,0
DA:25,0
DA:26,0
DA:28,0
DA:30,0
DA:31,0
DA:35,0
DA:43,0
DA:44,0
DA:46,0
DA:53,0
DA:54,0
DA:56,0
DA:57,0
DA:58,0
DA:65,0
DA:68,0
DA:69,0
DA:76,0
DA:88,0
DA:89,0
DA:95,0
LF:30
LH:0
BRDA:30,0,0,0
BRDA:30,0,1,0
BRDA:56,1,0,0
BRDA:56,1,1,0
BRDA:56,2,0,0
BRDA:56,2,1,0
BRDA:68,3,0,0
BRDA:68,3,1,0
BRDA:79,4,0,0
BRDA:79,4,1,0
BRDA:88,5,0,0
BRDA:88,5,1,0
BRF:12
BRH:0
end_of_record
TN:
SF:app\api\db-check\route.ts
FN:11,GETHandler
FNF:1
FNH:0
FNDA:0,GETHandler
DA:1,0
DA:2,0
DA:3,0
DA:4,0
DA:5,0
DA:6,0
DA:8,0
DA:9,0
DA:12,0
DA:13,0
DA:15,0
DA:16,0
DA:19,0
DA:20,0
DA:25,0
DA:26,0
DA:28,0
DA:29,0
DA:31,0
DA:35,0
LF:20
LH:0
BRDA:15,0,0,0
BRDA:15,0,1,0
BRDA:25,1,0,0
BRDA:25,1,1,0
BRDA:26,2,0,0
BRDA:26,2,1,0
BRDA:28,3,0,0
BRDA:28,3,1,0
BRF:8
BRH:0
end_of_record
TN:
SF:app\api\debug-env\route.ts
FN:5,GET
FNF:1
FNH:0
FNDA:0,GET
DA:1,0
DA:2,0
DA:3,0
DA:5,0
DA:6,0
DA:7,0
DA:8,0
DA:10,0
DA:11,0
DA:12,0
DA:13,0
LF:11
LH:0
BRDA:7,0,0,0
BRDA:7,0,1,0
BRDA:7,1,0,0
BRDA:7,1,1,0
BRDA:7,2,0,0
BRDA:7,2,1,0
BRF:6
BRH:0
end_of_record
TN:
SF:app\api\email-smoke\route.ts
FN:3,GET
FNF:1
FNH:0
FNDA:0,GET
DA:1,0
DA:3,0
DA:4,0
DA:5,0
DA:6,0
LF:5
LH:0
BRDA:4,0,0,0
BRDA:4,0,1,0
BRF:2
BRH:0
end_of_record
TN:
SF:app\api\env-check\route.ts
FN:7,GETHandler
FNF:1
FNH:0
FNDA:0,GETHandler
DA:1,0
DA:2,0
DA:3,0
DA:5,0
DA:8,0
DA:9,0
DA:10,0
DA:12,0
DA:23,0
LF:9
LH:0
BRDA:17,0,0,0
BRDA:17,0,1,0
BRDA:18,1,0,0
BRDA:18,1,1,0
BRDA:19,2,0,0
BRDA:19,2,1,0
BRF:6
BRH:0
end_of_record
TN:
SF:app\api\guardian\backup-intent\route.ts
FN:13,POST
FN:168,GET
FN:213,(anonymous_10)
FNF:3
FNH:0
FNDA:0,POST
FNDA:0,GET
FNDA:0,(anonymous_10)
DA:1,0
DA:2,0
DA:3,0
DA:4,0
DA:5,0
DA:6,0
DA:7,0
DA:10,0
DA:11,0
DA:13,0
DA:14,0
DA:15,0
DA:17,0
DA:19,0
DA:20,0
DA:22,0
DA:25,0
DA:26,0
DA:27,0
DA:28,0
DA:36,0
DA:42,0
DA:43,0
DA:44,0
DA:61,0
DA:62,0
DA:63,0
DA:64,0
DA:65,0
DA:72,0
DA:77,0
DA:79,0
DA:81,0
DA:88,0
DA:95,0
DA:113,0
DA:121,0
DA:128,0
DA:144,0
DA:145,0
DA:148,0
DA:149,0
DA:152,0
DA:154,0
DA:168,0
DA:169,0
DA:170,0
DA:172,0
DA:174,0
DA:175,0
DA:177,0
DA:180,0
DA:181,0
DA:182,0
DA:183,0
DA:191,0
DA:197,0
DA:198,0
DA:199,0
DA:213,0
DA:214,0
DA:215,0
DA:217,0
DA:219,0
DA:225,0
DA:242,0
DA:243,0
DA:245,0
DA:246,0
DA:248,0
LF:70
LH:0
BRDA:26,0,0,0
BRDA:26,0,1,0
BRDA:39,1,0,0
BRDA:39,1,1,0
BRDA:42,2,0,0
BRDA:42,2,1,0
BRDA:52,3,0,0
BRDA:52,3,1,0
BRDA:64,4,0,0
BRDA:64,4,1,0
BRDA:64,5,0,0
BRDA:64,5,1,0
BRDA:79,6,0,0
BRDA:79,6,1,0
BRDA:113,7,0,0
BRDA:113,7,1,0
BRDA:123,8,0,0
BRDA:123,8,1,0
BRDA:145,9,0,0
BRDA:145,9,1,0
BRDA:181,10,0,0
BRDA:181,10,1,0
BRDA:194,11,0,0
BRDA:194,11,1,0
BRDA:197,12,0,0
BRDA:197,12,1,0
BRDA:207,13,0,0
BRDA:207,13,1,0
BRDA:231,14,0,0
BRDA:231,14,1,0
BRDA:233,15,0,0
BRDA:233,15,1,0
BRDA:243,16,0,0
BRDA:243,16,1,0
BRF:34
BRH:0
end_of_record
TN:
SF:app\api\guardian\emergency\route.ts
FN:8,POST
FNF:1
FNH:0
FNDA:0,POST
DA:1,0
DA:2,0
DA:5,0
DA:6,0
DA:8,0
DA:9,0
DA:11,0
DA:12,0
DA:13,0
DA:19,0
DA:20,0
DA:27,0
DA:29,0
DA:30,0
DA:37,0
DA:46,0
LF:16
LH:0
BRDA:19,0,0,0
BRDA:19,0,1,0
BRDA:19,1,0,0
BRDA:19,1,1,0
BRDA:29,2,0,0
BRDA:29,2,1,0
BRDA:49,3,0,0
BRDA:49,3,1,0
BRF:8
BRH:0
end_of_record
TN:
SF:app\api\guardian\health\route.ts
FN:8,GET
FNF:1
FNH:0
FNDA:0,GET
DA:1,0
DA:2,0
DA:5,0
DA:6,0
DA:8,0
DA:9,0
DA:11,0
DA:12,0
DA:15,0
DA:16,0
DA:18,0
DA:19,0
DA:20,0
DA:21,0
DA:22,0
DA:23,0
DA:24,0
DA:25,0
DA:26,0
DA:30,0
DA:31,0
DA:32,0
DA:33,0
DA:34,0
DA:36,0
DA:37,0
DA:38,0
DA:39,0
DA:41,0
DA:42,0
DA:43,0
DA:44,0
DA:49,0
DA:67,0
LF:34
LH:0
BRDA:18,0,0,0
BRDA:18,0,1,0
BRDA:21,1,0,0
BRDA:21,1,1,0
BRDA:23,2,0,0
BRDA:23,2,1,0
BRDA:24,3,0,0
BRDA:24,3,1,0
BRDA:31,4,0,0
BRDA:31,4,1,0
BRDA:36,5,0,0
BRDA:36,5,1,0
BRDA:38,6,0,0
BRDA:38,6,1,0
BRDA:42,7,0,0
BRDA:42,7,1,0
BRDA:54,8,0,0
BRDA:54,8,1,0
BRDA:57,9,0,0
BRDA:57,9,1,0
BRDA:71,10,0,0
BRDA:71,10,1,0
BRF:22
BRH:0
end_of_record
TN:
SF:app\api\guardian\heartbeat\route.ts
FN:12,GET
FN:110,performHealthChecks
FN:139,(anonymous_6)
FNF:3
FNH:0
FNDA:0,GET
FNDA:0,performHealthChecks
FNDA:0,(anonymous_6)
DA:1,0
DA:2,0
DA:3,0
DA:4,0
DA:5,0
DA:6,0
DA:9,0
DA:10,0
DA:12,0
DA:13,0
DA:14,0
DA:16,0
DA:18,0
DA:19,0
DA:20,0
DA:23,0
DA:26,0
DA:29,0
DA:30,0
DA:31,0
DA:32,0
DA:40,0
DA:46,0
DA:47,0
DA:48,0
DA:65,0
DA:67,0
DA:78,0
DA:83,0
DA:86,0
DA:87,0
DA:90,0
DA:91,0
DA:94,0
DA:96,0
DA:114,0
DA:117,0
DA:118,0
DA:119,0
DA:125,0
DA:126,0
DA:132,0
DA:133,0
DA:139,0
DA:140,0
DA:142,0
DA:143,0
DA:144,0
DA:145,0
DA:148,0
LF:50
LH:0
BRDA:30,0,0,0
BRDA:30,0,1,0
BRDA:43,1,0,0
BRDA:43,1,1,0
BRDA:46,2,0,0
BRDA:46,2,1,0
BRDA:56,3,0,0
BRDA:56,3,1,0
BRDA:87,4,0,0
BRDA:87,4,1,0
BRDA:120,5,0,0
BRDA:120,5,1,0
BRDA:120,6,0,0
BRDA:120,6,1,0
BRDA:127,7,0,0
BRDA:127,7,1,0
BRDA:142,8,0,0
BRDA:142,8,1,0
BRDA:144,9,0,0
BRDA:144,9,1,0
BRF:20
BRH:0
end_of_record
TN:
SF:app\api\guardian\status\route.ts
FN:8,GET
FNF:1
FNH:0
FNDA:0,GET
DA:1,0
DA:2,0
DA:5,0
DA:6,0
DA:8,0
DA:9,0
DA:10,0
DA:12,0
DA:13,0
DA:15,0
DA:22,0
LF:11
LH:0
BRDA:12,0,0,0
BRDA:12,0,1,0
BRDA:25,1,0,0
BRDA:25,1,1,0
BRF:4
BRH:0
end_of_record
TN:
SF:app\api\health\route.ts
FN:4,GET
FNF:1
FNH:0
FNDA:0,GET
DA:1,0
DA:2,0
DA:4,0
DA:5,0
LF:4
LH:0
BRDA:6,0,0,0
BRDA:6,0,1,0
BRF:2
BRH:0
end_of_record
TN:
SF:app\api\media\signed-download\route.ts
FN:10,GETHandler
FNF:1
FNH:0
FNDA:0,GETHandler
DA:1,0
DA:2,0
DA:3,0
DA:4,0
DA:5,0
DA:7,0
DA:8,0
DA:11,0
DA:12,0
DA:14,0
DA:15,0
DA:18,0
DA:19,0
DA:20,0
DA:21,0
DA:23,0
DA:24,0
DA:26,0
DA:28,0
DA:29,0
DA:31,0
DA:35,0
LF:22
LH:0
BRDA:21,0,0,0
BRDA:21,0,1,0
BRDA:21,1,0,0
BRDA:21,1,1,0
BRDA:24,2,0,0
BRDA:24,2,1,0
BRDA:28,3,0,0
BRDA:28,3,1,0
BRF:8
BRH:0
end_of_record
TN:
SF:app\api\media\signed-upload\route.ts
FN:10,POSTHandler
FNF:1
FNH:0
FNDA:0,POSTHandler
DA:1,0
DA:2,0
DA:3,0
DA:4,0
DA:5,0
DA:6,0
DA:8,0
DA:11,0
DA:12,0
DA:14,0
DA:15,0
DA:18,0
DA:19,0
DA:22,0
DA:24,0
DA:25,0
DA:27,0
DA:29,0
DA:30,0
DA:32,0
DA:36,0
LF:21
LH:0
BRDA:19,0,0,0
BRDA:19,0,1,0
BRDA:19,1,0,0
BRDA:19,1,1,0
BRDA:25,2,0,0
BRDA:25,2,1,0
BRDA:29,3,0,0
BRDA:29,3,1,0
BRF:8
BRH:0
end_of_record
TN:
SF:app\api\n8n\reliability\circuit-breaker\reset\route.ts
FN:14,POST
FNF:1
FNH:0
FNDA:0,POST
DA:8,0
DA:9,0
DA:10,0
DA:12,0
DA:14,0
DA:15,0
DA:16,0
DA:17,0
DA:19,0
DA:20,0
DA:27,0
DA:28,0
DA:31,0
DA:32,0
DA:35,0
DA:36,0
DA:40,0
DA:42,0
DA:50,0
DA:53,0
DA:54,0
LF:21
LH:0
BRDA:19,0,0,0
BRDA:19,0,1,0
BRDA:35,1,0,0
BRDA:35,1,1,0
BRDA:40,2,0,0
BRDA:40,2,1,0
BRDA:45,3,0,0
BRDA:45,3,1,0
BRDA:57,4,0,0
BRDA:57,4,1,0
BRF:10
BRH:0
end_of_record
TN:
SF:app\api\n8n\reliability\dlq\route.ts
FN:17,GET
FN:47,POST
FN:90,DELETE
FNF:3
FNH:0
FNDA:0,GET
FNDA:0,POST
FNDA:0,DELETE
DA:10,0
DA:11,0
DA:13,0
DA:15,0
DA:17,0
DA:18,0
DA:19,0
DA:20,0
DA:21,0
DA:23,0
DA:25,0
DA:33,0
DA:36,0
DA:37,0
DA:47,0
DA:48,0
DA:49,0
DA:50,0
DA:52,0
DA:53,0
DA:59,0
DA:60,0
DA:62,0
DA:69,0
DA:72,0
DA:79,0
DA:80,0
DA:90,0
DA:91,0
DA:92,0
DA:93,0
DA:95,0
DA:96,0
DA:102,0
DA:104,0
DA:110,0
DA:113,0
DA:114,0
LF:38
LH:0
BRDA:21,0,0,0
BRDA:21,0,1,0
BRDA:23,1,0,0
BRDA:23,1,1,0
BRDA:40,2,0,0
BRDA:40,2,1,0
BRDA:52,3,0,0
BRDA:52,3,1,0
BRDA:59,4,0,0
BRDA:59,4,1,0
BRDA:83,5,0,0
BRDA:83,5,1,0
BRDA:95,6,0,0
BRDA:95,6,1,0
BRDA:117,7,0,0
BRDA:117,7,1,0
BRF:16
BRH:0
end_of_record
TN:
SF:app\api\n8n\reliability\status\route.ts
FN:17,GET
FN:59,(anonymous_4)
FNF:2
FNH:0
FNDA:0,GET
FNDA:0,(anonymous_4)
DA:11,0
DA:12,0
DA:13,0
DA:15,0
DA:17,0
DA:18,0
DA:19,0
DA:20,0
DA:23,0
DA:26,0
DA:27,0
DA:30,0
DA:31,0
DA:35,0
DA:38,0
DA:39,0
DA:43,0
DA:46,0
DA:47,0
DA:50,0
DA:59,0
DA:68,0
DA:71,0
DA:72,0
LF:24
LH:0
BRDA:30,0,0,0
BRDA:30,0,1,0
BRDA:38,1,0,0
BRDA:38,1,1,0
BRDA:46,2,0,0
BRDA:46,2,1,0
BRDA:58,3,0,0
BRDA:58,3,1,0
BRDA:59,4,0,0
BRDA:59,4,1,0
BRDA:63,5,0,0
BRDA:63,5,1,0
BRDA:64,6,0,0
BRDA:64,6,1,0
BRDA:75,7,0,0
BRDA:75,7,1,0
BRF:16
BRH:0
end_of_record
TN:
SF:app\api\n8n\reliability\stripe-replay\route.ts
FN:18,GET
FN:69,POST
FN:106,DELETE
FNF:3
FNH:0
FNDA:0,GET
FNDA:0,POST
FNDA:0,DELETE
DA:10,0
DA:11,0
DA:12,0
DA:14,0
DA:16,0
DA:18,0
DA:19,0
DA:20,0
DA:21,0
DA:22,0
DA:24,0
DA:25,0
DA:31,0
DA:33,0
DA:35,0
DA:42,0
DA:46,0
DA:48,0
DA:54,0
DA:58,0
DA:59,0
DA:69,0
DA:70,0
DA:71,0
DA:72,0
DA:74,0
DA:75,0
DA:82,0
DA:84,0
DA:92,0
DA:95,0
DA:96,0
DA:106,0
DA:107,0
DA:108,0
DA:109,0
DA:111,0
DA:112,0
DA:119,0
DA:120,0
DA:125,0
DA:126,0
DA:129,0
DA:136,0
DA:139,0
DA:140,0
LF:46
LH:0
BRDA:24,0,0,0
BRDA:24,0,1,0
BRDA:31,1,0,0
BRDA:31,1,1,0
BRDA:62,2,0,0
BRDA:62,2,1,0
BRDA:74,3,0,0
BRDA:74,3,1,0
BRDA:74,4,0,0
BRDA:74,4,1,0
BRDA:99,5,0,0
BRDA:99,5,1,0
BRDA:111,6,0,0
BRDA:111,6,1,0
BRDA:125,7,0,0
BRDA:125,7,1,0
BRDA:143,8,0,0
BRDA:143,8,1,0
BRF:18
BRH:0
end_of_record
TN:
SF:app\api\ping\route.ts
FN:1,GET
FNF:1
FNH:0
FNDA:0,GET
DA:1,0
DA:2,0
LF:2
LH:0
BRF:0
BRH:0
end_of_record
TN:
SF:app\api\probe\route.ts
FN:5,GET
FNF:1
FNH:0
FNDA:0,GET
DA:2,0
DA:3,0
DA:5,0
DA:6,0
LF:4
LH:0
BRF:0
BRH:0
end_of_record
TN:
SF:app\api\test-email\route.ts
FN:3,GET
FNF:1
FNH:0
FNDA:0,GET
DA:1,0
DA:3,0
DA:4,0
DA:5,0
DA:7,0
DA:13,0
LF:6
LH:0
BRDA:5,0,0,0
BRDA:5,0,1,0
BRF:2
BRH:0
end_of_record
TN:
SF:app\api\v1\index.ts
FNF:0
FNH:0
DA:4,0
LF:1
LH:0
BRF:0
BRH:0
end_of_record
TN:
SF:app\api\v1\clients\route.ts
FN:4,GET
FNF:1
FNH:0
FNDA:0,GET
DA:1,0
DA:2,0
DA:4,0
DA:5,0
DA:6,0
DA:7,0
DA:8,0
DA:10,0
DA:11,0
DA:12,0
DA:14,0
DA:15,0
DA:17,0
DA:23,0
DA:24,0
DA:26,0
DA:28,0
LF:17
LH:0
BRDA:7,0,0,0
BRDA:7,0,1,0
BRDA:8,1,0,0
BRDA:8,1,1,0
BRDA:12,2,0,0
BRDA:12,2,1,0
BRDA:24,3,0,0
BRDA:24,3,1,0
BRDA:26,4,0,0
BRDA:26,4,1,0
BRDA:28,5,0,0
BRDA:28,5,1,0
BRF:12
BRH:0
end_of_record
TN:
SF:app\api\webhooks\generic\route.ts
FN:18,genericWebhookHandler
FN:86,handleUserCreated
FN:92,handleUserUpdated
FN:98,handleUserDeleted
FN:104,handleOrderCreated
FN:110,handleOrderUpdated
FN:116,handleNotificationSent
FNF:7
FNH:0
FNDA:0,genericWebhookHandler
FNDA:0,handleUserCreated
FNDA:0,handleUserUpdated
FNDA:0,handleUserDeleted
FNDA:0,handleOrderCreated
FNDA:0,handleOrderUpdated
FNDA:0,handleNotificationSent
DA:8,0
DA:9,0
DA:10,0
DA:12,0
DA:22,0
DA:23,0
DA:24,0
DA:26,0
DA:29,0
DA:32,0
DA:34,0
DA:35,0
DA:38,0
DA:39,0
DA:42,0
DA:43,0
DA:46,0
DA:47,0
DA:50,0
DA:51,0
DA:54,0
DA:55,0
DA:58,0
DA:60,0
DA:67,0
DA:74,0
DA:75,0
DA:88,0
DA:94,0
DA:100,0
DA:106,0
DA:112,0
DA:118,0
DA:123,0
LF:34
LH:0
BRDA:29,0,0,0
BRDA:29,0,1,0
BRDA:29,0,2,0
BRDA:29,0,3,0
BRDA:32,1,0,0
BRDA:32,1,1,0
BRDA:32,1,2,0
BRDA:32,1,3,0
BRDA:32,1,4,0
BRDA:32,1,5,0
BRDA:32,1,6,0
BRDA:77,2,0,0
BRDA:77,2,1,0
BRDA:88,3,0,0
BRDA:88,3,1,0
BRDA:94,4,0,0
BRDA:94,4,1,0
BRDA:100,5,0,0
BRDA:100,5,1,0
BRDA:106,6,0,0
BRDA:106,6,1,0
BRDA:112,7,0,0
BRDA:112,7,1,0
BRDA:118,8,0,0
BRDA:118,8,1,0
BRF:25
BRH:0
end_of_record
TN:
SF:app\api\webhooks\stripe\route.ts
FN:18,stripeWebhookHandler
FN:87,handlePaymentSucceeded
FN:93,handlePaymentFailed
FN:99,handleSubscriptionCreated
FN:105,handleSubscriptionUpdated
FN:111,handleSubscriptionDeleted
FN:117,handleInvoicePaymentSucceeded
FN:123,handleInvoicePaymentFailed
FNF:8
FNH:0
FNDA:0,stripeWebhookHandler
FNDA:0,handlePaymentSucceeded
FNDA:0,handlePaymentFailed
FNDA:0,handleSubscriptionCreated
FNDA:0,handleSubscriptionUpdated
FNDA:0,handleSubscriptionDeleted
FNDA:0,handleInvoicePaymentSucceeded
FNDA:0,handleInvoicePaymentFailed
DA:8,0
DA:9,0
DA:10,0
DA:12,0
DA:22,0
DA:23,0
DA:24,0
DA:26,0
DA:29,0
DA:31,0
DA:32,0
DA:35,0
DA:36,0
DA:39,0
DA:40,0
DA:43,0
DA:44,0
DA:47,0
DA:48,0
DA:51,0
DA:52,0
DA:55,0
DA:56,0
DA:59,0
DA:61,0
DA:68,0
DA:75,0
DA:76,0
DA:89,0
DA:95,0
DA:101,0
DA:107,0
DA:113,0
DA:119,0
DA:125,0
DA:130,0
LF:36
LH:0
BRDA:29,0,0,0
BRDA:29,0,1,0
BRDA:29,0,2,0
BRDA:29,0,3,0
BRDA:29,0,4,0
BRDA:29,0,5,0
BRDA:29,0,6,0
BRDA:29,0,7,0
BRDA:78,1,0,0
BRDA:78,1,1,0
BRF:10
BRH:0
end_of_record
TN:
SF:app\api\weekly-recap\route.ts
FN:2,GET
FNF:1
FNH:0
FNDA:0,GET
DA:1,0
DA:2,0
DA:3,0
DA:4,0
DA:5,0
DA:6,0
DA:7,0
DA:8,0
LF:8
LH:0
BRDA:4,0,0,0
BRDA:4,0,1,0
BRDA:5,1,0,0
BRDA:5,1,1,0
BRDA:7,2,0,0
BRDA:7,2,1,0
BRF:6
BRH:0
end_of_record
TN:
SF:app\intake\actions.ts
FN:18,createClientIntake
FNF:1
FNH:0
FNDA:0,createClientIntake
DA:2,0
DA:5,0
DA:6,0
DA:9,0
DA:18,0
DA:19,0
DA:20,0
DA:23,0
DA:25,0
DA:28,0
DA:29,0
DA:30,0
DA:31,0
DA:33,0
DA:38,0
DA:46,0
DA:48,0
DA:49,0
DA:53,0
DA:54,0
DA:59,0
DA:63,0
DA:65,0
DA:66,0
LF:24
LH:0
BRDA:29,0,0,0
BRDA:29,0,1,0
BRDA:42,1,0,0
BRDA:42,1,1,0
BRDA:48,2,0,0
BRDA:48,2,1,0
BRDA:65,3,0,0
BRDA:65,3,1,0
BRDA:66,4,0,0
BRDA:66,4,1,0
BRF:10
BRH:0
end_of_record
TN:
SF:app\intake\page.tsx
FN:6,Page
FN:9,(anonymous_2)
FNF:2
FNH:0
FNDA:0,Page
FNDA:0,(anonymous_2)
DA:3,0
DA:4,0
DA:6,0
DA:7,0
DA:9,0
DA:10,0
DA:11,0
DA:12,0
DA:14,0
LF:9
LH:0
BRDA:119,0,0,0
BRF:1
BRH:0
end_of_record
TN:
SF:app\login\page.tsx
FN:8,LoginPage
FN:15,(anonymous_3)
FN:41,(anonymous_4)
FN:87,(anonymous_5)
FN:97,(anonymous_6)
FN:112,(anonymous_7)
FNF:6
FNH:0
FNDA:0,LoginPage
FNDA:0,(anonymous_3)
FNDA:0,(anonymous_4)
FNDA:0,(anonymous_5)
FNDA:0,(anonymous_6)
FNDA:0,(anonymous_7)
DA:3,0
DA:6,0
DA:8,0
DA:9,0
DA:10,0
DA:11,0
DA:12,0
DA:15,0
DA:16,0
DA:17,0
DA:18,0
DA:20,0
DA:32,0
DA:35,0
DA:37,0
DA:41,0
DA:42,0
DA:43,0
DA:44,0
DA:46,0
DA:57,0
DA:60,0
DA:62,0
DA:87,0
DA:97,0
DA:112,0
LF:26
LH:0
BRDA:118,0,0,0
BRDA:133,1,0,0
BRDA:133,1,1,0
BRDA:149,2,0,0
BRDA:149,2,1,0
BRF:5
BRH:0
end_of_record
TN:
SF:app\operability\flags\flag-toggle-form.tsx
FN:13,FlagToggleForm
FN:17,(anonymous_2)
FN:20,(anonymous_3)
FNF:3
FNH:0
FNDA:0,FlagToggleForm
FNDA:0,(anonymous_2)
FNDA:0,(anonymous_3)
DA:3,0
DA:4,0
DA:5,0
DA:6,0
DA:13,0
DA:14,0
DA:15,0
DA:17,0
DA:18,0
DA:20,0
DA:21,0
DA:22,0
DA:35,0
DA:36,0
DA:39,0
DA:45,0
DA:46,0
LF:17
LH:0
BRDA:35,0,0,0
BRDA:35,0,1,0
BRDA:41,1,0,0
BRDA:41,1,1,0
BRDA:60,2,0,0
BRDA:60,2,1,0
BRDA:61,3,0,0
BRDA:61,3,1,0
BRDA:64,4,0,0
BRF:9
BRH:0
end_of_record
TN:
SF:app\operability\flags\page.tsx
FN:16,FeatureFlagsPage
FN:46,FlagManagementInterface
FN:67,(anonymous_3)
FN:74,TenantFlagCard
FN:95,(anonymous_5)
FN:118,(anonymous_6)
FNF:6
FNH:0
FNDA:0,FeatureFlagsPage
FNDA:0,FlagManagementInterface
FNDA:0,(anonymous_3)
FNDA:0,TenantFlagCard
FNDA:0,(anonymous_5)
FNDA:0,(anonymous_6)
DA:8,0
DA:9,0
DA:10,0
DA:11,0
DA:12,0
DA:13,0
DA:14,0
DA:16,0
DA:17,0
DA:18,0
DA:20,0
DA:21,0
DA:25,0
DA:26,0
DA:27,0
DA:47,0
DA:50,0
DA:55,0
DA:68,0
DA:75,0
DA:78,0
DA:84,0
DA:95,0
DA:96,0
DA:119,0
LF:25
LH:0
BRDA:20,0,0,0
BRDA:20,0,1,0
BRDA:26,1,0,0
BRDA:26,1,1,0
BRDA:55,2,0,0
BRDA:55,2,1,0
BRDA:84,3,0,0
BRDA:84,3,1,0
BRDA:95,4,0,0
BRDA:95,4,1,0
BRDA:96,5,0,0
BRDA:96,5,1,0
BRDA:105,6,0,0
BRDA:111,7,0,0
BRDA:111,7,1,0
BRDA:121,8,0,0
BRDA:121,8,1,0
BRF:17
BRH:0
end_of_record
TN:
SF:app\probe\route.ts
FN:5,GET
FNF:1
FNH:0
FNDA:0,GET
DA:2,0
DA:3,0
DA:5,0
DA:7,0
DA:10,0
DA:16,0
LF:6
LH:0
BRDA:7,0,0,0
BRDA:7,0,1,0
BRDA:8,1,0,0
BRDA:8,1,1,0
BRF:4
BRH:0
end_of_record
TN:
SF:app\status\page.tsx
FN:1,StatusPage
FNF:1
FNH:0
FNDA:0,StatusPage
DA:1,0
LF:1
LH:0
BRF:0
BRH:0
end_of_record
TN:
SF:components\ProtectedNav.tsx
FN:4,ProtectedNav
FNF:1
FNH:0
FNDA:0,ProtectedNav
DA:1,0
DA:2,0
DA:4,0
DA:5,0
LF:4
LH:0
BRDA:37,0,0,0
BRF:1
BRH:0
end_of_record
TN:
SF:components\PublicNav.tsx
FN:3,PublicNav
FNF:1
FNH:0
FNDA:0,PublicNav
DA:1,0
DA:3,0
LF:2
LH:0
BRF:0
BRH:0
end_of_record
TN:
SF:components\auto-save-recovery.tsx
FN:15,AutoSaveRecovery
FN:20,(anonymous_2)
FN:25,(anonymous_3)
FN:29,(anonymous_4)
FN:42,(anonymous_5)
FN:47,(anonymous_6)
FN:53,(anonymous_7)
FN:59,(anonymous_8)
FN:65,(anonymous_9)
FN:101,(anonymous_10)
FN:107,(anonymous_11)
FN:121,(anonymous_12)
FN:129,(anonymous_13)
FN:137,(anonymous_14)
FN:142,(anonymous_15)
FN:148,(anonymous_16)
FN:160,(anonymous_17)
FN:201,(anonymous_18)
FN:226,(anonymous_19)
FN:235,(anonymous_20)
FN:250,(anonymous_21)
FNF:21
FNH:0
FNDA:0,AutoSaveRecovery
FNDA:0,(anonymous_2)
FNDA:0,(anonymous_3)
FNDA:0,(anonymous_4)
FNDA:0,(anonymous_5)
FNDA:0,(anonymous_6)
FNDA:0,(anonymous_7)
FNDA:0,(anonymous_8)
FNDA:0,(anonymous_9)
FNDA:0,(anonymous_10)
FNDA:0,(anonymous_11)
FNDA:0,(anonymous_12)
FNDA:0,(anonymous_13)
FNDA:0,(anonymous_14)
FNDA:0,(anonymous_15)
FNDA:0,(anonymous_16)
FNDA:0,(anonymous_17)
FNDA:0,(anonymous_18)
FNDA:0,(anonymous_19)
FNDA:0,(anonymous_20)
FNDA:0,(anonymous_21)
DA:3,0
DA:4,0
DA:5,0
DA:6,0
DA:7,0
DA:8,0
DA:9,0
DA:15,0
DA:16,0
DA:17,0
DA:18,0
DA:20,0
DA:22,0
DA:25,0
DA:26,0
DA:29,0
DA:31,0
DA:34,0
DA:35,0
DA:38,0
DA:39,0
DA:40,0
DA:42,0
DA:43,0
DA:44,0
DA:47,0
DA:48,0
DA:49,0
DA:53,0
DA:54,0
DA:55,0
DA:59,0
DA:60,0
DA:61,0
DA:62,0
DA:65,0
DA:66,0
DA:68,0
DA:70,0
DA:71,0
DA:72,0
DA:73,0
DA:75,0
DA:79,0
DA:81,0
DA:88,0
DA:90,0
DA:91,0
DA:97,0
DA:101,0
DA:102,0
DA:103,0
DA:104,0
DA:106,0
DA:107,0
DA:108,0
DA:109,0
DA:110,0
DA:112,0
DA:117,0
DA:121,0
DA:122,0
DA:123,0
DA:124,0
DA:125,0
DA:129,0
DA:130,0
DA:131,0
DA:132,0
DA:133,0
DA:137,0
DA:138,0
DA:139,0
DA:142,0
DA:143,0
DA:144,0
DA:145,0
DA:148,0
DA:149,0
DA:150,0
DA:151,0
DA:152,0
DA:154,0
DA:155,0
DA:156,0
DA:157,0
DA:160,0
DA:161,0
DA:171,0
DA:172,0
DA:202,0
DA:226,0
DA:235,0
DA:250,0
LF:94
LH:0
BRDA:38,0,0,0
BRDA:38,0,1,0
BRDA:70,1,0,0
BRDA:70,1,1,0
BRDA:72,2,0,0
BRDA:72,2,1,0
BRDA:106,3,0,0
BRDA:106,3,1,0
BRDA:109,4,0,0
BRDA:109,4,1,0
BRDA:122,5,0,0
BRDA:122,5,1,0
BRDA:123,6,0,0
BRDA:123,6,1,0
BRDA:130,7,0,0
BRDA:130,7,1,0
BRDA:131,8,0,0
BRDA:131,8,1,0
BRDA:154,9,0,0
BRDA:154,9,1,0
BRDA:155,10,0,0
BRDA:155,10,1,0
BRDA:156,11,0,0
BRDA:156,11,1,0
BRDA:171,12,0,0
BRDA:171,12,1,0
BRDA:171,13,0,0
BRDA:171,13,1,0
BRDA:196,14,0,0
BRDA:196,14,1,0
BRDA:211,15,0,0
BRDA:211,15,1,0
BRDA:214,16,0,0
BRDA:214,16,1,0
BRDA:214,16,2,0
BRDA:230,17,0,0
BRDA:230,17,1,0
BRF:37
BRH:0
end_of_record
TN:
SF:components\auto-save-status.tsx
FN:25,AutoSaveStatus
FN:31,(anonymous_2)
FN:33,(anonymous_3)
FN:35,(anonymous_4)
FN:42,(anonymous_5)
FN:44,(anonymous_6)
FN:56,(anonymous_7)
FN:63,(anonymous_8)
FN:69,(anonymous_9)
FN:72,(anonymous_10)
FN:84,(anonymous_11)
FN:111,(anonymous_12)
FN:115,(anonymous_13)
FN:119,(anonymous_14)
FN:146,(anonymous_15)
FN:159,(anonymous_16)
FN:172,(anonymous_17)
FN:185,(anonymous_18)
FNF:18
FNH:0
FNDA:0,AutoSaveStatus
FNDA:0,(anonymous_2)
FNDA:0,(anonymous_3)
FNDA:0,(anonymous_4)
FNDA:0,(anonymous_5)
FNDA:0,(anonymous_6)
FNDA:0,(anonymous_7)
FNDA:0,(anonymous_8)
FNDA:0,(anonymous_9)
FNDA:0,(anonymous_10)
FNDA:0,(anonymous_11)
FNDA:0,(anonymous_12)
FNDA:0,(anonymous_13)
FNDA:0,(anonymous_14)
FNDA:0,(anonymous_15)
FNDA:0,(anonymous_16)
FNDA:0,(anonymous_17)
FNDA:0,(anonymous_18)
DA:3,0
DA:4,0
DA:5,0
DA:6,0
DA:15,0
DA:16,0
DA:17,0
DA:18,0
DA:25,0
DA:26,0
DA:27,0
DA:28,0
DA:29,0
DA:31,0
DA:33,0
DA:34,0
DA:35,0
DA:36,0
DA:37,0
DA:38,0
DA:42,0
DA:43,0
DA:44,0
DA:47,0
DA:48,0
DA:51,0
DA:54,0
DA:56,0
DA:57,0
DA:58,0
DA:59,0
DA:63,0
DA:64,0
DA:65,0
DA:66,0
DA:69,0
DA:70,0
DA:71,0
DA:72,0
DA:73,0
DA:74,0
DA:75,0
DA:76,0
DA:84,0
DA:85,0
DA:86,0
DA:87,0
DA:88,0
DA:89,0
DA:90,0
DA:91,0
DA:92,0
DA:93,0
DA:94,0
DA:95,0
DA:97,0
DA:103,0
DA:111,0
DA:112,0
DA:113,0
DA:114,0
DA:115,0
DA:116,0
DA:117,0
DA:118,0
DA:119,0
DA:120,0
DA:121,0
DA:122,0
DA:123,0
DA:128,0
DA:130,0
DA:133,0
DA:140,0
DA:143,0
DA:146,0
DA:147,0
DA:148,0
DA:149,0
DA:150,0
DA:151,0
DA:159,0
DA:160,0
DA:172,0
DA:173,0
DA:175,0
DA:177,0
DA:179,0
DA:181,0
DA:185,0
DA:186,0
DA:187,0
DA:188,0
DA:189,0
DA:190,0
LF:95
LH:0
BRDA:25,0,0,0
BRDA:117,1,0,0
BRDA:117,1,1,0
BRDA:122,2,0,0
BRDA:122,2,1,0
BRDA:147,3,0,0
BRDA:147,3,1,0
BRDA:173,4,0,0
BRDA:173,4,1,0
BRDA:173,4,2,0
BRDA:173,4,3,0
BRDA:186,5,0,0
BRDA:186,5,1,0
BRDA:207,6,0,0
BRDA:215,7,0,0
BRDA:232,8,0,0
BRF:16
BRH:0
end_of_record
TN:
SF:components\empty-states.tsx
FN:1,SessionsEmptyState
FN:10,RSVPsEmptyState
FNF:2
FNH:0
FNDA:0,SessionsEmptyState
FNDA:0,RSVPsEmptyState
DA:1,0
DA:10,0
LF:2
LH:0
BRF:0
BRH:0
end_of_record
TN:
SF:components\header.tsx
FN:4,Header
FNF:1
FNH:0
FNDA:0,Header
DA:1,0
DA:2,0
DA:4,0
LF:3
LH:0
BRDA:4,0,0,0
BRDA:19,1,0,0
BRF:2
BRH:0
end_of_record
TN:
SF:components\intake-form.tsx
FN:22,IntakeForm
FN:36,validate
FN:43,(anonymous_3)
FN:55,(anonymous_4)
FN:57,onChange
FN:58,(anonymous_6)
FN:66,handleSubmit
FN:90,(anonymous_8)
FN:104,(anonymous_9)
FN:118,(anonymous_10)
FN:130,(anonymous_11)
FNF:11
FNH:0
FNDA:0,IntakeForm
FNDA:0,validate
FNDA:0,(anonymous_3)
FNDA:0,(anonymous_4)
FNDA:0,onChange
FNDA:0,(anonymous_6)
FNDA:0,handleSubmit
FNDA:0,(anonymous_8)
FNDA:0,(anonymous_9)
FNDA:0,(anonymous_10)
FNDA:0,(anonymous_11)
DA:4,0
DA:5,0
DA:6,0
DA:22,0
DA:27,0
DA:28,0
DA:34,0
DA:37,0
DA:39,0
DA:40,0
DA:42,0
DA:43,0
DA:44,0
DA:45,0
DA:46,0
DA:52,0
DA:55,0
DA:58,0
DA:59,0
DA:60,0
DA:61,0
DA:62,0
DA:67,0
DA:68,0
DA:69,0
DA:70,0
DA:72,0
DA:90,0
DA:104,0
DA:118,0
DA:130,0
LF:31
LH:0
BRDA:42,0,0,0
BRDA:42,0,1,0
BRDA:45,1,0,0
BRDA:45,1,1,0
BRDA:70,2,0,0
BRDA:70,2,1,0
BRDA:93,3,0,0
BRDA:103,4,0,0
BRDA:103,4,1,0
BRDA:107,5,0,0
BRDA:117,6,0,0
BRDA:117,6,1,0
BRDA:121,7,0,0
BRDA:141,8,0,0
BRF:14
BRH:0
end_of_record
TN:
SF:components\theme-provider.tsx
FN:9,ThemeProvider
FNF:1
FNH:0
FNDA:0,ThemeProvider
DA:3,0
DA:7,0
DA:9,0
LF:3
LH:0
BRF:0
BRH:0
end_of_record
TN:
SF:components\ui\accordion.tsx
FN:9,Accordion
FN:15,AccordionItem
FN:28,AccordionTrigger
FN:50,AccordionContent
FNF:4
FNH:0
FNDA:0,Accordion
FNDA:0,AccordionItem
FNDA:0,AccordionTrigger
FNDA:0,AccordionContent
DA:3,1
DA:4,1
DA:5,1
DA:7,1
DA:66,0
LF:5
LH:4
BRF:0
BRH:0
end_of_record
TN:
SF:components\ui\alert-dialog.tsx
FN:9,AlertDialog
FN:15,AlertDialogTrigger
FN:23,AlertDialogPortal
FN:31,AlertDialogOverlay
FN:47,AlertDialogContent
FN:66,AlertDialogHeader
FN:79,AlertDialogFooter
FN:95,AlertDialogTitle
FN:108,AlertDialogDescription
FN:121,AlertDialogAction
FN:133,AlertDialogCancel
FNF:11
FNH:0
FNDA:0,AlertDialog
FNDA:0,AlertDialogTrigger
FNDA:0,AlertDialogPortal
FNDA:0,AlertDialogOverlay
FNDA:0,AlertDialogContent
FNDA:0,AlertDialogHeader
FNDA:0,AlertDialogFooter
FNDA:0,AlertDialogTitle
FNDA:0,AlertDialogDescription
FNDA:0,AlertDialogAction
FNDA:0,AlertDialogCancel
DA:3,0
DA:4,0
DA:6,0
DA:7,0
DA:146,0
DA:147,0
DA:148,0
DA:149,0
DA:150,0
DA:151,0
DA:152,0
DA:153,0
DA:154,0
DA:155,0
DA:156,0
LF:15
LH:0
BRF:0
BRH:0
end_of_record
TN:
SF:components\ui\alert.tsx
FN:22,Alert
FN:37,AlertTitle
FN:50,AlertDescription
FNF:3
FNH:0
FNDA:0,Alert
FNDA:0,AlertTitle
FNDA:0,AlertDescription
DA:1,1
DA:2,1
DA:4,1
DA:6,1
DA:66,0
LF:5
LH:4
BRF:0
BRH:0
end_of_record
TN:
SF:components\ui\aspect-ratio.tsx
FN:5,AspectRatio
FNF:1
FNH:0
FNDA:0,AspectRatio
DA:3,0
DA:11,0
LF:2
LH:0
BRF:0
BRH:0
end_of_record
TN:
SF:components\ui\avatar.tsx
FN:8,Avatar
FN:24,AvatarImage
FN:37,AvatarFallback
FNF:3
FNH:0
FNDA:0,Avatar
FNDA:0,AvatarImage
FNDA:0,AvatarFallback
DA:3,0
DA:4,0
DA:6,0
DA:53,0
LF:4
LH:0
BRF:0
BRH:0
end_of_record
TN:
SF:components\ui\badge.tsx
FN:28,Badge
FNF:1
FNH:0
FNDA:0,Badge
DA:1,1
DA:2,1
DA:3,1
DA:5,1
DA:7,1
DA:35,0
DA:46,0
LF:7
LH:5
BRDA:31,0,0,0
BRDA:35,1,0,0
BRDA:35,1,1,0
BRF:3
BRH:0
end_of_record
TN:
SF:components\ui\breadcrumb.tsx
FN:7,Breadcrumb
FN:11,BreadcrumbList
FN:24,BreadcrumbItem
FN:34,BreadcrumbLink
FN:52,BreadcrumbPage
FN:65,BreadcrumbSeparator
FN:83,BreadcrumbEllipsis
FNF:7
FNH:0
FNDA:0,Breadcrumb
FNDA:0,BreadcrumbList
FNDA:0,BreadcrumbItem
FNDA:0,BreadcrumbLink
FNDA:0,BreadcrumbPage
FNDA:0,BreadcrumbSeparator
FNDA:0,BreadcrumbEllipsis
DA:1,0
DA:2,0
DA:3,0
DA:5,0
DA:41,0
DA:102,0
DA:103,0
DA:104,0
DA:105,0
DA:106,0
DA:107,0
DA:108,0
LF:12
LH:0
BRDA:41,0,0,0
BRDA:41,0,1,0
BRDA:78,1,0,0
BRDA:78,1,1,0
BRF:4
BRH:0
end_of_record
TN:
SF:components\ui\button.tsx
FN:38,Button
FNF:1
FNH:0
FNDA:0,Button
DA:1,1
DA:2,1
DA:3,1
DA:5,1
DA:7,1
DA:48,0
DA:59,0
LF:7
LH:5
BRDA:42,0,0,0
BRDA:48,1,0,0
BRDA:48,1,1,0
BRF:3
BRH:0
end_of_record
TN:
SF:components\ui\calendar.tsx
FN:14,Calendar
FN:39,(anonymous_7)
FN:128,(anonymous_8)
FN:138,(anonymous_9)
FN:159,(anonymous_10)
FN:175,CalendarDayButton
FN:184,(anonymous_12)
FNF:7
FNH:0
FNDA:0,Calendar
FNDA:0,(anonymous_7)
FNDA:0,(anonymous_8)
FNDA:0,(anonymous_9)
FNDA:0,(anonymous_10)
FNDA:0,CalendarDayButton
FNDA:0,(anonymous_12)
DA:3,1
DA:8,1
DA:9,1
DA:11,1
DA:12,1
DA:26,0
DA:40,0
DA:139,0
DA:145,0
DA:181,0
DA:183,0
DA:184,0
DA:185,0
DA:214,0
LF:14
LH:5
BRDA:17,0,0,0
BRDA:18,1,0,0
BRDA:19,2,0,0
BRDA:82,3,0,0
BRDA:82,3,1,0
BRDA:139,4,0,0
BRDA:139,4,1,0
BRDA:145,5,0,0
BRDA:145,5,1,0
BRDA:185,6,0,0
BRDA:185,6,1,0
BRDA:196,7,0,0
BRDA:196,7,1,0
BRDA:196,7,2,0
BRDA:196,7,3,0
BRF:15
BRH:0
end_of_record
TN:
SF:components\ui\card.tsx
FN:5,Card
FN:18,CardHeader
FN:31,CardTitle
FN:41,CardDescription
FN:51,CardAction
FN:64,CardContent
FN:74,CardFooter
FNF:7
FNH:0
FNDA:0,Card
FNDA:0,CardHeader
FNDA:0,CardTitle
FNDA:0,CardDescription
FNDA:0,CardAction
FNDA:0,CardContent
FNDA:0,CardFooter
DA:1,1
DA:3,1
DA:85,0
DA:86,0
DA:87,0
DA:88,0
DA:89,0
DA:90,0
DA:91,0
LF:9
LH:2
BRF:0
BRH:0
end_of_record
TN:
SF:components\ui\carousel.tsx
FN:35,useCarousel
FN:45,Carousel
FN:64,(anonymous_12)
FN:70,(anonymous_13)
FN:74,(anonymous_14)
FN:79,(anonymous_15)
FN:91,(anonymous_16)
FN:96,(anonymous_17)
FN:102,(anonymous_18)
FN:135,CarouselContent
FN:156,CarouselItem
FN:174,CarouselPrevious
FN:205,CarouselNext
FNF:13
FNH:0
FNDA:0,useCarousel
FNDA:0,Carousel
FNDA:0,(anonymous_12)
FNDA:0,(anonymous_13)
FNDA:0,(anonymous_14)
FNDA:0,(anonymous_15)
FNDA:0,(anonymous_16)
FNDA:0,(anonymous_17)
FNDA:0,(anonymous_18)
FNDA:0,CarouselContent
FNDA:0,CarouselItem
FNDA:0,CarouselPrevious
FNDA:0,CarouselNext
DA:3,0
DA:6,0
DA:7,0
DA:9,0
DA:10,0
DA:33,0
DA:36,0
DA:38,0
DA:39,0
DA:42,0
DA:54,0
DA:61,0
DA:62,0
DA:64,0
DA:65,0
DA:66,0
DA:67,0
DA:70,0
DA:71,0
DA:74,0
DA:75,0
DA:78,0
DA:80,0
DA:81,0
DA:82,0
DA:83,0
DA:84,0
DA:85,0
DA:91,0
DA:92,0
DA:93,0
DA:96,0
DA:97,0
DA:98,0
DA:99,0
DA:100,0
DA:102,0
DA:103,0
DA:136,0
DA:157,0
DA:180,0
DA:211,0
DA:238,0
DA:239,0
DA:240,0
DA:241,0
DA:242,0
LF:47
LH:0
BRDA:38,0,0,0
BRDA:38,0,1,0
BRDA:46,1,0,0
BRDA:57,2,0,0
BRDA:57,2,1,0
BRDA:65,3,0,0
BRDA:65,3,1,0
BRDA:80,4,0,0
BRDA:80,4,1,0
BRDA:83,5,0,0
BRDA:83,5,1,0
BRDA:92,6,0,0
BRDA:92,6,1,0
BRDA:92,7,0,0
BRDA:92,7,1,0
BRDA:97,8,0,0
BRDA:97,8,1,0
BRDA:114,9,0,0
BRDA:114,9,1,0
BRDA:114,10,0,0
BRDA:114,10,1,0
BRDA:147,11,0,0
BRDA:147,11,1,0
BRDA:166,12,0,0
BRDA:166,12,1,0
BRDA:176,13,0,0
BRDA:177,14,0,0
BRDA:190,15,0,0
BRDA:190,15,1,0
BRDA:207,16,0,0
BRDA:208,17,0,0
BRDA:221,18,0,0
BRDA:221,18,1,0
BRF:33
BRH:0
end_of_record
TN:
SF:components\ui\chart.tsx
FN:27,useChart
FN:37,ChartContainer
FN:72,(anonymous_12)
FN:74,(anonymous_13)
FN:86,(anonymous_14)
FN:89,(anonymous_15)
FN:107,ChartTooltipContent
FN:133,(anonymous_17)
FN:184,(anonymous_18)
FN:255,ChartLegendContent
FN:282,(anonymous_20)
FN:312,getPayloadConfigFromPayload
FNF:12
FNH:0
FNDA:0,useChart
FNDA:0,ChartContainer
FNDA:0,(anonymous_12)
FNDA:0,(anonymous_13)
FNDA:0,(anonymous_14)
FNDA:0,(anonymous_15)
FNDA:0,ChartTooltipContent
FNDA:0,(anonymous_17)
FNDA:0,(anonymous_18)
FNDA:0,ChartLegendContent
FNDA:0,(anonymous_20)
FNDA:0,getPayloadConfigFromPayload
DA:3,0
DA:4,0
DA:6,0
DA:9,0
DA:25,0
DA:28,0
DA:30,0
DA:31,0
DA:34,0
DA:49,0
DA:50,0
DA:72,0
DA:73,0
DA:74,0
DA:77,0
DA:78,0
DA:86,0
DA:91,0
DA:93,0
DA:105,0
DA:131,0
DA:133,0
DA:134,0
DA:135,0
DA:138,0
DA:139,0
DA:140,0
DA:142,0
DA:146,0
DA:154,0
DA:155,0
DA:169,0
DA:170,0
DA:173,0
DA:185,0
DA:186,0
DA:187,0
DA:189,0
DA:253,0
DA:268,0
DA:270,0
DA:271,0
DA:283,0
DA:284,0
DA:286,0
DA:317,0
DA:318,0
DA:322,0
DA:328,0
DA:330,0
DA:334,0
DA:335,0
DA:340,0
DA:345,0
DA:351,0
DA:352,0
DA:353,0
DA:354,0
DA:355,0
DA:356,0
LF:60
LH:0
BRDA:30,0,0,0
BRDA:30,0,1,0
BRDA:50,1,0,0
BRDA:50,1,1,0
BRDA:74,2,0,0
BRDA:74,2,1,0
BRDA:77,3,0,0
BRDA:77,3,1,0
BRDA:91,4,0,0
BRDA:91,4,1,0
BRDA:93,5,0,0
BRDA:93,5,1,0
BRDA:111,6,0,0
BRDA:112,7,0,0
BRDA:113,8,0,0
BRDA:134,9,0,0
BRDA:134,9,1,0
BRDA:134,10,0,0
BRDA:134,10,1,0
BRDA:139,11,0,0
BRDA:139,11,1,0
BRDA:139,11,2,0
BRDA:139,11,3,0
BRDA:142,12,0,0
BRDA:142,12,1,0
BRDA:142,13,0,0
BRDA:142,13,1,0
BRDA:143,14,0,0
BRDA:143,14,1,0
BRDA:146,15,0,0
BRDA:146,15,1,0
BRDA:154,16,0,0
BRDA:154,16,1,0
BRDA:169,17,0,0
BRDA:169,17,1,0
BRDA:169,18,0,0
BRDA:169,18,1,0
BRDA:173,19,0,0
BRDA:173,19,1,0
BRDA:182,20,0,0
BRDA:182,20,1,0
BRDA:185,21,0,0
BRDA:185,21,1,0
BRDA:185,21,2,0
BRDA:185,21,3,0
BRDA:187,22,0,0
BRDA:187,22,1,0
BRDA:187,22,2,0
BRDA:194,23,0,0
BRDA:194,23,1,0
BRDA:198,24,0,0
BRDA:197,25,0,0
BRDA:197,25,1,0
BRDA:197,25,2,0
BRDA:202,26,0,0
BRDA:204,27,0,0
BRDA:213,28,0,0
BRDA:213,28,1,0
BRDA:228,29,0,0
BRDA:228,29,1,0
BRDA:232,30,0,0
BRDA:232,30,1,0
BRDA:234,31,0,0
BRDA:234,31,1,0
BRDA:237,32,0,0
BRDA:257,33,0,0
BRDA:259,34,0,0
BRDA:270,35,0,0
BRDA:270,35,1,0
BRDA:270,36,0,0
BRDA:270,36,1,0
BRDA:270,36,2,0
BRDA:278,37,0,0
BRDA:278,37,1,0
BRDA:283,38,0,0
BRDA:283,38,1,0
BRDA:283,38,2,0
BRDA:294,39,0,0
BRDA:293,40,0,0
BRDA:293,40,1,0
BRDA:317,41,0,0
BRDA:317,41,1,0
BRDA:317,42,0,0
BRDA:317,42,1,0
BRDA:322,43,0,0
BRDA:322,43,1,0
BRDA:322,44,0,0
BRDA:322,44,1,0
BRDA:322,44,2,0
BRDA:330,45,0,0
BRDA:330,45,1,0
BRDA:331,46,0,0
BRDA:331,46,1,0
BRDA:335,47,0,0
BRDA:335,47,1,0
BRDA:336,48,0,0
BRDA:336,48,1,0
BRDA:336,48,2,0
BRDA:345,49,0,0
BRDA:345,49,1,0
BRF:100
BRH:0
end_of_record
TN:
SF:components\ui\checkbox.tsx
FN:9,Checkbox
FNF:1
FNH:0
FNDA:0,Checkbox
DA:3,1
DA:4,1
DA:5,1
DA:7,1
DA:32,0
LF:5
LH:4
BRF:0
BRH:0
end_of_record
TN:
SF:components\ui\collapsible.tsx
FN:5,Collapsible
FN:11,CollapsibleTrigger
FN:22,CollapsibleContent
FNF:3
FNH:0
FNDA:0,Collapsible
FNDA:0,CollapsibleTrigger
FNDA:0,CollapsibleContent
DA:3,0
DA:33,0
LF:2
LH:0
BRF:0
BRH:0
end_of_record
TN:
SF:components\ui\command.tsx
FN:16,Command
FN:32,CommandDialog
FN:63,CommandInput
FN:85,CommandList
FN:101,CommandEmpty
FN:113,CommandGroup
FN:129,CommandSeparator
FN:142,CommandItem
FN:158,CommandShortcut
FNF:9
FNH:0
FNDA:0,Command
FNDA:0,CommandDialog
FNDA:0,CommandInput
FNDA:0,CommandList
FNDA:0,CommandEmpty
FNDA:0,CommandGroup
FNDA:0,CommandSeparator
FNDA:0,CommandItem
FNDA:0,CommandShortcut
DA:3,0
DA:4,0
DA:5,0
DA:7,0
DA:14,0
DA:175,0
DA:176,0
DA:177,0
DA:178,0
DA:179,0
DA:180,0
DA:181,0
DA:182,0
DA:183,0
LF:14
LH:0
BRDA:33,0,0,0
BRDA:34,1,0,0
BRDA:37,2,0,0
BRF:3
BRH:0
end_of_record
TN:
SF:components\ui\context-menu.tsx
FN:9,ContextMenu
FN:15,ContextMenuTrigger
FN:23,ContextMenuGroup
FN:31,ContextMenuPortal
FN:39,ContextMenuSub
FN:45,ContextMenuRadioGroup
FN:56,ContextMenuSubTrigger
FN:80,ContextMenuSubContent
FN:96,ContextMenuContent
FN:114,ContextMenuItem
FN:137,ContextMenuCheckboxItem
FN:163,ContextMenuRadioItem
FN:187,ContextMenuLabel
FN:207,ContextMenuSeparator
FN:220,ContextMenuShortcut
FNF:15
FNH:0
FNDA:0,ContextMenu
FNDA:0,ContextMenuTrigger
FNDA:0,ContextMenuGroup
FNDA:0,ContextMenuPortal
FNDA:0,ContextMenuSub
FNDA:0,ContextMenuRadioGroup
FNDA:0,ContextMenuSubTrigger
FNDA:0,ContextMenuSubContent
FNDA:0,ContextMenuContent
FNDA:0,ContextMenuItem
FNDA:0,ContextMenuCheckboxItem
FNDA:0,ContextMenuRadioItem
FNDA:0,ContextMenuLabel
FNDA:0,ContextMenuSeparator
FNDA:0,ContextMenuShortcut
DA:3,0
DA:4,0
DA:5,0
DA:7,0
DA:237,0
DA:238,0
DA:239,0
DA:240,0
DA:241,0
DA:242,0
DA:243,0
DA:244,0
DA:245,0
DA:246,0
DA:247,0
DA:248,0
DA:249,0
DA:250,0
DA:251,0
LF:19
LH:0
BRDA:117,0,0,0
BRDA:150,1,0,0
BRDA:150,1,1,0
BRF:3
BRH:0
end_of_record
TN:
SF:components\ui\dialog.tsx
FN:9,Dialog
FN:15,DialogTrigger
FN:21,DialogPortal
FN:27,DialogClose
FN:33,DialogOverlay
FN:49,DialogContent
FN:83,DialogHeader
FN:93,DialogFooter
FN:106,DialogTitle
FN:119,DialogDescription
FNF:10
FNH:0
FNDA:0,Dialog
FNDA:0,DialogTrigger
FNDA:0,DialogPortal
FNDA:0,DialogClose
FNDA:0,DialogOverlay
FNDA:0,DialogContent
FNDA:0,DialogHeader
FNDA:0,DialogFooter
FNDA:0,DialogTitle
FNDA:0,DialogDescription
DA:3,1
DA:4,1
DA:5,1
DA:7,1
DA:133,0
DA:134,0
DA:135,0
DA:136,0
DA:137,0
DA:138,0
DA:139,0
DA:140,0
DA:141,0
DA:142,0
LF:14
LH:4
BRDA:52,0,0,0
BRDA:69,1,0,0
BRF:2
BRH:0
end_of_record
TN:
SF:components\ui\drawer.tsx
FN:8,Drawer
FN:14,DrawerTrigger
FN:20,DrawerPortal
FN:26,DrawerClose
FN:32,DrawerOverlay
FN:48,DrawerContent
FN:75,DrawerHeader
FN:88,DrawerFooter
FN:98,DrawerTitle
FN:111,DrawerDescription
FNF:10
FNH:0
FNDA:0,Drawer
FNDA:0,DrawerTrigger
FNDA:0,DrawerPortal
FNDA:0,DrawerClose
FNDA:0,DrawerOverlay
FNDA:0,DrawerContent
FNDA:0,DrawerHeader
FNDA:0,DrawerFooter
FNDA:0,DrawerTitle
FNDA:0,DrawerDescription
DA:3,0
DA:4,0
DA:6,0
DA:125,0
DA:126,0
DA:127,0
DA:128,0
DA:129,0
DA:130,0
DA:131,0
DA:132,0
DA:133,0
DA:134,0
LF:13
LH:0
BRF:0
BRH:0
end_of_record
TN:
SF:components\ui\dropdown-menu.tsx
FN:9,DropdownMenu
FN:15,DropdownMenuPortal
FN:23,DropdownMenuTrigger
FN:34,DropdownMenuContent
FN:54,DropdownMenuGroup
FN:62,DropdownMenuItem
FN:85,DropdownMenuCheckboxItem
FN:111,DropdownMenuRadioGroup
FN:122,DropdownMenuRadioItem
FN:146,DropdownMenuLabel
FN:166,DropdownMenuSeparator
FN:179,DropdownMenuShortcut
FN:195,DropdownMenuSub
FN:201,DropdownMenuSubTrigger
FN:225,DropdownMenuSubContent
FNF:15
FNH:0
FNDA:0,DropdownMenu
FNDA:0,DropdownMenuPortal
FNDA:0,DropdownMenuTrigger
FNDA:0,DropdownMenuContent
FNDA:0,DropdownMenuGroup
FNDA:0,DropdownMenuItem
FNDA:0,DropdownMenuCheckboxItem
FNDA:0,DropdownMenuRadioGroup
FNDA:0,DropdownMenuRadioItem
FNDA:0,DropdownMenuLabel
FNDA:0,DropdownMenuSeparator
FNDA:0,DropdownMenuShortcut
FNDA:0,DropdownMenuSub
FNDA:0,DropdownMenuSubTrigger
FNDA:0,DropdownMenuSubContent
DA:3,1
DA:4,1
DA:5,1
DA:7,1
DA:242,0
DA:243,0
DA:244,0
DA:245,0
DA:246,0
DA:247,0
DA:248,0
DA:249,0
DA:250,0
DA:251,0
DA:252,0
DA:253,0
DA:254,0
DA:255,0
DA:256,0
LF:19
LH:4
BRDA:36,0,0,0
BRDA:65,1,0,0
BRDA:98,2,0,0
BRDA:98,2,1,0
BRF:4
BRH:0
end_of_record
TN:
SF:components\ui\form.tsx
FN:32,(anonymous_12)
FN:45,(anonymous_13)
FN:76,FormItem
FN:90,FormLabel
FN:107,FormControl
FN:125,FormDescription
FN:138,FormMessage
FNF:7
FNH:0
FNDA:0,(anonymous_12)
FNDA:0,(anonymous_13)
FNDA:0,FormItem
FNDA:0,FormLabel
FNDA:0,FormControl
FNDA:0,FormDescription
FNDA:0,FormMessage
DA:3,1
DA:5,1
DA:14,1
DA:16,1
DA:17,1
DA:19,1
DA:28,1
DA:32,1
DA:45,1
DA:46,0
DA:47,0
DA:48,0
DA:49,0
DA:50,0
DA:52,0
DA:53,0
DA:56,0
DA:58,0
DA:72,1
DA:77,0
DA:94,0
DA:108,0
DA:126,0
DA:139,0
DA:140,0
DA:142,0
DA:143,0
DA:159,0
DA:160,0
DA:161,0
DA:162,0
DA:163,0
DA:164,0
DA:165,0
DA:166,0
LF:35
LH:10
BRDA:52,0,0,0
BRDA:52,0,1,0
BRDA:115,1,0,0
BRDA:115,1,1,0
BRDA:140,2,0,0
BRDA:140,2,1,0
BRDA:140,3,0,0
BRDA:140,3,1,0
BRDA:142,4,0,0
BRDA:142,4,1,0
BRF:10
BRH:0
end_of_record
TN:
SF:components\ui\hover-card.tsx
FN:8,HoverCard
FN:14,HoverCardTrigger
FN:22,HoverCardContent
FNF:3
FNH:0
FNDA:0,HoverCard
FNDA:0,HoverCardTrigger
FNDA:0,HoverCardContent
DA:3,0
DA:4,0
DA:6,0
DA:44,0
LF:4
LH:0
BRDA:24,0,0,0
BRDA:25,1,0,0
BRF:2
BRH:0
end_of_record
TN:
SF:components\ui\input-otp.tsx
FN:9,InputOTP
FN:29,InputOTPGroup
FN:39,InputOTPSlot
FN:69,InputOTPSeparator
FNF:4
FNH:0
FNDA:0,InputOTP
FNDA:0,InputOTPGroup
FNDA:0,InputOTPSlot
FNDA:0,InputOTPSeparator
DA:3,0
DA:4,0
DA:5,0
DA:7,0
DA:46,0
DA:47,0
DA:77,0
LF:7
LH:0
BRDA:47,0,0,0
BRDA:47,0,1,0
BRDA:60,1,0,0
BRF:3
BRH:0
end_of_record
TN:
SF:components\ui\input.tsx
FN:5,Input
FNF:1
FNH:0
FNDA:0,Input
DA:1,1
DA:3,1
DA:21,0
LF:3
LH:2
BRF:0
BRH:0
end_of_record
TN:
SF:components\ui\label.tsx
FN:8,Label
FNF:1
FNH:0
FNDA:0,Label
DA:3,1
DA:4,1
DA:6,1
DA:24,0
LF:4
LH:3
BRF:0
BRH:0
end_of_record
TN:
SF:components\ui\menubar.tsx
FN:9,Menubar
FN:25,MenubarMenu
FN:31,MenubarGroup
FN:37,MenubarPortal
FN:43,MenubarRadioGroup
FN:51,MenubarTrigger
FN:67,MenubarContent
FN:91,MenubarItem
FN:114,MenubarCheckboxItem
FN:140,MenubarRadioItem
FN:164,MenubarLabel
FN:184,MenubarSeparator
FN:197,MenubarShortcut
FN:213,MenubarSub
FN:219,MenubarSubTrigger
FN:243,MenubarSubContent
FNF:16
FNH:0
FNDA:0,Menubar
FNDA:0,MenubarMenu
FNDA:0,MenubarGroup
FNDA:0,MenubarPortal
FNDA:0,MenubarRadioGroup
FNDA:0,MenubarTrigger
FNDA:0,MenubarContent
FNDA:0,MenubarItem
FNDA:0,MenubarCheckboxItem
FNDA:0,MenubarRadioItem
FNDA:0,MenubarLabel
FNDA:0,MenubarSeparator
FNDA:0,MenubarShortcut
FNDA:0,MenubarSub
FNDA:0,MenubarSubTrigger
FNDA:0,MenubarSubContent
DA:3,0
DA:4,0
DA:5,0
DA:7,0
DA:260,0
DA:261,0
DA:262,0
DA:263,0
DA:264,0
DA:265,0
DA:266,0
DA:267,0
DA:268,0
DA:269,0
DA:270,0
DA:271,0
DA:272,0
DA:273,0
DA:274,0
DA:275,0
LF:20
LH:0
BRDA:69,0,0,0
BRDA:70,1,0,0
BRDA:71,2,0,0
BRDA:94,3,0,0
BRDA:127,4,0,0
BRDA:127,4,1,0
BRF:6
BRH:0
end_of_record
TN:
SF:components\ui\navigation-menu.tsx
FN:8,NavigationMenu
FN:32,NavigationMenuList
FN:48,NavigationMenuItem
FN:65,NavigationMenuTrigger
FN:86,NavigationMenuContent
FN:103,NavigationMenuViewport
FN:125,NavigationMenuLink
FN:141,NavigationMenuIndicator
FNF:8
FNH:0
FNDA:0,NavigationMenu
FNDA:0,NavigationMenuList
FNDA:0,NavigationMenuItem
FNDA:0,NavigationMenuTrigger
FNDA:0,NavigationMenuContent
FNDA:0,NavigationMenuViewport
FNDA:0,NavigationMenuLink
FNDA:0,NavigationMenuIndicator
DA:1,1
DA:2,1
DA:3,1
DA:4,1
DA:6,1
DA:61,1
DA:160,0
DA:161,0
DA:162,0
DA:163,0
DA:164,0
DA:165,0
DA:166,0
DA:167,0
DA:168,0
LF:15
LH:6
BRDA:11,0,0,0
BRDA:27,1,0,0
BRDA:27,1,1,0
BRF:3
BRH:0
end_of_record
TN:
SF:components\ui\pagination.tsx
FN:11,Pagination
FN:23,PaginationContent
FN:36,PaginationItem
FN:45,PaginationLink
FN:68,PaginationPrevious
FN:85,PaginationNext
FN:102,PaginationEllipsis
FNF:7
FNH:0
FNDA:0,Pagination
FNDA:0,PaginationContent
FNDA:0,PaginationItem
FNDA:0,PaginationLink
FNDA:0,PaginationPrevious
FNDA:0,PaginationNext
FNDA:0,PaginationEllipsis
DA:1,0
DA:6,0
DA:8,0
DA:9,0
DA:121,0
DA:122,0
DA:123,0
DA:124,0
DA:125,0
DA:126,0
DA:127,0
LF:11
LH:0
BRDA:48,0,0,0
BRDA:53,1,0,0
BRDA:53,1,1,0
BRDA:58,2,0,0
BRDA:58,2,1,0
BRF:5
BRH:0
end_of_record
TN:
SF:components\ui\popover.tsx
FN:8,Popover
FN:14,PopoverTrigger
FN:20,PopoverContent
FN:42,PopoverAnchor
FNF:4
FNH:0
FNDA:0,Popover
FNDA:0,PopoverTrigger
FNDA:0,PopoverContent
FNDA:0,PopoverAnchor
DA:3,1
DA:4,1
DA:6,1
DA:48,0
LF:4
LH:3
BRDA:22,0,0,0
BRDA:23,1,0,0
BRF:2
BRH:0
end_of_record
TN:
SF:components\ui\progress.tsx
FN:8,Progress
FNF:1
FNH:0
FNDA:0,Progress
DA:3,1
DA:4,1
DA:6,1
DA:31,0
LF:4
LH:3
BRDA:25,0,0,0
BRDA:25,0,1,0
BRF:2
BRH:0
end_of_record
TN:
SF:components\ui\radio-group.tsx
FN:9,RadioGroup
FN:22,RadioGroupItem
FNF:2
FNH:0
FNDA:0,RadioGroup
FNDA:0,RadioGroupItem
DA:3,1
DA:4,1
DA:5,1
DA:7,1
DA:45,0
LF:5
LH:4
BRF:0
BRH:0
end_of_record
TN:
SF:components\ui\resizable.tsx
FN:9,ResizablePanelGroup
FN:25,ResizablePanel
FN:31,ResizableHandle
FNF:3
FNH:0
FNDA:0,ResizablePanelGroup
FNDA:0,ResizablePanel
FNDA:0,ResizableHandle
DA:3,0
DA:4,0
DA:5,0
DA:7,0
DA:56,0
LF:5
LH:0
BRDA:47,0,0,0
BRF:1
BRH:0
end_of_record
TN:
SF:components\ui\scroll-area.tsx
FN:8,ScrollArea
FN:31,ScrollBar
FNF:2
FNH:0
FNDA:0,ScrollArea
FNDA:0,ScrollBar
DA:3,1
DA:4,1
DA:6,1
DA:58,0
LF:4
LH:3
BRDA:33,0,0,0
BRDA:42,1,0,0
BRDA:42,1,1,0
BRDA:44,2,0,0
BRDA:44,2,1,0
BRF:5
BRH:0
end_of_record
TN:
SF:components\ui\select.tsx
FN:9,Select
FN:15,SelectGroup
FN:21,SelectValue
FN:27,SelectTrigger
FN:54,SelectContent
FN:89,SelectLabel
FN:102,SelectItem
FN:126,SelectSeparator
FN:139,SelectScrollUpButton
FN:157,SelectScrollDownButton
FNF:10
FNH:0
FNDA:0,Select
FNDA:0,SelectGroup
FNDA:0,SelectValue
FNDA:0,SelectTrigger
FNDA:0,SelectContent
FNDA:0,SelectLabel
FNDA:0,SelectItem
FNDA:0,SelectSeparator
FNDA:0,SelectScrollUpButton
FNDA:0,SelectScrollDownButton
DA:3,1
DA:4,1
DA:5,1
DA:7,1
DA:176,0
DA:177,0
DA:178,0
DA:179,0
DA:180,0
DA:181,0
DA:182,0
DA:183,0
DA:184,0
DA:185,0
LF:14
LH:4
BRDA:29,0,0,0
BRDA:57,1,0,0
BRDA:66,2,0,0
BRDA:66,2,1,0
BRDA:77,3,0,0
BRDA:77,3,1,0
BRF:6
BRH:0
end_of_record
TN:
SF:components\ui\separator.tsx
FN:8,Separator
FNF:1
FNH:0
FNDA:0,Separator
DA:3,0
DA:4,0
DA:6,0
DA:28,0
LF:4
LH:0
BRDA:10,0,0,0
BRDA:11,1,0,0
BRF:2
BRH:0
end_of_record
TN:
SF:components\ui\sheet.tsx
FN:9,Sheet
FN:13,SheetTrigger
FN:19,SheetClose
FN:25,SheetPortal
FN:31,SheetOverlay
FN:47,SheetContent
FN:84,SheetHeader
FN:94,SheetFooter
FN:104,SheetTitle
FN:117,SheetDescription
FNF:10
FNH:0
FNDA:0,Sheet
FNDA:0,SheetTrigger
FNDA:0,SheetClose
FNDA:0,SheetPortal
FNDA:0,SheetOverlay
FNDA:0,SheetContent
FNDA:0,SheetHeader
FNDA:0,SheetFooter
FNDA:0,SheetTitle
FNDA:0,SheetDescription
DA:3,0
DA:4,0
DA:5,0
DA:7,0
DA:131,0
DA:132,0
DA:133,0
DA:134,0
DA:135,0
DA:136,0
DA:137,0
DA:138,0
LF:12
LH:0
BRDA:50,0,0,0
BRDA:62,1,0,0
BRDA:62,1,1,0
BRDA:64,2,0,0
BRDA:64,2,1,0
BRDA:66,3,0,0
BRDA:66,3,1,0
BRDA:68,4,0,0
BRDA:68,4,1,0
BRF:9
BRH:0
end_of_record
TN:
SF:components\ui\sidebar.tsx
FN:47,useSidebar
FN:56,SidebarProvider
FN:77,(anonymous_30)
FN:92,(anonymous_31)
FN:93,(anonymous_32)
FN:93,(anonymous_33)
FN:97,(anonymous_34)
FN:98,(anonymous_35)
FN:109,(anonymous_36)
FN:117,(anonymous_37)
FN:154,Sidebar
FN:256,SidebarTrigger
FN:270,(anonymous_40)
FN:282,SidebarRail
FN:307,SidebarInset
FN:321,SidebarInput
FN:335,SidebarHeader
FN:346,SidebarFooter
FN:357,SidebarSeparator
FN:371,SidebarContent
FN:385,SidebarGroup
FN:396,SidebarGroupLabel
FN:417,SidebarGroupAction
FN:441,SidebarGroupContent
FN:455,SidebarMenu
FN:466,SidebarMenuItem
FN:499,SidebarMenuButton
FN:549,SidebarMenuAction
FN:582,SidebarMenuBadge
FN:604,SidebarMenuSkeleton
FN:612,(anonymous_58)
FN:642,SidebarMenuSub
FN:657,SidebarMenuSubItem
FN:671,SidebarMenuSubButton
FNF:34
FNH:0
FNDA:0,useSidebar
FNDA:0,SidebarProvider
FNDA:0,(anonymous_30)
FNDA:0,(anonymous_31)
FNDA:0,(anonymous_32)
FNDA:0,(anonymous_33)
FNDA:0,(anonymous_34)
FNDA:0,(anonymous_35)
FNDA:0,(anonymous_36)
FNDA:0,(anonymous_37)
FNDA:0,Sidebar
FNDA:0,SidebarTrigger
FNDA:0,(anonymous_40)
FNDA:0,SidebarRail
FNDA:0,SidebarInset
FNDA:0,SidebarInput
FNDA:0,SidebarHeader
FNDA:0,SidebarFooter
FNDA:0,SidebarSeparator
FNDA:0,SidebarContent
FNDA:0,SidebarGroup
FNDA:0,SidebarGroupLabel
FNDA:0,SidebarGroupAction
FNDA:0,SidebarGroupContent
FNDA:0,SidebarMenu
FNDA:0,SidebarMenuItem
FNDA:0,SidebarMenuButton
FNDA:0,SidebarMenuAction
FNDA:0,SidebarMenuBadge
FNDA:0,SidebarMenuSkeleton
FNDA:0,(anonymous_58)
FNDA:0,SidebarMenuSub
FNDA:0,SidebarMenuSubItem
FNDA:0,SidebarMenuSubButton
DA:3,0
DA:4,0
DA:5,0
DA:6,0
DA:8,0
DA:9,0
DA:10,0
DA:11,0
DA:12,0
DA:19,0
DA:20,0
DA:26,0
DA:28,0
DA:29,0
DA:30,0
DA:31,0
DA:32,0
DA:33,0
DA:45,0
DA:48,0
DA:49,0
DA:50,0
DA:53,0
DA:69,0
DA:70,0
DA:74,0
DA:75,0
DA:76,0
DA:78,0
DA:79,0
DA:80,0
DA:82,0
DA:86,0
DA:92,0
DA:93,0
DA:97,0
DA:98,0
DA:99,0
DA:103,0
DA:104,0
DA:108,0
DA:109,0
DA:114,0
DA:116,0
DA:117,0
DA:166,0
DA:168,0
DA:183,0
DA:261,0
DA:271,0
DA:272,0
DA:283,0
DA:401,0
DA:422,0
DA:477,0
DA:512,0
DA:513,0
DA:526,0
DA:527,0
DA:530,0
DA:531,0
DA:558,0
DA:612,0
DA:613,0
DA:682,0
DA:704,0
DA:705,0
DA:706,0
DA:707,0
DA:708,0
DA:709,0
DA:710,0
DA:711,0
DA:712,0
DA:713,0
DA:714,0
DA:715,0
DA:716,0
DA:717,0
DA:718,0
DA:719,0
DA:720,0
DA:721,0
DA:722,0
DA:723,0
DA:724,0
DA:725,0
DA:726,0
DA:727,0
LF:89
LH:0
BRDA:49,0,0,0
BRDA:49,0,1,0
BRDA:57,1,0,0
BRDA:75,2,0,0
BRDA:75,2,1,0
BRDA:78,3,0,0
BRDA:78,3,1,0
BRDA:79,4,0,0
BRDA:79,4,1,0
BRDA:93,5,0,0
BRDA:93,5,1,0
BRDA:99,6,0,0
BRDA:99,6,1,0
BRDA:100,7,0,0
BRDA:100,7,1,0
BRDA:100,7,2,0
BRDA:114,8,0,0
BRDA:114,8,1,0
BRDA:155,9,0,0
BRDA:156,10,0,0
BRDA:157,11,0,0
BRDA:168,12,0,0
BRDA:168,12,1,0
BRDA:183,13,0,0
BRDA:183,13,1,0
BRDA:212,14,0,0
BRDA:212,14,1,0
BRDA:224,15,0,0
BRDA:224,15,1,0
BRDA:224,16,0,0
BRDA:224,16,1,0
BRDA:233,17,0,0
BRDA:233,17,1,0
BRDA:237,18,0,0
BRDA:237,18,1,0
BRDA:237,19,0,0
BRDA:237,19,1,0
BRDA:398,20,0,0
BRDA:401,21,0,0
BRDA:401,21,1,0
BRDA:419,22,0,0
BRDA:422,23,0,0
BRDA:422,23,1,0
BRDA:500,24,0,0
BRDA:501,25,0,0
BRDA:502,26,0,0
BRDA:503,27,0,0
BRDA:512,28,0,0
BRDA:512,28,1,0
BRDA:526,29,0,0
BRDA:526,29,1,0
BRDA:530,30,0,0
BRDA:530,30,1,0
BRDA:542,31,0,0
BRDA:542,31,1,0
BRDA:551,32,0,0
BRDA:552,33,0,0
BRDA:558,34,0,0
BRDA:558,34,1,0
BRDA:573,35,0,0
BRDA:573,35,1,0
BRDA:606,36,0,0
BRDA:623,37,0,0
BRDA:672,38,0,0
BRDA:673,39,0,0
BRDA:674,40,0,0
BRDA:682,41,0,0
BRDA:682,41,1,0
BRDA:693,42,0,0
BRDA:693,42,1,0
BRDA:694,43,0,0
BRDA:694,43,1,0
BRF:72
BRH:0
end_of_record
TN:
SF:components\ui\skeleton.tsx
FN:3,Skeleton
FNF:1
FNH:0
FNDA:0,Skeleton
DA:1,1
DA:13,0
LF:2
LH:1
BRF:0
BRH:0
end_of_record
TN:
SF:components\ui\slider.tsx
FN:8,Slider
FN:17,(anonymous_5)
FN:52,(anonymous_6)
FNF:3
FNH:0
FNDA:0,Slider
FNDA:0,(anonymous_5)
FNDA:0,(anonymous_6)
DA:3,1
DA:4,1
DA:6,1
DA:16,0
DA:18,0
DA:53,0
DA:63,0
LF:7
LH:3
BRDA:12,0,0,0
BRDA:13,1,0,0
BRDA:18,2,0,0
BRDA:18,2,1,0
BRDA:20,3,0,0
BRDA:20,3,1,0
BRDA:29,4,0,0
BRDA:29,4,1,0
BRDA:30,5,0,0
BRDA:30,5,1,0
BRF:10
BRH:0
end_of_record
TN:
SF:components\ui\sonner.tsx
FN:6,(anonymous_1)
FNF:1
FNH:0
FNDA:0,(anonymous_1)
DA:3,0
DA:4,0
DA:6,0
DA:7,0
DA:25,0
LF:5
LH:0
BRDA:11,0,0,0
BRDA:11,0,1,0
BRF:2
BRH:0
end_of_record
TN:
SF:components\ui\switch.tsx
FN:8,Switch
FNF:1
FNH:0
FNDA:0,Switch
DA:3,1
DA:4,1
DA:6,1
DA:31,0
LF:4
LH:3
BRF:0
BRH:0
end_of_record
TN:
SF:components\ui\table.tsx
FN:7,Table
FN:22,TableHeader
FN:32,TableBody
FN:42,TableFooter
FN:55,TableRow
FN:68,TableHead
FN:81,TableCell
FN:94,TableCaption
FNF:8
FNH:0
FNDA:0,Table
FNDA:0,TableHeader
FNDA:0,TableBody
FNDA:0,TableFooter
FNDA:0,TableRow
FNDA:0,TableHead
FNDA:0,TableCell
FNDA:0,TableCaption
DA:3,1
DA:5,1
DA:108,0
DA:109,0
DA:110,0
DA:111,0
DA:112,0
DA:113,0
DA:114,0
DA:115,0
LF:10
LH:2
BRF:0
BRH:0
end_of_record
TN:
SF:components\ui\tabs.tsx
FN:8,Tabs
FN:21,TabsList
FN:37,TabsTrigger
FN:53,TabsContent
FNF:4
FNH:0
FNDA:0,Tabs
FNDA:0,TabsList
FNDA:0,TabsTrigger
FNDA:0,TabsContent
DA:3,1
DA:4,1
DA:6,1
DA:66,0
LF:4
LH:3
BRF:0
BRH:0
end_of_record
TN:
SF:components\ui\textarea.tsx
FN:5,Textarea
FNF:1
FNH:0
FNDA:0,Textarea
DA:1,1
DA:3,1
DA:18,0
LF:3
LH:2
BRF:0
BRH:0
end_of_record
TN:
SF:components\ui\toast.tsx
FN:47,(anonymous_12)
FNF:1
FNH:0
FNDA:0,(anonymous_12)
DA:3,1
DA:4,1
DA:5,1
DA:6,1
DA:8,1
DA:10,1
DA:25,1
DA:27,1
DA:43,1
DA:56,1
DA:71,1
DA:89,1
DA:101,1
DA:113,1
DA:122,0
DA:123,0
DA:124,0
DA:125,0
DA:126,0
DA:127,0
DA:128,0
LF:21
LH:14
BRF:0
BRH:0
end_of_record
TN:
SF:components\ui\toaster.tsx
FN:13,Toaster
FN:18,(anonymous_2)
FNF:2
FNH:0
FNDA:0,Toaster
FNDA:0,(anonymous_2)
DA:3,0
DA:11,0
DA:13,0
DA:14,0
DA:19,0
LF:5
LH:0
BRDA:22,0,0,0
BRDA:23,1,0,0
BRF:2
BRH:0
end_of_record
TN:
SF:components\ui\toggle-group.tsx
FN:17,ToggleGroup
FN:43,ToggleGroupItem
FNF:2
FNH:0
FNDA:0,ToggleGroup
FNDA:0,ToggleGroupItem
DA:3,0
DA:4,0
DA:7,0
DA:8,0
DA:10,0
DA:51,0
DA:73,0
LF:7
LH:0
BRDA:56,0,0,0
BRDA:56,0,1,0
BRDA:57,1,0,0
BRDA:57,1,1,0
BRDA:60,2,0,0
BRDA:60,2,1,0
BRDA:61,3,0,0
BRDA:61,3,1,0
BRF:8
BRH:0
end_of_record
TN:
SF:components\ui\toggle.tsx
FN:31,Toggle
FNF:1
FNH:0
FNDA:0,Toggle
DA:3,0
DA:4,0
DA:5,0
DA:7,0
DA:9,0
DA:47,0
LF:6
LH:0
BRF:0
BRH:0
end_of_record
TN:
SF:components\ui\tooltip.tsx
FN:8,TooltipProvider
FN:21,Tooltip
FN:31,TooltipTrigger
FN:37,TooltipContent
FNF:4
FNH:0
FNDA:0,TooltipProvider
FNDA:0,Tooltip
FNDA:0,TooltipTrigger
FNDA:0,TooltipContent
DA:3,1
DA:4,1
DA:6,1
DA:61,0
LF:4
LH:3
BRDA:9,0,0,0
BRDA:39,1,0,0
BRF:2
BRH:0
end_of_record
TN:
SF:components\ui\use-mobile.tsx
FN:5,useIsMobile
FN:8,(anonymous_5)
FN:10,(anonymous_6)
FN:15,(anonymous_7)
FNF:4
FNH:0
FNDA:0,useIsMobile
FNDA:0,(anonymous_5)
FNDA:0,(anonymous_6)
FNDA:0,(anonymous_7)
DA:1,0
DA:3,0
DA:5,0
DA:6,0
DA:8,0
DA:9,0
DA:10,0
DA:11,0
DA:13,0
DA:14,0
DA:15,0
DA:18,0
LF:12
LH:0
BRF:0
BRH:0
end_of_record
TN:
SF:components\ui\use-toast.ts
FN:23,genId
FN:59,(anonymous_8)
FN:64,(anonymous_9)
FN:75,(anonymous_10)
FN:86,(anonymous_11)
FN:99,(anonymous_12)
FN:106,(anonymous_13)
FN:125,(anonymous_14)
FN:134,dispatch
FN:136,(anonymous_16)
FN:143,toast
FN:146,(anonymous_18)
FN:151,(anonymous_19)
FN:159,(anonymous_20)
FN:172,useToast
FN:175,(anonymous_22)
FN:177,(anonymous_23)
FN:188,(anonymous_24)
FNF:18
FNH:0
FNDA:0,genId
FNDA:0,(anonymous_8)
FNDA:0,(anonymous_9)
FNDA:0,(anonymous_10)
FNDA:0,(anonymous_11)
FNDA:0,(anonymous_12)
FNDA:0,(anonymous_13)
FNDA:0,(anonymous_14)
FNDA:0,dispatch
FNDA:0,(anonymous_16)
FNDA:0,toast
FNDA:0,(anonymous_18)
FNDA:0,(anonymous_19)
FNDA:0,(anonymous_20)
FNDA:0,useToast
FNDA:0,(anonymous_22)
FNDA:0,(anonymous_23)
FNDA:0,(anonymous_24)
DA:4,0
DA:11,0
DA:12,0
DA:21,0
DA:24,0
DA:25,0
DA:57,0
DA:59,0
DA:60,0
DA:61,0
DA:64,0
DA:65,0
DA:66,0
DA:72,0
DA:75,0
DA:76,0
DA:78,0
DA:84,0
DA:87,0
DA:92,0
DA:96,0
DA:97,0
DA:99,0
DA:100,0
DA:104,0
DA:107,0
DA:117,0
DA:118,0
DA:123,0
DA:125,0
DA:130,0
DA:132,0
DA:135,0
DA:136,0
DA:137,0
DA:144,0
DA:146,0
DA:147,0
DA:151,0
DA:153,0
DA:160,0
DA:165,0
DA:173,0
DA:175,0
DA:176,0
DA:177,0
DA:178,0
DA:179,0
DA:180,0
DA:185,0
DA:189,0
DA:190,0
DA:192,0
DA:198,0
LF:54
LH:0
BRDA:60,0,0,0
BRDA:60,0,1,0
BRDA:76,1,0,0
BRDA:76,1,1,0
BRDA:76,1,2,0
BRDA:76,1,3,0
BRDA:87,2,0,0
BRDA:87,2,1,0
BRDA:96,3,0,0
BRDA:96,3,1,0
BRDA:107,4,0,0
BRDA:107,4,1,0
BRDA:107,5,0,0
BRDA:107,5,1,0
BRDA:117,6,0,0
BRDA:117,6,1,0
BRDA:160,7,0,0
BRDA:160,7,1,0
BRDA:179,8,0,0
BRDA:179,8,1,0
BRDA:189,9,0,0
BRDA:189,9,1,0
BRF:22
BRH:0
end_of_record
TN:
SF:components\ui\skeletons\PageBoot.tsx
FN:5,PageBoot
FN:8,(anonymous_3)
FN:9,(anonymous_4)
FN:14,(anonymous_5)
FNF:4
FNH:0
FNDA:0,PageBoot
FNDA:0,(anonymous_3)
FNDA:0,(anonymous_4)
FNDA:0,(anonymous_5)
DA:3,0
DA:5,0
DA:6,0
DA:8,0
DA:9,0
DA:10,0
DA:11,0
DA:14,0
LF:8
LH:0
BRDA:44,0,0,0
BRF:1
BRH:0
end_of_record
TN:
SF:lib\csv.ts
FN:3,toCSV
FNF:1
FNH:0
FNDA:0,toCSV
DA:1,0
DA:3,0
DA:4,0
LF:3
LH:0
BRF:0
BRH:0
end_of_record
TN:
SF:lib\design-safety-reader.ts
FN:61,readDesignSafetyData
FN:134,getDesignSafetyStatus
FN:157,(anonymous_7)
FN:171,formatTimestamp
FNF:4
FNH:0
FNDA:0,readDesignSafetyData
FNDA:0,getDesignSafetyStatus
FNDA:0,(anonymous_7)
FNDA:0,formatTimestamp
DA:1,0
DA:2,0
DA:61,0
DA:62,0
DA:63,0
DA:65,0
DA:67,0
DA:68,0
DA:71,0
DA:75,0
DA:77,0
DA:78,0
DA:80,0
DA:81,0
DA:82,0
DA:83,0
DA:85,0
DA:87,0
DA:88,0
DA:90,0
DA:91,0
DA:93,0
DA:94,0
DA:96,0
DA:97,0
DA:99,0
DA:100,0
DA:102,0
DA:103,0
DA:106,0
DA:111,0
DA:120,0
DA:121,0
DA:125,0
DA:128,0
DA:134,0
DA:139,0
DA:140,0
DA:143,0
DA:151,0
DA:153,0
DA:154,0
DA:155,0
DA:156,0
DA:157,0
DA:158,0
DA:161,0
DA:171,0
DA:172,0
DA:173,0
DA:174,0
DA:176,0
LF:52
LH:0
BRDA:78,0,0,0
BRDA:78,0,1,0
BRDA:85,1,0,0
BRDA:85,1,1,0
BRDA:85,1,2,0
BRDA:85,1,3,0
BRDA:85,1,4,0
BRDA:85,1,5,0
BRDA:120,2,0,0
BRDA:120,2,1,0
BRDA:121,3,0,0
BRDA:121,3,1,0
BRDA:139,4,0,0
BRDA:139,4,1,0
BRDA:139,5,0,0
BRDA:139,5,1,0
BRDA:153,6,0,0
BRDA:153,6,1,0
BRDA:155,7,0,0
BRDA:155,7,1,0
BRDA:157,8,0,0
BRDA:157,8,1,0
BRDA:164,9,0,0
BRDA:164,9,1,0
BRF:24
BRH:0
end_of_record
TN:
SF:lib\email.ts
FN:12,htmlWrap
FN:21,actuallySend
FN:35,sendEmail
FN:40,sendInviteEmail
FN:52,sendConfirmationEmail
FN:63,sendWelcomeEmail
FN:72,sendWeeklyRecap
FN:78,sendPlanReadyEmail
FN:88,sendCheckInReminderEmail
FNF:9
FNH:0
FNDA:0,htmlWrap
FNDA:0,actuallySend
FNDA:0,sendEmail
FNDA:0,sendInviteEmail
FNDA:0,sendConfirmationEmail
FNDA:0,sendWelcomeEmail
FNDA:0,sendWeeklyRecap
FNDA:0,sendPlanReadyEmail
FNDA:0,sendCheckInReminderEmail
DA:1,0
DA:8,0
DA:9,0
DA:10,0
DA:13,0
DA:22,0
DA:23,0
DA:24,0
DA:26,0
DA:28,0
DA:30,0
DA:35,0
DA:36,0
DA:40,0
DA:41,0
DA:42,0
DA:48,0
DA:52,0
DA:53,0
DA:54,0
DA:59,0
DA:63,0
DA:64,0
DA:68,0
DA:72,0
DA:73,0
DA:74,0
DA:78,0
DA:79,0
DA:84,0
DA:88,0
DA:89,0
DA:93,0
LF:33
LH:0
BRDA:8,0,0,0
BRDA:8,0,1,0
BRDA:9,1,0,0
BRDA:9,1,1,0
BRDA:10,2,0,0
BRDA:10,2,1,0
BRDA:22,3,0,0
BRDA:22,3,1,0
BRDA:26,4,0,0
BRDA:26,4,1,0
BRDA:30,5,0,0
BRDA:30,5,1,0
BRDA:45,6,0,0
BRDA:45,6,1,0
BRDA:46,7,0,0
BRDA:46,7,1,0
BRDA:57,8,0,0
BRDA:57,8,1,0
BRDA:66,9,0,0
BRDA:66,9,1,0
BRDA:82,10,0,0
BRDA:82,10,1,0
BRDA:91,11,0,0
BRDA:91,11,1,0
BRF:24
BRH:0
end_of_record
TN:
SF:lib\env-client.ts
FN:24,getClientEnv
FN:43,useClientEnv
FN:50,isDevelopment
FN:57,isProduction
FNF:4
FNH:0
FNDA:0,getClientEnv
FNDA:0,useClientEnv
FNDA:0,isDevelopment
FNDA:0,isProduction
DA:24,0
DA:26,0
DA:43,0
DA:44,0
DA:50,0
DA:51,0
DA:57,0
DA:58,0
LF:8
LH:0
BRDA:27,0,0,0
BRDA:27,0,1,0
BRDA:31,1,0,0
BRDA:31,1,1,0
BRDA:33,2,0,0
BRDA:33,2,1,0
BRF:6
BRH:0
end_of_record
TN:
SF:lib\env.client.ts
FN:1,getClientEnv
FNF:1
FNH:0
FNDA:0,getClientEnv
DA:1,0
DA:2,0
DA:9,0
DA:11,0
LF:4
LH:0
BRDA:3,0,0,0
BRDA:3,0,1,0
BRDA:4,1,0,0
BRDA:4,1,1,0
BRDA:5,2,0,0
BRDA:5,2,1,0
BRF:6
BRH:0
end_of_record
TN:
SF:lib\env.ts
FN:15,getEnv
FN:19,(anonymous_4)
FN:50,getPublicEnv
FNF:3
FNH:0
FNDA:0,getEnv
FNDA:0,(anonymous_4)
FNDA:0,getPublicEnv
DA:1,0
DA:4,0
DA:12,0
DA:15,0
DA:16,0
DA:17,0
DA:18,0
DA:19,0
DA:20,0
DA:22,0
DA:30,0
DA:32,0
DA:36,0
DA:47,0
DA:50,0
DA:51,0
DA:52,0
DA:62,0
DA:64,0
DA:65,0
DA:76,0
DA:78,0
LF:22
LH:0
BRDA:16,0,0,0
BRDA:16,0,1,0
BRDA:18,1,0,0
BRDA:18,1,1,0
BRDA:51,2,0,0
BRDA:51,2,1,0
BRDA:62,3,0,0
BRDA:62,3,1,0
BRF:8
BRH:0
end_of_record
TN:
SF:lib\errors.ts
FN:4,(anonymous_5)
FN:5,(anonymous_6)
FN:8,(anonymous_7)
FN:11,(anonymous_8)
FNF:4
FNH:0
FNDA:0,(anonymous_5)
FNDA:0,(anonymous_6)
FNDA:0,(anonymous_7)
FNDA:0,(anonymous_8)
DA:4,0
DA:5,0
DA:8,0
DA:11,0
LF:4
LH:0
BRDA:5,0,0,0
BRDA:8,1,0,0
BRDA:11,2,0,0
BRF:3
BRH:0
end_of_record
TN:
SF:lib\index.ts
FNF:0
FNH:0
DA:1,0
DA:2,0
DA:3,0
DA:4,0
DA:5,0
DA:6,0
LF:6
LH:0
BRF:0
BRH:0
end_of_record
TN:
SF:lib\logger.ts
FN:1,log
FN:2,error
FN:5,createRouteLogger
FN:7,(anonymous_10)
FN:11,(anonymous_11)
FN:14,(anonymous_12)
FN:21,createOperationLogger
FN:23,(anonymous_14)
FN:26,(anonymous_15)
FN:29,(anonymous_16)
FN:37,(anonymous_17)
FNF:11
FNH:0
FNDA:0,log
FNDA:0,error
FNDA:0,createRouteLogger
FNDA:0,(anonymous_10)
FNDA:0,(anonymous_11)
FNDA:0,(anonymous_12)
FNDA:0,createOperationLogger
FNDA:0,(anonymous_14)
FNDA:0,(anonymous_15)
FNDA:0,(anonymous_16)
FNDA:0,(anonymous_17)
DA:1,0
DA:2,0
DA:5,0
DA:6,0
DA:8,0
DA:9,0
DA:12,0
DA:15,0
DA:21,0
DA:22,0
DA:24,0
DA:27,0
DA:29,0
DA:34,0
DA:37,0
DA:39,0
DA:42,0
LF:17
LH:0
BRF:0
BRH:0
end_of_record
TN:
SF:lib\rate-limit.ts
FN:53,checkRateLimit
FN:106,generateRateLimitKey
FN:113,clearRateLimit
FN:122,(anonymous_10)
FN:128,getRateLimitStats
FN:132,(anonymous_12)
FN:147,cleanupExpiredEntries
FN:157,(anonymous_14)
FNF:8
FNH:0
FNDA:0,checkRateLimit
FNDA:0,generateRateLimitKey
FNDA:0,clearRateLimit
FNDA:0,(anonymous_10)
FNDA:0,getRateLimitStats
FNDA:0,(anonymous_12)
FNDA:0,cleanupExpiredEntries
FNDA:0,(anonymous_14)
DA:14,0
DA:32,0
DA:53,0
DA:58,0
DA:62,0
DA:63,0
DA:66,0
DA:67,0
DA:71,0
DA:73,0
DA:81,0
DA:82,0
DA:83,0
DA:85,0
DA:93,0
DA:95,0
DA:106,0
DA:107,0
DA:113,0
DA:114,0
DA:116,0
DA:117,0
DA:118,0
DA:122,0
DA:128,0
DA:132,0
DA:138,0
DA:147,0
DA:148,0
DA:149,0
DA:151,0
DA:152,0
DA:153,0
DA:157,0
DA:159,0
LF:35
LH:0
BRDA:58,0,0,0
BRDA:58,0,1,0
BRDA:66,1,0,0
BRDA:66,1,1,0
BRDA:66,2,0,0
BRDA:66,2,1,0
BRDA:81,3,0,0
BRDA:81,3,1,0
BRDA:107,4,0,0
BRDA:107,4,1,0
BRDA:117,5,0,0
BRDA:117,5,1,0
BRDA:152,6,0,0
BRDA:152,6,1,0
BRF:14
BRH:0
end_of_record
TN:
SF:lib\sanitize.ts
FN:1,sanitizeText
FNF:1
FNH:0
FNDA:0,sanitizeText
DA:1,0
DA:2,0
DA:3,0
LF:3
LH:0
BRDA:2,0,0,0
BRDA:2,0,1,0
BRF:2
BRH:0
end_of_record
TN:
SF:lib\sentry-wrapper.ts
FN:11,withSentry
FN:12,(anonymous_2)
FNF:2
FNH:0
FNDA:0,withSentry
FNDA:0,(anonymous_2)
DA:3,0
DA:4,0
DA:11,0
DA:12,0
DA:13,0
DA:14,0
DA:24,0
DA:25,0
DA:26,0
DA:28,0
LF:10
LH:0
BRDA:24,0,0,0
BRDA:24,0,1,0
BRF:2
BRH:0
end_of_record
TN:
SF:lib\utils.ts
FN:4,cn
FN:14,debounce
FN:20,(anonymous_8)
FN:25,(anonymous_9)
FN:38,applyPagination
FN:76,getWeekStartDate
FN:91,getWeekStartDateForDate
FNF:7
FNH:2
FNDA:0,cn
FNDA:0,debounce
FNDA:0,(anonymous_8)
FNDA:0,(anonymous_9)
FNDA:0,applyPagination
FNDA:5,getWeekStartDate
FNDA:4,getWeekStartDateForDate
DA:1,2
DA:2,2
DA:4,0
DA:5,0
DA:14,0
DA:18,0
DA:20,0
DA:21,0
DA:22,0
DA:25,0
DA:26,0
DA:38,0
DA:44,0
DA:46,0
DA:47,0
DA:48,0
DA:49,0
DA:51,0
DA:54,0
DA:55,0
DA:57,0
DA:58,0
DA:59,0
DA:62,0
DA:67,0
DA:68,0
DA:76,5
DA:77,5
DA:78,5
DA:79,5
DA:80,5
DA:81,5
DA:82,5
DA:83,5
DA:91,4
DA:92,4
DA:93,4
DA:94,4
DA:95,4
DA:96,4
DA:97,4
LF:41
LH:17
BRDA:21,0,0,0
BRDA:21,0,1,0
BRDA:47,1,0,0
BRDA:47,1,1,0
BRDA:51,2,0,0
BRDA:51,2,1,0
BRDA:57,3,0,0
BRDA:57,3,1,0
BRDA:63,4,0,0
BRDA:63,4,1,0
BRDA:79,5,0,0
BRDA:79,5,1,5
BRDA:93,6,0,0
BRDA:93,6,1,4
BRF:14
BRH:2
end_of_record
TN:
SF:lib\validation.ts
FNF:0
FNH:0
DA:2,0
LF:1
LH:0
BRF:0
BRH:0
end_of_record
TN:
SF:lib\ai\flags.ts
FN:8,(anonymous_3)
FN:19,(anonymous_4)
FNF:2
FNH:0
FNDA:0,(anonymous_3)
FNDA:0,(anonymous_4)
DA:8,0
DA:10,0
DA:12,0
DA:15,0
DA:19,0
DA:20,0
DA:21,0
DA:22,0
DA:27,0
LF:9
LH:0
BRDA:10,0,0,0
BRDA:10,0,1,0
BRDA:21,1,0,0
BRDA:21,1,1,0
BRDA:24,2,0,0
BRDA:24,2,1,0
BRDA:29,3,0,0
BRDA:29,3,1,0
BRF:8
BRH:0
end_of_record
TN:
SF:lib\ai\index.ts
FN:30,run
FNF:1
FNH:0
FNDA:0,run
DA:7,0
DA:8,0
DA:9,0
DA:16,0
DA:30,0
DA:31,0
DA:33,0
DA:34,0
DA:43,0
DA:44,0
DA:48,0
DA:51,0
DA:53,0
DA:55,0
DA:65,0
LF:15
LH:0
BRDA:33,0,0,0
BRDA:33,0,1,0
BRDA:43,1,0,0
BRDA:43,1,1,0
BRDA:57,2,0,0
BRDA:57,2,1,0
BRF:6
BRH:0
end_of_record
TN:
SF:lib\ai\router.ts
FN:20,(anonymous_5)
FN:24,(anonymous_6)
FN:57,(anonymous_7)
FN:67,getProvider
FN:93,routeRequest
FNF:5
FNH:0
FNDA:0,(anonymous_5)
FNDA:0,(anonymous_6)
FNDA:0,(anonymous_7)
FNDA:0,getProvider
FNDA:0,routeRequest
DA:8,0
DA:9,0
DA:16,0
DA:17,0
DA:21,0
DA:25,0
DA:26,0
DA:36,0
DA:44,0
DA:54,0
DA:55,0
DA:58,0
DA:67,0
DA:68,0
DA:71,0
DA:72,0
DA:73,0
DA:76,0
DA:77,0
DA:79,0
DA:81,0
DA:83,0
DA:84,0
DA:87,0
DA:88,0
DA:89,0
DA:93,0
DA:95,0
DA:97,0
DA:100,0
DA:101,0
DA:104,0
LF:32
LH:0
BRDA:39,0,0,0
BRDA:39,0,1,0
BRDA:46,1,0,0
BRDA:46,1,1,0
BRDA:68,2,0,0
BRDA:68,2,1,0
BRDA:68,2,2,0
BRDA:71,3,0,0
BRDA:71,3,1,0
BRDA:71,4,0,0
BRDA:71,4,1,0
BRDA:77,5,0,0
BRDA:77,5,1,0
BRDA:77,5,2,0
BRDA:100,6,0,0
BRDA:100,6,1,0
BRF:16
BRH:0
end_of_record
TN:
SF:lib\ai\providers\mock.ts
FN:19,runJSON
FN:76,(anonymous_4)
FN:77,(anonymous_5)
FNF:3
FNH:0
FNDA:0,runJSON
FNDA:0,(anonymous_4)
FNDA:0,(anonymous_5)
DA:19,0
DA:24,0
DA:28,0
DA:30,0
DA:37,0
DA:40,0
DA:47,0
DA:50,0
DA:58,0
DA:60,0
DA:65,0
DA:73,0
DA:74,0
DA:77,0
DA:79,0
LF:15
LH:0
BRDA:28,0,0,0
BRDA:28,0,1,0
BRDA:28,0,2,0
BRDA:68,1,0,0
BRDA:68,1,1,0
BRDA:82,2,0,0
BRDA:82,2,1,0
BRF:7
BRH:0
end_of_record
TN:
SF:lib\ai\providers\openai.ts
FN:65,(anonymous_3)
FN:82,(anonymous_4)
FN:95,(anonymous_5)
FN:107,(anonymous_6)
FN:139,(anonymous_7)
FN:161,createClient
FNF:6
FNH:0
FNDA:0,(anonymous_3)
FNDA:0,(anonymous_4)
FNDA:0,(anonymous_5)
FNDA:0,(anonymous_6)
FNDA:0,(anonymous_7)
FNDA:0,createClient
DA:7,0
DA:8,0
DA:9,0
DA:13,0
DA:14,0
DA:16,0
DA:18,0
DA:59,0
DA:63,0
DA:66,0
DA:69,0
DA:70,0
DA:73,0
DA:83,0
DA:84,0
DA:85,0
DA:86,0
DA:88,0
DA:89,0
DA:92,0
DA:96,0
DA:104,0
DA:113,0
DA:115,0
DA:117,0
DA:119,0
DA:121,0
DA:132,0
DA:133,0
DA:134,0
DA:138,0
DA:140,0
DA:141,0
DA:143,0
DA:149,0
DA:152,0
DA:161,0
DA:162,0
LF:38
LH:0
BRDA:65,0,0,0
BRDA:69,1,0,0
BRDA:69,1,1,0
BRDA:74,2,0,0
BRDA:74,2,1,0
BRDA:77,3,0,0
BRDA:77,3,1,0
BRDA:83,4,0,0
BRDA:83,4,1,0
BRDA:122,5,0,0
BRDA:122,5,1,0
BRDA:127,6,0,0
BRDA:127,6,1,0
BRDA:127,6,2,0
BRDA:128,7,0,0
BRDA:128,7,1,0
BRDA:128,7,2,0
BRDA:133,8,0,0
BRDA:133,8,1,0
BRDA:154,9,0,0
BRDA:154,9,1,0
BRDA:155,10,0,0
BRDA:155,10,1,0
BRDA:155,11,0,0
BRDA:155,11,1,0
BRF:25
BRH:0
end_of_record
TN:
SF:lib\ai\runners\runEval.ts
FN:34,loadEvalCases
FN:76,validateShape
FN:105,runEvalCase
FN:138,main
FN:167,(anonymous_4)
FN:168,(anonymous_5)
FN:195,(anonymous_6)
FNF:7
FNH:0
FNDA:0,loadEvalCases
FNDA:0,validateShape
FNDA:0,runEvalCase
FNDA:0,main
FNDA:0,(anonymous_4)
FNDA:0,(anonymous_5)
FNDA:0,(anonymous_6)
DA:7,0
DA:8,0
DA:9,0
DA:35,0
DA:37,0
DA:39,0
DA:42,0
DA:46,0
DA:53,0
DA:55,0
DA:59,0
DA:66,0
DA:67,0
DA:70,0
DA:77,0
DA:78,0
DA:81,0
DA:83,0
DA:84,0
DA:85,0
DA:88,0
DA:90,0
DA:91,0
DA:94,0
DA:95,0
DA:99,0
DA:106,0
DA:107,0
DA:109,0
DA:110,0
DA:117,0
DA:119,0
DA:127,0
DA:140,0
DA:142,0
DA:144,0
DA:146,0
DA:147,0
DA:149,0
DA:151,0
DA:152,0
DA:153,0
DA:155,0
DA:157,0
DA:158,0
DA:160,0
DA:165,0
DA:167,0
DA:168,0
DA:173,0
DA:175,0
DA:177,0
DA:179,0
DA:181,0
DA:185,0
DA:188,0
DA:189,0
DA:194,0
DA:195,0
DA:197,0
DA:198,0
LF:61
LH:0
BRDA:77,0,0,0
BRDA:77,0,1,0
BRDA:77,1,0,0
BRDA:77,1,1,0
BRDA:84,2,0,0
BRDA:84,2,1,0
BRDA:90,3,0,0
BRDA:90,3,1,0
BRDA:90,4,0,0
BRDA:90,4,1,0
BRDA:94,5,0,0
BRDA:94,5,1,0
BRDA:94,6,0,0
BRDA:94,6,1,0
BRDA:109,7,0,0
BRDA:109,7,1,0
BRDA:113,8,0,0
BRDA:113,8,1,0
BRDA:123,9,0,0
BRDA:123,9,1,0
BRDA:130,10,0,0
BRDA:130,10,1,0
BRDA:142,11,0,0
BRDA:142,11,1,0
BRDA:155,12,0,0
BRDA:155,12,1,0
BRDA:158,13,0,0
BRDA:158,13,1,0
BRDA:158,14,0,0
BRDA:158,14,1,0
BRDA:188,15,0,0
BRDA:188,15,1,0
BRDA:194,16,0,0
BRDA:194,16,1,0
BRF:34
BRH:0
end_of_record
TN:
SF:lib\ai\runners\runEvalCI.ts
FN:33,loadEvalCases
FN:75,validateShape
FN:104,runEvalCase
FN:136,main
FN:148,(anonymous_4)
FN:149,(anonymous_5)
FN:165,(anonymous_6)
FNF:7
FNH:0
FNDA:0,loadEvalCases
FNDA:0,validateShape
FNDA:0,runEvalCase
FNDA:0,main
FNDA:0,(anonymous_4)
FNDA:0,(anonymous_5)
FNDA:0,(anonymous_6)
DA:7,0
DA:8,0
DA:9,0
DA:34,0
DA:36,0
DA:38,0
DA:41,0
DA:45,0
DA:52,0
DA:54,0
DA:58,0
DA:65,0
DA:66,0
DA:69,0
DA:76,0
DA:77,0
DA:80,0
DA:82,0
DA:83,0
DA:84,0
DA:87,0
DA:89,0
DA:90,0
DA:93,0
DA:94,0
DA:98,0
DA:105,0
DA:106,0
DA:108,0
DA:109,0
DA:116,0
DA:118,0
DA:125,0
DA:137,0
DA:138,0
DA:140,0
DA:141,0
DA:142,0
DA:146,0
DA:148,0
DA:149,0
DA:155,0
DA:158,0
DA:159,0
DA:164,0
DA:165,0
DA:167,0
DA:168,0
LF:48
LH:0
BRDA:76,0,0,0
BRDA:76,0,1,0
BRDA:76,1,0,0
BRDA:76,1,1,0
BRDA:83,2,0,0
BRDA:83,2,1,0
BRDA:89,3,0,0
BRDA:89,3,1,0
BRDA:89,4,0,0
BRDA:89,4,1,0
BRDA:93,5,0,0
BRDA:93,5,1,0
BRDA:93,6,0,0
BRDA:93,6,1,0
BRDA:108,7,0,0
BRDA:108,7,1,0
BRDA:112,8,0,0
BRDA:112,8,1,0
BRDA:121,9,0,0
BRDA:121,9,1,0
BRDA:128,10,0,0
BRDA:128,10,1,0
BRDA:158,11,0,0
BRDA:158,11,1,0
BRDA:164,12,0,0
BRDA:164,12,1,0
BRF:26
BRH:0
end_of_record
TN:
SF:lib\ai\runners\runTask.ts
FN:18,runTask
FNF:1
FNH:0
FNDA:0,runTask
DA:7,0
DA:8,0
DA:9,0
DA:19,0
DA:21,0
DA:23,0
DA:25,0
DA:28,0
DA:30,0
DA:33,0
DA:36,0
DA:37,0
DA:38,0
DA:42,0
DA:50,0
DA:52,0
DA:54,0
DA:56,0
DA:58,0
DA:61,0
DA:66,0
DA:67,0
DA:72,0
DA:73,0
DA:79,0
DA:81,0
DA:82,0
DA:83,0
DA:84,0
DA:85,0
DA:86,0
DA:87,0
DA:88,0
DA:89,0
DA:90,0
DA:91,0
DA:92,0
DA:93,0
DA:94,0
DA:95,0
DA:96,0
DA:97,0
DA:98,0
DA:99,0
DA:103,0
DA:105,0
DA:107,0
DA:108,0
DA:113,0
DA:114,0
DA:116,0
DA:119,0
DA:120,0
DA:121,0
DA:123,0
DA:127,0
DA:128,0
DA:132,0
DA:135,0
DA:143,0
LF:60
LH:0
BRDA:19,0,0,0
BRDA:21,1,0,0
BRDA:21,1,1,0
BRDA:33,2,0,0
BRDA:33,2,1,0
BRDA:37,3,0,0
BRDA:37,3,1,0
BRDA:52,4,0,0
BRDA:52,4,1,0
BRDA:72,5,0,0
BRDA:72,5,1,0
BRDA:72,6,0,0
BRDA:72,6,1,0
BRDA:83,7,0,0
BRDA:83,7,1,0
BRDA:85,8,0,0
BRDA:85,8,1,0
BRDA:85,9,0,0
BRDA:85,9,1,0
BRDA:88,10,0,0
BRDA:88,10,1,0
BRDA:90,11,0,0
BRDA:90,11,1,0
BRDA:90,12,0,0
BRDA:90,12,1,0
BRDA:93,13,0,0
BRDA:93,13,1,0
BRDA:95,14,0,0
BRDA:95,14,1,0
BRDA:95,15,0,0
BRDA:95,15,1,0
BRDA:98,16,0,0
BRDA:98,16,1,0
BRDA:103,17,0,0
BRDA:103,17,1,0
BRDA:113,18,0,0
BRDA:113,18,1,0
BRDA:120,19,0,0
BRDA:120,19,1,0
BRF:39
BRH:0
end_of_record
TN:
SF:lib\ai\tools\cost.ts
FN:27,(anonymous_1)
FN:44,(anonymous_2)
FN:49,(anonymous_3)
FN:74,(anonymous_4)
FNF:4
FNH:0
FNDA:0,(anonymous_1)
FNDA:0,(anonymous_2)
FNDA:0,(anonymous_3)
FNDA:0,(anonymous_4)
DA:24,0
DA:28,0
DA:30,0
DA:36,0
DA:46,0
DA:50,0
DA:51,0
DA:52,0
DA:55,0
DA:56,0
DA:57,0
DA:59,0
DA:60,0
DA:61,0
DA:63,0
DA:75,0
LF:16
LH:0
BRDA:51,0,0,0
BRDA:51,0,1,0
BRF:2
BRH:0
end_of_record
TN:
SF:lib\ai\tools\retry.ts
FN:23,exponentialBackoff
FN:60,(anonymous_5)
FN:71,(anonymous_6)
FN:79,retry
FN:95,(anonymous_8)
FNF:5
FNH:0
FNDA:0,exponentialBackoff
FNDA:0,(anonymous_5)
FNDA:0,(anonymous_6)
FNDA:0,retry
FNDA:0,(anonymous_8)
DA:23,0
DA:27,0
DA:36,0
DA:39,0
DA:40,0
DA:41,0
DA:48,0
DA:57,0
DA:61,0
DA:72,0
DA:79,0
DA:83,0
DA:84,0
DA:86,0
DA:87,0
DA:88,0
DA:90,0
DA:91,0
DA:95,0
DA:99,0
LF:20
LH:0
BRDA:25,0,0,0
BRDA:60,1,0,0
BRDA:81,2,0,0
BRDA:83,3,0,0
BRDA:83,3,1,0
BRDA:84,4,0,0
BRDA:84,4,1,0
BRDA:90,5,0,0
BRDA:90,5,1,0
BRF:9
BRH:0
end_of_record
TN:
SF:lib\ai\tools\safety.ts
FN:24,(anonymous_1)
FN:33,(anonymous_2)
FN:38,(anonymous_3)
FN:47,(anonymous_4)
FNF:4
FNH:0
FNDA:0,(anonymous_1)
FNDA:0,(anonymous_2)
FNDA:0,(anonymous_3)
FNDA:0,(anonymous_4)
DA:21,0
DA:30,0
DA:35,0
DA:40,0
DA:49,0
LF:5
LH:0
BRDA:24,0,0,0
BRF:1
BRH:0
end_of_record
TN:
SF:lib\ai\tools\schema.ts
FN:39,createSchema
FN:41,(anonymous_5)
FN:44,(anonymous_6)
FNF:3
FNH:0
FNDA:0,createSchema
FNDA:0,(anonymous_5)
FNDA:0,(anonymous_6)
DA:7,0
DA:10,0
DA:18,0
DA:39,0
DA:40,0
DA:42,0
DA:44,0
LF:7
LH:0
BRF:0
BRH:0
end_of_record
TN:
SF:lib\ai\tools\trace.ts
FN:40,(anonymous_6)
FN:51,(anonymous_7)
FN:67,(anonymous_8)
FN:77,(anonymous_9)
FN:84,(anonymous_10)
FN:88,(anonymous_11)
FN:104,(anonymous_12)
FN:105,(anonymous_13)
FN:108,(anonymous_14)
FNF:9
FNH:0
FNDA:0,(anonymous_6)
FNDA:0,(anonymous_7)
FNDA:0,(anonymous_8)
FNDA:0,(anonymous_9)
FNDA:0,(anonymous_10)
FNDA:0,(anonymous_11)
FNDA:0,(anonymous_12)
FNDA:0,(anonymous_13)
FNDA:0,(anonymous_14)
DA:35,0
DA:41,0
DA:43,0
DA:45,0
DA:47,0
DA:52,0
DA:59,0
DA:60,0
DA:63,0
DA:69,0
DA:73,0
DA:78,0
DA:85,0
DA:89,0
DA:91,0
DA:96,0
DA:97,0
DA:103,0
DA:104,0
DA:105,0
DA:108,0
DA:109,0
LF:22
LH:0
BRDA:40,0,0,0
BRDA:59,1,0,0
BRDA:59,1,1,0
BRDA:59,2,0,0
BRDA:59,2,1,0
BRDA:80,3,0,0
BRDA:80,3,1,0
BRDA:89,4,0,0
BRDA:89,4,1,0
BRDA:96,5,0,0
BRDA:96,5,1,0
BRF:11
BRH:0
end_of_record
TN:
SF:lib\auth\context.ts
FN:8,getUserContext
FN:17,getUserOrFail
FNF:2
FNH:0
FNDA:0,getUserContext
FNDA:0,getUserOrFail
DA:1,0
DA:3,0
DA:8,0
DA:11,0
DA:12,0
DA:13,0
DA:14,0
DA:17,0
DA:20,0
LF:9
LH:0
BRDA:9,0,0,0
BRDA:13,1,0,0
BRDA:13,1,1,0
BRDA:13,2,0,0
BRDA:13,2,1,0
BRDA:20,3,0,0
BRDA:20,3,1,0
BRF:7
BRH:0
end_of_record
TN:
SF:lib\auth\guard.ts
FN:3,requireUser
FN:30,getUserOrFail
FNF:2
FNH:0
FNDA:0,requireUser
FNDA:0,getUserOrFail
DA:1,0
DA:3,0
DA:4,0
DA:7,0
DA:9,0
DA:12,0
DA:14,0
DA:15,0
DA:17,0
DA:19,0
DA:22,0
DA:24,0
DA:27,0
DA:30,0
DA:31,0
DA:33,0
DA:34,0
DA:37,0
LF:18
LH:0
BRDA:7,0,0,0
BRDA:7,0,1,0
BRDA:7,1,0,0
BRDA:7,1,1,0
BRDA:14,2,0,0
BRDA:14,2,1,0
BRDA:14,3,0,0
BRDA:14,3,1,0
BRDA:15,4,0,0
BRDA:15,4,1,0
BRDA:15,5,0,0
BRDA:15,5,1,0
BRDA:22,6,0,0
BRDA:22,6,1,0
BRDA:22,7,0,0
BRDA:22,7,1,0
BRDA:33,8,0,0
BRDA:33,8,1,0
BRDA:33,9,0,0
BRDA:33,9,1,0
BRF:20
BRH:0
end_of_record
TN:
SF:lib\auth\index.ts
FNF:0
FNH:0
DA:1,0
DA:2,0
LF:2
LH:0
BRF:0
BRH:0
end_of_record
TN:
SF:lib\auth\roles.ts
FN:3,hasRole
FNF:1
FNH:0
FNDA:0,hasRole
DA:3,0
DA:4,0
DA:5,0
LF:3
LH:0
BRDA:4,0,0,0
BRDA:4,0,1,0
BRF:2
BRH:0
end_of_record
TN:
SF:lib\auto-save\file-watcher.ts
FN:22,(anonymous_3)
FN:29,(anonymous_4)
FN:35,(anonymous_5)
FN:40,(anonymous_6)
FN:54,(anonymous_7)
FN:60,(anonymous_8)
FN:64,(anonymous_9)
FN:78,(anonymous_10)
FN:83,(anonymous_11)
FN:90,(anonymous_12)
FN:93,(anonymous_13)
FN:99,(anonymous_14)
FN:118,(anonymous_15)
FN:122,(anonymous_16)
FN:151,(anonymous_17)
FN:173,(anonymous_18)
FN:180,(anonymous_19)
FN:187,(anonymous_20)
FN:190,(anonymous_21)
FN:198,(anonymous_22)
FN:199,(anonymous_23)
FN:209,(anonymous_24)
FN:213,(anonymous_25)
FN:218,(anonymous_26)
FNF:24
FNH:0
FNDA:0,(anonymous_3)
FNDA:0,(anonymous_4)
FNDA:0,(anonymous_5)
FNDA:0,(anonymous_6)
FNDA:0,(anonymous_7)
FNDA:0,(anonymous_8)
FNDA:0,(anonymous_9)
FNDA:0,(anonymous_10)
FNDA:0,(anonymous_11)
FNDA:0,(anonymous_12)
FNDA:0,(anonymous_13)
FNDA:0,(anonymous_14)
FNDA:0,(anonymous_15)
FNDA:0,(anonymous_16)
FNDA:0,(anonymous_17)
FNDA:0,(anonymous_18)
FNDA:0,(anonymous_19)
FNDA:0,(anonymous_20)
FNDA:0,(anonymous_21)
FNDA:0,(anonymous_22)
FNDA:0,(anonymous_23)
FNDA:0,(anonymous_24)
FNDA:0,(anonymous_25)
FNDA:0,(anonymous_26)
DA:1,0
DA:18,0
DA:19,0
DA:20,0
DA:24,0
DA:25,0
DA:31,0
DA:32,0
DA:37,0
DA:39,0
DA:40,0
DA:41,0
DA:42,0
DA:48,0
DA:49,0
DA:56,0
DA:58,0
DA:60,0
DA:61,0
DA:62,0
DA:64,0
DA:65,0
DA:67,0
DA:72,0
DA:75,0
DA:76,0
DA:78,0
DA:79,0
DA:80,0
DA:83,0
DA:84,0
DA:85,0
DA:92,0
DA:93,0
DA:94,0
DA:100,0
DA:101,0
DA:102,0
DA:103,0
DA:106,0
DA:114,0
DA:120,0
DA:121,0
DA:122,0
DA:123,0
DA:124,0
DA:126,0
DA:127,0
DA:130,0
DA:131,0
DA:145,0
DA:150,0
DA:151,0
DA:152,0
DA:153,0
DA:166,0
DA:174,0
DA:176,0
DA:177,0
DA:181,0
DA:183,0
DA:184,0
DA:188,0
DA:190,0
DA:191,0
DA:192,0
DA:193,0
DA:199,0
DA:200,0
DA:201,0
DA:203,0
DA:210,0
DA:214,0
DA:219,0
DA:224,0
DA:227,0
DA:228,0
DA:231,0
LF:78
LH:0
BRDA:24,0,0,0
BRDA:24,0,1,0
BRDA:37,1,0,0
BRDA:37,1,1,0
BRDA:39,2,0,0
BRDA:39,2,1,0
BRDA:39,3,0,0
BRDA:39,3,1,0
BRDA:41,4,0,0
BRDA:41,4,1,0
BRDA:48,5,0,0
BRDA:48,5,1,0
BRDA:56,6,0,0
BRDA:56,6,1,0
BRDA:56,7,0,0
BRDA:56,7,1,0
BRDA:62,8,0,0
BRDA:62,8,1,0
BRDA:92,9,0,0
BRDA:92,9,1,0
BRDA:92,10,0,0
BRDA:92,10,1,0
BRDA:102,11,0,0
BRDA:102,11,1,0
BRDA:120,12,0,0
BRDA:120,12,1,0
BRDA:130,13,0,0
BRDA:130,13,1,0
BRDA:132,14,0,0
BRDA:132,14,1,0
BRDA:152,15,0,0
BRDA:152,15,1,0
BRDA:154,16,0,0
BRDA:154,16,1,0
BRDA:174,17,0,0
BRDA:174,17,1,0
BRDA:181,18,0,0
BRDA:181,18,1,0
BRDA:192,19,0,0
BRDA:192,19,1,0
BRDA:227,20,0,0
BRDA:227,20,1,0
BRF:42
BRH:0
end_of_record
TN:
SF:lib\auto-save\index.ts
FN:4,debounceEvent
FN:7,(anonymous_4)
FN:12,(anonymous_5)
FN:50,(anonymous_6)
FN:65,(anonymous_7)
FN:70,(anonymous_8)
FN:81,(anonymous_9)
FN:93,(anonymous_10)
FN:94,(anonymous_11)
FN:103,(anonymous_12)
FN:118,(anonymous_13)
FN:143,(anonymous_14)
FN:166,(anonymous_15)
FN:198,(anonymous_16)
FN:209,(anonymous_17)
FN:220,(anonymous_18)
FN:226,(anonymous_19)
FN:231,(anonymous_20)
FN:239,(anonymous_21)
FN:241,(anonymous_22)
FN:259,(anonymous_23)
FN:265,(anonymous_24)
FN:274,(anonymous_25)
FN:288,(anonymous_26)
FN:293,(anonymous_27)
FN:310,(anonymous_28)
FN:314,(anonymous_29)
FN:318,(anonymous_30)
FN:319,(anonymous_31)
FN:322,(anonymous_32)
FN:326,(anonymous_33)
FN:333,(anonymous_34)
FN:341,(anonymous_35)
FN:354,(anonymous_36)
FN:359,(anonymous_37)
FN:377,(anonymous_38)
FN:383,(anonymous_39)
FNF:37
FNH:25
FNDA:1,debounceEvent
FNDA:29,(anonymous_4)
FNDA:8,(anonymous_5)
FNDA:1,(anonymous_6)
FNDA:8,(anonymous_7)
FNDA:9,(anonymous_8)
FNDA:1,(anonymous_9)
FNDA:1,(anonymous_10)
FNDA:0,(anonymous_11)
FNDA:8,(anonymous_12)
FNDA:8,(anonymous_13)
FNDA:0,(anonymous_14)
FNDA:0,(anonymous_15)
FNDA:13,(anonymous_16)
FNDA:8,(anonymous_17)
FNDA:24,(anonymous_18)
FNDA:16,(anonymous_19)
FNDA:16,(anonymous_20)
FNDA:0,(anonymous_21)
FNDA:0,(anonymous_22)
FNDA:8,(anonymous_23)
FNDA:8,(anonymous_24)
FNDA:5,(anonymous_25)
FNDA:0,(anonymous_26)
FNDA:1,(anonymous_27)
FNDA:0,(anonymous_28)
FNDA:10,(anonymous_29)
FNDA:6,(anonymous_30)
FNDA:8,(anonymous_31)
FNDA:0,(anonymous_32)
FNDA:0,(anonymous_33)
FNDA:11,(anonymous_34)
FNDA:4,(anonymous_35)
FNDA:0,(anonymous_36)
FNDA:11,(anonymous_37)
FNDA:0,(anonymous_38)
FNDA:0,(anonymous_39)
DA:1,1
DA:5,1
DA:7,1
DA:8,29
DA:9,28
DA:12,29
DA:13,8
DA:43,1
DA:44,1
DA:46,1
DA:47,1
DA:48,1
DA:51,1
DA:65,1
DA:66,8
DA:71,9
DA:73,1
DA:74,1
DA:75,1
DA:76,1
DA:78,1
DA:83,1
DA:84,1
DA:90,1
DA:94,1
DA:95,0
DA:96,0
DA:97,0
DA:98,0
DA:104,8
DA:106,8
DA:109,8
DA:110,8
DA:111,0
DA:112,0
DA:113,0
DA:114,0
DA:119,8
DA:120,8
DA:123,8
DA:124,0
DA:127,8
DA:140,8
DA:144,0
DA:145,0
DA:148,0
DA:149,0
DA:152,0
DA:163,0
DA:167,0
DA:168,0
DA:170,0
DA:171,0
DA:174,0
DA:175,0
DA:178,0
DA:179,0
DA:182,0
DA:195,0
DA:199,13
DA:200,13
DA:201,0
DA:205,13
DA:206,13
DA:210,8
DA:211,8
DA:214,8
DA:217,8
DA:221,24
DA:222,13
DA:226,24
DA:227,16
DA:232,16
DA:234,8
DA:235,8
DA:238,8
DA:239,0
DA:240,0
DA:241,0
DA:245,8
DA:252,8
DA:255,0
DA:260,8
DA:261,8
DA:262,8
DA:267,8
DA:268,0
DA:270,8
DA:276,5
DA:277,0
DA:280,5
DA:281,5
DA:282,5
DA:285,5
DA:290,0
DA:294,1
DA:295,1
DA:296,1
DA:297,0
DA:300,0
DA:301,0
DA:305,0
DA:311,0
DA:315,10
DA:319,8
DA:323,0
DA:327,0
DA:328,0
DA:329,0
DA:330,0
DA:334,11
DA:335,11
DA:336,11
DA:337,11
DA:342,4
DA:343,4
DA:345,4
DA:346,4
DA:347,4
DA:350,0
DA:355,0
DA:360,11
DA:361,11
DA:362,11
DA:366,11
DA:367,11
DA:372,51
DA:375,1
DA:376,1
DA:377,0
DA:379,1
DA:383,1
DA:384,0
DA:388,1
LF:134
LH:87
BRDA:8,0,0,28
BRDA:8,0,1,1
BRDA:50,1,0,1
BRDA:71,2,0,8
BRDA:71,2,1,1
BRDA:95,3,0,0
BRDA:95,3,1,0
BRDA:106,4,0,0
BRDA:106,4,1,8
BRDA:109,5,0,8
BRDA:109,5,1,0
BRDA:109,6,0,8
BRDA:109,6,1,1
BRDA:111,7,0,0
BRDA:111,7,1,0
BRDA:113,8,0,0
BRDA:113,8,1,0
BRDA:123,9,0,0
BRDA:123,9,1,8
BRDA:145,10,0,0
BRDA:145,10,1,0
BRDA:148,11,0,0
BRDA:148,11,1,0
BRDA:159,12,0,0
BRDA:159,12,1,0
BRDA:178,13,0,0
BRDA:178,13,1,0
BRDA:200,14,0,0
BRDA:200,14,1,13
BRDA:221,15,0,13
BRDA:221,15,1,11
BRDA:232,16,0,8
BRDA:232,16,1,8
BRDA:238,17,0,0
BRDA:238,17,1,8
BRDA:260,18,0,8
BRDA:260,18,1,0
BRDA:260,18,2,0
BRDA:260,18,3,0
BRDA:267,19,0,0
BRDA:267,19,1,8
BRDA:267,20,0,8
BRDA:267,20,1,8
BRDA:267,20,2,8
BRDA:276,21,0,0
BRDA:276,21,1,5
BRDA:296,22,0,0
BRDA:296,22,1,1
BRDA:296,23,0,1
BRDA:296,23,1,0
BRDA:323,24,0,0
BRDA:323,24,1,0
BRDA:345,25,0,4
BRDA:345,25,1,0
BRDA:360,26,0,11
BRDA:360,26,1,0
BRDA:375,27,0,1
BRDA:375,27,1,0
BRDA:376,28,0,0
BRDA:376,28,1,1
BRF:60
BRH:28
end_of_record
TN:
SF:lib\auto-save\storage.ts
FN:24,(anonymous_3)
FN:29,(anonymous_4)
FN:76,(anonymous_5)
FN:115,(anonymous_6)
FN:134,(anonymous_7)
FN:147,(anonymous_8)
FN:164,(anonymous_9)
FN:181,(anonymous_10)
FN:201,(anonymous_11)
FN:205,(anonymous_12)
FN:217,(anonymous_13)
FN:244,(anonymous_14)
FN:253,(anonymous_15)
FN:256,(anonymous_16)
FN:271,(anonymous_17)
FN:275,(anonymous_18)
FN:280,(anonymous_19)
FN:293,(anonymous_20)
FN:311,(anonymous_21)
FN:317,(anonymous_22)
FN:326,(anonymous_23)
FN:335,(anonymous_24)
FN:344,(anonymous_25)
FN:353,(anonymous_26)
FN:358,(anonymous_27)
FN:363,(anonymous_28)
FN:368,(anonymous_29)
FN:379,(anonymous_30)
FN:381,(anonymous_31)
FN:398,(anonymous_32)
FNF:30
FNH:8
FNDA:1,(anonymous_3)
FNDA:8,(anonymous_4)
FNDA:1,(anonymous_5)
FNDA:0,(anonymous_6)
FNDA:8,(anonymous_7)
FNDA:0,(anonymous_8)
FNDA:0,(anonymous_9)
FNDA:0,(anonymous_10)
FNDA:0,(anonymous_11)
FNDA:0,(anonymous_12)
FNDA:8,(anonymous_13)
FNDA:1,(anonymous_14)
FNDA:0,(anonymous_15)
FNDA:0,(anonymous_16)
FNDA:0,(anonymous_17)
FNDA:0,(anonymous_18)
FNDA:0,(anonymous_19)
FNDA:0,(anonymous_20)
FNDA:8,(anonymous_21)
FNDA:0,(anonymous_22)
FNDA:0,(anonymous_23)
FNDA:0,(anonymous_24)
FNDA:0,(anonymous_25)
FNDA:9,(anonymous_26)
FNDA:0,(anonymous_27)
FNDA:0,(anonymous_28)
FNDA:0,(anonymous_29)
FNDA:0,(anonymous_30)
FNDA:0,(anonymous_31)
FNDA:0,(anonymous_32)
DA:16,1
DA:17,1
DA:18,1
DA:19,1
DA:20,1
DA:21,1
DA:22,1
DA:25,1
DA:30,8
DA:31,8
DA:32,8
DA:39,8
DA:40,8
DA:44,8
DA:45,0
DA:46,0
DA:50,8
DA:51,0
DA:52,0
DA:56,8
DA:58,8
DA:61,8
DA:62,0
DA:65,8
DA:66,8
DA:68,8
DA:70,0
DA:71,0
DA:77,1
DA:78,1
DA:81,1
DA:82,1
DA:84,0
DA:85,0
DA:86,0
DA:87,0
DA:89,0
DA:92,1
DA:93,1
DA:95,1
DA:97,0
DA:100,0
DA:101,0
DA:102,0
DA:106,0
DA:108,0
DA:110,0
DA:116,0
DA:119,0
DA:120,0
DA:121,0
DA:125,0
DA:126,0
DA:127,0
DA:130,0
DA:136,8
DA:137,0
DA:138,0
DA:139,0
DA:143,8
DA:148,0
DA:149,0
DA:152,0
DA:154,0
DA:155,0
DA:156,0
DA:158,0
DA:159,0
DA:165,0
DA:166,0
DA:169,0
DA:170,0
DA:173,0
DA:174,0
DA:176,0
DA:182,0
DA:183,0
DA:184,0
DA:186,0
DA:187,0
DA:188,0
DA:189,0
DA:193,0
DA:195,0
DA:196,0
DA:202,0
DA:203,0
DA:205,0
DA:206,0
DA:209,0
DA:211,0
DA:212,0
DA:218,8
DA:219,8
DA:222,8
DA:223,0
DA:224,0
DA:225,0
DA:230,8
DA:231,0
DA:232,0
DA:233,0
DA:237,8
DA:239,0
DA:245,1
DA:246,1
DA:247,1
DA:250,0
DA:251,0
DA:253,0
DA:254,0
DA:256,0
DA:257,0
DA:258,0
DA:259,0
DA:264,0
DA:266,0
DA:272,0
DA:273,0
DA:275,0
DA:276,0
DA:277,0
DA:280,0
DA:281,0
DA:282,0
DA:283,0
DA:284,0
DA:293,0
DA:295,0
DA:296,0
DA:298,0
DA:299,0
DA:301,0
DA:302,0
DA:306,0
DA:312,8
DA:313,8
DA:318,0
DA:319,0
DA:321,0
DA:327,0
DA:328,0
DA:330,0
DA:336,0
DA:337,0
DA:339,0
DA:345,0
DA:346,0
DA:348,0
DA:354,9
DA:359,0
DA:361,0
DA:362,0
DA:363,0
DA:364,0
DA:367,0
DA:368,0
DA:369,0
DA:372,0
DA:375,0
DA:380,0
DA:381,0
DA:382,0
DA:383,0
DA:384,0
DA:386,0
DA:390,0
DA:392,0
DA:393,0
DA:399,0
DA:404,9
DA:406,1
LF:172
LH:43
BRDA:29,0,0,0
BRDA:39,1,0,8
BRDA:39,1,1,0
BRDA:44,2,0,0
BRDA:44,2,1,8
BRDA:44,3,0,8
BRDA:44,3,1,8
BRDA:50,4,0,0
BRDA:50,4,1,8
BRDA:61,5,0,0
BRDA:61,5,1,8
BRDA:65,6,0,8
BRDA:65,6,1,0
BRDA:76,7,0,0
BRDA:82,8,0,0
BRDA:82,8,1,1
BRDA:84,9,0,0
BRDA:84,9,1,0
BRDA:84,10,0,0
BRDA:84,10,1,0
BRDA:92,11,0,1
BRDA:92,11,1,0
BRDA:95,12,0,1
BRDA:95,12,1,0
BRDA:100,13,0,0
BRDA:100,13,1,0
BRDA:100,14,0,0
BRDA:100,14,1,0
BRDA:119,15,0,0
BRDA:119,15,1,0
BRDA:119,16,0,0
BRDA:119,16,1,0
BRDA:125,17,0,0
BRDA:125,17,1,0
BRDA:125,18,0,0
BRDA:125,18,1,0
BRDA:136,19,0,0
BRDA:136,19,1,8
BRDA:138,20,0,0
BRDA:138,20,1,0
BRDA:147,21,0,0
BRDA:154,22,0,0
BRDA:154,22,1,0
BRDA:164,23,0,0
BRDA:169,24,0,0
BRDA:169,24,1,0
BRDA:173,25,0,0
BRDA:173,25,1,0
BRDA:181,26,0,0
BRDA:183,27,0,0
BRDA:183,27,1,0
BRDA:188,28,0,0
BRDA:188,28,1,0
BRDA:201,29,0,0
BRDA:224,30,0,0
BRDA:224,30,1,0
BRDA:225,31,0,0
BRDA:225,31,1,0
BRDA:232,32,0,0
BRDA:232,32,1,0
BRDA:233,33,0,0
BRDA:233,33,1,0
BRDA:246,34,0,1
BRDA:246,34,1,0
BRDA:258,35,0,0
BRDA:258,35,1,0
BRDA:258,36,0,0
BRDA:258,36,1,0
BRDA:258,36,2,0
BRDA:258,36,3,0
BRDA:258,36,4,0
BRDA:282,37,0,0
BRDA:282,37,1,0
BRDA:282,38,0,0
BRDA:282,38,1,0
BRDA:282,38,2,0
BRDA:286,39,0,0
BRDA:286,39,1,0
BRDA:299,40,0,0
BRDA:299,40,1,0
BRDA:382,41,0,0
BRDA:382,41,1,0
BRF:82
BRH:12
end_of_record
TN:
SF:lib\compat\index.ts
FNF:0
FNH:0
DA:6,0
DA:7,0
LF:2
LH:0
BRF:0
BRH:0
end_of_record
TN:
SF:lib\compat\lib.ts
FNF:0
FNH:0
DA:5,0
DA:8,0
DA:11,0
DA:14,0
DA:17,0
DA:20,0
LF:6
LH:0
BRF:0
BRH:0
end_of_record
TN:
SF:lib\compat\ui.ts
FNF:0
FNH:0
DA:5,1
DA:8,1
DA:11,1
DA:14,1
DA:17,1
DA:20,1
DA:23,1
DA:26,1
DA:29,1
DA:32,1
DA:35,1
DA:38,1
DA:41,1
DA:44,1
DA:47,1
DA:50,1
DA:53,1
DA:56,1
DA:59,1
DA:62,1
DA:65,1
DA:68,1
DA:71,1
DA:74,1
DA:77,1
LF:25
LH:25
BRF:0
BRH:0
end_of_record
TN:
SF:lib\config\requireEnv.ts
FN:59,validateCriticalEnv
FN:86,(anonymous_6)
FN:97,(anonymous_7)
FN:113,(anonymous_8)
FN:114,(anonymous_9)
FN:144,checkSecurityIssues
FN:163,(anonymous_11)
FN:186,isAllowedPublicSecret
FN:200,requireEnv
FN:228,getOptionalEnv
FN:240,initializeEnvValidation
FNF:11
FNH:0
FNDA:0,validateCriticalEnv
FNDA:0,(anonymous_6)
FNDA:0,(anonymous_7)
FNDA:0,(anonymous_8)
FNDA:0,(anonymous_9)
FNDA:0,checkSecurityIssues
FNDA:0,(anonymous_11)
FNDA:0,isAllowedPublicSecret
FNDA:0,requireEnv
FNDA:0,getOptionalEnv
FNDA:0,initializeEnvValidation
DA:12,0
DA:18,0
DA:36,0
DA:59,0
[...]
DA:107,0
DA:110,0
DA:111,0
DA:113,0
DA:114,0
DA:117,0
DA:120,0
DA:128,0
DA:129,0
DA:132,0
DA:145,0
DA:148,0
DA:149,0
DA:150,0
DA:153,0
DA:154,0
DA:157,0
DA:158,0
DA:163,0
DA:164,0
DA:172,0
DA:173,0
DA:174,0
DA:175,0
DA:180,0
DA:187,0
DA:193,0
DA:200,0
DA:207,0
DA:209,0
DA:211,0
DA:212,0
DA:213,0
DA:215,0
DA:218,0
DA:219,0
DA:222,0
DA:228,0
DA:232,0
DA:233,0
DA:240,0
DA:241,0
DA:242,0
DA:244,0
DA:245,0
DA:246,0
DA:249,0
DA:250,0
DA:253,0
DA:256,0
DA:257,0
LF:75
LH:0
BRDA:59,0,0,0
BRDA:63,1,0,0
BRDA:63,2,0,0
BRDA:69,3,0,0
BRDA:69,3,1,0
BRDA:69,4,0,0
BRDA:69,4,1,0
BRDA:84,5,0,0
BRDA:84,5,1,0
BRDA:92,6,0,0
BRDA:92,6,1,0
BRDA:95,7,0,0
BRDA:95,7,1,0
BRDA:110,8,0,0
BRDA:110,8,1,0
BRDA:110,9,0,0
BRDA:110,9,1,0
BRDA:114,10,0,0
BRDA:114,10,1,0
BRDA:128,11,0,0
BRDA:128,11,1,0
BRDA:134,12,0,0
BRDA:134,12,1,0
BRDA:148,13,0,0
BRDA:148,13,1,0
BRDA:149,14,0,0
BRDA:149,14,1,0
BRDA:153,15,0,0
BRDA:153,15,1,0
BRDA:157,16,0,0
BRDA:157,16,1,0
BRDA:174,17,0,0
BRDA:174,17,1,0
BRDA:174,18,0,0
BRDA:174,18,1,0
BRDA:202,19,0,0
BRDA:207,20,0,0
BRDA:211,21,0,0
BRDA:211,21,1,0
BRDA:212,22,0,0
BRDA:212,22,1,0
BRDA:218,23,0,0
BRDA:218,23,1,0
BRDA:218,24,0,0
BRDA:218,24,1,0
BRDA:233,25,0,0
BRDA:233,25,1,0
BRDA:244,26,0,0
BRDA:244,26,1,0
BRDA:249,27,0,0
BRDA:249,27,1,0
BRF:51
BRH:0
end_of_record
TN:
SF:lib\date\week.ts
FN:6,startOfIsoWeek
FN:15,asIsoDate
FN:20,getCurrentWeekStart
FN:24,getCurrentWeekStartIso
FN:28,addWeeks
FN:34,getWeekStartForDate
FNF:6
FNH:2
FNDA:1,startOfIsoWeek
FNDA:1,asIsoDate
FNDA:0,getCurrentWeekStart
FNDA:0,getCurrentWeekStartIso
FNDA:0,addWeeks
FNDA:0,getWeekStartForDate
DA:6,1
DA:8,1
DA:9,1
DA:10,1
DA:11,1
DA:12,1
DA:15,1
DA:16,1
DA:17,1
DA:20,0
DA:21,0
DA:24,0
DA:25,0
DA:28,0
DA:29,0
DA:30,0
DA:31,0
DA:34,0
DA:35,0
LF:19
LH:9
BRDA:9,0,0,1
BRDA:9,0,1,0
BRDA:10,1,0,0
BRDA:10,1,1,1
BRF:4
BRH:2
end_of_record
TN:
SF:lib\flags\server.ts
FN:24,getFlag
FN:36,(anonymous_12)
FN:70,getAllFlags
FN:113,getFlagsMap
FN:118,(anonymous_15)
FN:127,setFlag
FN:165,setFlags
FN:172,(anonymous_18)
FN:202,isAdmin
FN:225,getCachedFlags
FN:243,updateCache
FN:254,clearCache
FN:261,clearAllCache
FN:268,getCacheStats
FN:279,getFlagEdge
FNF:15
FNH:0
FNDA:0,getFlag
FNDA:0,(anonymous_12)
FNDA:0,getAllFlags
FNDA:0,getFlagsMap
FNDA:0,(anonymous_15)
FNDA:0,setFlag
FNDA:0,setFlags
FNDA:0,(anonymous_18)
FNDA:0,isAdmin
FNDA:0,getCachedFlags
FNDA:0,updateCache
FNDA:0,clearCache
FNDA:0,clearAllCache
FNDA:0,getCacheStats
FNDA:0,getFlagEdge
DA:8,0
DA:18,0
DA:19,0
DA:24,0
DA:29,0
DA:31,0
DA:33,0
DA:34,0
DA:35,0
DA:36,0
DA:37,0
DA:42,0
DA:43,0
DA:50,0
DA:51,0
DA:52,0
DA:55,0
DA:58,0
DA:60,0
DA:62,0
DA:63,0
DA:70,0
DA:74,0
DA:76,0
DA:78,0
DA:79,0
DA:80,0
DA:81,0
DA:86,0
DA:87,0
DA:93,0
DA:94,0
DA:95,0
DA:98,0
DA:101,0
DA:103,0
DA:105,0
DA:106,0
DA:113,0
DA:117,0
DA:118,0
DA:119,0
DA:120,0
DA:127,0
DA:133,0
DA:134,0
DA:137,0
DA:147,0
DA:148,0
DA:149,0
DA:153,0
DA:155,0
DA:157,0
DA:158,0
DA:165,0
DA:169,0
DA:170,0
DA:172,0
DA:180,0
DA:184,0
DA:185,0
DA:186,0
DA:190,0
DA:192,0
DA:194,0
DA:195,0
DA:202,0
DA:203,0
DA:204,0
DA:205,0
DA:211,0
DA:212,0
DA:215,0
DA:217,0
DA:218,0
DA:226,0
DA:227,0
DA:228,0
DA:231,0
DA:232,0
DA:233,0
DA:234,0
DA:237,0
DA:244,0
DA:254,0
DA:255,0
DA:261,0
DA:262,0
DA:268,0
DA:269,0
DA:279,0
DA:280,0
DA:281,0
DA:282,0
DA:289,0
DA:290,0
DA:291,0
DA:294,0
DA:296,0
DA:297,0
LF:100
LH:0
BRDA:27,0,0,0
BRDA:29,1,0,0
BRDA:29,2,0,0
BRDA:33,3,0,0
BRDA:33,3,1,0
BRDA:35,4,0,0
BRDA:35,4,1,0
BRDA:37,5,0,0
BRDA:37,5,1,0
BRDA:50,6,0,0
BRDA:50,6,1,0
BRDA:50,7,0,0
BRDA:50,7,1,0
BRDA:55,8,0,0
BRDA:55,8,1,0
BRDA:72,9,0,0
BRDA:74,10,0,0
BRDA:74,11,0,0
BRDA:78,12,0,0
BRDA:78,12,1,0
BRDA:80,13,0,0
BRDA:80,13,1,0
BRDA:93,14,0,0
BRDA:93,14,1,0
BRDA:98,15,0,0
BRDA:98,15,1,0
BRDA:115,16,0,0
BRDA:131,17,0,0
BRDA:147,18,0,0
BRDA:147,18,1,0
BRDA:176,19,0,0
BRDA:176,19,1,0
BRDA:184,20,0,0
BRDA:184,20,1,0
BRDA:211,21,0,0
BRDA:211,21,1,0
BRDA:211,22,0,0
BRDA:211,22,1,0
BRDA:227,23,0,0
BRDA:227,23,1,0
BRDA:232,24,0,0
BRDA:232,24,1,0
BRDA:289,25,0,0
BRDA:289,25,1,0
BRDA:289,26,0,0
BRDA:289,26,1,0
BRDA:294,27,0,0
BRDA:294,27,1,0
BRF:48
BRH:0
end_of_record
TN:
SF:lib\guardian\service.ts
FN:31,runBackupOnce
FN:50,(anonymous_7)
FN:51,(anonymous_8)
FN:60,(anonymous_9)
FN:66,(anonymous_10)
FN:73,(anonymous_11)
FN:74,(anonymous_12)
FN:152,readStatus
FN:166,getLatestArtifacts
FN:174,isLastBackupSuccessful
FNF:10
FNH:0
FNDA:0,runBackupOnce
FNDA:0,(anonymous_7)
FNDA:0,(anonymous_8)
FNDA:0,(anonymous_9)
FNDA:0,(anonymous_10)
FNDA:0,(anonymous_11)
FNDA:0,(anonymous_12)
FNDA:0,readStatus
FNDA:0,getLatestArtifacts
FNDA:0,isLastBackupSuccessful
DA:1,0
DA:2,0
DA:3,0
DA:25,0
DA:26,0
DA:31,0
DA:32,0
DA:33,0
DA:35,0
DA:37,0
DA:38,0
DA:41,0
DA:50,0
DA:51,0
DA:52,0
DA:53,0
DA:58,0
DA:60,0
DA:61,0
DA:63,0
DA:66,0
DA:68,0
DA:72,0
DA:74,0
DA:79,0
DA:81,0
DA:83,0
DA:84,0
DA:85,0
DA:88,0
DA:89,0
DA:92,0
DA:94,0
DA:97,0
DA:108,0
DA:109,0
DA:113,0
DA:122,0
DA:124,0
DA:128,0
DA:130,0
DA:139,0
DA:140,0
DA:145,0
DA:152,0
DA:153,0
DA:154,0
DA:155,0
DA:156,0
DA:159,0
DA:166,0
DA:167,0
DA:168,0
DA:174,0
DA:175,0
DA:176,0
LF:56
LH:0
BRDA:31,0,0,0
BRDA:33,1,0,0
BRDA:33,1,1,0
BRDA:74,2,0,0
BRDA:74,2,1,0
BRDA:81,3,0,0
BRDA:81,3,1,0
BRDA:118,4,0,0
BRDA:118,4,1,0
BRDA:135,5,0,0
BRDA:135,5,1,0
BRDA:168,6,0,0
BRDA:168,6,1,0
BRDA:176,7,0,0
BRDA:176,7,1,0
BRF:15
BRH:0
end_of_record
TN:
SF:lib\guardian\structured-logger.ts
FN:26,(anonymous_4)
FN:35,(anonymous_5)
FN:52,(anonymous_6)
FN:70,(anonymous_7)
FN:90,(anonymous_8)
FN:110,(anonymous_9)
FN:124,createGuardianLogger
FN:131,logGuardianOperation
FNF:8
FNH:0
FNDA:0,(anonymous_4)
FNDA:0,(anonymous_5)
FNDA:0,(anonymous_6)
FNDA:0,(anonymous_7)
FNDA:0,(anonymous_8)
FNDA:0,(anonymous_9)
FNDA:0,createGuardianLogger
FNDA:0,logGuardianOperation
DA:21,0
DA:27,0
DA:28,0
DA:29,0
DA:36,0
DA:37,0
DA:46,0
DA:53,0
DA:54,0
DA:64,0
DA:71,0
DA:72,0
DA:84,0
DA:91,0
DA:92,0
DA:104,0
DA:112,0
DA:115,0
DA:116,0
DA:124,0
DA:125,0
DA:131,0
DA:140,0
DA:142,0
DA:143,0
DA:144,0
DA:146,0
DA:147,0
DA:148,0
DA:151,0
DA:153,0
DA:154,0
DA:156,0
DA:157,0
DA:158,0
DA:161,0
LF:36
LH:0
BRDA:115,0,0,0
BRDA:115,0,1,0
BRDA:135,1,0,0
BRDA:146,2,0,0
BRDA:146,2,1,0
BRDA:153,3,0,0
BRDA:153,3,1,0
BRDA:156,4,0,0
BRDA:156,4,1,0
BRF:9
BRH:0
end_of_record
TN:
SF:lib\mappers\intake.ts
FN:11,toIntakeInsert
FNF:1
FNH:0
FNDA:0,toIntakeInsert
DA:1,0
DA:11,0
DA:12,0
LF:3
LH:0
BRDA:14,0,0,0
BRDA:14,0,1,0
BRDA:15,1,0,0
BRDA:15,1,1,0
BRF:4
BRH:0
end_of_record
TN:
SF:lib\n8n\reliability.ts
FN:92,calculateBackoffDelay
FN:113,sleep
FN:114,(anonymous_15)
FN:120,withBackoff
FN:161,(anonymous_17)
FN:166,(anonymous_18)
FN:170,(anonymous_19)
FN:188,(anonymous_20)
FN:195,(anonymous_21)
FN:224,(anonymous_22)
FN:232,(anonymous_23)
FN:252,(anonymous_24)
FN:256,(anonymous_25)
FN:271,(anonymous_26)
FN:288,(anonymous_27)
FN:292,(anonymous_28)
FN:327,(anonymous_29)
FN:359,(anonymous_30)
FN:390,(anonymous_31)
FN:405,(anonymous_32)
FN:434,(anonymous_33)
FN:438,(anonymous_34)
FN:442,(anonymous_35)
FN:455,(anonymous_36)
FN:465,(anonymous_37)
FN:483,(anonymous_38)
FN:499,(anonymous_39)
FN:516,(anonymous_40)
FN:531,(anonymous_41)
FN:537,(anonymous_42)
FN:544,(anonymous_43)
FN:577,(anonymous_44)
FN:608,(anonymous_45)
FNF:33
FNH:0
FNDA:0,calculateBackoffDelay
FNDA:0,sleep
FNDA:0,(anonymous_15)
FNDA:0,withBackoff
FNDA:0,(anonymous_17)
FNDA:0,(anonymous_18)
FNDA:0,(anonymous_19)
FNDA:0,(anonymous_20)
FNDA:0,(anonymous_21)
FNDA:0,(anonymous_22)
FNDA:0,(anonymous_23)
FNDA:0,(anonymous_24)
FNDA:0,(anonymous_25)
FNDA:0,(anonymous_26)
FNDA:0,(anonymous_27)
FNDA:0,(anonymous_28)
FNDA:0,(anonymous_29)
FNDA:0,(anonymous_30)
FNDA:0,(anonymous_31)
FNDA:0,(anonymous_32)
FNDA:0,(anonymous_33)
FNDA:0,(anonymous_34)
FNDA:0,(anonymous_35)
FNDA:0,(anonymous_36)
FNDA:0,(anonymous_37)
FNDA:0,(anonymous_38)
FNDA:0,(anonymous_39)
FNDA:0,(anonymous_40)
FNDA:0,(anonymous_41)
FNDA:0,(anonymous_42)
FNDA:0,(anonymous_43)
FNDA:0,(anonymous_44)
FNDA:0,(anonymous_45)
DA:12,0
DA:46,0
DA:49,0
DA:61,0
DA:64,0
DA:92,0
DA:96,0
DA:97,0
DA:98,0
DA:101,0
DA:104,0
DA:107,0
DA:113,0
DA:114,0
DA:120,0
DA:127,0
DA:128,0
DA:129,0
DA:131,0
DA:134,0
DA:135,0
DA:139,0
DA:141,0
DA:147,0
DA:151,0
DA:157,0
DA:162,0
DA:163,0
DA:167,0
DA:171,0
DA:172,0
DA:174,0
DA:175,0
DA:181,0
DA:182,0
DA:185,0
DA:189,0
DA:190,0
DA:191,0
DA:192,0
DA:196,0
DA:197,0
DA:200,0
DA:201,0
DA:202,0
DA:203,0
DA:205,0
DA:210,0
DA:211,0
DA:214,0
DA:215,0
DA:216,0
DA:217,0
DA:219,0
DA:220,0
DA:225,0
DA:233,0
DA:234,0
DA:235,0
DA:237,0
DA:243,0
DA:244,0
DA:245,0
DA:253,0
DA:262,0
DA:263,0
DA:272,0
DA:278,0
DA:285,0
DA:289,0
DA:299,0
DA:300,0
DA:302,0
DA:316,0
DA:317,0
DA:320,0
DA:324,0
DA:338,0
DA:340,0
DA:346,0
DA:347,0
DA:350,0
DA:352,0
DA:353,0
DA:356,0
DA:360,0
DA:363,0
DA:369,0
DA:370,0
DA:374,0
DA:379,0
DA:380,0
DA:383,0
DA:387,0
DA:391,0
DA:393,0
DA:398,0
DA:399,0
DA:402,0
DA:406,0
DA:408,0
DA:414,0
DA:415,0
DA:418,0
DA:419,0
DA:420,0
DA:423,0
DA:430,0
DA:432,0
DA:435,0
DA:439,0
DA:443,0
DA:444,0
DA:446,0
DA:447,0
DA:452,0
DA:455,0
DA:456,0
DA:457,0
DA:458,0
DA:460,0
DA:466,0
DA:468,0
DA:469,0
DA:475,0
DA:482,0
DA:484,0
DA:486,0
DA:492,0
DA:493,0
DA:496,0
DA:500,0
DA:502,0
DA:511,0
DA:512,0
DA:517,0
DA:518,0
DA:525,0
DA:526,0
DA:532,0
DA:533,0
DA:534,0
DA:538,0
DA:539,0
DA:541,0
DA:555,0
DA:556,0
DA:561,0
DA:562,0
DA:565,0
DA:570,0
DA:572,0
DA:574,0
DA:577,0
DA:579,0
DA:583,0
DA:584,0
DA:590,0
DA:593,0
DA:601,0
DA:604,0
DA:613,0
DA:614,0
DA:615,0
DA:618,0
DA:627,0
LF:166
LH:0
BRDA:94,0,0,0
BRDA:122,1,0,0
BRDA:134,2,0,0
BRDA:134,2,1,0
BRDA:142,3,0,0
BRDA:142,3,1,0
BRDA:161,4,0,0
BRDA:174,5,0,0
BRDA:174,5,1,0
BRDA:200,6,0,0
BRDA:200,6,1,0
BRDA:201,7,0,0
BRDA:201,7,1,0
BRDA:210,8,0,0
BRDA:210,8,1,0
BRDA:243,9,0,0
BRDA:243,9,1,0
BRDA:288,10,0,0
BRDA:316,11,0,0
BRDA:316,11,1,0
BRDA:327,12,0,0
BRDA:346,13,0,0
BRDA:346,13,1,0
BRDA:352,14,0,0
BRDA:352,14,1,0
BRDA:356,15,0,0
BRDA:356,15,1,0
BRDA:369,16,0,0
BRDA:369,16,1,0
BRDA:369,17,0,0
BRDA:369,17,1,0
BRDA:379,18,0,0
BRDA:379,18,1,0
BRDA:398,19,0,0
BRDA:398,19,1,0
BRDA:414,20,0,0
BRDA:414,20,1,0
BRDA:418,21,0,0
BRDA:418,21,1,0
BRDA:419,22,0,0
BRDA:419,22,1,0
BRDA:434,23,0,0
BRDA:439,24,0,0
BRDA:439,24,1,0
BRDA:444,25,0,0
BRDA:444,25,1,0
BRDA:446,26,0,0
BRDA:446,26,1,0
BRDA:456,27,0,0
BRDA:456,27,1,0
BRDA:457,28,0,0
BRDA:457,28,1,0
BRDA:492,29,0,0
BRDA:492,29,1,0
BRDA:492,30,0,0
BRDA:492,30,1,0
BRDA:496,31,0,0
BRDA:496,31,1,0
BRDA:511,32,0,0
BRDA:511,32,1,0
BRDA:538,33,0,0
BRDA:538,33,1,0
BRDA:548,34,0,0
BRDA:555,35,0,0
BRDA:555,35,1,0
BRDA:555,36,0,0
BRDA:555,36,1,0
BRDA:561,37,0,0
BRDA:561,37,1,0
BRDA:583,38,0,0
BRDA:583,38,1,0
BRDA:583,39,0,0
BRDA:583,39,1,0
BRF:73
BRH:0
end_of_record
TN:
SF:lib\next\routesManifest.ts
FN:7,getRoutesManifest
FNF:1
FNH:0
FNDA:0,getRoutesManifest
DA:1,0
DA:2,0
DA:7,0
DA:8,0
DA:9,0
DA:10,0
DA:11,0
DA:12,0
DA:14,0
DA:17,0
DA:20,0
DA:22,0
LF:12
LH:0
BRDA:10,0,0,0
BRDA:10,0,1,0
BRDA:14,1,0,0
BRDA:14,1,1,0
BRF:4
BRH:0
end_of_record
TN:
SF:lib\notifications\slack.ts
FN:33,sendSlackNotification
FN:79,sendGuardianFailureNotification
FN:101,sendGuardianSuccessNotification
FN:123,sendSystemHealthAlert
FNF:4
FNH:0
FNDA:0,sendSlackNotification
FNDA:0,sendGuardianFailureNotification
FNDA:0,sendGuardianSuccessNotification
FNDA:0,sendSystemHealthAlert
DA:33,0
DA:37,0
DA:39,0
DA:40,0
DA:43,0
DA:44,0
DA:51,0
DA:59,0
DA:60,0
DA:61,0
DA:67,0
DA:69,0
DA:79,0
DA:85,0
DA:92,0
DA:101,0
DA:107,0
DA:114,0
DA:123,0
DA:128,0
DA:130,0
DA:136,0
LF:22
LH:0
BRDA:35,0,0,0
BRDA:37,1,0,0
BRDA:37,1,1,0
BRDA:39,2,0,0
BRDA:39,2,1,0
BRDA:46,3,0,0
BRDA:46,3,1,0
BRDA:47,4,0,0
BRDA:47,4,1,0
BRDA:48,5,0,0
BRDA:48,5,1,0
BRDA:59,6,0,0
BRDA:59,6,1,0
BRDA:71,7,0,0
BRDA:71,7,1,0
BRDA:112,8,0,0
BRDA:112,8,1,0
BRDA:128,9,0,0
BRDA:128,9,1,0
BRDA:134,10,0,0
BRDA:134,10,1,0
BRF:21
BRH:0
end_of_record
TN:
SF:lib\registry\emails.ts
FN:36,getEmailTemplate
FN:40,getEmailSubject
FN:44,getEmailType
FN:49,isValidEmailTemplate
FN:53,isValidEmailSubject
FNF:5
FNH:3
FNDA:1,getEmailTemplate
FNDA:1,getEmailSubject
FNDA:1,getEmailType
FNDA:0,isValidEmailTemplate
FNDA:0,isValidEmailSubject
DA:2,13
DA:36,1
DA:37,1
DA:40,1
DA:41,1
DA:44,1
DA:45,1
DA:49,0
DA:50,0
DA:53,0
DA:54,0
DA:58,1
LF:12
LH:8
BRF:0
BRH:0
end_of_record
TN:
SF:lib\registry\flags.ts
FN:35,isFeatureEnabled
FN:39,isExperimentalEnabled
FN:43,isEnvironmentFlagEnabled
FN:48,isValidFeatureFlag
FN:52,isValidExperimentalFlag
FN:57,getAllEnabledFlags
FN:60,(anonymous_14)
FN:64,(anonymous_15)
FN:68,(anonymous_16)
FNF:9
FNH:0
FNDA:0,isFeatureEnabled
FNDA:0,isExperimentalEnabled
FNDA:0,isEnvironmentFlagEnabled
FNDA:0,isValidFeatureFlag
FNDA:0,isValidExperimentalFlag
FNDA:0,getAllEnabledFlags
FNDA:0,(anonymous_14)
FNDA:0,(anonymous_15)
FNDA:0,(anonymous_16)
DA:4,0
DA:35,0
DA:36,0
DA:39,0
DA:40,0
DA:43,0
DA:44,0
DA:48,0
DA:49,0
DA:52,0
DA:53,0
DA:57,0
DA:58,0
DA:60,0
DA:61,0
DA:64,0
DA:65,0
DA:68,0
DA:69,0
DA:72,0
LF:20
LH:0
BRDA:61,0,0,0
BRDA:61,0,1,0
BRDA:65,1,0,0
BRDA:65,1,1,0
BRDA:69,2,0,0
BRDA:69,2,1,0
BRF:6
BRH:0
end_of_record
TN:
SF:lib\registry\index.ts
FNF:0
FNH:0
DA:2,0
DA:3,0
DA:4,0
DA:5,0
LF:4
LH:0
BRF:0
BRH:0
end_of_record
TN:
SF:lib\registry\routes.ts
FN:44,getRoute
FN:48,isRoute
FN:52,getRouteKey
FN:53,(anonymous_8)
FNF:4
FNH:4
FNDA:1,getRoute
FNDA:1,isRoute
FNDA:1,getRouteKey
FNDA:1,(anonymous_8)
DA:2,11
DA:44,1
DA:45,1
DA:48,1
DA:49,1
DA:52,1
DA:53,1
DA:54,1
LF:8
LH:8
BRDA:54,0,0,1
BRDA:54,0,1,0
BRF:2
BRH:1
end_of_record
TN:
SF:lib\registry\strings.ts
FN:31,getSystemString
FN:35,isSystemString
FN:39,getSystemStringKey
FN:40,(anonymous_10)
FN:45,validateSystemString
FN:50,getAllSystemStrings
FNF:6
FNH:0
FNDA:0,getSystemString
FNDA:0,isSystemString
FNDA:0,getSystemStringKey
FNDA:0,(anonymous_10)
FNDA:0,validateSystemString
FNDA:0,getAllSystemStrings
DA:2,0
DA:31,0
DA:32,0
DA:35,0
DA:36,0
DA:39,0
DA:40,0
DA:41,0
DA:45,0
DA:46,0
DA:50,0
DA:51,0
LF:12
LH:0
BRDA:41,0,0,0
BRDA:41,0,1,0
BRF:2
BRH:0
end_of_record
TN:
SF:lib\registry\tables.ts
FN:26,getTable
FN:30,isTable
FN:34,getTableKey
FN:35,(anonymous_9)
FNF:4
FNH:4
FNDA:1,getTable
FNDA:1,isTable
FNDA:1,getTableKey
FNDA:1,(anonymous_9)
DA:2,5
DA:26,1
DA:27,1
DA:30,1
DA:31,1
DA:34,1
DA:35,1
DA:36,1
DA:40,1
LF:9
LH:9
BRDA:36,0,0,1
BRDA:36,0,1,0
BRF:2
BRH:1
end_of_record
TN:
SF:lib\supabase\client.ts
FN:13,(anonymous_4)
FN:14,(anonymous_5)
FN:15,(anonymous_6)
FN:25,(anonymous_7)
FN:28,(anonymous_8)
FNF:5
FNH:0
FNDA:0,(anonymous_4)
FNDA:0,(anonymous_5)
FNDA:0,(anonymous_6)
FNDA:0,(anonymous_7)
FNDA:0,(anonymous_8)
DA:2,0
DA:3,0
DA:5,0
DA:8,0
DA:13,0
DA:25,0
DA:28,0
LF:7
LH:0
BRF:0
BRH:0
end_of_record
TN:
SF:lib\supabase\index.ts
FNF:0
FNH:0
DA:1,0
DA:2,0
DA:3,0
DA:4,0
LF:4
LH:0
BRF:0
BRH:0
end_of_record
TN:
SF:lib\supabase\server.ts
FN:7,createServerSupabase
FN:16,(anonymous_8)
FN:17,(anonymous_9)
FN:20,(anonymous_10)
FN:36,createServerClientWithCookies
FN:45,(anonymous_12)
FN:46,(anonymous_13)
FN:49,(anonymous_14)
FN:62,createServiceRoleSupabase
FNF:9
FNH:0
FNDA:0,createServerSupabase
FNDA:0,(anonymous_8)
FNDA:0,(anonymous_9)
FNDA:0,(anonymous_10)
FNDA:0,createServerClientWithCookies
FNDA:0,(anonymous_12)
FNDA:0,(anonymous_13)
FNDA:0,(anonymous_14)
FNDA:0,createServiceRoleSupabase
DA:1,0
DA:2,0
DA:3,0
DA:4,0
DA:7,0
DA:8,0
DA:9,0
DA:11,0
DA:16,0
DA:18,0
DA:21,0
DA:33,0
DA:36,0
DA:37,0
DA:38,0
DA:40,0
DA:45,0
DA:47,0
DA:50,0
DA:62,0
DA:63,0
DA:64,0
DA:67,0
DA:80,0
DA:83,0
LF:25
LH:0
BRDA:64,0,0,0
BRDA:64,0,1,0
BRF:2
BRH:0
end_of_record
TN:
SF:lib\utils\splitName.ts
FN:1,splitName
FNF:1
FNH:0
FNDA:0,splitName
DA:1,0
DA:2,0
DA:3,0
DA:5,0
DA:6,0
DA:7,0
DA:9,0
LF:7
LH:0
BRDA:3,0,0,0
BRDA:3,0,1,0
BRDA:6,1,0,0
BRDA:6,1,1,0
BRDA:7,2,0,0
BRDA:7,2,1,0
BRF:6
BRH:0
end_of_record
TN:
SF:lib\validation\checkins.ts
FNF:0
FNH:0
DA:1,1
DA:3,1
DA:17,1
LF:3
LH:3
BRF:0
BRH:0
end_of_record
TN:
SF:lib\validation\clients.ts
FNF:0
FNH:0
DA:1,1
DA:3,1
DA:23,1
LF:3
LH:3
BRF:0
BRH:0
end_of_record
TN:
SF:lib\validation\index.ts
FN:29,(anonymous_14)
FNF:1
FNH:0
FNDA:0,(anonymous_14)
DA:1,0
DA:4,0
DA:7,0
DA:10,0
DA:23,0
DA:29,0
DA:32,0
DA:35,0
DA:47,0
DA:50,0
DA:56,0
DA:78,0
DA:95,0
DA:107,0
DA:112,0
LF:15
LH:0
BRDA:29,0,0,0
BRDA:29,0,1,0
BRDA:29,0,2,0
BRDA:29,0,3,0
BRDA:29,0,4,0
BRF:5
BRH:0
end_of_record
TN:
SF:lib\validation\phone.ts
FN:11,normalizePhone
FNF:1
FNH:0
FNDA:0,normalizePhone
DA:11,0
DA:13,0
DA:14,0
DA:18,0
DA:19,0
DA:23,0
DA:26,0
DA:27,0
DA:30,0
LF:9
LH:0
BRDA:13,0,0,0
BRDA:13,0,1,0
BRDA:13,1,0,0
BRDA:13,1,1,0
BRDA:18,2,0,0
BRDA:18,2,1,0
BRDA:26,3,0,0
BRDA:26,3,1,0
BRDA:26,4,0,0
BRDA:26,4,1,0
BRF:10
BRH:0
end_of_record
TN:
SF:lib\validation\progress-metrics.ts
FNF:0
FNH:0
DA:1,0
DA:3,0
DA:21,0
LF:3
LH:0
BRF:0
BRH:0
end_of_record
TN:
SF:lib\validation\weekly-plans.ts
FNF:0
FNH:0
DA:1,0
DA:3,0
DA:18,0
LF:3
LH:0
BRF:0
BRH:0
end_of_record
TN:
SF:lib\webhooks\idempotency.ts
FN:29,wasProcessed
FN:75,markProcessed
FN:115,extractEventId
FN:149,checkAndMarkProcessed
FNF:4
FNH:4
FNDA:4,wasProcessed
FNDA:5,markProcessed
FNDA:10,extractEventId
FNDA:4,checkAndMarkProcessed
DA:8,2
DA:29,2
DA:33,4
DA:34,4
DA:36,4
DA:42,4
DA:49,4
DA:50,0
DA:53,4
DA:54,4
DA:61,0
DA:62,0
DA:75,3
DA:79,5
DA:80,5
DA:81,5
DA:82,5
DA:84,5
DA:93,5
DA:95,0
DA:96,0
DA:98,0
DA:101,5
DA:104,0
DA:105,0
DA:115,6
DA:119,10
DA:120,10
DA:121,10
DA:123,9
DA:125,1
DA:128,2
DA:131,2
DA:135,4
DA:138,1
DA:139,1
DA:149,4
DA:153,4
DA:155,4
DA:157,2
DA:158,2
DA:164,2
DA:166,2
DA:168,2
DA:171,2
LF:45
LH:37
BRDA:49,0,0,0
BRDA:49,0,1,4
BRDA:49,1,0,4
BRDA:49,1,1,4
BRDA:57,2,0,0
BRDA:57,2,1,4
BRDA:81,3,0,5
BRDA:81,3,1,0
BRDA:93,4,0,0
BRDA:93,4,1,5
BRDA:95,5,0,0
BRDA:95,5,1,0
BRDA:123,6,0,1
BRDA:123,6,1,2
BRDA:123,6,2,2
BRDA:123,6,3,4
BRDA:125,7,0,1
BRDA:125,7,1,0
BRDA:128,8,0,1
BRDA:128,8,1,1
BRDA:128,9,0,1
BRDA:128,9,1,0
BRDA:128,9,2,0
BRDA:131,10,0,2
BRDA:131,10,1,1
BRDA:131,10,2,1
BRDA:131,10,3,1
BRDA:135,11,0,4
BRDA:135,11,1,4
BRDA:135,11,2,2
BRDA:135,11,3,2
BRDA:135,11,4,2
BRDA:155,12,0,2
BRDA:155,12,1,2
BRDA:166,13,0,2
BRDA:166,13,1,0
BRF:36
BRH:26
end_of_record
TN:
SF:lib\webhooks\index.ts
FN:46,withVerifiedWebhook
FN:50,(anonymous_6)
FN:122,withStripeWebhook
FN:143,withGitHubWebhook
FN:164,withGenericWebhook
FNF:5
FNH:0
FNDA:0,withVerifiedWebhook
FNDA:0,(anonymous_6)
FNDA:0,withStripeWebhook
FNDA:0,withGitHubWebhook
FNDA:0,withGenericWebhook
DA:8,0
DA:9,0
DA:10,0
DA:46,0
DA:50,0
DA:51,0
DA:53,0
DA:57,0
DA:58,0
DA:59,0
DA:66,0
DA:68,0
DA:69,0
DA:82,0
DA:83,0
DA:86,0
DA:87,0
DA:89,0
DA:95,0
DA:103,0
DA:106,0
DA:107,0
DA:122,0
DA:127,0
DA:143,0
DA:148,0
DA:164,0
DA:174,0
LF:28
LH:0
BRDA:53,0,0,0
BRDA:53,0,1,0
BRDA:57,1,0,0
BRDA:57,1,1,0
BRDA:68,2,0,0
BRDA:68,2,1,0
BRDA:111,3,0,0
BRDA:111,3,1,0
BRDA:124,4,0,0
BRDA:125,5,0,0
BRDA:145,6,0,0
BRDA:146,7,0,0
BRDA:182,8,0,0
BRDA:182,8,1,0
BRF:14
BRH:0
end_of_record
TN:
SF:lib\webhooks\verifyHmac.ts
FN:32,verifyHmacSignature
FN:86,verifyWebhookHmac
FN:119,verifyStripeWebhook
FN:140,(anonymous_7)
FN:141,(anonymous_8)
FN:141,(anonymous_9)
FN:162,(anonymous_10)
FNF:7
FNH:7
FNDA:9,verifyHmacSignature
FNDA:5,verifyWebhookHmac
FNDA:3,verifyStripeWebhook
FNDA:3,(anonymous_7)
FNDA:5,(anonymous_8)
FNDA:2,(anonymous_9)
FNDA:1,(anonymous_10)
DA:8,2
DA:32,6
DA:38,9
DA:39,9
DA:40,1
DA:43,8
DA:44,1
DA:48,7
DA:49,7
DA:50,6
DA:51,1
DA:53,5
DA:57,6
DA:62,6
DA:63,6
DA:65,6
DA:66,2
DA:69,4
DA:71,4
DA:73,0
DA:86,5
DA:90,5
DA:91,5
DA:92,5
DA:94,5
DA:95,1
DA:98,4
DA:99,1
DA:103,3
DA:104,3
DA:106,3
DA:108,0
DA:119,3
DA:123,3
DA:124,3
DA:125,3
DA:127,3
DA:128,0
DA:131,3
DA:132,0
DA:135,3
DA:136,3
DA:139,3
DA:140,3
DA:141,5
DA:143,3
DA:144,1
DA:148,2
DA:149,2
DA:150,2
DA:151,1
DA:155,1
DA:156,1
DA:161,1
DA:162,1
DA:163,1
DA:164,1
DA:165,1
DA:168,0
DA:172,1
DA:174,0
LF:61
LH:55
BRDA:39,0,0,1
BRDA:39,0,1,8
BRDA:43,1,0,1
BRDA:43,1,1,7
BRDA:49,2,0,6
BRDA:49,2,1,1
BRDA:50,3,0,1
BRDA:50,3,1,5
BRDA:65,4,0,2
BRDA:65,4,1,4
BRDA:71,5,0,4
BRDA:71,5,1,0
BRDA:75,6,0,0
BRDA:75,6,1,0
BRDA:94,7,0,1
BRDA:94,7,1,4
BRDA:98,8,0,1
BRDA:98,8,1,3
BRDA:110,9,0,0
BRDA:110,9,1,0
BRDA:121,10,0,0
BRDA:127,11,0,0
BRDA:127,11,1,3
BRDA:131,12,0,0
BRDA:131,12,1,3
BRDA:143,13,0,1
BRDA:143,13,1,2
BRDA:143,14,0,3
BRDA:143,14,1,2
BRDA:150,15,0,1
BRDA:150,15,1,1
BRDA:165,16,0,1
BRDA:165,16,1,1
BRDA:172,17,0,1
BRDA:172,17,1,0
BRDA:176,18,0,0
BRDA:176,18,1,0
BRF:37
BRH:26
end_of_record
