TN:
SF:app\error.tsx
FN:3,Error
FN:10,(anonymous_2)
FNF:2
FNH:0
FNDA:0,Error
FNDA:0,(anonymous_2)
DA:3,0
DA:10,0
LF:2
LH:0
BRDA:8,0,0,0
BRDA:8,0,1,0
BRF:2
BRH:0
end_of_record
TN:
SF:app\global-error.tsx
FN:3,GlobalError
FN:22,(anonymous_2)
FN:25,(anonymous_3)
FNF:3
FNH:0
FNDA:0,GlobalError
FNDA:0,(anonymous_2)
FNDA:0,(anonymous_3)
DA:3,0
DA:4,0
DA:22,0
DA:25,0
LF:4
LH:0
BRDA:11,0,0,0
BRDA:11,0,1,0
BRDA:13,1,0,0
BRDA:13,1,1,0
BRF:4
BRH:0
end_of_record
TN:
SF:app\layout.tsx
FN:19,RootLayout
FNF:1
FNH:0
FNDA:0,RootLayout
DA:1,0
DA:2,0
DA:3,0
DA:4,0
DA:5,0
DA:6,0
DA:7,0
DA:8,0
DA:11,0
DA:12,0
DA:13,0
DA:15,0
DA:17,0
DA:19,0
DA:21,0
DA:23,0
DA:24,0
DA:25,0
LF:18
LH:0
BRDA:23,0,0,0
BRDA:23,0,1,0
BRF:2
BRH:0
end_of_record
TN:
SF:app\page.tsx
FN:8,Home
FN:53,(anonymous_3)
FNF:2
FNH:0
FNDA:0,Home
FNDA:0,(anonymous_3)
DA:3,0
DA:4,0
DA:5,0
DA:6,0
DA:8,0
DA:54,0
LF:6
LH:0
BRF:0
BRH:0
end_of_record
TN:
SF:app\adapters\clientService.ts
FN:5,listClients
FN:50,(anonymous_6)
FN:56,getClientsWithFullName
FN:60,getClientById
FN:62,(anonymous_9)
FN:65,inviteClient
FNF:6
FNH:0
FNDA:0,listClients
FNDA:0,(anonymous_6)
FNDA:0,getClientsWithFullName
FNDA:0,getClientById
FNDA:0,(anonymous_9)
FNDA:0,inviteClient
DA:5,0
DA:8,0
DA:50,0
DA:56,0
DA:57,0
DA:60,0
DA:61,0
DA:62,0
DA:65,0
LF:9
LH:0
BRDA:62,0,0,0
BRDA:62,0,1,0
BRF:2
BRH:0
end_of_record
TN:
SF:app\adapters\progressService.ts
FN:60,getProgressSummary
FN:154,getClientProgressData
FN:246,logProgressEntry
FNF:3
FNH:0
FNDA:0,getProgressSummary
FNDA:0,getClientProgressData
FNDA:0,logProgressEntry
DA:60,0
DA:69,0
DA:71,0
DA:81,0
DA:98,0
DA:125,0
DA:146,0
DA:154,0
DA:163,0
DA:173,0
DA:190,0
DA:217,0
DA:238,0
DA:246,0
LF:14
LH:0
BRF:0
BRH:0
end_of_record
TN:
SF:app\adapters\sessionService.ts
FN:3,listSessions
FN:61,getSessionById
FN:63,(anonymous_9)
FN:66,createSession
FN:97,updateSession
FN:118,deleteSession
FN:129,updateRSVP
FNF:7
FNH:0
FNDA:0,listSessions
FNDA:0,getSessionById
FNDA:0,(anonymous_9)
FNDA:0,createSession
FNDA:0,updateSession
FNDA:0,deleteSession
FNDA:0,updateRSVP
DA:3,0
DA:6,0
DA:61,0
DA:62,0
DA:63,0
DA:66,0
DA:71,0
DA:94,0
DA:97,0
DA:108,0
DA:109,0
DA:111,0
DA:118,0
DA:129,0
LF:14
LH:0
BRDA:63,0,0,0
BRDA:63,0,1,0
BRDA:74,1,0,0
BRDA:74,1,1,0
BRDA:75,2,0,0
BRDA:75,2,1,0
BRDA:76,3,0,0
BRDA:76,3,1,0
BRDA:77,4,0,0
BRDA:77,4,1,0
BRDA:78,5,0,0
BRDA:78,5,1,0
BRDA:79,6,0,0
BRDA:79,6,1,0
BRDA:82,7,0,0
BRDA:82,7,1,0
BRDA:83,8,0,0
BRDA:83,8,1,0
BRDA:84,9,0,0
BRDA:84,9,1,0
BRDA:85,10,0,0
BRDA:85,10,1,0
BRDA:86,11,0,0
BRDA:86,11,1,0
BRDA:109,12,0,0
BRDA:109,12,1,0
BRF:26
BRH:0
end_of_record
TN:
SF:app\api\admin\diagnostics\route.ts
FN:9,benchmarkDatabase
FN:35,benchmarkMemory
FN:48,benchmarkSystem
FN:66,GET
FN:174,HEAD
FNF:5
FNH:0
FNDA:0,benchmarkDatabase
FNDA:0,benchmarkMemory
FNDA:0,benchmarkSystem
FNDA:0,GET
FNDA:0,HEAD
DA:1,0
DA:2,0
DA:3,0
DA:4,0
DA:6,0
DA:10,0
DA:11,0
DA:12,0
DA:13,0
DA:18,0
DA:20,0
DA:27,0
DA:36,0
DA:37,0
DA:38,0
DA:45,0
DA:49,0
DA:52,0
DA:53,0
DA:54,0
DA:57,0
DA:59,0
DA:66,0
DA:67,0
DA:69,0
DA:71,0
DA:72,0
DA:74,0
DA:77,0
DA:78,0
DA:81,0
DA:91,0
DA:102,0
DA:106,0
DA:109,0
DA:115,0
DA:122,0
DA:124,0
DA:136,0
DA:137,0
DA:138,0
DA:139,0
DA:142,0
DA:145,0
DA:147,0
DA:148,0
DA:149,0
DA:154,0
DA:155,0
DA:162,0
DA:174,0
DA:175,0
DA:176,0
DA:177,0
DA:179,0
DA:187,0
LF:56
LH:0
BRDA:21,0,0,0
BRDA:21,0,1,0
BRDA:24,1,0,0
BRDA:24,1,1,0
BRDA:30,2,0,0
BRDA:30,2,1,0
BRDA:36,3,0,0
BRDA:36,3,1,0
BRDA:36,4,0,0
BRDA:36,4,1,0
BRDA:72,5,0,0
BRDA:72,5,1,0
BRDA:86,6,0,0
BRDA:86,6,1,0
BRDA:87,7,0,0
BRDA:87,7,1,0
BRDA:88,8,0,0
BRDA:88,8,1,0
BRDA:102,9,0,0
BRDA:102,9,1,0
BRDA:102,10,0,0
BRDA:102,10,1,0
BRDA:122,11,0,0
BRDA:122,11,1,0
BRDA:136,12,0,0
BRDA:136,12,1,0
BRDA:138,13,0,0
BRDA:138,13,1,0
BRDA:147,14,0,0
BRDA:147,14,1,0
BRDA:148,15,0,0
BRDA:148,15,1,0
BRDA:154,16,0,0
BRDA:154,16,1,0
BRDA:165,17,0,0
BRDA:165,17,1,0
BRDA:177,18,0,0
BRDA:177,18,1,0
BRF:38
BRH:0
end_of_record
TN:
SF:app\api\admin\flags\route.ts
FN:7,PUT
FN:51,GET
FNF:2
FNH:0
FNDA:0,PUT
FNDA:0,GET
DA:1,0
DA:2,0
DA:3,0
DA:5,0
DA:7,0
DA:8,0
DA:9,0
DA:10,0
DA:12,0
DA:13,0
DA:17,0
DA:18,0
DA:19,0
DA:22,0
DA:23,0
DA:25,0
DA:26,0
DA:32,0
DA:34,0
DA:35,0
DA:41,0
DA:43,0
DA:44,0
DA:51,0
DA:52,0
DA:53,0
DA:54,0
DA:56,0
DA:57,0
DA:61,0
DA:62,0
DA:63,0
DA:66,0
DA:67,0
DA:69,0
DA:70,0
DA:77,0
DA:83,0
DA:84,0
DA:90,0
DA:92,0
DA:93,0
LF:42
LH:0
BRDA:12,0,0,0
BRDA:12,0,1,0
BRDA:18,1,0,0
BRDA:18,1,1,0
BRDA:25,2,0,0
BRDA:25,2,1,0
BRDA:25,3,0,0
BRDA:25,3,1,0
BRDA:25,3,2,0
BRDA:32,4,0,0
BRDA:32,4,1,0
BRDA:34,5,0,0
BRDA:34,5,1,0
BRDA:56,6,0,0
BRDA:56,6,1,0
BRDA:62,7,0,0
BRDA:62,7,1,0
BRDA:69,8,0,0
BRDA:69,8,1,0
BRDA:83,9,0,0
BRDA:83,9,1,0
BRF:21
BRH:0
end_of_record
TN:
SF:app\api\admin\security\route.ts
FN:13,isAuthorized
FN:19,GET
FN:83,POST
FN:174,DELETE
FNF:4
FNH:0
FNDA:0,isAuthorized
FNDA:0,GET
FNDA:0,POST
FNDA:0,DELETE
DA:8,0
DA:9,0
DA:10,0
DA:15,0
DA:16,0
DA:19,0
DA:20,0
DA:21,0
DA:27,0
DA:28,0
DA:30,0
DA:31,0
DA:33,0
DA:41,0
DA:47,0
DA:53,0
DA:59,0
DA:66,0
DA:75,0
DA:76,0
DA:83,0
DA:84,0
DA:85,0
DA:91,0
DA:92,0
DA:93,0
DA:95,0
DA:97,0
DA:98,0
DA:99,0
DA:105,0
DA:107,0
DA:114,0
DA:115,0
DA:116,0
DA:122,0
DA:124,0
DA:131,0
DA:132,0
DA:133,0
DA:139,0
DA:141,0
DA:148,0
DA:150,0
DA:157,0
DA:166,0
DA:167,0
DA:174,0
DA:175,0
DA:176,0
DA:182,0
DA:183,0
DA:185,0
DA:186,0
DA:192,0
DA:193,0
DA:195,0
DA:201,0
DA:202,0
LF:59
LH:0
BRDA:16,0,0,0
BRDA:16,0,1,0
BRDA:20,1,0,0
BRDA:20,1,1,0
BRDA:28,2,0,0
BRDA:28,2,1,0
BRDA:31,3,0,0
BRDA:31,3,1,0
BRDA:31,3,2,0
BRDA:31,3,3,0
BRDA:31,3,4,0
BRDA:31,3,5,0
BRDA:84,4,0,0
BRDA:84,4,1,0
BRDA:95,5,0,0
BRDA:95,5,1,0
BRDA:95,5,2,0
BRDA:95,5,3,0
BRDA:95,5,4,0
BRDA:98,6,0,0
BRDA:98,6,1,0
BRDA:105,7,0,0
BRDA:105,7,1,0
BRDA:115,8,0,0
BRDA:115,8,1,0
BRDA:132,9,0,0
BRDA:132,9,1,0
BRDA:175,10,0,0
BRDA:175,10,1,0
BRDA:185,11,0,0
BRDA:185,11,1,0
BRF:31
BRH:0
end_of_record
TN:
SF:app\api\ai\middleware.ts
FN:17,aiRateLimitMiddleware
FNF:1
FNH:0
FNDA:0,aiRateLimitMiddleware
DA:8,0
DA:11,0
DA:12,0
DA:15,0
DA:17,0
DA:19,0
DA:20,0
DA:23,0
DA:24,0
DA:25,0
DA:28,0
DA:29,0
DA:30,0
DA:33,0
DA:34,0
DA:36,0
DA:37,0
DA:53,0
LF:18
LH:0
BRDA:19,0,0,0
BRDA:19,0,1,0
BRDA:23,1,0,0
BRDA:23,1,1,0
BRDA:23,2,0,0
BRDA:23,2,1,0
BRDA:25,3,0,0
BRDA:25,3,1,0
BRDA:28,4,0,0
BRDA:28,4,1,0
BRDA:36,5,0,0
BRDA:36,5,1,0
BRF:12
BRH:0
end_of_record
TN:
SF:app\api\ai\tasks\[taskName]\route.ts
FN:21,POST
FNF:1
FNH:0
FNDA:0,POST
DA:8,0
DA:9,0
DA:10,0
DA:11,0
DA:12,0
DA:15,0
DA:18,0
DA:19,0
DA:21,0
DA:25,0
DA:26,0
DA:28,0
DA:30,0
DA:31,0
DA:35,0
DA:43,0
DA:44,0
DA:46,0
DA:53,0
DA:54,0
DA:56,0
DA:57,0
DA:58,0
DA:65,0
DA:68,0
DA:69,0
DA:76,0
DA:88,0
DA:89,0
DA:95,0
LF:30
LH:0
BRDA:30,0,0,0
BRDA:30,0,1,0
BRDA:56,1,0,0
BRDA:56,1,1,0
BRDA:56,2,0,0
BRDA:56,2,1,0
BRDA:68,3,0,0
BRDA:68,3,1,0
BRDA:79,4,0,0
BRDA:79,4,1,0
BRDA:88,5,0,0
BRDA:88,5,1,0
BRF:12
BRH:0
end_of_record
TN:
SF:app\api\db-check\route.ts
FN:11,GETHandler
FNF:1
FNH:0
FNDA:0,GETHandler
DA:1,0
DA:2,0
DA:3,0
DA:4,0
DA:5,0
DA:6,0
DA:8,0
DA:9,0
DA:12,0
DA:13,0
DA:15,0
DA:16,0
DA:19,0
DA:20,0
DA:25,0
DA:26,0
DA:28,0
DA:29,0
DA:31,0
DA:35,0
LF:20
LH:0
BRDA:15,0,0,0
BRDA:15,0,1,0
BRDA:25,1,0,0
BRDA:25,1,1,0
BRDA:26,2,0,0
BRDA:26,2,1,0
BRDA:28,3,0,0
BRDA:28,3,1,0
BRF:8
BRH:0
end_of_record
TN:
SF:app\api\debug-env\route.ts
FN:5,GET
FNF:1
FNH:0
FNDA:0,GET
DA:1,0
DA:2,0
DA:3,0
DA:5,0
DA:6,0
DA:7,0
DA:8,0
DA:10,0
DA:11,0
DA:12,0
DA:13,0
LF:11
LH:0
BRDA:7,0,0,0
BRDA:7,0,1,0
BRDA:7,1,0,0
BRDA:7,1,1,0
BRDA:7,2,0,0
BRDA:7,2,1,0
BRF:6
BRH:0
end_of_record
TN:
SF:app\api\email-smoke\route.ts
FN:3,GET
FNF:1
FNH:0
FNDA:0,GET
DA:1,0
DA:3,0
DA:4,0
DA:5,0
DA:6,0
LF:5
LH:0
BRDA:4,0,0,0
BRDA:4,0,1,0
BRF:2
BRH:0
end_of_record
TN:
SF:app\api\env-check\route.ts
FN:7,GETHandler
FNF:1
FNH:0
FNDA:0,GETHandler
DA:1,0
DA:2,0
DA:3,0
DA:5,0
DA:8,0
DA:9,0
DA:10,0
DA:12,0
DA:23,0
LF:9
LH:0
BRDA:17,0,0,0
BRDA:17,0,1,0
BRDA:18,1,0,0
BRDA:18,1,1,0
BRDA:19,2,0,0
BRDA:19,2,1,0
BRF:6
BRH:0
end_of_record
TN:
SF:app\api\example\route.ts
FN:20,exampleHandler
FN:31,(anonymous_5)
FN:113,(anonymous_6)
FNF:3
FNH:0
FNDA:0,exampleHandler
FNDA:0,(anonymous_5)
FNDA:0,(anonymous_6)
DA:8,0
DA:9,0
DA:10,0
DA:11,0
DA:13,0
DA:15,0
DA:21,0
DA:23,0
DA:25,0
DA:26,0
DA:27,0
DA:30,0
DA:31,0
DA:35,0
DA:37,0
DA:41,0
DA:43,0
DA:47,0
DA:49,0
DA:53,0
DA:57,0
DA:58,0
DA:61,0
DA:64,0
DA:71,0
DA:81,0
DA:82,0
DA:85,0
DA:91,0
DA:103,0
DA:113,0
DA:114,0
DA:117,0
DA:122,0
LF:34
LH:0
BRDA:26,0,0,0
BRDA:26,0,1,0
BRDA:27,1,0,0
BRDA:27,1,1,0
BRDA:30,2,0,0
BRDA:30,2,1,0
BRDA:35,3,0,0
BRDA:35,3,1,0
BRDA:35,3,2,0
BRDA:57,4,0,0
BRDA:57,4,1,0
BRDA:81,5,0,0
BRDA:81,5,1,0
BRF:13
BRH:0
end_of_record
TN:
SF:app\api\guardian\backup-intent\route.ts
FN:13,POST
FN:168,GET
FN:213,(anonymous_10)
FNF:3
FNH:0
FNDA:0,POST
FNDA:0,GET
FNDA:0,(anonymous_10)
DA:1,0
DA:2,0
DA:3,0
DA:4,0
DA:5,0
DA:6,0
DA:7,0
DA:10,0
DA:11,0
DA:13,0
DA:14,0
DA:15,0
DA:17,0
DA:19,0
DA:20,0
DA:22,0
DA:25,0
DA:26,0
DA:27,0
DA:28,0
DA:36,0
DA:42,0
DA:43,0
DA:44,0
DA:61,0
DA:62,0
DA:63,0
DA:64,0
DA:65,0
DA:72,0
DA:77,0
DA:79,0
DA:81,0
DA:88,0
DA:95,0
DA:113,0
DA:121,0
DA:128,0
DA:144,0
DA:145,0
DA:148,0
DA:149,0
DA:152,0
DA:154,0
DA:168,0
DA:169,0
DA:170,0
DA:172,0
DA:174,0
DA:175,0
DA:177,0
DA:180,0
DA:181,0
DA:182,0
DA:183,0
DA:191,0
DA:197,0
DA:198,0
DA:199,0
DA:213,0
DA:214,0
DA:215,0
DA:217,0
DA:219,0
DA:225,0
DA:242,0
DA:243,0
DA:245,0
DA:246,0
DA:248,0
LF:70
LH:0
BRDA:26,0,0,0
BRDA:26,0,1,0
BRDA:39,1,0,0
BRDA:39,1,1,0
BRDA:42,2,0,0
BRDA:42,2,1,0
BRDA:52,3,0,0
BRDA:52,3,1,0
BRDA:64,4,0,0
BRDA:64,4,1,0
BRDA:64,5,0,0
BRDA:64,5,1,0
BRDA:79,6,0,0
BRDA:79,6,1,0
BRDA:113,7,0,0
BRDA:113,7,1,0
BRDA:123,8,0,0
BRDA:123,8,1,0
BRDA:145,9,0,0
BRDA:145,9,1,0
BRDA:181,10,0,0
BRDA:181,10,1,0
BRDA:194,11,0,0
BRDA:194,11,1,0
BRDA:197,12,0,0
BRDA:197,12,1,0
BRDA:207,13,0,0
BRDA:207,13,1,0
BRDA:231,14,0,0
BRDA:231,14,1,0
BRDA:233,15,0,0
BRDA:233,15,1,0
BRDA:243,16,0,0
BRDA:243,16,1,0
BRF:34
BRH:0
end_of_record
TN:
SF:app\api\guardian\emergency\route.ts
FN:8,POST
FNF:1
FNH:0
FNDA:0,POST
DA:1,0
DA:2,0
DA:5,0
DA:6,0
DA:8,0
DA:9,0
DA:11,0
DA:12,0
DA:13,0
DA:19,0
DA:20,0
DA:27,0
DA:29,0
DA:30,0
DA:37,0
DA:46,0
LF:16
LH:0
BRDA:19,0,0,0
BRDA:19,0,1,0
BRDA:19,1,0,0
BRDA:19,1,1,0
BRDA:29,2,0,0
BRDA:29,2,1,0
BRDA:49,3,0,0
BRDA:49,3,1,0
BRF:8
BRH:0
end_of_record
TN:
SF:app\api\guardian\health\route.ts
FN:8,GET
FNF:1
FNH:0
FNDA:0,GET
DA:1,0
DA:2,0
DA:5,0
DA:6,0
DA:8,0
DA:9,0
DA:11,0
DA:12,0
DA:15,0
DA:16,0
DA:18,0
DA:19,0
DA:20,0
DA:21,0
DA:22,0
DA:23,0
DA:24,0
DA:25,0
DA:26,0
DA:30,0
DA:31,0
DA:32,0
DA:33,0
DA:34,0
DA:36,0
DA:37,0
DA:38,0
DA:39,0
DA:41,0
DA:42,0
DA:43,0
DA:44,0
DA:49,0
DA:67,0
LF:34
LH:0
BRDA:18,0,0,0
BRDA:18,0,1,0
BRDA:21,1,0,0
BRDA:21,1,1,0
BRDA:23,2,0,0
BRDA:23,2,1,0
BRDA:24,3,0,0
BRDA:24,3,1,0
BRDA:31,4,0,0
BRDA:31,4,1,0
BRDA:36,5,0,0
BRDA:36,5,1,0
BRDA:38,6,0,0
BRDA:38,6,1,0
BRDA:42,7,0,0
BRDA:42,7,1,0
BRDA:54,8,0,0
BRDA:54,8,1,0
BRDA:57,9,0,0
BRDA:57,9,1,0
BRDA:71,10,0,0
BRDA:71,10,1,0
BRF:22
BRH:0
end_of_record
TN:
SF:app\api\guardian\heartbeat\route.ts
FN:12,GET
FN:110,performHealthChecks
FN:139,(anonymous_6)
FNF:3
FNH:0
FNDA:0,GET
FNDA:0,performHealthChecks
FNDA:0,(anonymous_6)
DA:1,0
DA:2,0
DA:3,0
DA:4,0
DA:5,0
DA:6,0
DA:9,0
DA:10,0
DA:12,0
DA:13,0
DA:14,0
DA:16,0
DA:18,0
DA:19,0
DA:20,0
DA:23,0
DA:26,0
DA:29,0
DA:30,0
DA:31,0
DA:32,0
DA:40,0
DA:46,0
DA:47,0
DA:48,0
DA:65,0
DA:67,0
DA:78,0
DA:83,0
DA:86,0
DA:87,0
DA:90,0
DA:91,0
DA:94,0
DA:96,0
DA:114,0
DA:117,0
DA:118,0
DA:119,0
DA:125,0
DA:126,0
DA:132,0
DA:133,0
DA:139,0
DA:140,0
DA:142,0
DA:143,0
DA:144,0
DA:145,0
DA:148,0
LF:50
LH:0
BRDA:30,0,0,0
BRDA:30,0,1,0
BRDA:43,1,0,0
BRDA:43,1,1,0
BRDA:46,2,0,0
BRDA:46,2,1,0
BRDA:56,3,0,0
BRDA:56,3,1,0
BRDA:87,4,0,0
BRDA:87,4,1,0
BRDA:120,5,0,0
BRDA:120,5,1,0
BRDA:120,6,0,0
BRDA:120,6,1,0
BRDA:127,7,0,0
BRDA:127,7,1,0
BRDA:142,8,0,0
BRDA:142,8,1,0
BRDA:144,9,0,0
BRDA:144,9,1,0
BRF:20
BRH:0
end_of_record
TN:
SF:app\api\guardian\status\route.ts
FN:8,GET
FNF:1
FNH:0
FNDA:0,GET
DA:1,0
DA:2,0
DA:5,0
DA:6,0
DA:8,0
DA:9,0
DA:10,0
DA:12,0
DA:13,0
DA:15,0
DA:22,0
LF:11
LH:0
BRDA:12,0,0,0
BRDA:12,0,1,0
BRDA:25,1,0,0
BRDA:25,1,1,0
BRF:4
BRH:0
end_of_record
TN:
SF:app\api\health\route.ts
FN:70,calculateHealthScore
FN:149,collectREDMetrics
FN:194,performServiceChecks
FN:312,(anonymous_8)
FN:321,GET
FN:427,HEAD
FN:438,(anonymous_11)
FNF:7
FNH:0
FNDA:0,calculateHealthScore
FNDA:0,collectREDMetrics
FNDA:0,performServiceChecks
FNDA:0,(anonymous_8)
FNDA:0,GET
FNDA:0,HEAD
FNDA:0,(anonymous_11)
DA:1,0
DA:2,0
DA:3,0
DA:4,0
DA:5,0
DA:6,0
DA:7,0
DA:9,0
DA:10,0
DA:12,0
DA:76,0
DA:77,0
DA:78,0
DA:79,0
DA:80,0
DA:81,0
DA:82,0
DA:85,0
DA:86,0
DA:87,0
DA:88,0
DA:89,0
DA:90,0
DA:94,0
DA:95,0
DA:96,0
DA:97,0
DA:98,0
DA:99,0
DA:102,0
DA:103,0
DA:104,0
DA:105,0
DA:106,0
DA:107,0
DA:111,0
DA:112,0
DA:113,0
DA:115,0
DA:116,0
DA:117,0
DA:119,0
DA:120,0
DA:121,0
DA:125,0
DA:126,0
DA:127,0
DA:131,0
DA:132,0
DA:135,0
DA:150,0
DA:153,0
DA:154,0
DA:155,0
DA:158,0
DA:159,0
DA:160,0
DA:163,0
DA:164,0
DA:165,0
DA:166,0
DA:167,0
DA:169,0
DA:195,0
DA:208,0
DA:211,0
DA:212,0
DA:213,0
DA:214,0
DA:215,0
DA:217,0
DA:218,0
DA:220,0
DA:227,0
DA:228,0
DA:237,0
DA:238,0
DA:239,0
DA:240,0
DA:241,0
DA:243,0
DA:244,0
DA:246,0
DA:253,0
DA:254,0
DA:263,0
DA:264,0
DA:265,0
DA:266,0
DA:267,0
DA:269,0
DA:270,0
DA:272,0
DA:279,0
DA:280,0
DA:289,0
DA:290,0
DA:291,0
DA:293,0
DA:301,0
DA:302,0
DA:303,0
DA:305,0
DA:312,0
DA:314,0
DA:321,0
DA:322,0
DA:324,0
DA:326,0
DA:327,0
DA:328,0
DA:329,0
DA:332,0
DA:335,0
DA:338,0
DA:341,0
DA:342,0
DA:344,0
DA:393,0
DA:404,0
DA:407,0
DA:408,0
DA:410,0
DA:415,0
DA:427,0
DA:428,0
DA:429,0
DA:430,0
DA:432,0
DA:438,0
DA:442,0
LF:131
LH:0
BRDA:85,0,0,0
BRDA:85,0,1,0
BRDA:88,1,0,0
BRDA:88,1,1,0
BRDA:94,2,0,0
BRDA:94,2,1,0
BRDA:97,3,0,0
BRDA:97,3,1,0
BRDA:102,4,0,0
BRDA:102,4,1,0
BRDA:105,5,0,0
BRDA:105,5,1,0
BRDA:111,6,0,0
BRDA:111,6,1,0
BRDA:115,7,0,0
BRDA:115,7,1,0
BRDA:119,8,0,0
BRDA:119,8,1,0
BRDA:125,9,0,0
BRDA:125,9,1,0
BRDA:131,10,0,0
BRDA:131,10,1,0
BRDA:153,11,0,0
BRDA:153,11,1,0
BRDA:154,12,0,0
BRDA:154,12,1,0
BRDA:155,13,0,0
BRDA:155,13,1,0
BRDA:158,14,0,0
BRDA:158,14,1,0
BRDA:159,15,0,0
BRDA:159,15,1,0
BRDA:163,16,0,0
BRDA:163,16,1,0
BRDA:164,17,0,0
BRDA:164,17,1,0
BRDA:165,18,0,0
BRDA:165,18,1,0
BRDA:167,19,0,0
BRDA:167,19,1,0
BRDA:178,20,0,0
BRDA:178,20,1,0
BRDA:179,21,0,0
BRDA:179,21,1,0
BRDA:218,22,0,0
BRDA:218,22,1,0
BRDA:222,23,0,0
BRDA:222,23,1,0
BRDA:227,24,0,0
BRDA:227,24,1,0
BRDA:244,25,0,0
BRDA:244,25,1,0
BRDA:248,26,0,0
BRDA:248,26,1,0
BRDA:253,27,0,0
BRDA:253,27,1,0
BRDA:270,28,0,0
BRDA:270,28,1,0
BRDA:274,29,0,0
BRDA:274,29,1,0
BRDA:279,30,0,0
BRDA:279,30,1,0
BRDA:291,31,0,0
BRDA:291,31,1,0
BRDA:295,32,0,0
BRDA:295,32,1,0
BRDA:303,33,0,0
BRDA:303,33,1,0
BRDA:307,34,0,0
BRDA:307,34,1,0
BRDA:307,35,0,0
BRDA:307,35,1,0
BRDA:347,36,0,0
BRDA:347,36,1,0
BRDA:347,36,2,0
BRDA:407,37,0,0
BRDA:407,37,1,0
BRDA:430,38,0,0
BRDA:430,38,1,0
BRDA:435,39,0,0
BRDA:435,39,1,0
BRF:81
BRH:0
end_of_record
TN:
SF:app\api\media\signed-download\route.ts
FN:10,GETHandler
FNF:1
FNH:0
FNDA:0,GETHandler
DA:1,0
DA:2,0
DA:3,0
DA:4,0
DA:5,0
DA:7,0
DA:8,0
DA:11,0
DA:12,0
DA:14,0
DA:15,0
DA:18,0
DA:19,0
DA:20,0
DA:21,0
DA:23,0
DA:24,0
DA:26,0
DA:28,0
DA:29,0
DA:31,0
DA:35,0
LF:22
LH:0
BRDA:21,0,0,0
BRDA:21,0,1,0
BRDA:21,1,0,0
BRDA:21,1,1,0
BRDA:24,2,0,0
BRDA:24,2,1,0
BRDA:28,3,0,0
BRDA:28,3,1,0
BRF:8
BRH:0
end_of_record
TN:
SF:app\api\media\signed-upload\route.ts
FN:10,POSTHandler
FNF:1
FNH:0
FNDA:0,POSTHandler
DA:1,0
DA:2,0
DA:3,0
DA:4,0
DA:5,0
DA:6,0
DA:8,0
DA:11,0
DA:12,0
DA:14,0
DA:15,0
DA:18,0
DA:19,0
DA:22,0
DA:24,0
DA:25,0
DA:27,0
DA:29,0
DA:30,0
DA:32,0
DA:36,0
LF:21
LH:0
BRDA:19,0,0,0
BRDA:19,0,1,0
BRDA:19,1,0,0
BRDA:19,1,1,0
BRDA:25,2,0,0
BRDA:25,2,1,0
BRDA:29,3,0,0
BRDA:29,3,1,0
BRF:8
BRH:0
end_of_record
TN:
SF:app\api\metrics\route.ts
FN:97,collectREDMetrics
FN:148,GET
FN:219,buildPrometheusMetrics
FN:283,buildREDPrometheusMetrics
FN:335,(anonymous_8)
FN:342,(anonymous_9)
FN:354,buildSystemMetrics
FNF:7
FNH:0
FNDA:0,collectREDMetrics
FNDA:0,GET
FNDA:0,buildPrometheusMetrics
FNDA:0,buildREDPrometheusMetrics
FNDA:0,(anonymous_8)
FNDA:0,(anonymous_9)
FNDA:0,buildSystemMetrics
DA:13,0
DA:14,0
DA:15,0
DA:16,0
DA:58,0
DA:59,0
DA:61,0
DA:98,0
DA:101,0
DA:102,0
DA:103,0
DA:104,0
DA:105,0
DA:108,0
DA:109,0
DA:110,0
DA:113,0
DA:114,0
DA:115,0
DA:116,0
DA:117,0
DA:118,0
DA:119,0
DA:121,0
DA:148,0
DA:149,0
DA:151,0
DA:152,0
DA:155,0
DA:156,0
DA:163,0
DA:166,0
DA:169,0
DA:172,0
DA:175,0
DA:177,0
DA:180,0
DA:192,0
DA:201,0
DA:202,0
DA:204,0
DA:209,0
DA:220,0
DA:221,0
DA:224,0
DA:225,0
DA:228,0
DA:229,0
DA:230,0
DA:231,0
DA:234,0
DA:235,0
DA:236,0
DA:237,0
DA:238,0
DA:239,0
DA:240,0
DA:241,0
DA:242,0
DA:243,0
DA:247,0
DA:248,0
DA:249,0
DA:250,0
DA:253,0
DA:254,0
DA:255,0
DA:256,0
DA:259,0
DA:260,0
DA:261,0
DA:262,0
DA:265,0
DA:266,0
DA:267,0
DA:268,0
DA:271,0
DA:272,0
DA:273,0
DA:274,0
DA:277,0
DA:284,0
DA:285,0
DA:288,0
DA:289,0
DA:290,0
DA:292,0
DA:293,0
DA:294,0
DA:296,0
DA:297,0
DA:298,0
DA:301,0
DA:302,0
DA:303,0
DA:305,0
DA:306,0
DA:307,0
DA:310,0
DA:311,0
DA:312,0
DA:314,0
DA:315,0
DA:316,0
DA:318,0
DA:319,0
DA:320,0
DA:322,0
DA:323,0
DA:324,0
DA:326,0
DA:327,0
DA:328,0
DA:330,0
DA:331,0
DA:332,0
DA:335,0
DA:336,0
DA:337,0
DA:338,0
DA:342,0
DA:343,0
DA:344,0
DA:345,0
DA:348,0
DA:355,0
DA:356,0
DA:357,0
DA:359,0
LF:129
LH:0
BRDA:101,0,0,0
BRDA:101,0,1,0
BRDA:102,1,0,0
BRDA:102,1,1,0
BRDA:103,2,0,0
BRDA:103,2,1,0
BRDA:104,3,0,0
BRDA:104,3,1,0
BRDA:105,4,0,0
BRDA:105,4,1,0
BRDA:108,5,0,0
BRDA:108,5,1,0
BRDA:109,6,0,0
BRDA:109,6,1,0
BRDA:113,7,0,0
BRDA:113,7,1,0
BRDA:114,8,0,0
BRDA:114,8,1,0
BRDA:115,9,0,0
BRDA:115,9,1,0
BRDA:116,10,0,0
BRDA:116,10,1,0
BRDA:118,11,0,0
BRDA:118,11,1,0
BRDA:119,12,0,0
BRDA:119,12,1,0
BRDA:132,13,0,0
BRDA:132,13,1,0
BRDA:133,14,0,0
BRDA:133,14,1,0
BRDA:134,15,0,0
BRDA:134,15,1,0
BRDA:155,16,0,0
BRDA:155,16,1,0
BRDA:201,17,0,0
BRDA:201,17,1,0
BRDA:220,18,0,0
BRDA:220,18,1,0
BRDA:228,19,0,0
BRDA:228,19,1,0
BRDA:231,20,0,0
BRDA:231,20,1,0
BRDA:234,21,0,0
BRDA:234,21,1,0
BRDA:237,22,0,0
BRDA:237,22,1,0
BRDA:238,23,0,0
BRDA:238,23,1,0
BRDA:239,24,0,0
BRDA:239,24,1,0
BRDA:240,25,0,0
BRDA:240,25,1,0
BRDA:241,26,0,0
BRDA:241,26,1,0
BRDA:242,27,0,0
BRDA:242,27,1,0
BRDA:243,28,0,0
BRDA:243,28,1,0
BRDA:247,29,0,0
BRDA:247,29,1,0
BRDA:250,30,0,0
BRDA:250,30,1,0
BRDA:253,31,0,0
BRDA:253,31,1,0
BRDA:256,32,0,0
BRDA:256,32,1,0
BRDA:259,33,0,0
BRDA:259,33,1,0
BRDA:262,34,0,0
BRDA:262,34,1,0
BRDA:265,35,0,0
BRDA:265,35,1,0
BRDA:268,36,0,0
BRDA:268,36,1,0
BRDA:271,37,0,0
BRDA:271,37,1,0
BRDA:274,38,0,0
BRDA:274,38,1,0
BRF:78
BRH:0
end_of_record
TN:
SF:app\api\n8n\reliability\circuit-breaker\reset\route.ts
FN:14,POST
FNF:1
FNH:0
FNDA:0,POST
DA:8,0
DA:9,0
DA:10,0
DA:12,0
DA:14,0
DA:15,0
DA:16,0
DA:17,0
DA:19,0
DA:20,0
DA:27,0
DA:28,0
DA:31,0
DA:32,0
DA:35,0
DA:36,0
DA:40,0
DA:42,0
DA:50,0
DA:53,0
DA:54,0
LF:21
LH:0
BRDA:19,0,0,0
BRDA:19,0,1,0
BRDA:35,1,0,0
BRDA:35,1,1,0
BRDA:40,2,0,0
BRDA:40,2,1,0
BRDA:45,3,0,0
BRDA:45,3,1,0
BRDA:57,4,0,0
BRDA:57,4,1,0
BRF:10
BRH:0
end_of_record
TN:
SF:app\api\n8n\reliability\dlq\route.ts
FN:17,GET
FN:47,POST
FN:90,DELETE
FNF:3
FNH:0
FNDA:0,GET
FNDA:0,POST
FNDA:0,DELETE
DA:10,0
DA:11,0
DA:13,0
DA:15,0
DA:17,0
DA:18,0
DA:19,0
DA:20,0
DA:21,0
DA:23,0
DA:25,0
DA:33,0
DA:36,0
DA:37,0
DA:47,0
DA:48,0
DA:49,0
DA:50,0
DA:52,0
DA:53,0
DA:59,0
DA:60,0
DA:62,0
DA:69,0
DA:72,0
DA:79,0
DA:80,0
DA:90,0
DA:91,0
DA:92,0
DA:93,0
DA:95,0
DA:96,0
DA:102,0
DA:104,0
DA:110,0
DA:113,0
DA:114,0
LF:38
LH:0
BRDA:21,0,0,0
BRDA:21,0,1,0
BRDA:23,1,0,0
BRDA:23,1,1,0
BRDA:40,2,0,0
BRDA:40,2,1,0
BRDA:52,3,0,0
BRDA:52,3,1,0
BRDA:59,4,0,0
BRDA:59,4,1,0
BRDA:83,5,0,0
BRDA:83,5,1,0
BRDA:95,6,0,0
BRDA:95,6,1,0
BRDA:117,7,0,0
BRDA:117,7,1,0
BRF:16
BRH:0
end_of_record
TN:
SF:app\api\n8n\reliability\status\route.ts
FN:17,GET
FN:59,(anonymous_4)
FNF:2
FNH:0
FNDA:0,GET
FNDA:0,(anonymous_4)
DA:11,0
DA:12,0
DA:13,0
DA:15,0
DA:17,0
DA:18,0
DA:19,0
DA:20,0
DA:23,0
DA:26,0
DA:27,0
DA:30,0
DA:31,0
DA:35,0
DA:38,0
DA:39,0
DA:43,0
DA:46,0
DA:47,0
DA:50,0
DA:59,0
DA:68,0
DA:71,0
DA:72,0
LF:24
LH:0
BRDA:30,0,0,0
BRDA:30,0,1,0
BRDA:38,1,0,0
BRDA:38,1,1,0
BRDA:46,2,0,0
BRDA:46,2,1,0
BRDA:58,3,0,0
BRDA:58,3,1,0
BRDA:59,4,0,0
BRDA:59,4,1,0
BRDA:63,5,0,0
BRDA:63,5,1,0
BRDA:64,6,0,0
BRDA:64,6,1,0
BRDA:75,7,0,0
BRDA:75,7,1,0
BRF:16
BRH:0
end_of_record
TN:
SF:app\api\n8n\reliability\stripe-replay\route.ts
FN:18,GET
FN:69,POST
FN:106,DELETE
FNF:3
FNH:0
FNDA:0,GET
FNDA:0,POST
FNDA:0,DELETE
DA:10,0
DA:11,0
DA:12,0
DA:14,0
DA:16,0
DA:18,0
DA:19,0
DA:20,0
DA:21,0
DA:22,0
DA:24,0
DA:25,0
DA:31,0
DA:33,0
DA:35,0
DA:42,0
DA:46,0
DA:48,0
DA:54,0
DA:58,0
DA:59,0
DA:69,0
DA:70,0
DA:71,0
DA:72,0
DA:74,0
DA:75,0
DA:82,0
DA:84,0
DA:92,0
DA:95,0
DA:96,0
DA:106,0
DA:107,0
DA:108,0
DA:109,0
DA:111,0
DA:112,0
DA:119,0
DA:120,0
DA:125,0
DA:126,0
DA:129,0
DA:136,0
DA:139,0
DA:140,0
LF:46
LH:0
BRDA:24,0,0,0
BRDA:24,0,1,0
BRDA:31,1,0,0
BRDA:31,1,1,0
BRDA:62,2,0,0
BRDA:62,2,1,0
BRDA:74,3,0,0
BRDA:74,3,1,0
BRDA:74,4,0,0
BRDA:74,4,1,0
BRDA:99,5,0,0
BRDA:99,5,1,0
BRDA:111,6,0,0
BRDA:111,6,1,0
BRDA:125,7,0,0
BRDA:125,7,1,0
BRDA:143,8,0,0
BRDA:143,8,1,0
BRF:18
BRH:0
end_of_record
TN:
SF:app\api\ping\route.ts
FN:1,GET
FNF:1
FNH:0
FNDA:0,GET
DA:1,0
DA:2,0
LF:2
LH:0
BRF:0
BRH:0
end_of_record
TN:
SF:app\api\probe\route.ts
FN:5,GET
FNF:1
FNH:0
FNDA:0,GET
DA:2,0
DA:3,0
DA:5,0
DA:6,0
LF:4
LH:0
BRF:0
BRH:0
end_of_record
TN:
SF:app\api\ready\route.ts
FN:35,performReadinessChecks
FN:117,(anonymous_6)
FN:118,(anonymous_7)
FN:119,(anonymous_8)
FN:139,GET
FN:150,(anonymous_10)
FN:151,(anonymous_11)
FN:170,(anonymous_12)
FN:171,(anonymous_13)
FN:201,HEAD
FN:212,(anonymous_15)
FN:213,(anonymous_16)
FNF:12
FNH:0
FNDA:0,performReadinessChecks
FNDA:0,(anonymous_6)
FNDA:0,(anonymous_7)
FNDA:0,(anonymous_8)
FNDA:0,GET
FNDA:0,(anonymous_10)
FNDA:0,(anonymous_11)
FNDA:0,(anonymous_12)
FNDA:0,(anonymous_13)
FNDA:0,HEAD
FNDA:0,(anonymous_15)
FNDA:0,(anonymous_16)
DA:13,0
DA:14,0
DA:15,0
DA:16,0
DA:17,0
DA:19,0
DA:20,0
DA:22,0
DA:40,0
DA:43,0
DA:44,0
DA:45,0
DA:47,0
DA:56,0
DA:57,0
DA:58,0
DA:59,0
DA:60,0
DA:62,0
DA:70,0
DA:80,0
DA:81,0
DA:82,0
DA:84,0
DA:93,0
DA:94,0
DA:95,0
DA:96,0
DA:97,0
DA:99,0
DA:107,0
DA:117,0
DA:118,0
DA:119,0
DA:122,0
DA:123,0
DA:124,0
DA:125,0
DA:127,0
DA:130,0
DA:132,0
DA:139,0
DA:140,0
DA:142,0
DA:143,0
DA:144,0
DA:147,0
DA:150,0
DA:151,0
DA:154,0
DA:156,0
DA:170,0
DA:171,0
DA:176,0
DA:177,0
DA:179,0
DA:184,0
DA:201,0
DA:202,0
DA:203,0
DA:204,0
DA:206,0
DA:212,0
DA:213,0
DA:217,0
LF:65
LH:0
BRDA:49,0,0,0
BRDA:49,0,1,0
BRDA:49,1,0,0
BRDA:49,1,1,0
BRDA:51,2,0,0
BRDA:51,2,1,0
BRDA:64,3,0,0
BRDA:64,3,1,0
BRDA:66,4,0,0
BRDA:66,4,1,0
BRDA:74,5,0,0
BRDA:74,5,1,0
BRDA:86,6,0,0
BRDA:86,6,1,0
BRDA:88,7,0,0
BRDA:88,7,1,0
BRDA:101,8,0,0
BRDA:101,8,1,0
BRDA:103,9,0,0
BRDA:103,9,1,0
BRDA:111,10,0,0
BRDA:111,10,1,0
BRDA:122,11,0,0
BRDA:122,11,1,0
BRDA:124,12,0,0
BRDA:124,12,1,0
BRDA:130,13,0,0
BRDA:130,13,1,0
BRDA:154,14,0,0
BRDA:154,14,1,0
BRDA:162,15,0,0
BRDA:162,15,1,0
BRDA:163,16,0,0
BRDA:163,16,1,0
BRDA:163,16,2,0
BRDA:176,17,0,0
BRDA:176,17,1,0
BRDA:204,18,0,0
BRDA:204,18,1,0
BRF:39
BRH:0
end_of_record
TN:
SF:app\api\security\csp-report\route.ts
FN:28,POST
FN:168,GET
FN:178,PUT
FN:188,DELETE
FNF:4
FNH:0
FNDA:0,POST
FNDA:0,GET
FNDA:0,PUT
FNDA:0,DELETE
DA:8,0
DA:9,0
DA:28,0
DA:29,0
DA:31,0
DA:32,0
DA:34,0
DA:35,0
DA:42,0
DA:46,0
DA:49,0
DA:52,0
DA:58,0
DA:62,0
DA:69,0
DA:73,0
DA:123,0
DA:124,0
DA:133,0
DA:136,0
DA:139,0
DA:143,0
DA:163,0
DA:168,0
DA:169,0
DA:178,0
DA:179,0
DA:188,0
DA:189,0
LF:29
LH:0
BRDA:34,0,0,0
BRDA:34,0,1,0
BRDA:42,1,0,0
BRDA:42,1,1,0
BRDA:42,1,2,0
BRDA:46,2,0,0
BRDA:46,2,1,0
BRDA:52,3,0,0
BRDA:52,3,1,0
BRDA:53,4,0,0
BRDA:53,4,1,0
BRDA:53,4,2,0
BRDA:53,4,3,0
BRDA:62,5,0,0
BRDA:62,5,1,0
BRDA:63,6,0,0
BRDA:63,6,1,0
BRDA:63,6,2,0
BRDA:63,6,3,0
BRDA:63,6,4,0
BRDA:81,7,0,0
BRDA:81,7,1,0
BRDA:81,8,0,0
BRDA:81,8,1,0
BRDA:123,9,0,0
BRDA:123,9,1,0
BRDA:139,10,0,0
BRDA:139,10,1,0
BRDA:139,10,2,0
BRDA:149,11,0,0
BRDA:149,11,1,0
BRDA:156,12,0,0
BRDA:156,12,1,0
BRF:33
BRH:0
end_of_record
TN:
SF:app\api\slo\route.ts
FN:22,GET
FN:67,(anonymous_6)
FN:68,(anonymous_7)
FN:69,(anonymous_8)
FN:70,(anonymous_9)
FN:78,(anonymous_10)
FN:88,(anonymous_11)
FN:97,(anonymous_12)
FN:169,buildPrometheusMetrics
FN:263,POST
FNF:10
FNH:0
FNDA:0,GET
FNDA:0,(anonymous_6)
FNDA:0,(anonymous_7)
FNDA:0,(anonymous_8)
FNDA:0,(anonymous_9)
FNDA:0,(anonymous_10)
FNDA:0,(anonymous_11)
FNDA:0,(anonymous_12)
FNDA:0,buildPrometheusMetrics
FNDA:0,POST
DA:8,0
DA:9,0
DA:10,0
DA:11,0
DA:12,0
DA:14,0
DA:15,0
DA:17,0
DA:22,0
DA:23,0
DA:24,0
DA:25,0
DA:26,0
DA:27,0
DA:29,0
DA:31,0
DA:32,0
DA:40,0
DA:42,0
DA:43,0
DA:44,0
DA:46,0
DA:47,0
DA:53,0
DA:67,0
DA:68,0
DA:69,0
DA:70,0
DA:75,0
DA:76,0
DA:77,0
DA:78,0
DA:86,0
DA:89,0
DA:90,0
DA:97,0
DA:108,0
DA:111,0
DA:121,0
DA:122,0
DA:123,0
DA:132,0
DA:148,0
DA:149,0
DA:151,0
DA:158,0
DA:170,0
DA:171,0
DA:173,0
DA:174,0
DA:184,0
DA:185,0
DA:186,0
DA:188,0
DA:190,0
DA:191,0
DA:192,0
DA:194,0
DA:195,0
DA:196,0
DA:198,0
DA:199,0
DA:200,0
DA:202,0
DA:203,0
DA:204,0
DA:206,0
DA:207,0
DA:208,0
DA:211,0
DA:212,0
DA:220,0
DA:222,0
DA:223,0
DA:224,0
DA:226,0
DA:227,0
DA:228,0
DA:230,0
DA:231,0
DA:232,0
DA:234,0
DA:235,0
DA:236,0
DA:237,0
DA:240,0
DA:242,0
DA:244,0
DA:245,0
DA:246,0
DA:248,0
DA:249,0
DA:250,0
DA:252,0
DA:253,0
DA:254,0
DA:257,0
DA:263,0
DA:264,0
DA:265,0
DA:266,0
DA:273,0
DA:274,0
DA:276,0
DA:281,0
DA:289,0
DA:291,0
DA:295,0
LF:108
LH:0
BRDA:25,0,0,0
BRDA:25,0,1,0
BRDA:27,1,0,0
BRDA:27,1,1,0
BRDA:31,2,0,0
BRDA:31,2,1,0
BRDA:40,3,0,0
BRDA:40,3,1,0
BRDA:46,4,0,0
BRDA:46,4,1,0
BRDA:46,5,0,0
BRDA:46,5,1,0
BRDA:67,6,0,0
BRDA:67,6,1,0
BRDA:68,7,0,0
BRDA:68,7,1,0
BRDA:121,8,0,0
BRDA:121,8,1,0
BRDA:148,9,0,0
BRDA:148,9,1,0
BRDA:173,10,0,0
BRDA:173,10,1,0
BRDA:173,11,0,0
BRDA:173,11,1,0
BRDA:186,12,0,0
BRDA:186,12,1,0
BRDA:187,13,0,0
BRDA:187,13,1,0
BRDA:211,14,0,0
BRDA:211,14,1,0
BRDA:211,15,0,0
BRDA:211,15,1,0
BRDA:234,16,0,0
BRDA:234,16,1,0
BRDA:234,17,0,0
BRDA:234,17,1,0
BRDA:240,18,0,0
BRDA:240,18,1,0
BRDA:265,19,0,0
BRDA:265,19,1,0
BRDA:289,20,0,0
BRDA:289,20,1,0
BRF:42
BRH:0
end_of_record
TN:
SF:app\api\test-email\route.ts
FN:3,GET
FNF:1
FNH:0
FNDA:0,GET
DA:1,0
DA:3,0
DA:4,0
DA:5,0
DA:7,0
DA:13,0
LF:6
LH:0
BRDA:5,0,0,0
BRDA:5,0,1,0
BRF:2
BRH:0
end_of_record
TN:
SF:app\api\v1\index.ts
FNF:0
FNH:0
DA:4,0
LF:1
LH:0
BRF:0
BRH:0
end_of_record
TN:
SF:app\api\v1\clients\route.ts
FN:6,GET
FNF:1
FNH:0
FNDA:0,GET
DA:1,0
DA:2,0
DA:4,0
DA:6,0
DA:7,0
DA:8,0
DA:9,0
DA:10,0
DA:12,0
DA:13,0
DA:14,0
DA:16,0
DA:17,0
DA:19,0
DA:25,0
DA:26,0
DA:28,0
DA:30,0
LF:18
LH:0
BRDA:9,0,0,0
BRDA:9,0,1,0
BRDA:10,1,0,0
BRDA:10,1,1,0
BRDA:14,2,0,0
BRDA:14,2,1,0
BRDA:26,3,0,0
BRDA:26,3,1,0
BRDA:28,4,0,0
BRDA:28,4,1,0
BRDA:30,5,0,0
BRDA:30,5,1,0
BRF:12
BRH:0
end_of_record
TN:
SF:app\api\webhooks\generic\route.ts
FN:18,genericWebhookHandler
FN:86,handleUserCreated
FN:92,handleUserUpdated
FN:98,handleUserDeleted
FN:104,handleOrderCreated
FN:110,handleOrderUpdated
FN:116,handleNotificationSent
FNF:7
FNH:0
FNDA:0,genericWebhookHandler
FNDA:0,handleUserCreated
FNDA:0,handleUserUpdated
FNDA:0,handleUserDeleted
FNDA:0,handleOrderCreated
FNDA:0,handleOrderUpdated
FNDA:0,handleNotificationSent
DA:8,0
DA:9,0
DA:10,0
DA:12,0
DA:22,0
DA:23,0
DA:24,0
DA:26,0
DA:29,0
DA:32,0
DA:34,0
DA:35,0
DA:38,0
DA:39,0
DA:42,0
DA:43,0
DA:46,0
DA:47,0
DA:50,0
DA:51,0
DA:54,0
DA:55,0
DA:58,0
DA:60,0
DA:67,0
DA:74,0
DA:75,0
DA:88,0
DA:94,0
DA:100,0
DA:106,0
DA:112,0
DA:118,0
DA:123,0
LF:34
LH:0
BRDA:29,0,0,0
BRDA:29,0,1,0
BRDA:29,0,2,0
BRDA:29,0,3,0
BRDA:32,1,0,0
BRDA:32,1,1,0
BRDA:32,1,2,0
BRDA:32,1,3,0
BRDA:32,1,4,0
BRDA:32,1,5,0
BRDA:32,1,6,0
BRDA:77,2,0,0
BRDA:77,2,1,0
BRDA:88,3,0,0
BRDA:88,3,1,0
BRDA:94,4,0,0
BRDA:94,4,1,0
BRDA:100,5,0,0
BRDA:100,5,1,0
BRDA:106,6,0,0
BRDA:106,6,1,0
BRDA:112,7,0,0
BRDA:112,7,1,0
BRDA:118,8,0,0
BRDA:118,8,1,0
BRF:25
BRH:0
end_of_record
TN:
SF:app\api\webhooks\stripe\route.ts
FN:18,stripeWebhookHandler
FN:87,handlePaymentSucceeded
FN:93,handlePaymentFailed
FN:99,handleSubscriptionCreated
FN:105,handleSubscriptionUpdated
FN:111,handleSubscriptionDeleted
FN:117,handleInvoicePaymentSucceeded
FN:123,handleInvoicePaymentFailed
FNF:8
FNH:0
FNDA:0,stripeWebhookHandler
FNDA:0,handlePaymentSucceeded
FNDA:0,handlePaymentFailed
FNDA:0,handleSubscriptionCreated
FNDA:0,handleSubscriptionUpdated
FNDA:0,handleSubscriptionDeleted
FNDA:0,handleInvoicePaymentSucceeded
FNDA:0,handleInvoicePaymentFailed
DA:8,0
DA:9,0
DA:10,0
DA:12,0
DA:22,0
DA:23,0
DA:24,0
DA:26,0
DA:29,0
DA:31,0
DA:32,0
DA:35,0
DA:36,0
DA:39,0
DA:40,0
DA:43,0
DA:44,0
DA:47,0
DA:48,0
DA:51,0
DA:52,0
DA:55,0
DA:56,0
DA:59,0
DA:61,0
DA:68,0
DA:75,0
DA:76,0
DA:89,0
DA:95,0
DA:101,0
DA:107,0
DA:113,0
DA:119,0
DA:125,0
DA:130,0
LF:36
LH:0
BRDA:29,0,0,0
BRDA:29,0,1,0
BRDA:29,0,2,0
BRDA:29,0,3,0
BRDA:29,0,4,0
BRDA:29,0,5,0
BRDA:29,0,6,0
BRDA:29,0,7,0
BRDA:78,1,0,0
BRDA:78,1,1,0
BRF:10
BRH:0
end_of_record
TN:
SF:app\api\weekly-recap\route.ts
FN:2,GET
FNF:1
FNH:0
FNDA:0,GET
DA:1,0
DA:2,0
DA:3,0
DA:4,0
DA:5,0
DA:6,0
DA:7,0
DA:8,0
LF:8
LH:0
BRDA:4,0,0,0
BRDA:4,0,1,0
BRDA:5,1,0,0
BRDA:5,1,1,0
BRDA:7,2,0,0
BRDA:7,2,1,0
BRF:6
BRH:0
end_of_record
TN:
SF:app\auth\callback\route.ts
FN:5,GET
FNF:1
FNH:0
FNDA:0,GET
DA:1,0
DA:2,0
DA:5,0
DA:6,0
DA:7,0
DA:8,0
DA:10,0
DA:11,0
DA:12,0
DA:13,0
DA:15,0
DA:17,0
DA:18,0
DA:19,0
DA:29,0
DA:30,0
DA:33,0
DA:37,0
DA:38,0
DA:41,0
DA:46,0
LF:21
LH:0
BRDA:8,0,0,0
BRDA:8,0,1,0
BRDA:10,1,0,0
BRDA:10,1,1,0
BRDA:15,2,0,0
BRDA:15,2,1,0
BRDA:15,3,0,0
BRDA:15,3,1,0
BRDA:29,4,0,0
BRDA:29,4,1,0
BRDA:29,5,0,0
BRDA:29,5,1,0
BRDA:37,6,0,0
BRDA:37,6,1,0
BRF:14
BRH:0
end_of_record
TN:
SF:app\consultation\client.tsx
FN:12,(anonymous_5)
FN:12,(anonymous_6)
FN:12,(anonymous_7)
FN:97,ConsultationPageClient
FN:104,(anonymous_9)
FN:105,(anonymous_10)
FN:146,(anonymous_11)
FN:178,(anonymous_12)
FN:179,(anonymous_13)
FN:193,(anonymous_14)
FNF:10
FNH:0
FNDA:0,(anonymous_5)
FNDA:0,(anonymous_6)
FNDA:0,(anonymous_7)
FNDA:0,ConsultationPageClient
FNDA:0,(anonymous_9)
FNDA:0,(anonymous_10)
FNDA:0,(anonymous_11)
FNDA:0,(anonymous_12)
FNDA:0,(anonymous_13)
FNDA:0,(anonymous_14)
DA:3,0
DA:4,0
DA:5,0
DA:6,0
DA:7,0
DA:8,0
DA:9,0
DA:12,0
DA:18,0
DA:97,0
DA:98,0
DA:99,0
DA:100,0
DA:101,0
DA:102,0
DA:104,0
DA:105,0
DA:107,0
DA:109,0
DA:112,0
DA:115,0
DA:118,0
DA:119,0
DA:120,0
DA:121,0
DA:122,0
DA:129,0
DA:132,0
DA:134,0
DA:135,0
DA:136,0
DA:137,0
DA:139,0
DA:144,0
DA:145,0
DA:146,0
DA:150,0
DA:151,0
DA:159,0
DA:161,0
DA:164,0
DA:171,0
DA:175,0
DA:178,0
DA:179,0
DA:180,0
DA:181,0
DA:186,0
DA:190,0
DA:193,0
DA:194,0
DA:196,0
DA:197,0
DA:198,0
DA:200,0
DA:202,0
DA:203,0
DA:205,0
DA:209,0
LF:59
LH:0
BRDA:115,0,0,0
BRDA:115,0,1,0
BRDA:119,1,0,0
BRDA:119,1,1,0
BRDA:119,2,0,0
BRDA:119,2,1,0
BRDA:119,2,2,0
BRDA:121,3,0,0
BRDA:121,3,1,0
BRDA:134,4,0,0
BRDA:134,4,1,0
BRDA:145,5,0,0
BRDA:145,5,1,0
BRDA:150,6,0,0
BRDA:150,6,1,0
BRDA:150,7,0,0
BRDA:150,7,1,0
BRDA:180,8,0,0
BRDA:180,8,1,0
BRDA:194,9,0,0
BRDA:194,9,1,0
BRDA:196,10,0,0
BRDA:196,10,1,0
BRDA:197,11,0,0
BRDA:197,11,1,0
BRDA:200,12,0,0
BRDA:200,12,1,0
BRDA:203,13,0,0
BRDA:203,13,1,0
BRDA:209,14,0,0
BRDA:209,14,1,0
BRDA:233,15,0,0
BRF:32
BRH:0
end_of_record
TN:
SF:app\consultation\page.tsx
FN:4,ConsultationPage
FNF:1
FNH:0
FNDA:0,ConsultationPage
DA:1,0
DA:2,0
DA:4,0
LF:3
LH:0
BRF:0
BRH:0
end_of_record
TN:
SF:app\dashboard\page.tsx
FN:11,DashboardPage
FN:203,(anonymous_3)
FNF:2
FNH:0
FNDA:0,DashboardPage
FNDA:0,(anonymous_3)
DA:1,0
DA:2,0
DA:3,0
DA:4,0
DA:5,0
DA:6,0
DA:7,0
DA:8,0
DA:9,0
DA:11,0
DA:12,0
DA:14,0
DA:16,0
DA:17,0
DA:18,0
DA:20,0
DA:24,0
DA:25,0
DA:26,0
DA:204,0
LF:20
LH:0
BRDA:16,0,0,0
BRDA:16,0,1,0
BRDA:35,1,0,0
BRDA:35,1,1,0
BRDA:40,2,0,0
BRDA:79,3,0,0
BRDA:79,3,1,0
BRDA:192,4,0,0
BRDA:202,5,0,0
BRDA:289,6,0,0
BRDA:289,6,1,0
BRDA:292,7,0,0
BRDA:292,7,1,0
BRDA:294,8,0,0
BRDA:294,8,1,0
BRDA:303,9,0,0
BRF:16
BRH:0
end_of_record
TN:
SF:app\dashboard\catalog\page.tsx
FN:21,CatalogOverridesPage
FN:30,(anonymous_5)
FN:31,(anonymous_6)
FN:60,(anonymous_7)
FN:61,(anonymous_8)
FN:70,(anonymous_9)
FN:77,(anonymous_10)
FN:82,(anonymous_11)
FN:84,(anonymous_12)
FN:88,(anonymous_13)
FN:113,(anonymous_14)
FN:135,(anonymous_15)
FN:159,(anonymous_16)
FN:160,(anonymous_17)
FN:163,(anonymous_18)
FN:178,(anonymous_19)
FN:182,(anonymous_20)
FN:245,(anonymous_21)
FN:255,(anonymous_22)
FN:272,(anonymous_23)
FN:297,(anonymous_24)
FN:313,(anonymous_25)
FN:333,(anonymous_26)
FN:339,(anonymous_27)
FN:343,(anonymous_28)
FN:350,(anonymous_29)
FN:386,(anonymous_30)
FN:409,CatalogPage
FNF:28
FNH:0
FNDA:0,CatalogOverridesPage
FNDA:0,(anonymous_5)
FNDA:0,(anonymous_6)
FNDA:0,(anonymous_7)
FNDA:0,(anonymous_8)
FNDA:0,(anonymous_9)
FNDA:0,(anonymous_10)
FNDA:0,(anonymous_11)
FNDA:0,(anonymous_12)
FNDA:0,(anonymous_13)
FNDA:0,(anonymous_14)
FNDA:0,(anonymous_15)
FNDA:0,(anonymous_16)
FNDA:0,(anonymous_17)
FNDA:0,(anonymous_18)
FNDA:0,(anonymous_19)
FNDA:0,(anonymous_20)
FNDA:0,(anonymous_21)
FNDA:0,(anonymous_22)
FNDA:0,(anonymous_23)
FNDA:0,(anonymous_24)
FNDA:0,(anonymous_25)
FNDA:0,(anonymous_26)
FNDA:0,(anonymous_27)
FNDA:0,(anonymous_28)
FNDA:0,(anonymous_29)
FNDA:0,(anonymous_30)
FNDA:0,CatalogPage
DA:3,0
DA:4,0
DA:5,0
DA:6,0
DA:7,0
DA:8,0
DA:9,0
DA:10,0
DA:11,0
DA:12,0
DA:13,0
DA:14,0
DA:15,0
DA:22,0
DA:23,0
DA:24,0
DA:25,0
DA:26,0
DA:27,0
DA:30,0
DA:31,0
DA:32,0
DA:34,0
DA:35,0
DA:37,0
DA:38,0
DA:43,0
DA:44,0
DA:46,0
DA:47,0
DA:53,0
DA:57,0
DA:60,0
DA:61,0
DA:70,0
DA:71,0
DA:72,0
DA:73,0
DA:74,0
DA:77,0
DA:78,0
DA:79,0
DA:82,0
DA:83,0
DA:84,0
DA:85,0
DA:88,0
DA:89,0
DA:90,0
DA:92,0
DA:94,0
DA:95,0
DA:96,0
DA:97,0
DA:102,0
DA:105,0
DA:113,0
DA:114,0
DA:116,0
DA:117,0
DA:118,0
DA:119,0
DA:124,0
DA:127,0
DA:135,0
DA:136,0
DA:137,0
DA:139,0
DA:140,0
DA:141,0
DA:146,0
DA:149,0
DA:155,0
DA:159,0
DA:160,0
DA:163,0
DA:164,0
DA:165,0
DA:167,0
DA:168,0
DA:170,0
DA:178,0
DA:179,0
DA:182,0
DA:183,0
DA:186,0
DA:194,0
DA:246,0
DA:256,0
DA:257,0
DA:259,0
DA:272,0
DA:297,0
DA:313,0
DA:333,0
DA:340,0
DA:343,0
DA:350,0
DA:387,0
DA:409,0
DA:410,0
LF:101
LH:0
BRDA:37,0,0,0
BRDA:37,0,1,0
BRDA:71,1,0,0
BRDA:71,1,1,0
BRDA:71,1,2,0
BRDA:78,2,0,0
BRDA:78,2,1,0
BRDA:78,2,2,0
BRDA:83,3,0,0
BRDA:83,3,1,0
BRDA:83,3,2,0
BRDA:95,4,0,0
BRDA:95,4,1,0
BRDA:102,5,0,0
BRDA:102,5,1,0
BRDA:117,6,0,0
BRDA:117,6,1,0
BRDA:124,7,0,0
BRDA:124,7,1,0
BRDA:140,8,0,0
BRDA:140,8,1,0
BRDA:146,9,0,0
BRDA:146,9,1,0
BRDA:165,10,0,0
BRDA:165,10,1,0
BRDA:168,11,0,0
BRDA:168,11,1,0
BRDA:172,12,0,0
BRDA:172,12,1,0
BRDA:173,13,0,0
BRDA:173,13,1,0
BRDA:174,14,0,0
BRDA:174,14,1,0
BRDA:179,15,0,0
BRDA:179,15,1,0
BRDA:186,16,0,0
BRDA:186,16,1,0
BRDA:194,17,0,0
BRDA:194,17,1,0
BRDA:218,18,0,0
BRDA:230,19,0,0
BRDA:230,19,1,0
BRDA:233,20,0,0
BRDA:248,21,0,0
BRDA:257,22,0,0
BRDA:257,22,1,0
BRDA:264,23,0,0
BRDA:268,24,0,0
BRDA:296,25,0,0
BRDA:296,25,1,0
BRDA:311,26,0,0
BRDA:311,26,1,0
BRDA:312,27,0,0
BRDA:312,27,1,0
BRDA:316,28,0,0
BRDA:316,28,1,0
BRDA:339,29,0,0
BRDA:339,29,1,0
BRDA:376,30,0,0
BRDA:382,31,0,0
BRF:60
BRH:0
end_of_record
TN:
SF:app\dashboard\modules\page.tsx
FN:6,ModulesPage
FNF:1
FNH:0
FNDA:0,ModulesPage
DA:1,0
DA:2,0
DA:3,0
DA:4,0
DA:6,0
DA:7,0
DA:9,0
DA:11,0
DA:12,0
DA:13,0
DA:15,0
LF:11
LH:0
BRDA:11,0,0,0
BRDA:11,0,1,0
BRF:2
BRH:0
end_of_record
TN:
SF:app\dashboard\settings\page.tsx
FN:6,SettingsPage
FNF:1
FNH:0
FNDA:0,SettingsPage
DA:1,0
DA:2,0
DA:3,0
DA:4,0
DA:6,0
DA:7,0
DA:9,0
DA:10,0
DA:11,0
DA:13,0
LF:10
LH:0
BRDA:9,0,0,0
BRDA:9,0,1,0
BRF:2
BRH:0
end_of_record
TN:
SF:app\intake\actions.ts
FN:18,createClientIntake
FNF:1
FNH:0
FNDA:0,createClientIntake
DA:2,0
DA:5,0
DA:6,0
DA:9,0
DA:18,0
DA:19,0
DA:20,0
DA:23,0
DA:25,0
DA:28,0
DA:29,0
DA:30,0
DA:31,0
DA:33,0
DA:38,0
DA:46,0
DA:48,0
DA:49,0
DA:53,0
DA:54,0
DA:59,0
DA:63,0
DA:65,0
DA:66,0
LF:24
LH:0
BRDA:29,0,0,0
BRDA:29,0,1,0
BRDA:42,1,0,0
BRDA:42,1,1,0
BRDA:48,2,0,0
BRDA:48,2,1,0
BRDA:65,3,0,0
BRDA:65,3,1,0
BRDA:66,4,0,0
BRDA:66,4,1,0
BRF:10
BRH:0
end_of_record
TN:
SF:app\intake\page.tsx
FN:6,Page
FN:9,(anonymous_2)
FNF:2
FNH:0
FNDA:0,Page
FNDA:0,(anonymous_2)
DA:3,0
DA:4,0
DA:6,0
DA:7,0
DA:9,0
DA:10,0
DA:11,0
DA:12,0
DA:14,0
LF:9
LH:0
BRDA:119,0,0,0
BRF:1
BRH:0
end_of_record
TN:
SF:app\login\page.tsx
FN:9,LoginPage
FN:17,(anonymous_3)
FN:24,(anonymous_4)
FN:25,(anonymous_5)
FN:36,(anonymous_6)
FN:66,(anonymous_7)
FN:102,(anonymous_8)
FN:103,(anonymous_9)
FN:104,(anonymous_10)
FNF:9
FNH:0
FNDA:0,LoginPage
FNDA:0,(anonymous_3)
FNDA:0,(anonymous_4)
FNDA:0,(anonymous_5)
FNDA:0,(anonymous_6)
FNDA:0,(anonymous_7)
FNDA:0,(anonymous_8)
FNDA:0,(anonymous_9)
FNDA:0,(anonymous_10)
DA:3,0
DA:4,0
DA:5,0
DA:6,0
DA:7,0
DA:9,0
DA:10,0
DA:11,0
DA:12,0
DA:13,0
DA:14,0
DA:15,0
DA:17,0
DA:18,0
DA:19,0
DA:20,0
DA:24,0
DA:25,0
DA:26,0
DA:27,0
DA:28,0
DA:29,0
DA:33,0
DA:36,0
DA:37,0
DA:38,0
DA:39,0
DA:40,0
DA:43,0
DA:44,0
DA:45,0
DA:47,0
DA:48,0
DA:50,0
DA:51,0
DA:52,0
DA:54,0
DA:57,0
DA:60,0
DA:62,0
DA:66,0
DA:67,0
DA:68,0
DA:102,0
DA:103,0
DA:104,0
LF:46
LH:0
BRDA:19,0,0,0
BRDA:19,0,1,0
BRDA:27,1,0,0
BRDA:27,1,1,0
BRDA:28,2,0,0
BRDA:28,2,1,0
BRDA:38,3,0,0
BRDA:38,3,1,0
BRDA:50,4,0,0
BRDA:50,4,1,0
BRDA:51,5,0,0
BRDA:51,5,1,0
BRDA:54,6,0,0
BRDA:54,6,1,0
BRDA:57,7,0,0
BRDA:57,7,1,0
BRDA:67,8,0,0
BRDA:67,8,1,0
BRDA:67,9,0,0
BRDA:67,9,1,0
BRDA:106,10,0,0
BRDA:106,10,1,0
BRDA:106,11,0,0
BRDA:106,11,1,0
BRDA:113,12,0,0
BRDA:113,12,1,0
BRDA:113,13,0,0
BRDA:113,13,1,0
BRDA:118,14,0,0
BRDA:132,15,0,0
BRDA:148,16,0,0
BRDA:148,16,1,0
BRDA:152,17,0,0
BRDA:152,17,1,0
BRF:34
BRH:0
end_of_record
TN:
SF:app\operability\diagnostics\diagnostics-interface.tsx
FN:73,DiagnosticsInterface
FN:82,(anonymous_2)
FN:116,(anonymous_3)
FN:121,(anonymous_4)
FN:123,(anonymous_5)
FN:132,(anonymous_6)
FN:140,(anonymous_7)
FN:146,(anonymous_8)
FN:156,(anonymous_9)
FN:181,(anonymous_10)
FN:204,(anonymous_11)
FN:314,(anonymous_12)
FNF:12
FNH:0
FNDA:0,DiagnosticsInterface
FNDA:0,(anonymous_2)
FNDA:0,(anonymous_3)
FNDA:0,(anonymous_4)
FNDA:0,(anonymous_5)
FNDA:0,(anonymous_6)
FNDA:0,(anonymous_7)
FNDA:0,(anonymous_8)
FNDA:0,(anonymous_9)
FNDA:0,(anonymous_10)
FNDA:0,(anonymous_11)
FNDA:0,(anonymous_12)
DA:3,0
DA:4,0
DA:5,0
DA:6,0
DA:7,0
DA:8,0
DA:9,0
DA:10,0
DA:73,0
DA:74,0
DA:75,0
DA:76,0
DA:77,0
DA:78,0
DA:79,0
DA:80,0
DA:82,0
DA:83,0
DA:84,0
DA:85,0
DA:87,0
DA:94,0
DA:95,0
DA:96,0
DA:98,0
DA:99,0
DA:101,0
DA:104,0
DA:105,0
DA:106,0
DA:108,0
DA:109,0
DA:111,0
DA:116,0
DA:117,0
DA:121,0
DA:122,0
DA:123,0
DA:124,0
DA:126,0
DA:127,0
DA:128,0
DA:129,0
DA:132,0
DA:133,0
DA:134,0
DA:140,0
DA:141,0
DA:142,0
DA:146,0
DA:147,0
DA:156,0
DA:157,0
DA:158,0
DA:159,0
DA:162,0
DA:181,0
DA:204,0
DA:315,0
LF:59
LH:0
BRDA:82,0,0,0
BRDA:94,1,0,0
BRDA:94,1,1,0
BRDA:95,2,0,0
BRDA:95,2,1,0
BRDA:98,3,0,0
BRDA:98,3,1,0
BRDA:108,4,0,0
BRDA:108,4,1,0
BRDA:122,5,0,0
BRDA:122,5,1,0
BRDA:127,6,0,0
BRDA:127,6,1,0
BRDA:133,7,0,0
BRDA:133,7,1,0
BRDA:162,8,0,0
BRDA:162,8,1,0
BRDA:186,9,0,0
BRDA:186,9,1,0
BRDA:215,10,0,0
BRDA:224,11,0,0
BRDA:241,12,0,0
BRDA:241,12,1,0
BRDA:241,13,0,0
BRDA:241,13,1,0
BRDA:283,14,0,0
BRDA:292,15,0,0
BRDA:301,16,0,0
BRDA:310,17,0,0
BRDA:310,17,1,0
BRDA:318,18,0,0
BRDA:319,19,0,0
BRDA:323,20,0,0
BRDA:323,20,1,0
BRDA:324,21,0,0
BRDA:324,21,1,0
BRDA:336,22,0,0
BRDA:354,23,0,0
BRDA:354,23,1,0
BRDA:364,24,0,0
BRDA:372,25,0,0
BRDA:426,26,0,0
BRDA:426,26,1,0
BRDA:456,27,0,0
BRDA:456,27,1,0
BRF:45
BRH:0
end_of_record
TN:
SF:app\operability\diagnostics\page.tsx
FN:15,DiagnosticsPage
FN:58,DiagnosticsLoadingSkeleton
FN:69,(anonymous_3)
FN:87,(anonymous_4)
FN:105,(anonymous_5)
FNF:5
FNH:0
FNDA:0,DiagnosticsPage
FNDA:0,DiagnosticsLoadingSkeleton
FNDA:0,(anonymous_3)
FNDA:0,(anonymous_4)
FNDA:0,(anonymous_5)
DA:8,0
DA:9,0
DA:10,0
DA:11,0
DA:12,0
DA:13,0
DA:15,0
DA:16,0
DA:18,0
DA:35,0
DA:36,0
DA:37,0
DA:39,0
DA:40,0
DA:70,0
DA:88,0
DA:106,0
LF:17
LH:0
BRDA:35,0,0,0
BRDA:35,0,1,0
BRDA:36,1,0,0
BRDA:36,1,1,0
BRDA:39,2,0,0
BRDA:39,2,1,0
BRDA:49,3,0,0
BRDA:49,3,1,0
BRF:8
BRH:0
end_of_record
TN:
SF:app\operability\flags\flag-toggle-form.tsx
FN:13,FlagToggleForm
FN:17,(anonymous_2)
FN:20,(anonymous_3)
FNF:3
FNH:0
FNDA:0,FlagToggleForm
FNDA:0,(anonymous_2)
FNDA:0,(anonymous_3)
DA:3,0
DA:4,0
DA:5,0
DA:6,0
DA:13,0
DA:14,0
DA:15,0
DA:17,0
DA:18,0
DA:20,0
DA:21,0
DA:22,0
DA:35,0
DA:36,0
DA:39,0
DA:45,0
DA:46,0
LF:17
LH:0
BRDA:35,0,0,0
BRDA:35,0,1,0
BRDA:41,1,0,0
BRDA:41,1,1,0
BRDA:60,2,0,0
BRDA:60,2,1,0
BRDA:61,3,0,0
BRDA:61,3,1,0
BRDA:64,4,0,0
BRF:9
BRH:0
end_of_record
TN:
SF:app\operability\flags\page.tsx
FN:16,FeatureFlagsPage
FN:46,FlagManagementInterface
FN:67,(anonymous_3)
FN:74,TenantFlagCard
FN:95,(anonymous_5)
FN:118,(anonymous_6)
FNF:6
FNH:0
FNDA:0,FeatureFlagsPage
FNDA:0,FlagManagementInterface
FNDA:0,(anonymous_3)
FNDA:0,TenantFlagCard
FNDA:0,(anonymous_5)
FNDA:0,(anonymous_6)
DA:8,0
DA:9,0
DA:10,0
DA:11,0
DA:12,0
DA:13,0
DA:14,0
DA:16,0
DA:17,0
DA:18,0
DA:20,0
DA:21,0
DA:25,0
DA:26,0
DA:27,0
DA:47,0
DA:50,0
DA:55,0
DA:68,0
DA:75,0
DA:78,0
DA:84,0
DA:95,0
DA:96,0
DA:119,0
LF:25
LH:0
BRDA:20,0,0,0
BRDA:20,0,1,0
BRDA:26,1,0,0
BRDA:26,1,1,0
BRDA:55,2,0,0
BRDA:55,2,1,0
BRDA:84,3,0,0
BRDA:84,3,1,0
BRDA:95,4,0,0
BRDA:95,4,1,0
BRDA:96,5,0,0
BRDA:96,5,1,0
BRDA:105,6,0,0
BRDA:111,7,0,0
BRDA:111,7,1,0
BRDA:121,8,0,0
BRDA:121,8,1,0
BRF:17
BRH:0
end_of_record
TN:
SF:app\operability\health-monitoring\page.tsx
FN:107,HealthMonitoringPage
FN:114,(anonymous_2)
FN:150,(anonymous_3)
FN:155,(anonymous_4)
FN:158,(anonymous_5)
FN:164,(anonymous_6)
FN:172,(anonymous_7)
FN:181,(anonymous_8)
FN:191,(anonymous_9)
FN:293,(anonymous_10)
FN:322,(anonymous_11)
FN:326,(anonymous_12)
FN:484,(anonymous_13)
FN:513,(anonymous_14)
FN:531,(anonymous_15)
FNF:15
FNH:0
FNDA:0,HealthMonitoringPage
FNDA:0,(anonymous_2)
FNDA:0,(anonymous_3)
FNDA:0,(anonymous_4)
FNDA:0,(anonymous_5)
FNDA:0,(anonymous_6)
FNDA:0,(anonymous_7)
FNDA:0,(anonymous_8)
FNDA:0,(anonymous_9)
FNDA:0,(anonymous_10)
FNDA:0,(anonymous_11)
FNDA:0,(anonymous_12)
FNDA:0,(anonymous_13)
FNDA:0,(anonymous_14)
FNDA:0,(anonymous_15)
DA:13,0
DA:14,0
DA:15,0
DA:16,0
DA:17,0
DA:18,0
DA:19,0
DA:20,0
DA:107,0
DA:108,0
DA:109,0
DA:110,0
DA:111,0
DA:112,0
DA:114,0
DA:115,0
DA:116,0
DA:117,0
DA:120,0
DA:121,0
DA:122,0
DA:125,0
DA:126,0
DA:129,0
DA:130,0
DA:131,0
DA:132,0
DA:133,0
DA:134,0
DA:138,0
DA:142,0
DA:144,0
DA:146,0
DA:150,0
DA:151,0
DA:154,0
DA:155,0
DA:158,0
DA:159,0
DA:160,0
DA:161,0
DA:164,0
DA:172,0
DA:173,0
DA:181,0
DA:182,0
DA:183,0
DA:184,0
DA:186,0
DA:187,0
DA:188,0
DA:191,0
DA:192,0
DA:193,0
DA:196,0
DA:207,0
DA:228,0
DA:294,0
DA:323,0
DA:326,0
DA:485,0
DA:514,0
DA:532,0
LF:63
LH:0
BRDA:121,0,0,0
BRDA:121,0,1,0
BRDA:131,1,0,0
BRDA:131,1,1,0
BRDA:133,2,0,0
BRDA:133,2,1,0
BRDA:144,3,0,0
BRDA:144,3,1,0
BRDA:159,4,0,0
BRDA:159,4,1,0
BRDA:160,5,0,0
BRDA:160,5,1,0
BRDA:186,6,0,0
BRDA:186,6,1,0
BRDA:187,7,0,0
BRDA:187,7,1,0
BRDA:196,8,0,0
BRDA:196,8,1,0
BRDA:196,9,0,0
BRDA:196,9,1,0
BRDA:207,10,0,0
BRDA:207,10,1,0
BRDA:228,11,0,0
BRDA:228,11,1,0
BRDA:249,12,0,0
BRDA:260,13,0,0
BRDA:260,13,1,0
BRDA:272,14,0,0
BRDA:272,14,1,0
BRDA:273,15,0,0
BRDA:273,15,1,0
BRDA:294,16,0,0
BRDA:294,16,1,0
BRDA:321,17,0,0
BRDA:320,18,0,0
BRDA:320,18,1,0
BRDA:328,19,0,0
BRDA:328,19,1,0
BRDA:329,20,0,0
BRDA:329,20,1,0
BRDA:335,21,0,0
BRDA:344,22,0,0
BRDA:344,22,1,0
BRDA:345,23,0,0
BRDA:345,23,1,0
BRDA:361,24,0,0
BRDA:361,24,1,0
BRDA:362,25,0,0
BRDA:362,25,1,0
BRDA:377,26,0,0
BRDA:377,26,1,0
BRDA:381,27,0,0
BRDA:381,27,1,0
BRDA:477,28,0,0
BRDA:502,29,0,0
BRDA:502,29,1,0
BRDA:503,30,0,0
BRDA:503,30,1,0
BRDA:516,31,0,0
BRDA:516,31,1,0
BRDA:519,32,0,0
BRDA:519,32,1,0
BRDA:520,33,0,0
BRDA:520,33,1,0
BRDA:542,34,0,0
BRDA:542,34,1,0
BRDA:543,35,0,0
BRDA:543,35,1,0
BRF:68
BRH:0
end_of_record
TN:
SF:app\probe\route.ts
FN:5,GET
FNF:1
FNH:0
FNDA:0,GET
DA:2,0
DA:3,0
DA:5,0
DA:7,0
DA:10,0
DA:16,0
LF:6
LH:0
BRDA:7,0,0,0
BRDA:7,0,1,0
BRDA:8,1,0,0
BRDA:8,1,1,0
BRF:4
BRH:0
end_of_record
TN:
SF:app\questionnaire\page.tsx
FN:9,(anonymous_5)
FN:9,(anonymous_6)
FN:9,(anonymous_7)
FN:11,QuestionnairePage
FN:14,(anonymous_9)
FN:24,(anonymous_10)
FNF:6
FNH:0
FNDA:0,(anonymous_5)
FNDA:0,(anonymous_6)
FNDA:0,(anonymous_7)
FNDA:0,QuestionnairePage
FNDA:0,(anonymous_9)
FNDA:0,(anonymous_10)
DA:3,0
DA:4,0
DA:5,0
DA:6,0
DA:9,0
DA:11,0
DA:12,0
DA:14,0
DA:15,0
DA:18,0
DA:21,0
DA:24,0
DA:25,0
LF:13
LH:0
BRF:0
BRH:0
end_of_record
TN:
SF:app\questionnaire-demo\page.tsx
FN:9,(anonymous_5)
FN:9,(anonymous_6)
FN:9,(anonymous_7)
FN:11,QuestionnaireDemoPage
FN:14,(anonymous_9)
FN:29,(anonymous_10)
FNF:6
FNH:0
FNDA:0,(anonymous_5)
FNDA:0,(anonymous_6)
FNDA:0,(anonymous_7)
FNDA:0,QuestionnaireDemoPage
FNDA:0,(anonymous_9)
FNDA:0,(anonymous_10)
DA:3,0
DA:4,0
DA:5,0
DA:6,0
DA:9,0
DA:11,0
DA:12,0
DA:14,0
DA:15,0
DA:18,0
DA:20,0
DA:26,0
DA:29,0
DA:30,0
LF:14
LH:0
BRF:0
BRH:0
end_of_record
TN:
SF:app\status\page.tsx
FN:1,StatusPage
FNF:1
FNH:0
FNDA:0,StatusPage
DA:1,0
LF:1
LH:0
BRF:0
BRH:0
end_of_record
TN:
SF:app\tokens-preview\page.tsx
FN:20,TokensPreviewPage
FN:41,(anonymous_2)
FN:48,(anonymous_3)
FN:55,(anonymous_4)
FN:80,(anonymous_5)
FN:103,(anonymous_6)
FN:125,(anonymous_7)
FN:149,(anonymous_8)
FN:166,(anonymous_9)
FN:187,(anonymous_10)
FN:208,(anonymous_11)
FNF:11
FNH:0
FNDA:0,TokensPreviewPage
FNDA:0,(anonymous_2)
FNDA:0,(anonymous_3)
FNDA:0,(anonymous_4)
FNDA:0,(anonymous_5)
FNDA:0,(anonymous_6)
FNDA:0,(anonymous_7)
FNDA:0,(anonymous_8)
FNDA:0,(anonymous_9)
FNDA:0,(anonymous_10)
FNDA:0,(anonymous_11)
DA:12,0
DA:13,0
DA:14,0
DA:15,0
DA:16,0
DA:17,0
DA:18,0
DA:20,0
DA:21,0
DA:22,0
DA:23,0
DA:41,0
DA:48,0
DA:55,0
DA:81,0
DA:104,0
DA:126,0
DA:150,0
DA:167,0
DA:188,0
DA:209,0
LF:21
LH:0
BRDA:39,0,0,0
BRDA:39,0,1,0
BRDA:46,1,0,0
BRDA:46,1,1,0
BRDA:53,2,0,0
BRDA:53,2,1,0
BRF:6
BRH:0
end_of_record
TN:
SF:components\GlobalNav.tsx
FN:53,GlobalNav
FN:59,(anonymous_3)
FN:64,(anonymous_4)
FN:65,(anonymous_5)
FN:78,(anonymous_6)
FN:84,(anonymous_7)
FN:85,(anonymous_8)
FN:93,(anonymous_9)
FN:95,(anonymous_10)
FN:103,(anonymous_11)
FN:117,(anonymous_12)
FN:148,(anonymous_13)
FN:170,(anonymous_14)
FN:170,(anonymous_15)
FN:216,(anonymous_16)
FN:232,(anonymous_17)
FN:247,(anonymous_18)
FN:257,(anonymous_19)
FNF:18
FNH:0
FNDA:0,GlobalNav
FNDA:0,(anonymous_3)
FNDA:0,(anonymous_4)
FNDA:0,(anonymous_5)
FNDA:0,(anonymous_6)
FNDA:0,(anonymous_7)
FNDA:0,(anonymous_8)
FNDA:0,(anonymous_9)
FNDA:0,(anonymous_10)
FNDA:0,(anonymous_11)
FNDA:0,(anonymous_12)
FNDA:0,(anonymous_13)
FNDA:0,(anonymous_14)
FNDA:0,(anonymous_15)
FNDA:0,(anonymous_16)
FNDA:0,(anonymous_17)
FNDA:0,(anonymous_18)
FNDA:0,(anonymous_19)
DA:3,0
DA:4,0
DA:5,0
DA:6,0
DA:7,0
DA:17,0
DA:53,0
DA:54,0
DA:55,0
DA:56,0
DA:59,0
DA:60,0
DA:64,0
DA:65,0
DA:66,0
DA:67,0
DA:71,0
DA:72,0
DA:73,0
DA:75,0
DA:78,0
DA:79,0
DA:80,0
DA:84,0
DA:85,0
DA:86,0
DA:87,0
DA:88,0
DA:89,0
DA:93,0
DA:94,0
DA:95,0
DA:97,0
DA:99,0
DA:102,0
DA:103,0
DA:104,0
DA:105,0
DA:110,0
DA:111,0
DA:114,0
DA:117,0
DA:118,0
DA:119,0
DA:121,0
DA:124,0
DA:125,0
DA:149,0
DA:170,0
DA:171,0
DA:172,0
DA:174,0
DA:216,0
DA:232,0
DA:247,0
DA:258,0
DA:259,0
DA:261,0
LF:58
LH:0
BRDA:56,0,0,0
BRDA:56,0,1,0
BRDA:66,1,0,0
BRDA:66,1,1,0
BRDA:71,2,0,0
BRDA:71,2,1,0
BRDA:86,3,0,0
BRDA:86,3,1,0
BRDA:86,4,0,0
BRDA:86,4,1,0
BRDA:87,5,0,0
BRDA:87,5,1,0
BRDA:87,6,0,0
BRDA:87,6,1,0
BRDA:88,7,0,0
BRDA:88,7,1,0
BRDA:88,8,0,0
BRDA:88,8,1,0
BRDA:97,9,0,0
BRDA:97,9,1,0
BRDA:102,10,0,0
BRDA:102,10,1,0
BRDA:104,11,0,0
BRDA:104,11,1,0
BRDA:110,12,0,0
BRDA:110,12,1,0
BRDA:110,13,0,0
BRDA:110,13,1,0
BRDA:118,14,0,0
BRDA:118,14,1,0
BRDA:135,15,0,0
BRDA:135,15,1,0
BRDA:146,16,0,0
BRDA:150,17,0,0
BRDA:155,18,0,0
BRDA:155,18,1,0
BRDA:180,19,0,0
BRDA:180,19,1,0
BRDA:187,20,0,0
BRDA:196,21,0,0
BRDA:198,22,0,0
BRDA:204,23,0,0
BRDA:204,23,1,0
BRDA:206,24,0,0
BRDA:227,25,0,0
BRDA:267,26,0,0
BRDA:267,26,1,0
BRDA:274,27,0,0
BRDA:283,28,0,0
BRDA:285,29,0,0
BRDA:291,30,0,0
BRDA:291,30,1,0
BRDA:293,31,0,0
BRF:53
BRH:0
end_of_record
TN:
SF:components\ProtectedNav.tsx
FN:4,ProtectedNav
FNF:1
FNH:0
FNDA:0,ProtectedNav
DA:1,0
DA:2,0
DA:4,0
DA:5,0
LF:4
LH:0
BRDA:37,0,0,0
BRF:1
BRH:0
end_of_record
TN:
SF:components\PublicNav.tsx
FN:3,PublicNav
FNF:1
FNH:0
FNDA:0,PublicNav
DA:1,0
DA:3,0
LF:2
LH:0
BRF:0
BRH:0
end_of_record
TN:
SF:components\auto-save-recovery.tsx
FN:15,AutoSaveRecovery
FN:20,(anonymous_2)
FN:25,(anonymous_3)
FN:29,(anonymous_4)
FN:42,(anonymous_5)
FN:47,(anonymous_6)
FN:53,(anonymous_7)
FN:59,(anonymous_8)
FN:65,(anonymous_9)
FN:101,(anonymous_10)
FN:107,(anonymous_11)
FN:121,(anonymous_12)
FN:129,(anonymous_13)
FN:137,(anonymous_14)
FN:142,(anonymous_15)
FN:148,(anonymous_16)
FN:160,(anonymous_17)
FN:201,(anonymous_18)
FN:226,(anonymous_19)
FN:235,(anonymous_20)
FN:250,(anonymous_21)
FNF:21
FNH:0
FNDA:0,AutoSaveRecovery
FNDA:0,(anonymous_2)
FNDA:0,(anonymous_3)
FNDA:0,(anonymous_4)
FNDA:0,(anonymous_5)
FNDA:0,(anonymous_6)
FNDA:0,(anonymous_7)
FNDA:0,(anonymous_8)
FNDA:0,(anonymous_9)
FNDA:0,(anonymous_10)
FNDA:0,(anonymous_11)
FNDA:0,(anonymous_12)
FNDA:0,(anonymous_13)
FNDA:0,(anonymous_14)
FNDA:0,(anonymous_15)
FNDA:0,(anonymous_16)
FNDA:0,(anonymous_17)
FNDA:0,(anonymous_18)
FNDA:0,(anonymous_19)
FNDA:0,(anonymous_20)
FNDA:0,(anonymous_21)
DA:3,0
DA:4,0
DA:5,0
DA:6,0
DA:7,0
DA:8,0
DA:9,0
DA:15,0
DA:16,0
DA:17,0
DA:18,0
DA:20,0
DA:22,0
DA:25,0
DA:26,0
DA:29,0
DA:31,0
DA:34,0
DA:35,0
DA:38,0
DA:39,0
DA:40,0
DA:42,0
DA:43,0
DA:44,0
DA:47,0
DA:48,0
DA:49,0
DA:53,0
DA:54,0
DA:55,0
DA:59,0
DA:60,0
DA:61,0
DA:62,0
DA:65,0
DA:66,0
DA:68,0
DA:70,0
DA:71,0
DA:72,0
DA:73,0
DA:75,0
DA:79,0
DA:81,0
DA:88,0
DA:90,0
DA:91,0
DA:97,0
DA:101,0
DA:102,0
DA:103,0
DA:104,0
DA:106,0
DA:107,0
DA:108,0
DA:109,0
DA:110,0
DA:112,0
DA:117,0
DA:121,0
DA:122,0
DA:123,0
DA:124,0
DA:125,0
DA:129,0
DA:130,0
DA:131,0
DA:132,0
DA:133,0
DA:137,0
DA:138,0
DA:139,0
DA:142,0
DA:143,0
DA:144,0
DA:145,0
DA:148,0
DA:149,0
DA:150,0
DA:151,0
DA:152,0
DA:154,0
DA:155,0
DA:156,0
DA:157,0
DA:160,0
DA:161,0
DA:171,0
DA:172,0
DA:202,0
DA:226,0
DA:235,0
DA:250,0
LF:94
LH:0
BRDA:38,0,0,0
BRDA:38,0,1,0
BRDA:70,1,0,0
BRDA:70,1,1,0
BRDA:72,2,0,0
BRDA:72,2,1,0
BRDA:106,3,0,0
BRDA:106,3,1,0
BRDA:109,4,0,0
BRDA:109,4,1,0
BRDA:122,5,0,0
BRDA:122,5,1,0
BRDA:123,6,0,0
BRDA:123,6,1,0
BRDA:130,7,0,0
BRDA:130,7,1,0
BRDA:131,8,0,0
BRDA:131,8,1,0
BRDA:154,9,0,0
BRDA:154,9,1,0
BRDA:155,10,0,0
BRDA:155,10,1,0
BRDA:156,11,0,0
BRDA:156,11,1,0
BRDA:171,12,0,0
BRDA:171,12,1,0
BRDA:171,13,0,0
BRDA:171,13,1,0
BRDA:196,14,0,0
BRDA:196,14,1,0
BRDA:211,15,0,0
BRDA:211,15,1,0
BRDA:214,16,0,0
BRDA:214,16,1,0
BRDA:214,16,2,0
BRDA:230,17,0,0
BRDA:230,17,1,0
BRF:37
BRH:0
end_of_record
TN:
SF:components\auto-save-status.tsx
FN:25,AutoSaveStatus
FN:31,(anonymous_2)
FN:33,(anonymous_3)
FN:35,(anonymous_4)
FN:42,(anonymous_5)
FN:44,(anonymous_6)
FN:56,(anonymous_7)
FN:63,(anonymous_8)
FN:69,(anonymous_9)
FN:72,(anonymous_10)
FN:84,(anonymous_11)
FN:111,(anonymous_12)
FN:115,(anonymous_13)
FN:119,(anonymous_14)
FN:146,(anonymous_15)
FN:159,(anonymous_16)
FN:172,(anonymous_17)
FN:185,(anonymous_18)
FNF:18
FNH:0
FNDA:0,AutoSaveStatus
FNDA:0,(anonymous_2)
FNDA:0,(anonymous_3)
FNDA:0,(anonymous_4)
FNDA:0,(anonymous_5)
FNDA:0,(anonymous_6)
FNDA:0,(anonymous_7)
FNDA:0,(anonymous_8)
FNDA:0,(anonymous_9)
FNDA:0,(anonymous_10)
FNDA:0,(anonymous_11)
FNDA:0,(anonymous_12)
FNDA:0,(anonymous_13)
FNDA:0,(anonymous_14)
FNDA:0,(anonymous_15)
FNDA:0,(anonymous_16)
FNDA:0,(anonymous_17)
FNDA:0,(anonymous_18)
DA:3,0
DA:4,0
DA:5,0
DA:6,0
DA:15,0
DA:16,0
DA:17,0
DA:18,0
DA:25,0
DA:26,0
DA:27,0
DA:28,0
DA:29,0
DA:31,0
DA:33,0
DA:34,0
DA:35,0
DA:36,0
DA:37,0
DA:38,0
DA:42,0
DA:43,0
DA:44,0
DA:47,0
DA:48,0
DA:51,0
DA:54,0
DA:56,0
DA:57,0
DA:58,0
DA:59,0
DA:63,0
DA:64,0
DA:65,0
DA:66,0
DA:69,0
DA:70,0
DA:71,0
DA:72,0
DA:73,0
DA:74,0
DA:75,0
DA:76,0
DA:84,0
DA:85,0
DA:86,0
DA:87,0
DA:88,0
DA:89,0
DA:90,0
DA:91,0
DA:92,0
DA:93,0
DA:94,0
DA:95,0
DA:97,0
DA:103,0
DA:111,0
DA:112,0
DA:113,0
DA:114,0
DA:115,0
DA:116,0
DA:117,0
DA:118,0
DA:119,0
DA:120,0
DA:121,0
DA:122,0
DA:123,0
DA:128,0
DA:130,0
DA:133,0
DA:140,0
DA:143,0
DA:146,0
DA:147,0
DA:148,0
DA:149,0
DA:150,0
DA:151,0
DA:159,0
DA:160,0
DA:172,0
DA:173,0
DA:175,0
DA:177,0
DA:179,0
DA:181,0
DA:185,0
DA:186,0
DA:187,0
DA:188,0
DA:189,0
DA:190,0
LF:95
LH:0
BRDA:25,0,0,0
BRDA:117,1,0,0
BRDA:117,1,1,0
BRDA:122,2,0,0
BRDA:122,2,1,0
BRDA:147,3,0,0
BRDA:147,3,1,0
BRDA:173,4,0,0
BRDA:173,4,1,0
BRDA:173,4,2,0
BRDA:173,4,3,0
BRDA:186,5,0,0
BRDA:186,5,1,0
BRDA:207,6,0,0
BRDA:215,7,0,0
BRDA:232,8,0,0
BRF:16
BRH:0
end_of_record
TN:
SF:components\config-revert-button.tsx
FN:12,ConfigRevertButton
FN:16,(anonymous_2)
FNF:2
FNH:0
FNDA:0,ConfigRevertButton
FNDA:0,(anonymous_2)
DA:3,0
DA:4,0
DA:5,0
DA:6,0
DA:12,0
DA:13,0
DA:14,0
DA:16,0
DA:17,0
DA:18,0
DA:21,0
DA:22,0
DA:23,0
DA:24,0
DA:27,0
DA:29,0
DA:32,0
DA:33,0
DA:35,0
LF:19
LH:0
BRDA:17,0,0,0
BRDA:17,0,1,0
BRDA:24,1,0,0
BRDA:24,1,1,0
BRDA:47,2,0,0
BRDA:47,2,1,0
BRF:6
BRH:0
end_of_record
TN:
SF:components\consultation-engine.tsx
FN:86,ConsultationEngine
FN:106,(anonymous_5)
FN:126,(anonymous_6)
FN:133,(anonymous_7)
FN:134,(anonymous_8)
FN:137,(anonymous_9)
FN:140,(anonymous_10)
FN:149,(anonymous_11)
FN:154,(anonymous_12)
FN:166,(anonymous_13)
FN:173,(anonymous_14)
FN:176,(anonymous_15)
FN:183,(anonymous_16)
FN:185,(anonymous_17)
FN:194,(anonymous_18)
FN:207,(anonymous_19)
FN:207,(anonymous_20)
FN:209,(anonymous_21)
FN:236,(anonymous_22)
FN:245,(anonymous_23)
FN:261,(anonymous_24)
FN:350,(anonymous_25)
FN:395,(anonymous_26)
FN:423,(anonymous_27)
FN:451,(anonymous_28)
FN:498,(anonymous_29)
FNF:26
FNH:0
FNDA:0,ConsultationEngine
FNDA:0,(anonymous_5)
FNDA:0,(anonymous_6)
FNDA:0,(anonymous_7)
FNDA:0,(anonymous_8)
FNDA:0,(anonymous_9)
FNDA:0,(anonymous_10)
FNDA:0,(anonymous_11)
FNDA:0,(anonymous_12)
FNDA:0,(anonymous_13)
FNDA:0,(anonymous_14)
FNDA:0,(anonymous_15)
FNDA:0,(anonymous_16)
FNDA:0,(anonymous_17)
FNDA:0,(anonymous_18)
FNDA:0,(anonymous_19)
FNDA:0,(anonymous_20)
FNDA:0,(anonymous_21)
FNDA:0,(anonymous_22)
FNDA:0,(anonymous_23)
FNDA:0,(anonymous_24)
FNDA:0,(anonymous_25)
FNDA:0,(anonymous_26)
FNDA:0,(anonymous_27)
FNDA:0,(anonymous_28)
FNDA:0,(anonymous_29)
DA:3,0
DA:4,0
DA:5,0
DA:6,0
DA:7,0
DA:8,0
DA:9,0
DA:10,0
DA:11,0
DA:12,0
DA:72,0
DA:79,0
DA:86,0
DA:94,0
DA:95,0
DA:96,0
DA:97,0
DA:98,0
DA:101,0
DA:104,0
DA:108,0
DA:111,0
DA:120,0
DA:127,0
DA:133,0
DA:134,0
DA:135,0
DA:137,0
DA:138,0
DA:139,0
DA:140,0
DA:142,0
DA:147,0
DA:148,0
DA:149,0
DA:153,0
DA:154,0
DA:155,0
DA:158,0
DA:162,0
DA:163,0
DA:166,0
DA:167,0
DA:168,0
DA:171,0
DA:173,0
DA:177,0
DA:183,0
DA:184,0
DA:185,0
DA:186,0
DA:187,0
DA:189,0
DA:194,0
DA:195,0
DA:196,0
DA:197,0
DA:200,0
DA:204,0
DA:207,0
DA:209,0
DA:210,0
DA:211,0
DA:234,0
DA:236,0
DA:237,0
DA:238,0
DA:239,0
DA:241,0
DA:245,0
DA:246,0
DA:248,0
DA:249,0
DA:253,0
DA:256,0
DA:262,0
DA:265,0
DA:267,0
DA:351,0
DA:396,0
DA:397,0
DA:399,0
DA:424,0
DA:453,0
DA:459,0
DA:498,0
LF:86
LH:0
BRDA:105,0,0,0
BRDA:105,0,1,0
BRDA:116,1,0,0
BRDA:116,1,1,0
BRDA:122,2,0,0
BRDA:122,2,1,0
BRDA:135,3,0,0
BRDA:135,3,1,0
BRDA:139,4,0,0
BRDA:139,4,1,0
BRDA:147,5,0,0
BRDA:147,5,1,0
BRDA:153,6,0,0
BRDA:153,6,1,0
BRDA:155,7,0,0
BRDA:155,7,1,0
BRDA:167,8,0,0
BRDA:167,8,1,0
BRDA:167,9,0,0
BRDA:167,9,1,0
BRDA:184,10,0,0
BRDA:184,10,1,0
BRDA:184,11,0,0
BRDA:184,11,1,0
BRDA:184,11,2,0
BRDA:186,12,0,0
BRDA:186,12,1,0
BRDA:197,13,0,0
BRDA:197,13,1,0
BRDA:207,14,0,0
BRDA:207,14,1,0
BRDA:211,15,0,0
BRDA:211,15,1,0
BRDA:248,16,0,0
BRDA:248,16,1,0
BRDA:286,17,0,0
BRDA:298,18,0,0
BRDA:339,19,0,0
BRDA:363,20,0,0
BRDA:378,21,0,0
BRDA:383,22,0,0
BRDA:397,23,0,0
BRDA:397,23,1,0
BRDA:402,24,0,0
BRDA:410,25,0,0
BRDA:412,26,0,0
BRDA:467,27,0,0
BRDA:479,28,0,0
BRDA:499,29,0,0
BRDA:499,29,1,0
BRDA:500,30,0,0
BRDA:500,30,1,0
BRDA:502,31,0,0
BRDA:502,31,1,0
BRF:54
BRH:0
end_of_record
TN:
SF:components\email-modal.tsx
FN:30,EmailModal
FN:44,(anonymous_5)
FN:90,(anonymous_6)
FN:117,(anonymous_7)
FNF:4
FNH:0
FNDA:0,EmailModal
FNDA:0,(anonymous_5)
FNDA:0,(anonymous_6)
FNDA:0,(anonymous_7)
DA:4,0
DA:5,0
DA:6,0
DA:7,0
DA:15,0
DA:16,0
DA:17,0
DA:18,0
DA:30,0
DA:39,0
DA:40,0
DA:42,0
DA:44,0
DA:45,0
DA:47,0
DA:48,0
DA:49,0
DA:52,0
DA:53,0
DA:54,0
DA:57,0
DA:59,0
DA:60,0
DA:70,0
DA:71,0
DA:74,0
DA:76,0
DA:81,0
DA:82,0
DA:86,0
DA:90,0
DA:91,0
DA:92,0
DA:117,0
LF:34
LH:0
BRDA:37,0,0,0
BRDA:47,1,0,0
BRDA:47,1,1,0
BRDA:52,2,0,0
BRDA:52,2,1,0
BRDA:70,3,0,0
BRDA:70,3,1,0
BRDA:91,4,0,0
BRDA:91,4,1,0
BRDA:128,5,0,0
BRDA:128,6,0,0
BRDA:128,6,1,0
BRDA:132,7,0,0
BRDA:151,8,0,0
BRDA:152,9,0,0
BRDA:152,9,1,0
BRF:16
BRH:0
end_of_record
TN:
SF:components\empty-states.tsx
FN:32,EmptyState
FN:64,SessionsEmptyState
FN:78,RSVPsEmptyState
FN:93,DashboardEmptyState
FN:107,ConsultationsEmptyState
FN:121,ModulesEmptyState
FN:135,CatalogEmptyState
FN:149,SettingsEmptyState
FN:163,SearchEmptyState
FN:173,InboxEmptyState
FN:183,ReportsEmptyState
FN:197,ClientsEmptyState
FN:211,AppointmentsEmptyState
FN:225,DocumentsEmptyState
FN:240,GenericListEmptyState
FN:266,FirstRunEmptyState
FN:297,LoadingEmptyState
FNF:17
FNH:0
FNDA:0,EmptyState
FNDA:0,SessionsEmptyState
FNDA:0,RSVPsEmptyState
FNDA:0,DashboardEmptyState
FNDA:0,ConsultationsEmptyState
FNDA:0,ModulesEmptyState
FNDA:0,CatalogEmptyState
FNDA:0,SettingsEmptyState
FNDA:0,SearchEmptyState
FNDA:0,InboxEmptyState
FNDA:0,ReportsEmptyState
FNDA:0,ClientsEmptyState
FNDA:0,AppointmentsEmptyState
FNDA:0,DocumentsEmptyState
FNDA:0,GenericListEmptyState
FNDA:0,FirstRunEmptyState
FNDA:0,LoadingEmptyState
DA:1,0
DA:17,0
DA:18,0
DA:64,0
DA:78,0
DA:93,0
DA:107,0
DA:121,0
DA:135,0
DA:149,0
DA:163,0
DA:173,0
DA:183,0
DA:197,0
DA:211,0
DA:225,0
DA:240,0
DA:266,0
DA:297,0
DA:311,0
LF:20
LH:0
BRDA:32,0,0,0
BRDA:42,1,0,0
BRDA:45,2,0,0
BRDA:241,3,0,0
BRDA:242,4,0,0
BRDA:297,5,0,0
BRF:6
BRH:0
end_of_record
TN:
SF:components\header.tsx
FN:7,Header
FNF:1
FNH:0
FNDA:0,Header
DA:3,0
DA:4,0
DA:5,0
DA:7,0
DA:8,0
LF:5
LH:0
BRDA:7,0,0,0
BRDA:24,1,0,0
BRDA:39,2,0,0
BRDA:41,3,0,0
BRF:4
BRH:0
end_of_record
TN:
SF:components\intake-form.tsx
FN:22,IntakeForm
FN:36,validate
FN:43,(anonymous_3)
FN:55,(anonymous_4)
FN:57,onChange
FN:58,(anonymous_6)
FN:66,handleSubmit
FN:90,(anonymous_8)
FN:104,(anonymous_9)
FN:118,(anonymous_10)
FN:130,(anonymous_11)
FNF:11
FNH:0
FNDA:0,IntakeForm
FNDA:0,validate
FNDA:0,(anonymous_3)
FNDA:0,(anonymous_4)
FNDA:0,onChange
FNDA:0,(anonymous_6)
FNDA:0,handleSubmit
FNDA:0,(anonymous_8)
FNDA:0,(anonymous_9)
FNDA:0,(anonymous_10)
FNDA:0,(anonymous_11)
DA:4,0
DA:5,0
DA:6,0
DA:22,0
DA:27,0
DA:28,0
DA:34,0
DA:37,0
DA:39,0
DA:40,0
DA:42,0
DA:43,0
DA:44,0
DA:45,0
DA:46,0
DA:52,0
DA:55,0
DA:58,0
DA:59,0
DA:60,0
DA:61,0
DA:62,0
DA:67,0
DA:68,0
DA:69,0
DA:70,0
DA:72,0
DA:90,0
DA:104,0
DA:118,0
DA:130,0
LF:31
LH:0
BRDA:42,0,0,0
BRDA:42,0,1,0
BRDA:45,1,0,0
BRDA:45,1,1,0
BRDA:70,2,0,0
BRDA:70,2,1,0
BRDA:93,3,0,0
BRDA:103,4,0,0
BRDA:103,4,1,0
BRDA:107,5,0,0
BRDA:117,6,0,0
BRDA:117,6,1,0
BRDA:121,7,0,0
BRDA:141,8,0,0
BRF:14
BRH:0
end_of_record
TN:
SF:components\modules-editor.tsx
FN:34,ModulesEditor
FN:45,(anonymous_5)
FN:46,loadData
FN:57,(anonymous_7)
FN:74,(anonymous_8)
FN:75,(anonymous_9)
FN:84,(anonymous_10)
FN:102,(anonymous_11)
FN:103,(anonymous_12)
FN:105,(anonymous_13)
FN:112,(anonymous_14)
FN:132,(anonymous_15)
FN:143,(anonymous_16)
FN:156,(anonymous_17)
FN:165,(anonymous_18)
FN:175,(anonymous_19)
FN:181,(anonymous_20)
FN:187,(anonymous_21)
FN:193,(anonymous_22)
FN:199,(anonymous_23)
FN:202,(anonymous_24)
FN:206,(anonymous_25)
FN:208,(anonymous_26)
FN:209,(anonymous_27)
FN:232,(anonymous_28)
FN:239,(anonymous_29)
FN:283,(anonymous_30)
FN:296,(anonymous_31)
FN:319,(anonymous_32)
FN:334,(anonymous_33)
FNF:30
FNH:0
FNDA:0,ModulesEditor
FNDA:0,(anonymous_5)
FNDA:0,loadData
FNDA:0,(anonymous_7)
FNDA:0,(anonymous_8)
FNDA:0,(anonymous_9)
FNDA:0,(anonymous_10)
FNDA:0,(anonymous_11)
FNDA:0,(anonymous_12)
FNDA:0,(anonymous_13)
FNDA:0,(anonymous_14)
FNDA:0,(anonymous_15)
FNDA:0,(anonymous_16)
FNDA:0,(anonymous_17)
FNDA:0,(anonymous_18)
FNDA:0,(anonymous_19)
FNDA:0,(anonymous_20)
FNDA:0,(anonymous_21)
FNDA:0,(anonymous_22)
FNDA:0,(anonymous_23)
FNDA:0,(anonymous_24)
FNDA:0,(anonymous_25)
FNDA:0,(anonymous_26)
FNDA:0,(anonymous_27)
FNDA:0,(anonymous_28)
FNDA:0,(anonymous_29)
FNDA:0,(anonymous_30)
FNDA:0,(anonymous_31)
FNDA:0,(anonymous_32)
FNDA:0,(anonymous_33)
DA:3,0
DA:4,0
DA:5,0
DA:6,0
DA:7,0
DA:8,0
DA:9,0
DA:10,0
DA:11,0
DA:12,0
DA:13,0
DA:14,0
DA:34,0
DA:35,0
DA:36,0
DA:37,0
DA:38,0
DA:39,0
DA:40,0
DA:41,0
DA:42,0
DA:45,0
DA:47,0
DA:48,0
DA:49,0
DA:52,0
DA:53,0
DA:56,0
DA:57,0
DA:59,0
DA:60,0
DA:62,0
DA:63,0
DA:64,0
DA:65,0
DA:67,0
DA:71,0
DA:74,0
DA:75,0
DA:76,0
DA:77,0
DA:78,0
DA:80,0
DA:81,0
DA:83,0
DA:84,0
DA:86,0
DA:87,0
DA:89,0
DA:90,0
DA:91,0
DA:93,0
DA:96,0
DA:100,0
DA:102,0
DA:103,0
DA:104,0
DA:105,0
DA:107,0
DA:112,0
DA:113,0
DA:114,0
DA:115,0
DA:118,0
DA:119,0
DA:120,0
DA:121,0
DA:122,0
DA:123,0
DA:125,0
DA:126,0
DA:128,0
DA:132,0
DA:133,0
DA:134,0
DA:135,0
DA:138,0
DA:139,0
DA:140,0
DA:143,0
DA:144,0
DA:145,0
DA:146,0
DA:147,0
DA:149,0
DA:150,0
DA:152,0
DA:156,0
DA:157,0
DA:158,0
DA:159,0
DA:160,0
DA:161,0
DA:165,0
DA:166,0
DA:167,0
DA:168,0
DA:169,0
DA:170,0
DA:175,0
DA:176,0
DA:181,0
DA:187,0
DA:193,0
DA:199,0
DA:202,0
DA:206,0
DA:207,0
DA:208,0
DA:209,0
DA:213,0
DA:224,0
DA:233,0
DA:240,0
DA:250,0
DA:251,0
DA:284,0
DA:286,0
DA:297,0
DA:299,0
DA:320,0
DA:334,0
LF:122
LH:0
BRDA:56,0,0,0
BRDA:56,0,1,0
BRDA:57,1,0,0
BRDA:57,1,1,0
BRDA:63,2,0,0
BRDA:63,2,1,0
BRDA:83,3,0,0
BRDA:83,3,1,0
BRDA:84,4,0,0
BRDA:84,4,1,0
BRDA:90,5,0,0
BRDA:90,5,1,0
BRDA:104,6,0,0
BRDA:104,6,1,0
BRDA:113,7,0,0
BRDA:113,7,1,0
BRDA:133,8,0,0
BRDA:133,8,1,0
BRDA:157,9,0,0
BRDA:157,9,1,0
BRDA:157,9,2,0
BRDA:157,9,3,0
BRDA:166,10,0,0
BRDA:166,10,1,0
BRDA:166,10,2,0
BRDA:166,10,3,0
BRDA:207,11,0,0
BRDA:207,11,1,0
BRDA:213,12,0,0
BRDA:213,12,1,0
BRDA:224,13,0,0
BRDA:224,13,1,0
BRDA:250,14,0,0
BRDA:250,14,1,0
BRDA:272,15,0,0
BRDA:303,16,0,0
BRDA:303,16,1,0
BRDA:313,17,0,0
BRDA:313,17,1,0
BRDA:317,18,0,0
BRDA:317,18,1,0
BRDA:335,19,0,0
BRDA:335,19,1,0
BRDA:348,20,0,0
BRDA:348,20,1,0
BRDA:351,21,0,0
BRDA:351,21,1,0
BRDA:353,22,0,0
BRDA:353,22,1,0
BRDA:370,23,0,0
BRDA:370,23,1,0
BRDA:370,24,0,0
BRDA:370,24,1,0
BRDA:375,25,0,0
BRDA:381,26,0,0
BRDA:381,26,1,0
BRDA:396,27,0,0
BRDA:396,27,1,0
BRDA:399,28,0,0
BRDA:408,29,0,0
BRDA:408,29,1,0
BRDA:408,29,2,0
BRDA:413,30,0,0
BRF:63
BRH:0
end_of_record
TN:
SF:components\questionnaire-engine.tsx
FN:79,QuestionnaireEngine
FN:93,(anonymous_5)
FN:96,(anonymous_6)
FN:97,(anonymous_7)
FN:113,(anonymous_8)
FN:120,(anonymous_9)
FN:121,(anonymous_10)
FN:133,(anonymous_11)
FN:142,(anonymous_12)
FN:147,(anonymous_13)
FN:154,(anonymous_14)
FN:182,(anonymous_15)
FN:188,(anonymous_16)
FN:198,(anonymous_17)
FN:211,(anonymous_18)
FN:216,(anonymous_19)
FN:221,(anonymous_20)
FN:229,(anonymous_21)
FN:236,(anonymous_22)
FN:243,(anonymous_23)
FN:251,(anonymous_24)
FN:252,(anonymous_25)
FN:255,(anonymous_26)
FN:255,(anonymous_27)
FN:260,(anonymous_28)
FN:265,(anonymous_29)
FN:268,(anonymous_30)
FN:288,(anonymous_31)
FN:313,(anonymous_32)
FN:316,(anonymous_33)
FN:341,(anonymous_34)
FN:352,(anonymous_35)
FN:358,(anonymous_36)
FN:360,(anonymous_37)
FN:372,(anonymous_38)
FN:373,(anonymous_39)
FN:405,(anonymous_40)
FN:413,(anonymous_41)
FN:416,(anonymous_42)
FN:418,(anonymous_43)
FN:424,(anonymous_44)
FN:438,(anonymous_45)
FN:444,(anonymous_46)
FN:464,(anonymous_47)
FN:470,(anonymous_48)
FN:492,(anonymous_49)
FN:499,(anonymous_50)
FN:520,(anonymous_51)
FN:545,(anonymous_52)
FN:569,(anonymous_53)
FN:587,(anonymous_54)
FN:588,(anonymous_55)
FN:596,(anonymous_56)
FN:605,(anonymous_57)
FN:690,(anonymous_58)
FNF:55
FNH:0
FNDA:0,QuestionnaireEngine
FNDA:0,(anonymous_5)
FNDA:0,(anonymous_6)
FNDA:0,(anonymous_7)
FNDA:0,(anonymous_8)
FNDA:0,(anonymous_9)
FNDA:0,(anonymous_10)
FNDA:0,(anonymous_11)
FNDA:0,(anonymous_12)
FNDA:0,(anonymous_13)
FNDA:0,(anonymous_14)
FNDA:0,(anonymous_15)
FNDA:0,(anonymous_16)
FNDA:0,(anonymous_17)
FNDA:0,(anonymous_18)
FNDA:0,(anonymous_19)
FNDA:0,(anonymous_20)
FNDA:0,(anonymous_21)
FNDA:0,(anonymous_22)
FNDA:0,(anonymous_23)
FNDA:0,(anonymous_24)
FNDA:0,(anonymous_25)
FNDA:0,(anonymous_26)
FNDA:0,(anonymous_27)
FNDA:0,(anonymous_28)
FNDA:0,(anonymous_29)
FNDA:0,(anonymous_30)
FNDA:0,(anonymous_31)
FNDA:0,(anonymous_32)
FNDA:0,(anonymous_33)
FNDA:0,(anonymous_34)
FNDA:0,(anonymous_35)
FNDA:0,(anonymous_36)
FNDA:0,(anonymous_37)
FNDA:0,(anonymous_38)
FNDA:0,(anonymous_39)
FNDA:0,(anonymous_40)
FNDA:0,(anonymous_41)
FNDA:0,(anonymous_42)
FNDA:0,(anonymous_43)
FNDA:0,(anonymous_44)
FNDA:0,(anonymous_45)
FNDA:0,(anonymous_46)
FNDA:0,(anonymous_47)
FNDA:0,(anonymous_48)
FNDA:0,(anonymous_49)
FNDA:0,(anonymous_50)
FNDA:0,(anonymous_51)
FNDA:0,(anonymous_52)
FNDA:0,(anonymous_53)
FNDA:0,(anonymous_54)
FNDA:0,(anonymous_55)
FNDA:0,(anonymous_56)
FNDA:0,(anonymous_57)
FNDA:0,(anonymous_58)
DA:3,0
DA:4,0
DA:5,0
DA:6,0
DA:7,0
DA:8,0
DA:9,0
DA:10,0
DA:17,0
DA:18,0
DA:19,0
DA:20,0
DA:21,0
DA:76,0
DA:77,0
DA:79,0
DA:80,0
DA:81,0
DA:82,0
DA:83,0
DA:84,0
DA:85,0
DA:86,0
DA:87,0
DA:88,0
DA:89,0
DA:90,0
DA:93,0
DA:96,0
DA:97,0
DA:98,0
DA:100,0
DA:101,0
DA:103,0
DA:104,0
DA:106,0
DA:111,0
DA:113,0
DA:114,0
DA:115,0
DA:118,0
DA:120,0
DA:121,0
DA:122,0
DA:123,0
DA:128,0
DA:133,0
DA:134,0
DA:135,0
DA:136,0
DA:138,0
DA:141,0
DA:142,0
DA:143,0
DA:144,0
DA:147,0
DA:148,0
DA:149,0
DA:151,0
DA:154,0
DA:155,0
DA:156,0
DA:157,0
DA:158,0
DA:159,0
DA:162,0
DA:167,0
DA:172,0
DA:178,0
DA:183,0
DA:188,0
DA:189,0
DA:190,0
DA:193,0
DA:194,0
DA:198,0
DA:199,0
DA:200,0
DA:201,0
DA:202,0
DA:204,0
DA:211,0
DA:213,0
DA:214,0
DA:215,0
DA:216,0
DA:221,0
DA:222,0
DA:223,0
DA:229,0
DA:230,0
DA:231,0
DA:236,0
DA:238,0
DA:239,0
DA:240,0
DA:241,0
DA:243,0
DA:244,0
DA:245,0
DA:251,0
DA:252,0
DA:255,0
DA:257,0
DA:260,0
DA:265,0
DA:266,0
DA:268,0
DA:269,0
DA:270,0
DA:271,0
DA:275,0
DA:276,0
DA:284,0
DA:285,0
DA:288,0
DA:289,0
DA:291,0
DA:292,0
DA:293,0
DA:294,0
DA:295,0
DA:296,0
DA:300,0
DA:305,0
DA:308,0
DA:309,0
DA:310,0
DA:313,0
DA:315,0
DA:316,0
DA:317,0
DA:324,0
DA:326,0
DA:328,0
DA:336,0
DA:342,0
DA:345,0
DA:348,0
DA:349,0
DA:352,0
DA:353,0
DA:354,0
DA:355,0
DA:358,0
DA:360,0
DA:361,0
DA:367,0
DA:372,0
DA:373,0
DA:375,0
DA:378,0
DA:381,0
DA:383,0
DA:384,0
DA:386,0
DA:387,0
DA:388,0
DA:390,0
DA:392,0
DA:394,0
DA:395,0
DA:397,0
DA:399,0
DA:401,0
DA:402,0
DA:403,0
DA:404,0
DA:405,0
DA:407,0
DA:412,0
DA:413,0
DA:416,0
DA:417,0
DA:418,0
DA:419,0
DA:421,0
DA:425,0
DA:429,0
DA:431,0
DA:438,0
DA:444,0
DA:457,0
DA:464,0
DA:470,0
DA:484,0
DA:492,0
DA:500,0
DA:515,0
DA:520,0
DA:537,0
DA:545,0
DA:561,0
DA:569,0
DA:584,0
DA:587,0
DA:588,0
DA:589,0
DA:590,0
DA:592,0
DA:595,0
DA:596,0
DA:605,0
DA:612,0
DA:691,0
LF:205
LH:0
BRDA:98,0,0,0
BRDA:98,0,1,0
BRDA:103,1,0,0
BRDA:103,1,1,0
BRDA:118,2,0,0
BRDA:118,2,1,0
BRDA:142,3,0,0
BRDA:142,3,1,0
BRDA:149,4,0,0
BRDA:149,4,1,0
BRDA:149,4,2,0
BRDA:149,5,0,0
BRDA:149,5,1,0
BRDA:156,6,0,0
BRDA:156,6,1,0
BRDA:189,7,0,0
BRDA:189,7,1,0
BRDA:193,8,0,0
BRDA:193,8,1,0
BRDA:222,9,0,0
BRDA:222,9,1,0
BRDA:230,10,0,0
BRDA:230,10,1,0
BRDA:238,11,0,0
BRDA:238,11,1,0
BRDA:238,12,0,0
BRDA:238,12,1,0
BRDA:241,13,0,0
BRDA:241,13,1,0
BRDA:269,14,0,0
BRDA:269,14,1,0
BRDA:271,15,0,0
BRDA:271,15,1,0
BRDA:271,15,2,0
BRDA:271,15,3,0
BRDA:275,16,0,0
BRDA:275,16,1,0
BRDA:289,17,0,0
BRDA:289,17,1,0
BRDA:292,18,0,0
BRDA:292,18,1,0
BRDA:294,19,0,0
BRDA:294,19,1,0
BRDA:315,20,0,0
BRDA:315,20,1,0
BRDA:353,21,0,0
BRDA:353,21,1,0
BRDA:375,22,0,0
BRDA:375,22,1,0
BRDA:375,23,0,0
BRDA:375,23,1,0
BRDA:375,23,2,0
BRDA:381,24,0,0
BRDA:381,24,1,0
BRDA:383,25,0,0
BRDA:383,25,1,0
BRDA:384,26,0,0
BRDA:384,26,1,0
BRDA:384,26,2,0
BRDA:387,27,0,0
BRDA:387,27,1,0
BRDA:387,28,0,0
BRDA:387,28,1,0
BRDA:387,28,2,0
BRDA:394,29,0,0
BRDA:394,29,1,0
BRDA:394,30,0,0
BRDA:394,30,1,0
BRDA:394,30,2,0
BRDA:401,31,0,0
BRDA:401,31,1,0
BRDA:423,32,0,0
BRDA:423,32,1,0
BRDA:429,33,0,0
BRDA:429,33,1,0
BRDA:429,33,2,0
BRDA:429,33,3,0
BRDA:429,33,4,0
BRDA:429,33,5,0
BRDA:429,33,6,0
BRDA:433,34,0,0
BRDA:433,34,1,0
BRDA:435,35,0,0
BRDA:438,36,0,0
BRDA:438,36,1,0
BRDA:443,37,0,0
BRDA:443,37,1,0
BRDA:448,38,0,0
BRDA:459,39,0,0
BRDA:459,39,1,0
BRDA:461,40,0,0
BRDA:464,41,0,0
BRDA:464,41,1,0
BRDA:469,42,0,0
BRDA:469,42,1,0
BRDA:475,43,0,0
BRDA:486,44,0,0
BRDA:486,44,1,0
BRDA:488,45,0,0
BRDA:491,46,0,0
BRDA:491,46,1,0
BRDA:495,47,0,0
BRDA:495,47,1,0
BRDA:506,48,0,0
BRDA:519,49,0,0
BRDA:519,49,1,0
BRDA:523,50,0,0
BRDA:523,50,1,0
BRDA:525,51,0,0
BRDA:528,52,0,0
BRDA:539,53,0,0
BRDA:539,53,1,0
BRDA:541,54,0,0
BRDA:544,55,0,0
BRDA:544,55,1,0
BRDA:547,56,0,0
BRDA:547,56,1,0
BRDA:551,57,0,0
BRDA:563,58,0,0
BRDA:563,58,1,0
BRDA:565,59,0,0
BRDA:568,60,0,0
BRDA:568,60,1,0
BRDA:571,61,0,0
BRDA:571,61,1,0
BRDA:574,62,0,0
BRDA:590,63,0,0
BRDA:590,63,1,0
BRDA:590,63,2,0
BRDA:590,64,0,0
BRDA:590,64,1,0
BRDA:597,65,0,0
BRDA:597,65,1,0
BRDA:607,66,0,0
BRDA:607,66,1,0
BRDA:633,67,0,0
BRDA:641,68,0,0
BRDA:648,69,0,0
BRDA:654,70,0,0
BRDA:660,71,0,0
BRDA:713,72,0,0
BRDA:713,72,1,0
BRDA:713,72,2,0
BRDA:721,73,0,0
BRDA:721,73,1,0
BRDA:733,74,0,0
BRDA:733,74,1,0
BRDA:733,74,2,0
BRDA:733,74,3,0
BRDA:737,75,0,0
BRDA:737,75,1,0
BRDA:737,76,0,0
BRDA:737,76,1,0
BRDA:743,77,0,0
BRDA:743,77,1,0
BRF:155
BRH:0
end_of_record
TN:
SF:components\settings-form.tsx
FN:17,SettingsForm
FN:25,(anonymous_5)
FN:30,(anonymous_6)
FN:44,(anonymous_7)
FN:57,(anonymous_8)
FN:82,(anonymous_9)
FN:91,(anonymous_10)
FN:99,(anonymous_11)
FN:100,(anonymous_12)
FN:133,(anonymous_13)
FN:168,(anonymous_14)
FNF:11
FNH:0
FNDA:0,SettingsForm
FNDA:0,(anonymous_5)
FNDA:0,(anonymous_6)
FNDA:0,(anonymous_7)
FNDA:0,(anonymous_8)
FNDA:0,(anonymous_9)
FNDA:0,(anonymous_10)
FNDA:0,(anonymous_11)
FNDA:0,(anonymous_12)
FNDA:0,(anonymous_13)
FNDA:0,(anonymous_14)
DA:3,0
DA:4,0
DA:5,0
DA:6,0
DA:7,0
DA:8,0
DA:9,0
DA:10,0
DA:17,0
DA:18,0
DA:22,0
DA:23,0
DA:25,0
DA:27,0
DA:30,0
DA:31,0
DA:32,0
DA:35,0
DA:36,0
DA:37,0
DA:38,0
DA:44,0
DA:50,0
DA:51,0
DA:53,0
DA:57,0
DA:58,0
DA:59,0
DA:61,0
DA:62,0
DA:63,0
DA:68,0
DA:71,0
DA:73,0
DA:75,0
DA:76,0
DA:78,0
DA:82,0
DA:83,0
DA:84,0
DA:85,0
DA:87,0
DA:91,0
DA:92,0
DA:93,0
DA:95,0
DA:99,0
DA:100,0
DA:106,0
DA:133,0
DA:168,0
LF:51
LH:0
BRDA:36,0,0,0
BRDA:36,0,1,0
BRDA:39,1,0,0
BRDA:39,1,1,0
BRDA:40,2,0,0
BRDA:40,2,1,0
BRDA:61,3,0,0
BRDA:61,3,1,0
BRDA:61,4,0,0
BRDA:61,4,1,0
BRDA:92,5,0,0
BRDA:92,5,1,0
BRDA:92,6,0,0
BRDA:92,6,1,0
BRDA:106,7,0,0
BRDA:106,7,1,0
BRDA:189,8,0,0
BRDA:193,9,0,0
BRDA:193,9,1,0
BRF:19
BRH:0
end_of_record
TN:
SF:components\theme-provider.tsx
FN:12,ThemeProvider
FN:21,MotionProvider
FN:24,(anonymous_8)
FN:31,(anonymous_9)
FNF:4
FNH:0
FNDA:0,ThemeProvider
FNDA:0,MotionProvider
FNDA:0,(anonymous_8)
FNDA:0,(anonymous_9)
DA:3,0
DA:7,0
DA:8,0
DA:12,0
DA:21,0
DA:22,0
DA:24,0
DA:25,0
DA:26,0
DA:28,0
DA:31,0
DA:32,0
LF:12
LH:0
BRDA:25,0,0,0
BRDA:25,0,1,0
BRF:2
BRH:0
end_of_record
TN:
SF:components\ui\accordion.tsx
FN:9,Accordion
FN:15,AccordionItem
FN:28,AccordionTrigger
FN:50,AccordionContent
FNF:4
FNH:0
FNDA:0,Accordion
FNDA:0,AccordionItem
FNDA:0,AccordionTrigger
FNDA:0,AccordionContent
DA:3,1
DA:4,1
DA:5,1
DA:7,1
DA:66,0
LF:5
LH:4
BRF:0
BRH:0
end_of_record
TN:
SF:components\ui\alert-dialog.tsx
FN:9,AlertDialog
FN:15,AlertDialogTrigger
FN:23,AlertDialogPortal
FN:31,AlertDialogOverlay
FN:47,AlertDialogContent
FN:66,AlertDialogHeader
FN:79,AlertDialogFooter
FN:95,AlertDialogTitle
FN:108,AlertDialogDescription
FN:121,AlertDialogAction
FN:133,AlertDialogCancel
FNF:11
FNH:0
FNDA:0,AlertDialog
FNDA:0,AlertDialogTrigger
FNDA:0,AlertDialogPortal
FNDA:0,AlertDialogOverlay
FNDA:0,AlertDialogContent
FNDA:0,AlertDialogHeader
FNDA:0,AlertDialogFooter
FNDA:0,AlertDialogTitle
FNDA:0,AlertDialogDescription
FNDA:0,AlertDialogAction
FNDA:0,AlertDialogCancel
DA:3,0
DA:4,0
DA:6,0
DA:7,0
DA:146,0
DA:147,0
DA:148,0
DA:149,0
DA:150,0
DA:151,0
DA:152,0
DA:153,0
DA:154,0
DA:155,0
DA:156,0
LF:15
LH:0
BRF:0
BRH:0
end_of_record
TN:
SF:components\ui\alert.tsx
FN:22,Alert
FN:37,AlertTitle
FN:50,AlertDescription
FNF:3
FNH:0
FNDA:0,Alert
FNDA:0,AlertTitle
FNDA:0,AlertDescription
DA:1,1
DA:2,1
DA:4,1
DA:6,1
DA:66,0
LF:5
LH:4
BRF:0
BRH:0
end_of_record
TN:
SF:components\ui\aspect-ratio.tsx
FN:5,AspectRatio
FNF:1
FNH:0
FNDA:0,AspectRatio
DA:3,0
DA:11,0
LF:2
LH:0
BRF:0
BRH:0
end_of_record
TN:
SF:components\ui\avatar.tsx
FN:8,Avatar
FN:24,AvatarImage
FN:37,AvatarFallback
FNF:3
FNH:0
FNDA:0,Avatar
FNDA:0,AvatarImage
FNDA:0,AvatarFallback
DA:3,0
DA:4,0
DA:6,0
DA:53,0
LF:4
LH:0
BRF:0
BRH:0
end_of_record
TN:
SF:components\ui\badge.tsx
FN:28,Badge
FNF:1
FNH:0
FNDA:0,Badge
DA:1,1
DA:2,1
DA:3,1
DA:5,1
DA:7,1
DA:35,0
DA:46,0
LF:7
LH:5
BRDA:31,0,0,0
BRDA:35,1,0,0
BRDA:35,1,1,0
BRF:3
BRH:0
end_of_record
TN:
SF:components\ui\breadcrumb.tsx
FN:7,Breadcrumb
FN:11,BreadcrumbList
FN:24,BreadcrumbItem
FN:34,BreadcrumbLink
FN:52,BreadcrumbPage
FN:65,BreadcrumbSeparator
FN:83,BreadcrumbEllipsis
FNF:7
FNH:0
FNDA:0,Breadcrumb
FNDA:0,BreadcrumbList
FNDA:0,BreadcrumbItem
FNDA:0,BreadcrumbLink
FNDA:0,BreadcrumbPage
FNDA:0,BreadcrumbSeparator
FNDA:0,BreadcrumbEllipsis
DA:1,0
DA:2,0
DA:3,0
DA:5,0
DA:41,0
DA:102,0
DA:103,0
DA:104,0
DA:105,0
DA:106,0
DA:107,0
DA:108,0
LF:12
LH:0
BRDA:41,0,0,0
BRDA:41,0,1,0
BRDA:78,1,0,0
BRDA:78,1,1,0
BRF:4
BRH:0
end_of_record
TN:
SF:components\ui\button.stories.tsx
FNF:0
FNH:0
DA:2,0
DA:4,0
DA:33,0
DA:36,0
DA:42,0
DA:49,0
DA:56,0
DA:63,0
DA:70,0
DA:77,0
DA:84,0
DA:91,0
DA:98,0
DA:105,0
LF:14
LH:0
BRF:0
BRH:0
end_of_record
TN:
SF:components\ui\button.tsx
FN:49,Button
FNF:1
FNH:1
FNDA:30,Button
DA:1,2
DA:2,2
DA:3,2
DA:5,2
DA:7,2
DA:59,30
DA:60,30
DA:61,30
DA:76,30
LF:9
LH:9
BRDA:53,0,0,30
BRDA:55,1,0,29
BRDA:59,2,0,0
BRDA:59,2,1,30
BRDA:69,3,0,30
BRDA:69,3,1,2
BRDA:69,3,2,1
BRDA:70,4,0,30
BRDA:70,4,1,30
BRDA:71,5,0,30
BRDA:71,5,1,2
BRDA:71,5,2,1
BRF:12
BRH:11
end_of_record
TN:
SF:components\ui\calendar.tsx
FN:14,Calendar
FN:39,(anonymous_7)
FN:128,(anonymous_8)
FN:138,(anonymous_9)
FN:159,(anonymous_10)
FN:175,CalendarDayButton
FN:184,(anonymous_12)
FNF:7
FNH:0
FNDA:0,Calendar
FNDA:0,(anonymous_7)
FNDA:0,(anonymous_8)
FNDA:0,(anonymous_9)
FNDA:0,(anonymous_10)
FNDA:0,CalendarDayButton
FNDA:0,(anonymous_12)
DA:3,1
DA:8,1
DA:9,1
DA:11,1
DA:12,1
DA:26,0
DA:40,0
DA:139,0
DA:145,0
DA:181,0
DA:183,0
DA:184,0
DA:185,0
DA:214,0
LF:14
LH:5
BRDA:17,0,0,0
BRDA:18,1,0,0
BRDA:19,2,0,0
BRDA:82,3,0,0
BRDA:82,3,1,0
BRDA:139,4,0,0
BRDA:139,4,1,0
BRDA:145,5,0,0
BRDA:145,5,1,0
BRDA:185,6,0,0
BRDA:185,6,1,0
BRDA:196,7,0,0
BRDA:196,7,1,0
BRDA:196,7,2,0
BRDA:196,7,3,0
BRF:15
BRH:0
end_of_record
TN:
SF:components\ui\card.tsx
FN:5,Card
FN:20,CardHeader
FN:36,CardTitle
FN:46,CardDescription
FN:56,CardAction
FN:69,CardContent
FN:79,CardFooter
FNF:7
FNH:0
FNDA:0,Card
FNDA:0,CardHeader
FNDA:0,CardTitle
FNDA:0,CardDescription
FNDA:0,CardAction
FNDA:0,CardContent
FNDA:0,CardFooter
DA:1,1
DA:3,1
DA:94,0
DA:95,0
DA:96,0
DA:97,0
DA:98,0
DA:99,0
DA:100,0
LF:9
LH:2
BRF:0
BRH:0
end_of_record
TN:
SF:components\ui\carousel.tsx
FN:35,useCarousel
FN:45,Carousel
FN:64,(anonymous_12)
FN:70,(anonymous_13)
FN:74,(anonymous_14)
FN:79,(anonymous_15)
FN:91,(anonymous_16)
FN:96,(anonymous_17)
FN:102,(anonymous_18)
FN:135,CarouselContent
FN:156,CarouselItem
FN:174,CarouselPrevious
FN:205,CarouselNext
FNF:13
FNH:0
FNDA:0,useCarousel
FNDA:0,Carousel
FNDA:0,(anonymous_12)
FNDA:0,(anonymous_13)
FNDA:0,(anonymous_14)
FNDA:0,(anonymous_15)
FNDA:0,(anonymous_16)
FNDA:0,(anonymous_17)
FNDA:0,(anonymous_18)
FNDA:0,CarouselContent
FNDA:0,CarouselItem
FNDA:0,CarouselPrevious
FNDA:0,CarouselNext
DA:3,0
DA:6,0
DA:7,0
DA:9,0
DA:10,0
DA:33,0
DA:36,0
DA:38,0
DA:39,0
DA:42,0
DA:54,0
DA:61,0
DA:62,0
DA:64,0
DA:65,0
DA:66,0
DA:67,0
DA:70,0
DA:71,0
DA:74,0
DA:75,0
DA:78,0
DA:80,0
DA:81,0
DA:82,0
DA:83,0
DA:84,0
DA:85,0
DA:91,0
DA:92,0
DA:93,0
DA:96,0
DA:97,0
DA:98,0
DA:99,0
DA:100,0
DA:102,0
DA:103,0
DA:136,0
DA:157,0
DA:180,0
DA:211,0
DA:238,0
DA:239,0
DA:240,0
DA:241,0
DA:242,0
LF:47
LH:0
BRDA:38,0,0,0
BRDA:38,0,1,0
BRDA:46,1,0,0
BRDA:57,2,0,0
BRDA:57,2,1,0
BRDA:65,3,0,0
BRDA:65,3,1,0
BRDA:80,4,0,0
BRDA:80,4,1,0
BRDA:83,5,0,0
BRDA:83,5,1,0
BRDA:92,6,0,0
BRDA:92,6,1,0
BRDA:92,7,0,0
BRDA:92,7,1,0
BRDA:97,8,0,0
BRDA:97,8,1,0
BRDA:114,9,0,0
BRDA:114,9,1,0
BRDA:114,10,0,0
BRDA:114,10,1,0
BRDA:147,11,0,0
BRDA:147,11,1,0
BRDA:166,12,0,0
BRDA:166,12,1,0
BRDA:176,13,0,0
BRDA:177,14,0,0
BRDA:190,15,0,0
BRDA:190,15,1,0
BRDA:207,16,0,0
BRDA:208,17,0,0
BRDA:221,18,0,0
BRDA:221,18,1,0
BRF:33
BRH:0
end_of_record
TN:
SF:components\ui\chart.tsx
FN:27,useChart
FN:37,ChartContainer
FN:72,(anonymous_12)
FN:74,(anonymous_13)
FN:86,(anonymous_14)
FN:89,(anonymous_15)
FN:107,ChartTooltipContent
FN:133,(anonymous_17)
FN:184,(anonymous_18)
FN:255,ChartLegendContent
FN:282,(anonymous_20)
FN:312,getPayloadConfigFromPayload
FNF:12
FNH:0
FNDA:0,useChart
FNDA:0,ChartContainer
FNDA:0,(anonymous_12)
FNDA:0,(anonymous_13)
FNDA:0,(anonymous_14)
FNDA:0,(anonymous_15)
FNDA:0,ChartTooltipContent
FNDA:0,(anonymous_17)
FNDA:0,(anonymous_18)
FNDA:0,ChartLegendContent
FNDA:0,(anonymous_20)
FNDA:0,getPayloadConfigFromPayload
DA:3,0
DA:4,0
DA:6,0
DA:9,0
DA:25,0
DA:28,0
DA:30,0
DA:31,0
DA:34,0
DA:49,0
DA:50,0
DA:72,0
DA:73,0
DA:74,0
DA:77,0
DA:78,0
DA:86,0
DA:91,0
DA:93,0
DA:105,0
DA:131,0
DA:133,0
DA:134,0
DA:135,0
DA:138,0
DA:139,0
DA:140,0
DA:142,0
DA:146,0
DA:154,0
DA:155,0
DA:169,0
DA:170,0
DA:173,0
DA:185,0
DA:186,0
DA:187,0
DA:189,0
DA:253,0
DA:268,0
DA:270,0
DA:271,0
DA:283,0
DA:284,0
DA:286,0
DA:317,0
DA:318,0
DA:322,0
DA:328,0
DA:330,0
DA:334,0
DA:335,0
DA:340,0
DA:345,0
DA:351,0
DA:352,0
DA:353,0
DA:354,0
DA:355,0
DA:356,0
LF:60
LH:0
BRDA:30,0,0,0
BRDA:30,0,1,0
BRDA:50,1,0,0
BRDA:50,1,1,0
BRDA:74,2,0,0
BRDA:74,2,1,0
BRDA:77,3,0,0
BRDA:77,3,1,0
BRDA:91,4,0,0
BRDA:91,4,1,0
BRDA:93,5,0,0
BRDA:93,5,1,0
BRDA:111,6,0,0
BRDA:112,7,0,0
BRDA:113,8,0,0
BRDA:134,9,0,0
BRDA:134,9,1,0
BRDA:134,10,0,0
BRDA:134,10,1,0
BRDA:139,11,0,0
BRDA:139,11,1,0
BRDA:139,11,2,0
BRDA:139,11,3,0
BRDA:142,12,0,0
BRDA:142,12,1,0
BRDA:142,13,0,0
BRDA:142,13,1,0
BRDA:143,14,0,0
BRDA:143,14,1,0
BRDA:146,15,0,0
BRDA:146,15,1,0
BRDA:154,16,0,0
BRDA:154,16,1,0
BRDA:169,17,0,0
BRDA:169,17,1,0
BRDA:169,18,0,0
BRDA:169,18,1,0
BRDA:173,19,0,0
BRDA:173,19,1,0
BRDA:182,20,0,0
BRDA:182,20,1,0
BRDA:185,21,0,0
BRDA:185,21,1,0
BRDA:185,21,2,0
BRDA:185,21,3,0
BRDA:187,22,0,0
BRDA:187,22,1,0
BRDA:187,22,2,0
BRDA:194,23,0,0
BRDA:194,23,1,0
BRDA:198,24,0,0
BRDA:197,25,0,0
BRDA:197,25,1,0
BRDA:197,25,2,0
BRDA:202,26,0,0
BRDA:204,27,0,0
BRDA:213,28,0,0
BRDA:213,28,1,0
BRDA:228,29,0,0
BRDA:228,29,1,0
BRDA:232,30,0,0
BRDA:232,30,1,0
BRDA:234,31,0,0
BRDA:234,31,1,0
BRDA:237,32,0,0
BRDA:257,33,0,0
BRDA:259,34,0,0
BRDA:270,35,0,0
BRDA:270,35,1,0
BRDA:270,36,0,0
BRDA:270,36,1,0
BRDA:270,36,2,0
BRDA:278,37,0,0
BRDA:278,37,1,0
BRDA:283,38,0,0
BRDA:283,38,1,0
BRDA:283,38,2,0
BRDA:294,39,0,0
BRDA:293,40,0,0
BRDA:293,40,1,0
BRDA:317,41,0,0
BRDA:317,41,1,0
BRDA:317,42,0,0
BRDA:317,42,1,0
BRDA:322,43,0,0
BRDA:322,43,1,0
BRDA:322,44,0,0
BRDA:322,44,1,0
BRDA:322,44,2,0
BRDA:330,45,0,0
BRDA:330,45,1,0
BRDA:331,46,0,0
BRDA:331,46,1,0
BRDA:335,47,0,0
BRDA:335,47,1,0
BRDA:336,48,0,0
BRDA:336,48,1,0
BRDA:336,48,2,0
BRDA:345,49,0,0
BRDA:345,49,1,0
BRF:100
BRH:0
end_of_record
TN:
SF:components\ui\checkbox.tsx
FN:9,Checkbox
FNF:1
FNH:0
FNDA:0,Checkbox
DA:3,1
DA:4,1
DA:5,1
DA:7,1
DA:32,0
LF:5
LH:4
BRF:0
BRH:0
end_of_record
TN:
SF:components\ui\chip-group.tsx
FN:28,(anonymous_4)
FN:60,(anonymous_5)
FN:63,(anonymous_6)
FN:64,(anonymous_7)
FN:72,(anonymous_8)
FN:84,(anonymous_9)
FN:91,(anonymous_10)
FN:97,(anonymous_11)
FN:106,(anonymous_12)
FN:113,(anonymous_13)
FN:114,(anonymous_14)
FN:121,(anonymous_15)
FN:129,(anonymous_16)
FN:133,(anonymous_17)
FN:158,(anonymous_18)
FN:167,(anonymous_19)
FN:189,(anonymous_20)
FN:192,(anonymous_21)
FN:208,(anonymous_22)
FN:243,(anonymous_23)
FN:244,(anonymous_24)
FN:276,(anonymous_25)
FN:304,(anonymous_26)
FNF:23
FNH:0
FNDA:0,(anonymous_4)
FNDA:0,(anonymous_5)
FNDA:0,(anonymous_6)
FNDA:0,(anonymous_7)
FNDA:0,(anonymous_8)
FNDA:0,(anonymous_9)
FNDA:0,(anonymous_10)
FNDA:0,(anonymous_11)
FNDA:0,(anonymous_12)
FNDA:0,(anonymous_13)
FNDA:0,(anonymous_14)
FNDA:0,(anonymous_15)
FNDA:0,(anonymous_16)
FNDA:0,(anonymous_17)
FNDA:0,(anonymous_18)
FNDA:0,(anonymous_19)
FNDA:0,(anonymous_20)
FNDA:0,(anonymous_21)
FNDA:0,(anonymous_22)
FNDA:0,(anonymous_23)
FNDA:0,(anonymous_24)
FNDA:0,(anonymous_25)
FNDA:0,(anonymous_26)
DA:3,0
DA:4,0
DA:27,0
DA:45,0
DA:48,0
DA:49,0
DA:50,0
DA:52,0
DA:53,0
DA:55,0
DA:56,0
DA:57,0
DA:60,0
DA:61,0
DA:62,0
DA:63,0
DA:64,0
DA:65,0
DA:72,0
DA:73,0
DA:79,0
DA:82,0
DA:84,0
DA:85,0
DA:86,0
DA:88,0
DA:91,0
DA:92,0
DA:94,0
DA:95,0
DA:96,0
DA:97,0
DA:99,0
DA:101,0
DA:102,0
DA:106,0
DA:107,0
DA:108,0
DA:110,0
DA:113,0
DA:114,0
DA:115,0
DA:116,0
DA:117,0
DA:121,0
DA:122,0
DA:124,0
DA:126,0
DA:128,0
DA:129,0
DA:130,0
DA:132,0
DA:133,0
DA:134,0
DA:137,0
DA:138,0
DA:139,0
DA:140,0
DA:141,0
DA:143,0
DA:144,0
DA:146,0
DA:148,0
DA:149,0
DA:150,0
DA:151,0
DA:153,0
DA:158,0
DA:159,0
DA:163,0
DA:167,0
DA:168,0
DA:169,0
DA:190,0
DA:193,0
DA:208,0
[...]
DA:242,0
DA:243,0
DA:244,0
DA:245,0
DA:248,0
DA:266,0
DA:267,0
DA:274,0
DA:275,0
DA:287,0
DA:296,0
DA:299,0
DA:305,0
DA:307,0
DA:308,0
DA:314,0
DA:316,0
DA:318,0
DA:323,0
DA:325,0
DA:327,0
DA:332,0
DA:346,0
DA:356,0
DA:359,0
DA:365,0
DA:367,0
DA:368,0
DA:375,0
DA:377,0
DA:379,0
DA:381,0
DA:382,0
DA:392,0
DA:393,0
DA:394,0
DA:395,0
DA:398,0
DA:399,0
DA:401,0
DA:408,0
DA:409,0
DA:410,0
DA:413,0
DA:415,0
DA:416,0
DA:419,0
DA:428,0
DA:429,0
DA:430,0
DA:433,0
DA:434,0
DA:441,0
DA:442,0
DA:445,0
DA:447,0
DA:461,0
DA:462,0
DA:467,0
DA:468,0
DA:478,0
DA:485,0
DA:486,0
DA:488,0
DA:489,0
DA:490,0
DA:491,0
DA:493,0
DA:494,0
DA:505,0
DA:509,0
DA:510,0
LF:129
LH:0
BRDA:49,0,0,0
BRDA:51,1,0,0
BRDA:51,1,1,0
BRDA:52,2,0,0
BRDA:52,2,1,0
BRDA:53,3,0,0
BRDA:53,3,1,0
BRDA:54,4,0,0
BRDA:54,4,1,0
BRDA:55,5,0,0
BRDA:55,5,1,0
BRDA:66,6,0,0
BRDA:66,6,1,0
BRDA:82,7,0,0
BRDA:82,7,1,0
BRDA:95,8,0,0
BRDA:95,8,1,0
BRDA:108,9,0,0
BRDA:108,9,1,0
BRDA:118,10,0,0
BRDA:118,10,1,0
BRDA:163,11,0,0
BRDA:184,12,0,0
BRDA:189,13,0,0
BRDA:189,13,1,0
BRDA:192,14,0,0
BRDA:192,14,1,0
BRDA:229,15,0,0
BRDA:229,15,1,0
BRDA:230,16,0,0
BRDA:230,16,1,0
BRDA:231,17,0,0
BRDA:231,17,1,0
BRDA:236,18,0,0
BRDA:236,18,1,0
BRDA:237,19,0,0
BRDA:237,19,1,0
BRDA:243,20,0,0
BRDA:243,20,1,0
BRDA:266,21,0,0
BRDA:266,21,1,0
BRDA:274,22,0,0
BRDA:274,22,1,0
BRDA:294,23,0,0
BRDA:325,24,0,0
BRDA:325,24,1,0
BRDA:329,25,0,0
BRDA:329,25,1,0
BRDA:354,26,0,0
BRDA:381,27,0,0
BRDA:381,27,1,0
BRDA:398,28,0,0
BRDA:398,28,1,0
BRDA:407,29,0,0
BRDA:408,30,0,0
BRDA:408,30,1,0
BRDA:428,31,0,0
BRDA:428,31,1,0
BRDA:461,32,0,0
BRDA:461,32,1,0
BRDA:467,33,0,0
BRDA:467,33,1,0
BRDA:493,34,0,0
BRDA:493,34,1,0
BRDA:509,35,0,0
BRDA:509,35,1,0
BRDA:509,36,0,0
BRDA:509,36,1,0
BRF:68
BRH:0
end_of_record
TN:
SF:lib\registry\emails.ts
FN:36,getEmailTemplate
FN:40,getEmailSubject
FN:44,getEmailType
FN:49,isValidEmailTemplate
FN:53,isValidEmailSubject
FNF:5
FNH:3
FNDA:1,getEmailTemplate
FNDA:1,getEmailSubject
FNDA:1,getEmailType
FNDA:0,isValidEmailTemplate
FNDA:0,isValidEmailSubject
DA:2,13
DA:36,1
DA:37,1
DA:40,1
DA:41,1
DA:44,1
DA:45,1
DA:49,0
DA:50,0
DA:53,0
DA:54,0
DA:58,1
LF:12
LH:8
BRF:0
BRH:0
end_of_record
TN:
SF:lib\registry\flags.ts
FN:35,isFeatureEnabled
FN:39,isExperimentalEnabled
FN:43,isEnvironmentFlagEnabled
FN:48,isValidFeatureFlag
FN:52,isValidExperimentalFlag
FN:57,getAllEnabledFlags
FN:60,(anonymous_14)
FN:64,(anonymous_15)
FN:68,(anonymous_16)
FNF:9
FNH:0
FNDA:0,isFeatureEnabled
FNDA:0,isExperimentalEnabled
FNDA:0,isEnvironmentFlagEnabled
FNDA:0,isValidFeatureFlag
FNDA:0,isValidExperimentalFlag
FNDA:0,getAllEnabledFlags
FNDA:0,(anonymous_14)
FNDA:0,(anonymous_15)
FNDA:0,(anonymous_16)
DA:4,0
DA:35,0
DA:36,0
DA:39,0
DA:40,0
DA:43,0
DA:44,0
DA:48,0
DA:49,0
DA:52,0
DA:53,0
DA:57,0
DA:58,0
DA:60,0
DA:61,0
DA:64,0
DA:65,0
DA:68,0
DA:69,0
DA:72,0
LF:20
LH:0
BRDA:61,0,0,0
BRDA:61,0,1,0
BRDA:65,1,0,0
BRDA:65,1,1,0
BRDA:69,2,0,0
BRDA:69,2,1,0
BRF:6
BRH:0
end_of_record
TN:
SF:lib\registry\index.ts
FNF:0
FNH:0
DA:2,0
DA:3,0
DA:4,0
DA:5,0
LF:4
LH:0
BRF:0
BRH:0
end_of_record
TN:
SF:lib\registry\routes.ts
FN:44,getRoute
FN:48,isRoute
FN:52,getRouteKey
FN:53,(anonymous_8)
FNF:4
FNH:4
FNDA:1,getRoute
FNDA:1,isRoute
FNDA:1,getRouteKey
FNDA:1,(anonymous_8)
DA:2,11
DA:44,1
DA:45,1
DA:48,1
DA:49,1
DA:52,1
DA:53,1
DA:54,1
LF:8
LH:8
BRDA:54,0,0,1
BRDA:54,0,1,0
BRF:2
BRH:1
end_of_record
TN:
SF:lib\registry\strings.ts
FN:31,getSystemString
FN:35,isSystemString
FN:39,getSystemStringKey
FN:40,(anonymous_10)
FN:45,validateSystemString
FN:50,getAllSystemStrings
FNF:6
FNH:0
FNDA:0,getSystemString
FNDA:0,isSystemString
FNDA:0,getSystemStringKey
FNDA:0,(anonymous_10)
FNDA:0,validateSystemString
FNDA:0,getAllSystemStrings
DA:2,0
DA:31,0
DA:32,0
DA:35,0
DA:36,0
DA:39,0
DA:40,0
DA:41,0
DA:45,0
DA:46,0
DA:50,0
DA:51,0
LF:12
LH:0
BRDA:41,0,0,0
BRDA:41,0,1,0
BRF:2
BRH:0
end_of_record
TN:
SF:lib\registry\tables.ts
FN:26,getTable
FN:30,isTable
FN:34,getTableKey
FN:35,(anonymous_9)
FNF:4
FNH:4
FNDA:1,getTable
FNDA:1,isTable
FNDA:1,getTableKey
FNDA:1,(anonymous_9)
DA:2,5
DA:26,1
DA:27,1
DA:30,1
DA:31,1
DA:34,1
DA:35,1
DA:36,1
DA:40,1
LF:9
LH:9
BRDA:36,0,0,1
BRDA:36,0,1,0
BRF:2
BRH:1
end_of_record
TN:
SF:lib\security\headers.ts
FN:79,generateNonce
FN:87,detectBot
FN:90,(anonymous_12)
FN:96,calculateRiskLevel
FN:108,(anonymous_14)
FN:113,(anonymous_15)
FN:138,createSecurityContext
FN:161,getContentSecurityPolicy
FN:192,(anonymous_18)
FN:210,generateSecurityHeaders
FN:253,applySecurityHeaders
FN:257,(anonymous_21)
FN:269,logSecurityEvent
FN:291,securityHeadersMiddleware
FN:313,(anonymous_24)
FNF:15
FNH:12
FNDA:5,generateNonce
FNDA:10,detectBot
FNDA:107,(anonymous_12)
FNDA:3,calculateRiskLevel
FNDA:9,(anonymous_14)
FNDA:15,(anonymous_15)
FNDA:2,createSecurityContext
FNDA:2,getContentSecurityPolicy
FNDA:12,(anonymous_18)
FNDA:2,generateSecurityHeaders
FNDA:0,applySecurityHeaders
FNDA:0,(anonymous_21)
FNDA:2,logSecurityEvent
FNDA:2,securityHeadersMiddleware
FNDA:0,(anonymous_24)
DA:9,1
DA:37,1
DA:59,1
DA:68,1
DA:79,3
DA:80,5
DA:81,5
DA:87,8
DA:88,10
DA:90,107
DA:96,1
DA:102,3
DA:105,3
DA:108,9
DA:109,0
DA:113,15
DA:114,0
DA:118,3
DA:121,3
DA:122,1
DA:126,3
DA:127,0
DA:130,3
DA:131,3
DA:132,2
DA:138,0
DA:139,2
DA:143,2
DA:144,2
DA:145,2
DA:146,2
DA:148,2
DA:161,0
DA:162,2
DA:163,2
DA:165,2
DA:174,2
DA:176,0
DA:191,2
DA:192,12
DA:210,0
DA:211,2
DA:212,2
DA:213,2
DA:215,2
DA:227,2
DA:228,0
DA:232,2
DA:234,2
DA:236,0
DA:238,0
DA:240,0
DA:244,2
DA:247,2
DA:253,0
DA:257,0
DA:258,0
DA:259,0
DA:263,0
DA:269,0
DA:274,2
DA:281,2
DA:282,0
DA:284,2
DA:291,2
DA:297,2
DA:298,2
DA:301,2
DA:305,2
DA:308,0
DA:309,0
DA:313,2
DA:314,0
DA:315,0
DA:319,2
DA:321,2
LF:76
LH:54
BRDA:88,0,0,2
BRDA:88,0,1,8
BRDA:105,1,0,1
BRDA:105,1,1,2
BRDA:108,2,0,0
BRDA:108,2,1,3
BRDA:113,3,0,0
BRDA:113,3,1,3
BRDA:118,4,0,0
BRDA:118,4,1,3
BRDA:118,5,0,3
BRDA:118,5,1,3
BRDA:121,6,0,1
BRDA:121,6,1,2
BRDA:121,7,0,3
BRDA:121,7,1,3
BRDA:121,7,2,2
BRDA:126,8,0,0
BRDA:126,8,1,3
BRDA:126,9,0,3
BRDA:126,9,1,3
BRDA:126,9,2,3
BRDA:130,10,0,0
BRDA:130,10,1,3
BRDA:131,11,0,1
BRDA:131,11,1,2
BRDA:139,12,0,2
BRDA:139,12,1,1
BRDA:139,12,2,1
BRDA:143,13,0,2
BRDA:143,13,1,0
BRDA:174,14,0,0
BRDA:174,14,1,2
BRDA:174,15,0,2
BRDA:174,15,1,0
BRDA:227,16,0,0
BRDA:227,16,1,2
BRDA:234,17,0,0
BRDA:234,17,1,2
BRDA:234,18,0,2
BRDA:234,18,1,0
BRDA:236,19,0,0
BRDA:236,19,1,0
BRDA:258,20,0,0
BRDA:258,20,1,0
BRDA:281,21,0,0
BRDA:281,21,1,2
BRDA:281,22,0,2
BRDA:281,22,1,2
BRDA:305,23,0,0
BRDA:305,23,1,2
BRDA:305,24,0,2
BRDA:305,24,1,2
BRDA:305,24,2,2
BRDA:313,25,0,0
BRDA:313,25,1,2
BRDA:313,26,0,2
BRDA:313,26,1,0
BRDA:319,27,0,0
BRDA:319,27,1,2
BRF:60
BRH:40
end_of_record
TN:
SF:lib\security\logging-clean.ts
FN:75,generateCorrelationId
FN:84,calculateEventSeverity
FN:122,createSecurityEvent
FN:149,logSecurityEvent
FN:178,logSecurityRequest
FNF:5
FNH:0
FNDA:0,generateCorrelationId
FNDA:0,calculateEventSeverity
FNDA:0,createSecurityEvent
FNDA:0,logSecurityEvent
FNDA:0,logSecurityRequest
DA:8,0
DA:75,0
DA:76,0
DA:77,0
DA:78,0
DA:84,0
DA:90,0
DA:91,0
DA:95,0
DA:101,0
DA:105,0
DA:112,0
DA:116,0
DA:122,0
DA:132,0
DA:143,0
DA:149,0
DA:150,0
DA:158,0
DA:160,0
DA:161,0
DA:163,0
DA:164,0
DA:166,0
DA:167,0
DA:170,0
DA:171,0
DA:178,0
DA:188,0
DA:189,0
DA:190,0
LF:31
LH:0
BRDA:90,0,0,0
BRDA:90,0,1,0
BRDA:90,1,0,0
BRDA:90,1,1,0
BRDA:95,2,0,0
BRDA:95,2,1,0
BRDA:96,3,0,0
BRDA:96,3,1,0
BRDA:96,3,2,0
BRDA:96,3,3,0
BRDA:96,3,4,0
BRDA:105,4,0,0
BRDA:105,4,1,0
BRDA:106,5,0,0
BRDA:106,5,1,0
BRDA:106,5,2,0
BRDA:106,5,3,0
BRDA:106,5,4,0
BRDA:127,6,0,0
BRDA:154,7,0,0
BRDA:154,7,1,0
BRDA:158,8,0,0
BRDA:158,8,1,0
BRDA:158,8,2,0
BRDA:158,8,3,0
BRDA:158,8,4,0
BRF:26
BRH:0
end_of_record
TN:
SF:lib\security\logging.ts
FN:103,generateCorrelationId
FN:110,calculateEventSeverity
FN:148,createSecurityEvent
FN:178,updateSecurityMetrics
FN:218,logSecurityEvent
FN:253,logSecurityRequest
FN:271,getSecurityMetrics
FN:273,(anonymous_16)
FN:275,(anonymous_17)
FN:278,(anonymous_18)
FN:280,(anonymous_19)
FN:298,resetSecurityMetrics
FN:313,getSecuritySummary
FN:364,exportSecurityEvents
FN:373,notifySecurityEvent
FNF:15
FNH:0
FNDA:0,generateCorrelationId
FNDA:0,calculateEventSeverity
FNDA:0,createSecurityEvent
FNDA:0,updateSecurityMetrics
FNDA:0,logSecurityEvent
FNDA:0,logSecurityRequest
FNDA:0,getSecurityMetrics
FNDA:0,(anonymous_16)
FNDA:0,(anonymous_17)
FNDA:0,(anonymous_18)
FNDA:0,(anonymous_19)
FNDA:0,resetSecurityMetrics
FNDA:0,getSecuritySummary
FNDA:0,exportSecurityEvents
FNDA:0,notifySecurityEvent
DA:8,0
DA:10,0
DA:88,0
DA:104,0
DA:116,0
DA:117,0
DA:121,0
DA:127,0
DA:131,0
DA:138,0
DA:142,0
DA:148,0
DA:158,0
DA:170,0
DA:172,0
DA:179,0
DA:180,0
DA:182,0
DA:183,0
DA:184,0
DA:185,0
DA:188,0
DA:189,0
DA:192,0
DA:193,0
DA:196,0
DA:197,0
DA:200,0
DA:201,0
DA:205,0
DA:206,0
DA:207,0
DA:208,0
DA:218,0
DA:219,0
DA:227,0
DA:229,0
DA:231,0
DA:233,0
DA:234,0
DA:236,0
DA:237,0
DA:240,0
DA:241,0
DA:245,0
DA:246,0
DA:253,0
DA:263,0
DA:264,0
DA:265,0
DA:271,0
DA:272,0
DA:273,0
DA:275,0
DA:277,0
DA:278,0
DA:280,0
DA:282,0
DA:298,0
DA:299,0
DA:300,0
DA:301,0
DA:302,0
DA:303,0
DA:304,0
DA:305,0
DA:306,0
DA:307,0
DA:313,0
DA:319,0
DA:320,0
DA:321,0
DA:323,0
DA:326,0
DA:327,0
DA:328,0
DA:329,0
DA:330,0
DA:331,0
DA:332,0
DA:333,0
DA:334,0
DA:338,0
DA:339,0
DA:342,0
DA:343,0
DA:346,0
DA:347,0
DA:348,0
DA:349,0
DA:353,0
DA:364,0
DA:367,0
DA:373,0
DA:374,0
DA:382,0
LF:96
LH:0
BRDA:116,0,0,0
BRDA:116,0,1,0
BRDA:116,1,0,0
BRDA:116,1,1,0
BRDA:121,2,0,0
BRDA:121,2,1,0
BRDA:122,3,0,0
BRDA:122,3,1,0
BRDA:122,3,2,0
BRDA:122,3,3,0
BRDA:122,3,4,0
BRDA:131,4,0,0
BRDA:131,4,1,0
BRDA:132,5,0,0
BRDA:132,5,1,0
BRDA:132,5,2,0
BRDA:132,5,3,0
BRDA:132,5,4,0
BRDA:153,6,0,0
BRDA:182,7,0,0
BRDA:182,7,1,0
BRDA:184,8,0,0
BRDA:184,8,1,0
BRDA:188,9,0,0
BRDA:188,9,1,0
BRDA:192,10,0,0
BRDA:192,10,1,0
BRDA:196,11,0,0
BRDA:196,11,1,0
BRDA:200,12,0,0
BRDA:200,12,1,0
BRDA:206,13,0,0
BRDA:206,13,1,0
BRDA:207,14,0,0
BRDA:207,14,1,0
BRDA:210,15,0,0
BRDA:210,15,1,0
BRDA:223,16,0,0
BRDA:223,16,1,0
BRDA:227,17,0,0
BRDA:227,17,1,0
BRDA:227,17,2,0
BRDA:227,17,3,0
BRDA:227,17,4,0
BRDA:245,18,0,0
BRDA:245,18,1,0
BRDA:326,19,0,0
BRDA:326,19,1,0
BRDA:329,20,0,0
BRDA:329,20,1,0
BRDA:332,21,0,0
BRDA:332,21,1,0
BRDA:338,22,0,0
BRDA:338,22,1,0
BRDA:342,23,0,0
BRDA:342,23,1,0
BRDA:346,24,0,0
BRDA:346,24,1,0
BRDA:348,25,0,0
BRDA:348,25,1,0
BRDA:364,26,0,0
BRDA:374,27,0,0
BRDA:374,27,1,0
BRDA:374,28,0,0
BRDA:374,28,1,0
BRF:65
BRH:0
end_of_record
TN:
SF:lib\supabase\client.ts
FN:13,(anonymous_4)
FN:14,(anonymous_5)
FN:15,(anonymous_6)
FN:25,(anonymous_7)
FN:28,(anonymous_8)
FNF:5
FNH:0
FNDA:0,(anonymous_4)
FNDA:0,(anonymous_5)
FNDA:0,(anonymous_6)
FNDA:0,(anonymous_7)
FNDA:0,(anonymous_8)
DA:2,0
DA:3,0
DA:5,0
DA:8,0
DA:13,0
DA:25,0
DA:28,0
LF:7
LH:0
BRF:0
BRH:0
end_of_record
TN:
SF:lib\supabase\index.ts
FNF:0
FNH:0
DA:1,0
DA:2,0
DA:3,0
DA:4,0
LF:4
LH:0
BRF:0
BRH:0
end_of_record
TN:
SF:lib\supabase\server.ts
FN:8,createServerSupabase
FN:17,(anonymous_8)
FN:18,(anonymous_9)
FN:21,(anonymous_10)
FN:37,createServerClientWithCookies
FN:46,(anonymous_12)
FN:47,(anonymous_13)
FN:50,(anonymous_14)
FN:63,createServiceRoleSupabase
FNF:9
FNH:0
FNDA:0,createServerSupabase
FNDA:0,(anonymous_8)
FNDA:0,(anonymous_9)
FNDA:0,(anonymous_10)
FNDA:0,createServerClientWithCookies
FNDA:0,(anonymous_12)
FNDA:0,(anonymous_13)
FNDA:0,(anonymous_14)
FNDA:0,createServiceRoleSupabase
DA:1,0
DA:2,0
DA:3,0
DA:4,0
DA:5,0
DA:8,0
DA:9,0
DA:10,0
DA:12,0
DA:17,0
DA:19,0
DA:22,0
DA:34,0
DA:37,0
DA:38,0
DA:39,0
DA:41,0
DA:46,0
DA:48,0
DA:51,0
DA:63,0
DA:64,0
DA:65,0
DA:68,0
DA:81,0
DA:84,0
LF:26
LH:0
BRDA:65,0,0,0
BRDA:65,0,1,0
BRF:2
BRH:0
end_of_record
TN:
SF:lib\utils\splitName.ts
FN:1,splitName
FNF:1
FNH:0
FNDA:0,splitName
DA:1,0
DA:2,0
DA:3,0
DA:5,0
DA:6,0
DA:7,0
DA:9,0
LF:7
LH:0
BRDA:3,0,0,0
BRDA:3,0,1,0
BRDA:6,1,0,0
BRDA:6,1,1,0
BRDA:7,2,0,0
BRDA:7,2,1,0
BRF:6
BRH:0
end_of_record
TN:
SF:lib\validation\checkins.ts
FNF:0
FNH:0
DA:1,1
DA:3,1
DA:17,1
LF:3
LH:3
BRF:0
BRH:0
end_of_record
TN:
SF:lib\validation\clients.ts
FNF:0
FNH:0
DA:1,1
DA:3,1
DA:23,1
LF:3
LH:3
BRF:0
BRH:0
end_of_record
TN:
SF:lib\validation\index.ts
FN:29,(anonymous_14)
FNF:1
FNH:0
FNDA:0,(anonymous_14)
DA:1,0
DA:4,0
DA:7,0
DA:10,0
DA:23,0
DA:29,0
DA:32,0
DA:35,0
DA:47,0
DA:50,0
DA:56,0
DA:78,0
DA:95,0
DA:107,0
DA:112,0
LF:15
LH:0
BRDA:29,0,0,0
BRDA:29,0,1,0
BRDA:29,0,2,0
BRDA:29,0,3,0
BRDA:29,0,4,0
BRF:5
BRH:0
end_of_record
TN:
SF:lib\validation\phone.ts
FN:11,normalizePhone
FNF:1
FNH:0
FNDA:0,normalizePhone
DA:11,0
DA:13,0
DA:14,0
DA:18,0
DA:19,0
DA:23,0
DA:26,0
DA:27,0
DA:30,0
LF:9
LH:0
BRDA:13,0,0,0
BRDA:13,0,1,0
BRDA:13,1,0,0
BRDA:13,1,1,0
BRDA:18,2,0,0
BRDA:18,2,1,0
BRDA:26,3,0,0
BRDA:26,3,1,0
BRDA:26,4,0,0
BRDA:26,4,1,0
BRF:10
BRH:0
end_of_record
TN:
SF:lib\validation\progress-metrics.ts
FNF:0
FNH:0
DA:1,0
DA:3,0
DA:21,0
LF:3
LH:0
BRF:0
BRH:0
end_of_record
TN:
SF:lib\validation\weekly-plans.ts
FNF:0
FNH:0
DA:1,0
DA:3,0
DA:18,0
LF:3
LH:0
BRF:0
BRH:0
end_of_record
TN:
SF:lib\webhooks\emitter.ts
FN:71,(anonymous_9)
FN:76,(anonymous_10)
FN:83,(anonymous_11)
FN:112,(anonymous_12)
FN:118,(anonymous_13)
FN:124,(anonymous_14)
FN:138,(anonymous_15)
FN:185,(anonymous_16)
FN:194,(anonymous_17)
FN:221,(anonymous_18)
FN:296,getWebhookEmitter
FN:304,emitWebhookEvent
FN:320,emitLeadStartedQuestionnaire
FN:330,emitLeadCompletedQuestionnaire
FN:341,emitConsultationGenerated
FN:352,emitPdfDownloaded
FN:364,emitEmailCopyRequested
FNF:17
FNH:0
FNDA:0,(anonymous_9)
FNDA:0,(anonymous_10)
FNDA:0,(anonymous_11)
FNDA:0,(anonymous_12)
FNDA:0,(anonymous_13)
FNDA:0,(anonymous_14)
FNDA:0,(anonymous_15)
FNDA:0,(anonymous_16)
FNDA:0,(anonymous_17)
FNDA:0,(anonymous_18)
FNDA:0,getWebhookEmitter
FNDA:0,emitWebhookEvent
FNDA:0,emitLeadStartedQuestionnaire
FNDA:0,emitLeadCompletedQuestionnaire
FNDA:0,emitConsultationGenerated
FNDA:0,emitPdfDownloaded
FNDA:0,emitEmailCopyRequested
DA:12,0
DA:13,0
DA:14,0
DA:67,0
DA:72,0
DA:73,0
DA:77,0
DA:84,0
DA:85,0
DA:87,0
DA:88,0
DA:89,0
DA:97,0
DA:98,0
DA:99,0
DA:100,0
DA:109,0
DA:112,0
DA:113,0
DA:116,0
DA:117,0
DA:118,0
DA:121,0
DA:122,0
DA:124,0
DA:127,0
DA:147,0
DA:153,0
DA:154,0
DA:156,0
DA:160,0
DA:161,0
DA:165,0
DA:166,0
DA:170,0
DA:171,0
DA:175,0
DA:176,0
DA:179,0
DA:190,0
DA:191,0
DA:192,0
DA:194,0
DA:195,0
DA:197,0
DA:199,0
DA:202,0
DA:208,0
DA:215,0
DA:216,0
DA:220,0
DA:221,0
DA:222,0
DA:225,0
DA:232,0
DA:235,0
DA:236,0
DA:240,0
DA:242,0
DA:253,0
DA:254,0
DA:264,0
DA:269,0
DA:270,0
DA:277,0
DA:291,0
DA:296,0
DA:297,0
DA:298,0
DA:304,0
DA:309,0
DA:310,0
DA:320,0
DA:325,0
DA:330,0
DA:336,0
DA:341,0
DA:347,0
DA:352,0
DA:359,0
DA:364,0
DA:370,0
LF:82
LH:0
BRDA:87,0,0,0
BRDA:87,0,1,0
BRDA:98,1,0,0
BRDA:98,1,1,0
BRDA:121,2,0,0
BRDA:121,2,1,0
BRDA:153,3,0,0
BRDA:153,3,1,0
BRDA:160,4,0,0
BRDA:160,4,1,0
BRDA:165,5,0,0
BRDA:165,5,1,0
BRDA:170,6,0,0
BRDA:170,6,1,0
BRDA:170,7,0,0
BRDA:170,7,1,0
BRDA:175,8,0,0
BRDA:175,8,1,0
BRDA:192,9,0,0
BRDA:192,9,1,0
BRDA:204,10,0,0
BRDA:204,10,1,0
BRDA:215,11,0,0
BRDA:215,11,1,0
BRDA:223,12,0,0
BRDA:223,12,1,0
BRDA:235,13,0,0
BRDA:235,13,1,0
BRDA:253,14,0,0
BRDA:253,14,1,0
BRDA:257,15,0,0
BRDA:257,15,1,0
BRDA:271,16,0,0
BRDA:271,16,1,0
BRDA:272,17,0,0
BRDA:272,17,1,0
BRDA:280,18,0,0
BRDA:280,18,1,0
BRF:38
BRH:0
end_of_record
TN:
SF:lib\webhooks\hmac-signer.ts
FN:37,generateHmacSignature
FN:97,generateStripeStyleSignature
FN:116,generateGitHubStyleSignature
FN:131,generateCustomSignature
FN:151,validateSignature
FN:162,extractSignatureValue
FN:173,generateMultipleSignatures
FN:178,(anonymous_16)
FN:186,createVerificationFunction
FN:190,(anonymous_18)
FNF:10
FNH:0
FNDA:0,generateHmacSignature
FNDA:0,generateStripeStyleSignature
FNDA:0,generateGitHubStyleSignature
FNDA:0,generateCustomSignature
FNDA:0,validateSignature
FNDA:0,extractSignatureValue
FNDA:0,generateMultipleSignatures
FNDA:0,(anonymous_16)
FNDA:0,createVerificationFunction
FNDA:0,(anonymous_18)
DA:8,0
DA:37,0
DA:48,0
DA:50,0
DA:51,0
DA:54,0
DA:57,0
DA:58,0
DA:62,0
DA:63,0
DA:64,0
DA:67,0
DA:70,0
DA:75,0
DA:82,0
DA:83,0
DA:86,0
DA:97,0
DA:102,0
DA:104,0
DA:116,0
DA:120,0
DA:131,0
DA:140,0
DA:151,0
DA:152,0
DA:153,0
DA:156,0
DA:162,0
DA:163,0
DA:164,0
DA:167,0
DA:173,0
DA:178,0
DA:179,0
DA:186,0
DA:190,0
DA:191,0
DA:192,0
LF:39
LH:0
BRDA:40,0,0,0
BRDA:43,1,0,0
BRDA:44,2,0,0
BRDA:45,3,0,0
BRDA:46,4,0,0
BRDA:47,5,0,0
BRDA:50,6,0,0
BRDA:50,6,1,0
BRDA:57,7,0,0
BRDA:57,7,1,0
BRDA:82,8,0,0
BRDA:82,8,1,0
BRDA:89,9,0,0
BRDA:89,9,1,0
BRDA:102,10,0,0
BRDA:102,10,1,0
BRDA:141,11,0,0
BRDA:141,11,1,0
BRDA:142,12,0,0
BRDA:142,12,1,0
BRDA:144,13,0,0
BRDA:144,13,1,0
BRDA:152,14,0,0
BRDA:152,14,1,0
BRDA:152,15,0,0
BRDA:152,15,1,0
BRDA:163,16,0,0
BRDA:163,16,1,0
BRDA:176,17,0,0
BRDA:188,18,0,0
BRF:30
BRH:0
end_of_record
TN:
SF:lib\webhooks\idempotency.ts
FN:29,wasProcessed
FN:75,markProcessed
FN:115,extractEventId
FN:149,checkAndMarkProcessed
FNF:4
FNH:4
FNDA:4,wasProcessed
FNDA:5,markProcessed
FNDA:10,extractEventId
FNDA:4,checkAndMarkProcessed
DA:8,2
DA:29,2
DA:33,4
DA:34,4
DA:36,4
DA:42,4
DA:49,4
DA:50,0
DA:53,4
DA:54,4
DA:61,0
DA:62,0
DA:75,3
DA:79,5
DA:80,5
DA:81,5
DA:82,5
DA:84,5
DA:93,5
DA:95,0
DA:96,0
DA:98,0
DA:101,5
DA:104,0
DA:105,0
DA:115,6
DA:119,10
DA:120,10
DA:121,10
DA:123,9
DA:125,1
DA:128,2
DA:131,2
DA:135,4
DA:138,1
DA:139,1
DA:149,4
DA:153,4
DA:155,4
DA:157,2
DA:158,2
DA:164,2
DA:166,2
DA:168,2
DA:171,2
LF:45
LH:37
BRDA:49,0,0,0
BRDA:49,0,1,4
BRDA:49,1,0,4
BRDA:49,1,1,4
BRDA:57,2,0,0
BRDA:57,2,1,4
BRDA:81,3,0,5
BRDA:81,3,1,0
BRDA:93,4,0,0
BRDA:93,4,1,5
BRDA:95,5,0,0
BRDA:95,5,1,0
BRDA:123,6,0,1
BRDA:123,6,1,2
BRDA:123,6,2,2
BRDA:123,6,3,4
BRDA:125,7,0,1
BRDA:125,7,1,0
BRDA:128,8,0,1
BRDA:128,8,1,1
BRDA:128,9,0,1
BRDA:128,9,1,0
BRDA:128,9,2,0
BRDA:131,10,0,2
BRDA:131,10,1,1
BRDA:131,10,2,1
BRDA:131,10,3,1
BRDA:135,11,0,4
BRDA:135,11,1,4
BRDA:135,11,2,2
BRDA:135,11,3,2
BRDA:135,11,4,2
BRDA:155,12,0,2
BRDA:155,12,1,2
BRDA:166,13,0,2
BRDA:166,13,1,0
BRF:36
BRH:26
end_of_record
TN:
SF:lib\webhooks\index.ts
FN:46,withVerifiedWebhook
FN:50,(anonymous_6)
FN:122,withStripeWebhook
FN:143,withGitHubWebhook
FN:164,withGenericWebhook
FNF:5
FNH:0
FNDA:0,withVerifiedWebhook
FNDA:0,(anonymous_6)
FNDA:0,withStripeWebhook
FNDA:0,withGitHubWebhook
FNDA:0,withGenericWebhook
DA:8,0
DA:9,0
DA:10,0
DA:46,0
DA:50,0
DA:51,0
DA:53,0
DA:57,0
DA:58,0
DA:59,0
DA:66,0
DA:68,0
DA:69,0
DA:82,0
DA:83,0
DA:86,0
DA:87,0
DA:89,0
DA:95,0
DA:103,0
DA:106,0
DA:107,0
DA:122,0
DA:127,0
DA:143,0
DA:148,0
DA:164,0
DA:174,0
LF:28
LH:0
BRDA:53,0,0,0
BRDA:53,0,1,0
BRDA:57,1,0,0
BRDA:57,1,1,0
BRDA:68,2,0,0
BRDA:68,2,1,0
BRDA:111,3,0,0
BRDA:111,3,1,0
BRDA:124,4,0,0
BRDA:125,5,0,0
BRDA:145,6,0,0
BRDA:146,7,0,0
BRDA:182,8,0,0
BRDA:182,8,1,0
BRF:14
BRH:0
end_of_record
TN:
SF:lib\webhooks\verifyHmac.ts
FN:32,verifyHmacSignature
FN:86,verifyWebhookHmac
FN:119,verifyStripeWebhook
FN:140,(anonymous_7)
FN:141,(anonymous_8)
FN:141,(anonymous_9)
FN:162,(anonymous_10)
FNF:7
FNH:7
FNDA:9,verifyHmacSignature
FNDA:5,verifyWebhookHmac
FNDA:3,verifyStripeWebhook
FNDA:3,(anonymous_7)
FNDA:5,(anonymous_8)
FNDA:2,(anonymous_9)
FNDA:1,(anonymous_10)
DA:8,2
DA:32,6
DA:38,9
DA:39,9
DA:40,1
DA:43,8
DA:44,1
DA:48,7
DA:49,7
DA:50,6
DA:51,1
DA:53,5
DA:57,6
DA:62,6
DA:63,6
DA:65,6
DA:66,2
DA:69,4
DA:71,4
DA:73,0
DA:86,5
DA:90,5
DA:91,5
DA:92,5
DA:94,5
DA:95,1
DA:98,4
DA:99,1
DA:103,3
DA:104,3
DA:106,3
DA:108,0
DA:119,3
DA:123,3
DA:124,3
DA:125,3
DA:127,3
DA:128,0
DA:131,3
DA:132,0
DA:135,3
DA:136,3
DA:139,3
DA:140,3
DA:141,5
DA:143,3
DA:144,1
DA:148,2
DA:149,2
DA:150,2
DA:151,1
DA:155,1
DA:156,1
DA:161,1
DA:162,1
DA:163,1
DA:164,1
DA:165,1
DA:168,0
DA:172,1
DA:174,0
LF:61
LH:55
BRDA:39,0,0,1
BRDA:39,0,1,8
BRDA:43,1,0,1
BRDA:43,1,1,7
BRDA:49,2,0,6
BRDA:49,2,1,1
BRDA:50,3,0,1
BRDA:50,3,1,5
BRDA:65,4,0,2
BRDA:65,4,1,4
BRDA:71,5,0,4
BRDA:71,5,1,0
BRDA:75,6,0,0
BRDA:75,6,1,0
BRDA:94,7,0,1
BRDA:94,7,1,4
BRDA:98,8,0,1
BRDA:98,8,1,3
BRDA:110,9,0,0
BRDA:110,9,1,0
BRDA:121,10,0,0
BRDA:127,11,0,0
BRDA:127,11,1,3
BRDA:131,12,0,0
BRDA:131,12,1,3
BRDA:143,13,0,1
BRDA:143,13,1,2
BRDA:143,14,0,3
BRDA:143,14,1,2
BRDA:150,15,0,1
BRDA:150,15,1,1
BRDA:165,16,0,1
BRDA:165,16,1,1
BRDA:172,17,0,1
BRDA:172,17,1,0
BRDA:176,18,0,0
BRDA:176,18,1,0
BRF:37
BRH:26
end_of_record
